-- Found ament_cmake: 2.5.5 (/opt/ros/jazzy/share/ament_cmake/cmake)
-- Override CMake install command with custom implementation using symlinks instead of copying resources
-- Configuring done (0.3s)
-- Generating done (0.0s)
-- Build files have been written to: /home/robolab/clearpath_ws/build/clearpath_common
-- Install configuration: ""
-- Execute custom install script
-- Up-to-date symlink: /home/robolab/clearpath_ws/install/clearpath_common/share/clearpath_common/launch/platform.launch.py
-- Up-to-date symlink: /home/robolab/clearpath_ws/install/clearpath_common/share/clearpath_common/launch/platform_extras.launch.py
-- Up-to-date symlink: /home/robolab/clearpath_ws/install/clearpath_common/share/ament_index/resource_index/package_run_dependencies/clearpath_common
-- Up-to-date symlink: /home/robolab/clearpath_ws/install/clearpath_common/share/ament_index/resource_index/parent_prefix_path/clearpath_common
-- Up-to-date symlink: /home/robolab/clearpath_ws/install/clearpath_common/share/clearpath_common/environment/ament_prefix_path.sh
-- Up-to-date symlink: /home/robolab/clearpath_ws/install/clearpath_common/share/clearpath_common/environment/ament_prefix_path.dsv
-- Up-to-date symlink: /home/robolab/clearpath_ws/install/clearpath_common/share/clearpath_common/environment/path.sh
-- Up-to-date symlink: /home/robolab/clearpath_ws/install/clearpath_common/share/clearpath_common/environment/path.dsv
-- Up-to-date symlink: /home/robolab/clearpath_ws/install/clearpath_common/share/clearpath_common/local_setup.bash
-- Up-to-date symlink: /home/robolab/clearpath_ws/install/clearpath_common/share/clearpath_common/local_setup.sh
-- Up-to-date symlink: /home/robolab/clearpath_ws/install/clearpath_common/share/clearpath_common/local_setup.zsh
-- Up-to-date symlink: /home/robolab/clearpath_ws/install/clearpath_common/share/clearpath_common/local_setup.dsv
-- Symlinking: /home/robolab/clearpath_ws/install/clearpath_common/share/clearpath_common/package.dsv
-- Up-to-date symlink: /home/robolab/clearpath_ws/install/clearpath_common/share/ament_index/resource_index/packages/clearpath_common
-- Up-to-date symlink: /home/robolab/clearpath_ws/install/clearpath_common/share/clearpath_common/cmake/clearpath_commonConfig.cmake
-- Up-to-date symlink: /home/robolab/clearpath_ws/install/clearpath_common/share/clearpath_common/cmake/clearpath_commonConfig-version.cmake
-- Up-to-date symlink: /home/robolab/clearpath_ws/install/clearpath_common/share/clearpath_common/package.xml
