[0.013s] Invoking command in '/home/robolab/clearpath_ws/build/kinova_gen3_7dof_robotiq_2f_85_moveit_config': AMENT_PREFIX_PATH=/home/robolab/clearpath_ws/install/kortex_description:${AMENT_PREFIX_PATH} CMAKE_PREFIX_PATH=/home/robolab/clearpath_ws/install/kortex_description:/opt/ros/jazzy/opt/gz_sim_vendor:/opt/ros/jazzy/opt/gz_sensors_vendor:/opt/ros/jazzy/opt/gz_physics_vendor:/opt/ros/jazzy/opt/gz_gui_vendor:/opt/ros/jazzy/opt/gz_transport_vendor:/opt/ros/jazzy/opt/gz_rendering_vendor:/opt/ros/jazzy/opt/gz_plugin_vendor:/opt/ros/jazzy/opt/gz_fuel_tools_vendor:/opt/ros/jazzy/opt/gz_msgs_vendor:/opt/ros/jazzy/opt/gz_common_vendor:/opt/ros/jazzy/opt/gz_ogre_next_vendor:/opt/ros/jazzy/opt/gz_dartsim_vendor:/opt/ros/jazzy/opt/sdformat_vendor:/opt/ros/jazzy/opt/gz_tools_vendor:/opt/ros/jazzy/opt/gz_math_vendor:/opt/ros/jazzy/opt/gz_utils_vendor:/opt/ros/jazzy/opt/gz_cmake_vendor:/opt/ros/jazzy DEBUGINFOD_URLS=https://debuginfod.ubuntu.com /usr/bin/cmake /home/robolab/clearpath_ws/src/ros2_kortex/kortex_moveit_config/kinova_gen3_7dof_robotiq_2f_85_moveit_config -DCMAKE_INSTALL_PREFIX=/home/robolab/clearpath_ws/install/kinova_gen3_7dof_robotiq_2f_85_moveit_config
[0.107s] -- The C compiler identification is GNU 13.3.0
[0.183s] -- The CXX compiler identification is GNU 13.3.0
[0.204s] -- Detecting C compiler ABI info
[0.328s] -- Detecting C compiler ABI info - done
[0.341s] -- Check for working C compiler: /usr/bin/cc - skipped
[0.341s] -- Detecting C compile features
[0.342s] -- Detecting C compile features - done
[0.352s] -- Detecting CXX compiler ABI info
[0.496s] -- Detecting CXX compiler ABI info - done
[0.509s] -- Check for working CXX compiler: /usr/bin/c++ - skipped
[0.509s] -- Detecting CXX compile features
[0.509s] -- Detecting CXX compile features - done
[0.513s] -- Found ament_cmake: 2.5.5 (/opt/ros/jazzy/share/ament_cmake/cmake)
[0.737s] -- Found Python3: /usr/bin/python3 (found version "3.12.3") found components: Interpreter 
[1.054s] -- Configuring done (1.0s)
[1.058s] -- Generating done (0.0s)
[1.060s] -- Build files have been written to: /home/robolab/clearpath_ws/build/kinova_gen3_7dof_robotiq_2f_85_moveit_config
[1.067s] Invoked command in '/home/robolab/clearpath_ws/build/kinova_gen3_7dof_robotiq_2f_85_moveit_config' returned '0': AMENT_PREFIX_PATH=/home/robolab/clearpath_ws/install/kortex_description:${AMENT_PREFIX_PATH} CMAKE_PREFIX_PATH=/home/robolab/clearpath_ws/install/kortex_description:/opt/ros/jazzy/opt/gz_sim_vendor:/opt/ros/jazzy/opt/gz_sensors_vendor:/opt/ros/jazzy/opt/gz_physics_vendor:/opt/ros/jazzy/opt/gz_gui_vendor:/opt/ros/jazzy/opt/gz_transport_vendor:/opt/ros/jazzy/opt/gz_rendering_vendor:/opt/ros/jazzy/opt/gz_plugin_vendor:/opt/ros/jazzy/opt/gz_fuel_tools_vendor:/opt/ros/jazzy/opt/gz_msgs_vendor:/opt/ros/jazzy/opt/gz_common_vendor:/opt/ros/jazzy/opt/gz_ogre_next_vendor:/opt/ros/jazzy/opt/gz_dartsim_vendor:/opt/ros/jazzy/opt/sdformat_vendor:/opt/ros/jazzy/opt/gz_tools_vendor:/opt/ros/jazzy/opt/gz_math_vendor:/opt/ros/jazzy/opt/gz_utils_vendor:/opt/ros/jazzy/opt/gz_cmake_vendor:/opt/ros/jazzy DEBUGINFOD_URLS=https://debuginfod.ubuntu.com /usr/bin/cmake /home/robolab/clearpath_ws/src/ros2_kortex/kortex_moveit_config/kinova_gen3_7dof_robotiq_2f_85_moveit_config -DCMAKE_INSTALL_PREFIX=/home/robolab/clearpath_ws/install/kinova_gen3_7dof_robotiq_2f_85_moveit_config
[1.069s] Invoking command in '/home/robolab/clearpath_ws/build/kinova_gen3_7dof_robotiq_2f_85_moveit_config': AMENT_PREFIX_PATH=/home/robolab/clearpath_ws/install/kortex_description:${AMENT_PREFIX_PATH} CMAKE_PREFIX_PATH=/home/robolab/clearpath_ws/install/kortex_description:/opt/ros/jazzy/opt/gz_sim_vendor:/opt/ros/jazzy/opt/gz_sensors_vendor:/opt/ros/jazzy/opt/gz_physics_vendor:/opt/ros/jazzy/opt/gz_gui_vendor:/opt/ros/jazzy/opt/gz_transport_vendor:/opt/ros/jazzy/opt/gz_rendering_vendor:/opt/ros/jazzy/opt/gz_plugin_vendor:/opt/ros/jazzy/opt/gz_fuel_tools_vendor:/opt/ros/jazzy/opt/gz_msgs_vendor:/opt/ros/jazzy/opt/gz_common_vendor:/opt/ros/jazzy/opt/gz_ogre_next_vendor:/opt/ros/jazzy/opt/gz_dartsim_vendor:/opt/ros/jazzy/opt/sdformat_vendor:/opt/ros/jazzy/opt/gz_tools_vendor:/opt/ros/jazzy/opt/gz_math_vendor:/opt/ros/jazzy/opt/gz_utils_vendor:/opt/ros/jazzy/opt/gz_cmake_vendor:/opt/ros/jazzy DEBUGINFOD_URLS=https://debuginfod.ubuntu.com /usr/bin/cmake --build /home/robolab/clearpath_ws/build/kinova_gen3_7dof_robotiq_2f_85_moveit_config -- -j4 -l4
[1.125s] Invoked command in '/home/robolab/clearpath_ws/build/kinova_gen3_7dof_robotiq_2f_85_moveit_config' returned '0': AMENT_PREFIX_PATH=/home/robolab/clearpath_ws/install/kortex_description:${AMENT_PREFIX_PATH} CMAKE_PREFIX_PATH=/home/robolab/clearpath_ws/install/kortex_description:/opt/ros/jazzy/opt/gz_sim_vendor:/opt/ros/jazzy/opt/gz_sensors_vendor:/opt/ros/jazzy/opt/gz_physics_vendor:/opt/ros/jazzy/opt/gz_gui_vendor:/opt/ros/jazzy/opt/gz_transport_vendor:/opt/ros/jazzy/opt/gz_rendering_vendor:/opt/ros/jazzy/opt/gz_plugin_vendor:/opt/ros/jazzy/opt/gz_fuel_tools_vendor:/opt/ros/jazzy/opt/gz_msgs_vendor:/opt/ros/jazzy/opt/gz_common_vendor:/opt/ros/jazzy/opt/gz_ogre_next_vendor:/opt/ros/jazzy/opt/gz_dartsim_vendor:/opt/ros/jazzy/opt/sdformat_vendor:/opt/ros/jazzy/opt/gz_tools_vendor:/opt/ros/jazzy/opt/gz_math_vendor:/opt/ros/jazzy/opt/gz_utils_vendor:/opt/ros/jazzy/opt/gz_cmake_vendor:/opt/ros/jazzy DEBUGINFOD_URLS=https://debuginfod.ubuntu.com /usr/bin/cmake --build /home/robolab/clearpath_ws/build/kinova_gen3_7dof_robotiq_2f_85_moveit_config -- -j4 -l4
[1.127s] Invoking command in '/home/robolab/clearpath_ws/build/kinova_gen3_7dof_robotiq_2f_85_moveit_config': AMENT_PREFIX_PATH=/home/robolab/clearpath_ws/install/kortex_description:${AMENT_PREFIX_PATH} CMAKE_PREFIX_PATH=/home/robolab/clearpath_ws/install/kortex_description:/opt/ros/jazzy/opt/gz_sim_vendor:/opt/ros/jazzy/opt/gz_sensors_vendor:/opt/ros/jazzy/opt/gz_physics_vendor:/opt/ros/jazzy/opt/gz_gui_vendor:/opt/ros/jazzy/opt/gz_transport_vendor:/opt/ros/jazzy/opt/gz_rendering_vendor:/opt/ros/jazzy/opt/gz_plugin_vendor:/opt/ros/jazzy/opt/gz_fuel_tools_vendor:/opt/ros/jazzy/opt/gz_msgs_vendor:/opt/ros/jazzy/opt/gz_common_vendor:/opt/ros/jazzy/opt/gz_ogre_next_vendor:/opt/ros/jazzy/opt/gz_dartsim_vendor:/opt/ros/jazzy/opt/sdformat_vendor:/opt/ros/jazzy/opt/gz_tools_vendor:/opt/ros/jazzy/opt/gz_math_vendor:/opt/ros/jazzy/opt/gz_utils_vendor:/opt/ros/jazzy/opt/gz_cmake_vendor:/opt/ros/jazzy DEBUGINFOD_URLS=https://debuginfod.ubuntu.com /usr/bin/cmake --install /home/robolab/clearpath_ws/build/kinova_gen3_7dof_robotiq_2f_85_moveit_config
[1.146s] -- Install configuration: ""
[1.147s] -- Installing: /home/robolab/clearpath_ws/install/kinova_gen3_7dof_robotiq_2f_85_moveit_config/share/ament_index/resource_index/package_run_dependencies/kinova_gen3_7dof_robotiq_2f_85_moveit_config
[1.149s] -- Installing: /home/robolab/clearpath_ws/install/kinova_gen3_7dof_robotiq_2f_85_moveit_config/share/ament_index/resource_index/parent_prefix_path/kinova_gen3_7dof_robotiq_2f_85_moveit_config
[1.149s] -- Installing: /home/robolab/clearpath_ws/install/kinova_gen3_7dof_robotiq_2f_85_moveit_config/share/kinova_gen3_7dof_robotiq_2f_85_moveit_config/environment/ament_prefix_path.sh
[1.149s] -- Installing: /home/robolab/clearpath_ws/install/kinova_gen3_7dof_robotiq_2f_85_moveit_config/share/kinova_gen3_7dof_robotiq_2f_85_moveit_config/environment/ament_prefix_path.dsv
[1.150s] -- Installing: /home/robolab/clearpath_ws/install/kinova_gen3_7dof_robotiq_2f_85_moveit_config/share/kinova_gen3_7dof_robotiq_2f_85_moveit_config/environment/path.sh
[1.150s] -- Installing: /home/robolab/clearpath_ws/install/kinova_gen3_7dof_robotiq_2f_85_moveit_config/share/kinova_gen3_7dof_robotiq_2f_85_moveit_config/environment/path.dsv
[1.150s] -- Installing: /home/robolab/clearpath_ws/install/kinova_gen3_7dof_robotiq_2f_85_moveit_config/share/kinova_gen3_7dof_robotiq_2f_85_moveit_config/local_setup.bash
[1.151s] -- Installing: /home/robolab/clearpath_ws/install/kinova_gen3_7dof_robotiq_2f_85_moveit_config/share/kinova_gen3_7dof_robotiq_2f_85_moveit_config/local_setup.sh
[1.151s] -- Installing: /home/robolab/clearpath_ws/install/kinova_gen3_7dof_robotiq_2f_85_moveit_config/share/kinova_gen3_7dof_robotiq_2f_85_moveit_config/local_setup.zsh
[1.151s] -- Installing: /home/robolab/clearpath_ws/install/kinova_gen3_7dof_robotiq_2f_85_moveit_config/share/kinova_gen3_7dof_robotiq_2f_85_moveit_config/local_setup.dsv
[1.152s] -- Installing: /home/robolab/clearpath_ws/install/kinova_gen3_7dof_robotiq_2f_85_moveit_config/share/kinova_gen3_7dof_robotiq_2f_85_moveit_config/package.dsv
[1.152s] -- Installing: /home/robolab/clearpath_ws/install/kinova_gen3_7dof_robotiq_2f_85_moveit_config/share/ament_index/resource_index/packages/kinova_gen3_7dof_robotiq_2f_85_moveit_config
[1.153s] -- Installing: /home/robolab/clearpath_ws/install/kinova_gen3_7dof_robotiq_2f_85_moveit_config/share/kinova_gen3_7dof_robotiq_2f_85_moveit_config/cmake/kinova_gen3_7dof_robotiq_2f_85_moveit_configConfig.cmake
[1.153s] -- Installing: /home/robolab/clearpath_ws/install/kinova_gen3_7dof_robotiq_2f_85_moveit_config/share/kinova_gen3_7dof_robotiq_2f_85_moveit_config/cmake/kinova_gen3_7dof_robotiq_2f_85_moveit_configConfig-version.cmake
[1.153s] -- Installing: /home/robolab/clearpath_ws/install/kinova_gen3_7dof_robotiq_2f_85_moveit_config/share/kinova_gen3_7dof_robotiq_2f_85_moveit_config/package.xml
[1.154s] -- Installing: /home/robolab/clearpath_ws/install/kinova_gen3_7dof_robotiq_2f_85_moveit_config/share/kinova_gen3_7dof_robotiq_2f_85_moveit_config/launch
[1.154s] -- Installing: /home/robolab/clearpath_ws/install/kinova_gen3_7dof_robotiq_2f_85_moveit_config/share/kinova_gen3_7dof_robotiq_2f_85_moveit_config/launch/setup_assistant.launch.py
[1.154s] -- Installing: /home/robolab/clearpath_ws/install/kinova_gen3_7dof_robotiq_2f_85_moveit_config/share/kinova_gen3_7dof_robotiq_2f_85_moveit_config/launch/robot.launch.py
[1.154s] -- Installing: /home/robolab/clearpath_ws/install/kinova_gen3_7dof_robotiq_2f_85_moveit_config/share/kinova_gen3_7dof_robotiq_2f_85_moveit_config/launch/moveit_rviz.launch.py
[1.155s] -- Installing: /home/robolab/clearpath_ws/install/kinova_gen3_7dof_robotiq_2f_85_moveit_config/share/kinova_gen3_7dof_robotiq_2f_85_moveit_config/launch/move_group.launch.py
[1.155s] -- Installing: /home/robolab/clearpath_ws/install/kinova_gen3_7dof_robotiq_2f_85_moveit_config/share/kinova_gen3_7dof_robotiq_2f_85_moveit_config/launch/sim.launch.py
[1.155s] -- Installing: /home/robolab/clearpath_ws/install/kinova_gen3_7dof_robotiq_2f_85_moveit_config/share/kinova_gen3_7dof_robotiq_2f_85_moveit_config/launch/rsp.launch.py
[1.156s] -- Installing: /home/robolab/clearpath_ws/install/kinova_gen3_7dof_robotiq_2f_85_moveit_config/share/kinova_gen3_7dof_robotiq_2f_85_moveit_config/launch/static_virtual_joint_tfs.launch.py
[1.156s] -- Installing: /home/robolab/clearpath_ws/install/kinova_gen3_7dof_robotiq_2f_85_moveit_config/share/kinova_gen3_7dof_robotiq_2f_85_moveit_config/launch/spawn_controllers.launch.py
[1.156s] -- Installing: /home/robolab/clearpath_ws/install/kinova_gen3_7dof_robotiq_2f_85_moveit_config/share/kinova_gen3_7dof_robotiq_2f_85_moveit_config/config
[1.156s] -- Installing: /home/robolab/clearpath_ws/install/kinova_gen3_7dof_robotiq_2f_85_moveit_config/share/kinova_gen3_7dof_robotiq_2f_85_moveit_config/config/initial_positions.yaml
[1.157s] -- Installing: /home/robolab/clearpath_ws/install/kinova_gen3_7dof_robotiq_2f_85_moveit_config/share/kinova_gen3_7dof_robotiq_2f_85_moveit_config/config/ompl_planning.yaml
[1.157s] -- Installing: /home/robolab/clearpath_ws/install/kinova_gen3_7dof_robotiq_2f_85_moveit_config/share/kinova_gen3_7dof_robotiq_2f_85_moveit_config/config/kinematics.yaml
[1.157s] -- Installing: /home/robolab/clearpath_ws/install/kinova_gen3_7dof_robotiq_2f_85_moveit_config/share/kinova_gen3_7dof_robotiq_2f_85_moveit_config/config/pilz_cartesian_limits.yaml
[1.157s] -- Installing: /home/robolab/clearpath_ws/install/kinova_gen3_7dof_robotiq_2f_85_moveit_config/share/kinova_gen3_7dof_robotiq_2f_85_moveit_config/config/moveit.rviz
[1.158s] -- Installing: /home/robolab/clearpath_ws/install/kinova_gen3_7dof_robotiq_2f_85_moveit_config/share/kinova_gen3_7dof_robotiq_2f_85_moveit_config/config/joint_limits.yaml
[1.158s] -- Installing: /home/robolab/clearpath_ws/install/kinova_gen3_7dof_robotiq_2f_85_moveit_config/share/kinova_gen3_7dof_robotiq_2f_85_moveit_config/config/gen3.srdf
[1.158s] -- Installing: /home/robolab/clearpath_ws/install/kinova_gen3_7dof_robotiq_2f_85_moveit_config/share/kinova_gen3_7dof_robotiq_2f_85_moveit_config/config/moveit_controllers.yaml
[1.159s] -- Installing: /home/robolab/clearpath_ws/install/kinova_gen3_7dof_robotiq_2f_85_moveit_config/share/kinova_gen3_7dof_robotiq_2f_85_moveit_config/config/ros2_controllers.yaml
[1.159s] -- Installing: /home/robolab/clearpath_ws/install/kinova_gen3_7dof_robotiq_2f_85_moveit_config/share/kinova_gen3_7dof_robotiq_2f_85_moveit_config/.setup_assistant
[1.161s] Invoked command in '/home/robolab/clearpath_ws/build/kinova_gen3_7dof_robotiq_2f_85_moveit_config' returned '0': AMENT_PREFIX_PATH=/home/robolab/clearpath_ws/install/kortex_description:${AMENT_PREFIX_PATH} CMAKE_PREFIX_PATH=/home/robolab/clearpath_ws/install/kortex_description:/opt/ros/jazzy/opt/gz_sim_vendor:/opt/ros/jazzy/opt/gz_sensors_vendor:/opt/ros/jazzy/opt/gz_physics_vendor:/opt/ros/jazzy/opt/gz_gui_vendor:/opt/ros/jazzy/opt/gz_transport_vendor:/opt/ros/jazzy/opt/gz_rendering_vendor:/opt/ros/jazzy/opt/gz_plugin_vendor:/opt/ros/jazzy/opt/gz_fuel_tools_vendor:/opt/ros/jazzy/opt/gz_msgs_vendor:/opt/ros/jazzy/opt/gz_common_vendor:/opt/ros/jazzy/opt/gz_ogre_next_vendor:/opt/ros/jazzy/opt/gz_dartsim_vendor:/opt/ros/jazzy/opt/sdformat_vendor:/opt/ros/jazzy/opt/gz_tools_vendor:/opt/ros/jazzy/opt/gz_math_vendor:/opt/ros/jazzy/opt/gz_utils_vendor:/opt/ros/jazzy/opt/gz_cmake_vendor:/opt/ros/jazzy DEBUGINFOD_URLS=https://debuginfod.ubuntu.com /usr/bin/cmake --install /home/robolab/clearpath_ws/build/kinova_gen3_7dof_robotiq_2f_85_moveit_config
