[1.426s] Invoking command in '/home/robolab/clearpath_ws/src/clearpath_common/clearpath_bt_joy': DEBUGINFOD_URLS=https://debuginfod.ubuntu.com PYTHONPATH=/home/robolab/clearpath_ws/build/clearpath_bt_joy/prefix_override:/usr/lib/python3/dist-packages/colcon_core/task/python/colcon_distutils_commands:/home/robolab/clearpath_ws/install/clearpath_bt_joy/lib/python3.12/site-packages:${PYTHONPATH} /usr/bin/python3 -W ignore:setup.py install is deprecated -W ignore:easy_install command is deprecated setup.py egg_info --egg-base ../../../build/clearpath_bt_joy build --build-base /home/robolab/clearpath_ws/build/clearpath_bt_joy/build install --record /home/robolab/clearpath_ws/build/clearpath_bt_joy/install.log --single-version-externally-managed install_data
[1.953s] running egg_info
[1.987s] writing ../../../build/clearpath_bt_joy/clearpath_bt_joy.egg-info/PKG-INFO
[1.987s] writing dependency_links to ../../../build/clearpath_bt_joy/clearpath_bt_joy.egg-info/dependency_links.txt
[1.987s] writing entry points to ../../../build/clearpath_bt_joy/clearpath_bt_joy.egg-info/entry_points.txt
[1.987s] writing requirements to ../../../build/clearpath_bt_joy/clearpath_bt_joy.egg-info/requires.txt
[1.987s] writing top-level names to ../../../build/clearpath_bt_joy/clearpath_bt_joy.egg-info/top_level.txt
[2.073s] reading manifest file '../../../build/clearpath_bt_joy/clearpath_bt_joy.egg-info/SOURCES.txt'
[2.073s] adding license file 'LICENSE'
[2.075s] writing manifest file '../../../build/clearpath_bt_joy/clearpath_bt_joy.egg-info/SOURCES.txt'
[2.076s] running build
[2.076s] running build_py
[2.076s] running install
[2.086s] running install_lib
[2.122s] running install_data
[2.122s] running install_egg_info
[2.155s] removing '/home/robolab/clearpath_ws/install/clearpath_bt_joy/lib/python3.12/site-packages/clearpath_bt_joy-2.9.4-py3.12.egg-info' (and everything under it)
[2.155s] Copying ../../../build/clearpath_bt_joy/clearpath_bt_joy.egg-info to /home/robolab/clearpath_ws/install/clearpath_bt_joy/lib/python3.12/site-packages/clearpath_bt_joy-2.9.4-py3.12.egg-info
[2.155s] running install_scripts
[2.443s] Installing clearpath_bt_joy_cutoff_node script to /home/robolab/clearpath_ws/install/clearpath_bt_joy/lib/clearpath_bt_joy
[2.443s] writing list of installed files to '/home/robolab/clearpath_ws/build/clearpath_bt_joy/install.log'
[2.537s] Invoked command in '/home/robolab/clearpath_ws/src/clearpath_common/clearpath_bt_joy' returned '0': DEBUGINFOD_URLS=https://debuginfod.ubuntu.com PYTHONPATH=/home/robolab/clearpath_ws/build/clearpath_bt_joy/prefix_override:/usr/lib/python3/dist-packages/colcon_core/task/python/colcon_distutils_commands:/home/robolab/clearpath_ws/install/clearpath_bt_joy/lib/python3.12/site-packages:${PYTHONPATH} /usr/bin/python3 -W ignore:setup.py install is deprecated -W ignore:easy_install command is deprecated setup.py egg_info --egg-base ../../../build/clearpath_bt_joy build --build-base /home/robolab/clearpath_ws/build/clearpath_bt_joy/build install --record /home/robolab/clearpath_ws/build/clearpath_bt_joy/install.log --single-version-externally-managed install_data
