[0.015s] Invoking command in '/home/robolab/clearpath_ws/build/clearpath_customization': CMAKE_PREFIX_PATH=${CMAKE_PREFIX_PATH}:/opt/ros/jazzy DEBUGINFOD_URLS=https://debuginfod.ubuntu.com /usr/bin/cmake /home/robolab/clearpath_ws/src/clearpath_common/clearpath_customization -DCMAKE_INSTALL_PREFIX=/home/robolab/clearpath_ws/install/clearpath_customization
[0.039s] -- Found ament_cmake: 2.5.5 (/opt/ros/jazzy/share/ament_cmake/cmake)
[0.449s] -- Override CMake install command with custom implementation using symlinks instead of copying resources
[0.462s] -- Found ament_lint_auto: 0.17.4 (/opt/ros/jazzy/share/ament_lint_auto/cmake)
[0.714s] -- Added test 'flake8' to check Python code syntax and style conventions
[0.715s] -- Configured 'flake8' exclude dirs and/or files: 
[0.715s] -- Added test 'lint_cmake' to check CMake code style
[0.715s] -- Added test 'pep257' to check Python code against some of the docstring style conventions in PEP 257
[0.717s] -- Added test 'xmllint' to check XML markup files
[0.719s] -- Configuring done (0.7s)
[0.725s] -- Generating done (0.0s)
[0.725s] -- Build files have been written to: /home/robolab/clearpath_ws/build/clearpath_customization
[0.730s] Invoked command in '/home/robolab/clearpath_ws/build/clearpath_customization' returned '0': CMAKE_PREFIX_PATH=${CMAKE_PREFIX_PATH}:/opt/ros/jazzy DEBUGINFOD_URLS=https://debuginfod.ubuntu.com /usr/bin/cmake /home/robolab/clearpath_ws/src/clearpath_common/clearpath_customization -DCMAKE_INSTALL_PREFIX=/home/robolab/clearpath_ws/install/clearpath_customization
[0.730s] Invoking command in '/home/robolab/clearpath_ws/build/clearpath_customization': CMAKE_PREFIX_PATH=${CMAKE_PREFIX_PATH}:/opt/ros/jazzy DEBUGINFOD_URLS=https://debuginfod.ubuntu.com /usr/bin/cmake --build /home/robolab/clearpath_ws/build/clearpath_customization -- -j4 -l4
[0.810s] Invoked command in '/home/robolab/clearpath_ws/build/clearpath_customization' returned '0': CMAKE_PREFIX_PATH=${CMAKE_PREFIX_PATH}:/opt/ros/jazzy DEBUGINFOD_URLS=https://debuginfod.ubuntu.com /usr/bin/cmake --build /home/robolab/clearpath_ws/build/clearpath_customization -- -j4 -l4
[0.812s] Invoking command in '/home/robolab/clearpath_ws/build/clearpath_customization': CMAKE_PREFIX_PATH=${CMAKE_PREFIX_PATH}:/opt/ros/jazzy DEBUGINFOD_URLS=https://debuginfod.ubuntu.com /usr/bin/cmake --install /home/robolab/clearpath_ws/build/clearpath_customization
[0.824s] -- Install configuration: ""
[0.824s] -- Execute custom install script
[0.825s] -- Up-to-date symlink: /home/robolab/clearpath_ws/install/clearpath_customization/lib/clearpath_customization/generate_bringup
[0.825s] -- Up-to-date symlink: /home/robolab/clearpath_ws/install/clearpath_customization/lib/clearpath_customization/generate_description
[0.826s] -- Up-to-date symlink: /home/robolab/clearpath_ws/install/clearpath_customization/share/clearpath_customization/project_bringup/CMakeLists.txt
[0.826s] -- Up-to-date symlink: /home/robolab/clearpath_ws/install/clearpath_customization/share/clearpath_customization/project_bringup/LICENSE
[0.826s] -- Up-to-date symlink: /home/robolab/clearpath_ws/install/clearpath_customization/share/clearpath_customization/project_bringup/config/device.yaml
[0.826s] -- Up-to-date symlink: /home/robolab/clearpath_ws/install/clearpath_customization/share/clearpath_customization/project_bringup/launch/device.launch.py
[0.826s] -- Up-to-date symlink: /home/robolab/clearpath_ws/install/clearpath_customization/share/clearpath_customization/project_bringup/launch/project_bringup.launch.py
[0.827s] -- Up-to-date symlink: /home/robolab/clearpath_ws/install/clearpath_customization/share/clearpath_customization/project_bringup/package.xml
[0.828s] -- Up-to-date symlink: /home/robolab/clearpath_ws/install/clearpath_customization/share/clearpath_customization/project_description/CMakeLists.txt
[0.829s] -- Up-to-date symlink: /home/robolab/clearpath_ws/install/clearpath_customization/share/clearpath_customization/project_description/LICENSE
[0.829s] -- Up-to-date symlink: /home/robolab/clearpath_ws/install/clearpath_customization/share/clearpath_customization/project_description/meshes/donut.stl
[0.830s] -- Up-to-date symlink: /home/robolab/clearpath_ws/install/clearpath_customization/share/clearpath_customization/project_description/package.xml
[0.830s] -- Up-to-date symlink: /home/robolab/clearpath_ws/install/clearpath_customization/share/clearpath_customization/project_description/urdf/donut.urdf.xacro
[0.830s] -- Up-to-date symlink: /home/robolab/clearpath_ws/install/clearpath_customization/share/clearpath_customization/project_description/urdf/project_description.urdf.xacro
[0.830s] -- Up-to-date symlink: /home/robolab/clearpath_ws/install/clearpath_customization/share/ament_index/resource_index/package_run_dependencies/clearpath_customization
[0.830s] -- Up-to-date symlink: /home/robolab/clearpath_ws/install/clearpath_customization/share/ament_index/resource_index/parent_prefix_path/clearpath_customization
[0.830s] -- Up-to-date symlink: /home/robolab/clearpath_ws/install/clearpath_customization/share/clearpath_customization/environment/ament_prefix_path.sh
[0.830s] -- Up-to-date symlink: /home/robolab/clearpath_ws/install/clearpath_customization/share/clearpath_customization/environment/ament_prefix_path.dsv
[0.830s] -- Up-to-date symlink: /home/robolab/clearpath_ws/install/clearpath_customization/share/clearpath_customization/environment/path.sh
[0.830s] -- Up-to-date symlink: /home/robolab/clearpath_ws/install/clearpath_customization/share/clearpath_customization/environment/path.dsv
[0.830s] -- Up-to-date symlink: /home/robolab/clearpath_ws/install/clearpath_customization/share/clearpath_customization/local_setup.bash
[0.830s] -- Up-to-date symlink: /home/robolab/clearpath_ws/install/clearpath_customization/share/clearpath_customization/local_setup.sh
[0.830s] -- Up-to-date symlink: /home/robolab/clearpath_ws/install/clearpath_customization/share/clearpath_customization/local_setup.zsh
[0.831s] -- Up-to-date symlink: /home/robolab/clearpath_ws/install/clearpath_customization/share/clearpath_customization/local_setup.dsv
[0.831s] -- Symlinking: /home/robolab/clearpath_ws/install/clearpath_customization/share/clearpath_customization/package.dsv
[0.849s] -- Up-to-date symlink: /home/robolab/clearpath_ws/install/clearpath_customization/share/ament_index/resource_index/packages/clearpath_customization
[0.849s] -- Up-to-date symlink: /home/robolab/clearpath_ws/install/clearpath_customization/share/clearpath_customization/cmake/clearpath_customizationConfig.cmake
[0.849s] -- Up-to-date symlink: /home/robolab/clearpath_ws/install/clearpath_customization/share/clearpath_customization/cmake/clearpath_customizationConfig-version.cmake
[0.849s] -- Up-to-date symlink: /home/robolab/clearpath_ws/install/clearpath_customization/share/clearpath_customization/package.xml
[0.855s] Invoked command in '/home/robolab/clearpath_ws/build/clearpath_customization' returned '0': CMAKE_PREFIX_PATH=${CMAKE_PREFIX_PATH}:/opt/ros/jazzy DEBUGINFOD_URLS=https://debuginfod.ubuntu.com /usr/bin/cmake --install /home/robolab/clearpath_ws/build/clearpath_customization
