-- The C compiler identification is GNU 13.3.0
-- The CXX compiler identification is GNU 13.3.0
-- Detecting C compiler ABI info
-- Detecting C compiler ABI info - done
-- Check for working C compiler: /usr/bin/cc - skipped
-- Detecting C compile features
-- Detecting C compile features - done
-- Detecting CXX compiler ABI info
-- Detecting CXX compiler ABI info - done
-- Check for working CXX compiler: /usr/bin/c++ - skipped
-- Detecting CXX compile features
-- Detecting CXX compile features - done
-- Found ament_cmake: 2.5.5 (/opt/ros/jazzy/share/ament_cmake/cmake)
-- Found Python3: /usr/bin/python3 (found version "3.12.3") found components: Interpreter 
-- Override CMake install command with custom implementation using symlinks instead of copying resources
-- Found std_msgs: 5.3.6 (/opt/ros/jazzy/share/std_msgs/cmake)
-- Found rosidl_generator_c: 4.6.7 (/opt/ros/jazzy/share/rosidl_generator_c/cmake)
-- Found rosidl_generator_cpp: 4.6.7 (/opt/ros/jazzy/share/rosidl_generator_cpp/cmake)
-- Using all available rosidl_typesupport_c: rosidl_typesupport_fastrtps_c;rosidl_typesupport_introspection_c
-- Using all available rosidl_typesupport_cpp: rosidl_typesupport_fastrtps_cpp;rosidl_typesupport_introspection_cpp
-- Found rosidl_default_generators: 1.6.0 (/opt/ros/jazzy/share/rosidl_default_generators/cmake)
-- Found rosidl_adapter: 4.6.7 (/opt/ros/jazzy/share/rosidl_adapter/cmake)
-- Found ament_cmake_ros: 0.12.0 (/opt/ros/jazzy/share/ament_cmake_ros/cmake)
-- Using all available rosidl_typesupport_c: rosidl_typesupport_fastrtps_c;rosidl_typesupport_introspection_c
-- Using all available rosidl_typesupport_cpp: rosidl_typesupport_fastrtps_cpp;rosidl_typesupport_introspection_cpp
-- Found python_cmake_module: 0.11.1 (/opt/ros/jazzy/share/python_cmake_module/cmake)
-- Found PythonExtra: /usr/bin/python3  
-- Found Python3: /usr/bin/python3 (found version "3.12.3") found components: Interpreter Development NumPy Development.Module Development.Embed 
-- Configuring done (4.1s)
-- Generating done (0.1s)
-- Build files have been written to: /home/robolab/clearpath_ws/build/clearpath_platform_msgs
[  0%] Built target ament_cmake_python_symlink_clearpath_platform_msgs
[  0%] [34m[1mGenerating type hashes for ROS interfaces[0m
running egg_info
creating clearpath_platform_msgs.egg-info
writing clearpath_platform_msgs.egg-info/PKG-INFO
writing dependency_links to clearpath_platform_msgs.egg-info/dependency_links.txt
writing top-level names to clearpath_platform_msgs.egg-info/top_level.txt
writing manifest file 'clearpath_platform_msgs.egg-info/SOURCES.txt'
reading manifest file 'clearpath_platform_msgs.egg-info/SOURCES.txt'
writing manifest file 'clearpath_platform_msgs.egg-info/SOURCES.txt'
[  0%] Built target ament_cmake_python_build_clearpath_platform_msgs_egg
[  0%] Built target clearpath_platform_msgs__rosidl_generator_type_description
[  0%] [34m[1mGenerating C code for ROS interfaces[0m
[  0%] [34m[1mGenerating C++ code for ROS interfaces[0m
[  0%] Built target clearpath_platform_msgs__cpp
[  1%] [32mBuilding C object CMakeFiles/clearpath_platform_msgs__rosidl_generator_c.dir/rosidl_generator_c/clearpath_platform_msgs/msg/detail/display_status__type_support.c.o[0m
[  2%] [32mBuilding C object CMakeFiles/clearpath_platform_msgs__rosidl_generator_c.dir/rosidl_generator_c/clearpath_platform_msgs/msg/detail/drive__description.c.o[0m
[  3%] [32mBuilding C object CMakeFiles/clearpath_platform_msgs__rosidl_generator_c.dir/rosidl_generator_c/clearpath_platform_msgs/msg/detail/display_status__description.c.o[0m
[  3%] [32mBuilding C object CMakeFiles/clearpath_platform_msgs__rosidl_generator_c.dir/rosidl_generator_c/clearpath_platform_msgs/msg/detail/display_status__functions.c.o[0m
[  3%] [32mBuilding C object CMakeFiles/clearpath_platform_msgs__rosidl_generator_c.dir/rosidl_generator_c/clearpath_platform_msgs/msg/detail/drive__functions.c.o[0m
[  4%] [32mBuilding C object CMakeFiles/clearpath_platform_msgs__rosidl_generator_c.dir/rosidl_generator_c/clearpath_platform_msgs/msg/detail/drive__type_support.c.o[0m
[  4%] [32mBuilding C object CMakeFiles/clearpath_platform_msgs__rosidl_generator_c.dir/rosidl_generator_c/clearpath_platform_msgs/msg/detail/drive_feedback__description.c.o[0m
[  5%] [32mBuilding C object CMakeFiles/clearpath_platform_msgs__rosidl_generator_c.dir/rosidl_generator_c/clearpath_platform_msgs/msg/detail/drive_feedback__functions.c.o[0m
[  5%] [32mBuilding C object CMakeFiles/clearpath_platform_msgs__rosidl_generator_c.dir/rosidl_generator_c/clearpath_platform_msgs/msg/detail/drive_feedback__type_support.c.o[0m
[  6%] [32mBuilding C object CMakeFiles/clearpath_platform_msgs__rosidl_generator_c.dir/rosidl_generator_c/clearpath_platform_msgs/msg/detail/fans__description.c.o[0m
[  7%] [32mBuilding C object CMakeFiles/clearpath_platform_msgs__rosidl_generator_c.dir/rosidl_generator_c/clearpath_platform_msgs/msg/detail/fans__functions.c.o[0m
[  7%] [32mBuilding C object CMakeFiles/clearpath_platform_msgs__rosidl_generator_c.dir/rosidl_generator_c/clearpath_platform_msgs/msg/detail/fans__type_support.c.o[0m
[  8%] [32mBuilding C object CMakeFiles/clearpath_platform_msgs__rosidl_generator_c.dir/rosidl_generator_c/clearpath_platform_msgs/msg/detail/feedback__description.c.o[0m
[  8%] [32mBuilding C object CMakeFiles/clearpath_platform_msgs__rosidl_generator_c.dir/rosidl_generator_c/clearpath_platform_msgs/msg/detail/feedback__functions.c.o[0m
[  8%] [32mBuilding C object CMakeFiles/clearpath_platform_msgs__rosidl_generator_c.dir/rosidl_generator_c/clearpath_platform_msgs/msg/detail/lights__description.c.o[0m
[  9%] [32mBuilding C object CMakeFiles/clearpath_platform_msgs__rosidl_generator_c.dir/rosidl_generator_c/clearpath_platform_msgs/msg/detail/feedback__type_support.c.o[0m
[ 10%] [32mBuilding C object CMakeFiles/clearpath_platform_msgs__rosidl_generator_c.dir/rosidl_generator_c/clearpath_platform_msgs/msg/detail/lights__functions.c.o[0m
[ 11%] [32mBuilding C object CMakeFiles/clearpath_platform_msgs__rosidl_generator_c.dir/rosidl_generator_c/clearpath_platform_msgs/msg/detail/lights__type_support.c.o[0m
[ 12%] [32mBuilding C object CMakeFiles/clearpath_platform_msgs__rosidl_generator_c.dir/rosidl_generator_c/clearpath_platform_msgs/msg/detail/pinout_command__functions.c.o[0m
[ 12%] [32mBuilding C object CMakeFiles/clearpath_platform_msgs__rosidl_generator_c.dir/rosidl_generator_c/clearpath_platform_msgs/msg/detail/pinout_command__description.c.o[0m
[ 12%] [32mBuilding C object CMakeFiles/clearpath_platform_msgs__rosidl_generator_c.dir/rosidl_generator_c/clearpath_platform_msgs/msg/detail/pinout_command__type_support.c.o[0m
[ 13%] [32mBuilding C object CMakeFiles/clearpath_platform_msgs__rosidl_generator_c.dir/rosidl_generator_c/clearpath_platform_msgs/msg/detail/pinout_state__description.c.o[0m
[ 13%] [32mBuilding C object CMakeFiles/clearpath_platform_msgs__rosidl_generator_c.dir/rosidl_generator_c/clearpath_platform_msgs/msg/detail/pinout_state__functions.c.o[0m
[ 14%] [32mBuilding C object CMakeFiles/clearpath_platform_msgs__rosidl_generator_c.dir/rosidl_generator_c/clearpath_platform_msgs/msg/detail/pinout_state__type_support.c.o[0m
[ 15%] [32mBuilding C object CMakeFiles/clearpath_platform_msgs__rosidl_generator_c.dir/rosidl_generator_c/clearpath_platform_msgs/msg/detail/power__description.c.o[0m
[ 15%] [32mBuilding C object CMakeFiles/clearpath_platform_msgs__rosidl_generator_c.dir/rosidl_generator_c/clearpath_platform_msgs/msg/detail/power__functions.c.o[0m
[ 16%] [32mBuilding C object CMakeFiles/clearpath_platform_msgs__rosidl_generator_c.dir/rosidl_generator_c/clearpath_platform_msgs/msg/detail/power__type_support.c.o[0m
[ 16%] [32mBuilding C object CMakeFiles/clearpath_platform_msgs__rosidl_generator_c.dir/rosidl_generator_c/clearpath_platform_msgs/msg/detail/rgb__description.c.o[0m
[ 16%] [32mBuilding C object CMakeFiles/clearpath_platform_msgs__rosidl_generator_c.dir/rosidl_generator_c/clearpath_platform_msgs/msg/detail/rgb__type_support.c.o[0m
[ 17%] [32mBuilding C object CMakeFiles/clearpath_platform_msgs__rosidl_generator_c.dir/rosidl_generator_c/clearpath_platform_msgs/msg/detail/rgb__functions.c.o[0m
[ 18%] [32mBuilding C object CMakeFiles/clearpath_platform_msgs__rosidl_generator_c.dir/rosidl_generator_c/clearpath_platform_msgs/msg/detail/status__description.c.o[0m
[ 19%] [32mBuilding C object CMakeFiles/clearpath_platform_msgs__rosidl_generator_c.dir/rosidl_generator_c/clearpath_platform_msgs/msg/detail/status__functions.c.o[0m
[ 19%] [32mBuilding C object CMakeFiles/clearpath_platform_msgs__rosidl_generator_c.dir/rosidl_generator_c/clearpath_platform_msgs/msg/detail/status__type_support.c.o[0m
[ 20%] [32mBuilding C object CMakeFiles/clearpath_platform_msgs__rosidl_generator_c.dir/rosidl_generator_c/clearpath_platform_msgs/msg/detail/stop_status__description.c.o[0m
[ 20%] [32mBuilding C object CMakeFiles/clearpath_platform_msgs__rosidl_generator_c.dir/rosidl_generator_c/clearpath_platform_msgs/msg/detail/stop_status__functions.c.o[0m
[ 21%] [32mBuilding C object CMakeFiles/clearpath_platform_msgs__rosidl_generator_c.dir/rosidl_generator_c/clearpath_platform_msgs/msg/detail/stop_status__type_support.c.o[0m
[ 21%] [32mBuilding C object CMakeFiles/clearpath_platform_msgs__rosidl_generator_c.dir/rosidl_generator_c/clearpath_platform_msgs/msg/detail/temperature__description.c.o[0m
[ 22%] [32mBuilding C object CMakeFiles/clearpath_platform_msgs__rosidl_generator_c.dir/rosidl_generator_c/clearpath_platform_msgs/msg/detail/temperature__functions.c.o[0m
[ 23%] [32mBuilding C object CMakeFiles/clearpath_platform_msgs__rosidl_generator_c.dir/rosidl_generator_c/clearpath_platform_msgs/msg/detail/temperature__type_support.c.o[0m
[ 23%] [32mBuilding C object CMakeFiles/clearpath_platform_msgs__rosidl_generator_c.dir/rosidl_generator_c/clearpath_platform_msgs/srv/detail/configure_mcu__description.c.o[0m
[ 24%] [32mBuilding C object CMakeFiles/clearpath_platform_msgs__rosidl_generator_c.dir/rosidl_generator_c/clearpath_platform_msgs/srv/detail/configure_mcu__functions.c.o[0m
[ 24%] [32mBuilding C object CMakeFiles/clearpath_platform_msgs__rosidl_generator_c.dir/rosidl_generator_c/clearpath_platform_msgs/srv/detail/configure_mcu__type_support.c.o[0m
[ 25%] [32mBuilding C object CMakeFiles/clearpath_platform_msgs__rosidl_generator_c.dir/rosidl_generator_c/clearpath_platform_msgs/srv/detail/set_pinout__description.c.o[0m
[ 26%] [32mBuilding C object CMakeFiles/clearpath_platform_msgs__rosidl_generator_c.dir/rosidl_generator_c/clearpath_platform_msgs/srv/detail/set_pinout__functions.c.o[0m
[ 26%] [32mBuilding C object CMakeFiles/clearpath_platform_msgs__rosidl_generator_c.dir/rosidl_generator_c/clearpath_platform_msgs/srv/detail/set_pinout__type_support.c.o[0m
[ 27%] [32m[1mLinking C shared library libclearpath_platform_msgs__rosidl_generator_c.so[0m
[ 27%] Built target clearpath_platform_msgs__rosidl_generator_c
[ 28%] [34m[1mGenerating C++ introspection for ROS interfaces[0m
[ 28%] [34m[1mGenerating C++ type support for eProsima Fast-RTPS[0m
[ 29%] [34m[1mGenerating C type support dispatch for ROS interfaces[0m
[ 29%] [34m[1mGenerating C introspection for ROS interfaces[0m
[ 29%] [32mBuilding CXX object CMakeFiles/clearpath_platform_msgs__rosidl_typesupport_introspection_cpp.dir/rosidl_typesupport_introspection_cpp/clearpath_platform_msgs/msg/detail/display_status__type_support.cpp.o[0m
[ 30%] [32mBuilding CXX object CMakeFiles/clearpath_platform_msgs__rosidl_typesupport_introspection_cpp.dir/rosidl_typesupport_introspection_cpp/clearpath_platform_msgs/msg/detail/drive__type_support.cpp.o[0m
[ 31%] [32mBuilding C object CMakeFiles/clearpath_platform_msgs__rosidl_typesupport_introspection_c.dir/rosidl_typesupport_introspection_c/clearpath_platform_msgs/msg/detail/display_status__type_support.c.o[0m
[ 32%] [32mBuilding CXX object CMakeFiles/clearpath_platform_msgs__rosidl_typesupport_c.dir/rosidl_typesupport_c/clearpath_platform_msgs/msg/display_status__type_support.cpp.o[0m
[ 32%] [32mBuilding C object CMakeFiles/clearpath_platform_msgs__rosidl_typesupport_introspection_c.dir/rosidl_typesupport_introspection_c/clearpath_platform_msgs/msg/detail/drive__type_support.c.o[0m
[ 32%] [32mBuilding CXX object CMakeFiles/clearpath_platform_msgs__rosidl_typesupport_c.dir/rosidl_typesupport_c/clearpath_platform_msgs/msg/drive__type_support.cpp.o[0m
[ 33%] [32mBuilding C object CMakeFiles/clearpath_platform_msgs__rosidl_typesupport_introspection_c.dir/rosidl_typesupport_introspection_c/clearpath_platform_msgs/msg/detail/drive_feedback__type_support.c.o[0m
[ 34%] [32mBuilding CXX object CMakeFiles/clearpath_platform_msgs__rosidl_typesupport_c.dir/rosidl_typesupport_c/clearpath_platform_msgs/msg/drive_feedback__type_support.cpp.o[0m
[ 35%] [32mBuilding CXX object CMakeFiles/clearpath_platform_msgs__rosidl_typesupport_fastrtps_cpp.dir/rosidl_typesupport_fastrtps_cpp/clearpath_platform_msgs/msg/detail/dds_fastrtps/display_status__type_support.cpp.o[0m
[ 35%] [32mBuilding C object CMakeFiles/clearpath_platform_msgs__rosidl_typesupport_introspection_c.dir/rosidl_typesupport_introspection_c/clearpath_platform_msgs/msg/detail/fans__type_support.c.o[0m
[ 35%] [32mBuilding CXX object CMakeFiles/clearpath_platform_msgs__rosidl_typesupport_c.dir/rosidl_typesupport_c/clearpath_platform_msgs/msg/fans__type_support.cpp.o[0m
[ 36%] [32mBuilding CXX object CMakeFiles/clearpath_platform_msgs__rosidl_typesupport_introspection_cpp.dir/rosidl_typesupport_introspection_cpp/clearpath_platform_msgs/msg/detail/drive_feedback__type_support.cpp.o[0m
[ 37%] [32mBuilding C object CMakeFiles/clearpath_platform_msgs__rosidl_typesupport_introspection_c.dir/rosidl_typesupport_introspection_c/clearpath_platform_msgs/msg/detail/feedback__type_support.c.o[0m
[ 38%] [32mBuilding CXX object CMakeFiles/clearpath_platform_msgs__rosidl_typesupport_c.dir/rosidl_typesupport_c/clearpath_platform_msgs/msg/feedback__type_support.cpp.o[0m
[ 39%] [32mBuilding C object CMakeFiles/clearpath_platform_msgs__rosidl_typesupport_introspection_c.dir/rosidl_typesupport_introspection_c/clearpath_platform_msgs/msg/detail/lights__type_support.c.o[0m
[ 39%] [32mBuilding CXX object CMakeFiles/clearpath_platform_msgs__rosidl_typesupport_c.dir/rosidl_typesupport_c/clearpath_platform_msgs/msg/lights__type_support.cpp.o[0m
[ 40%] [32mBuilding CXX object CMakeFiles/clearpath_platform_msgs__rosidl_typesupport_c.dir/rosidl_typesupport_c/clearpath_platform_msgs/msg/pinout_command__type_support.cpp.o[0m
[ 40%] [32mBuilding C object CMakeFiles/clearpath_platform_msgs__rosidl_typesupport_introspection_c.dir/rosidl_typesupport_introspection_c/clearpath_platform_msgs/msg/detail/pinout_command__type_support.c.o[0m
[ 41%] [32mBuilding CXX object CMakeFiles/clearpath_platform_msgs__rosidl_typesupport_c.dir/rosidl_typesupport_c/clearpath_platform_msgs/msg/pinout_state__type_support.cpp.o[0m
[ 42%] [32mBuilding C object CMakeFiles/clearpath_platform_msgs__rosidl_typesupport_introspection_c.dir/rosidl_typesupport_introspection_c/clearpath_platform_msgs/msg/detail/pinout_state__type_support.c.o[0m
[ 42%] [32mBuilding CXX object CMakeFiles/clearpath_platform_msgs__rosidl_typesupport_c.dir/rosidl_typesupport_c/clearpath_platform_msgs/msg/power__type_support.cpp.o[0m
[ 42%] [32mBuilding C object CMakeFiles/clearpath_platform_msgs__rosidl_typesupport_introspection_c.dir/rosidl_typesupport_introspection_c/clearpath_platform_msgs/msg/detail/power__type_support.c.o[0m
[ 43%] [32mBuilding CXX object CMakeFiles/clearpath_platform_msgs__rosidl_typesupport_c.dir/rosidl_typesupport_c/clearpath_platform_msgs/msg/rgb__type_support.cpp.o[0m
[ 43%] [32mBuilding CXX object CMakeFiles/clearpath_platform_msgs__rosidl_typesupport_introspection_cpp.dir/rosidl_typesupport_introspection_cpp/clearpath_platform_msgs/msg/detail/fans__type_support.cpp.o[0m
[ 44%] [32mBuilding C object CMakeFiles/clearpath_platform_msgs__rosidl_typesupport_introspection_c.dir/rosidl_typesupport_introspection_c/clearpath_platform_msgs/msg/detail/rgb__type_support.c.o[0m
[ 44%] [32mBuilding CXX object CMakeFiles/clearpath_platform_msgs__rosidl_typesupport_c.dir/rosidl_typesupport_c/clearpath_platform_msgs/msg/status__type_support.cpp.o[0m
[ 44%] [32mBuilding C object CMakeFiles/clearpath_platform_msgs__rosidl_typesupport_introspection_c.dir/rosidl_typesupport_introspection_c/clearpath_platform_msgs/msg/detail/status__type_support.c.o[0m
[ 45%] [32mBuilding CXX object CMakeFiles/clearpath_platform_msgs__rosidl_typesupport_c.dir/rosidl_typesupport_c/clearpath_platform_msgs/msg/stop_status__type_support.cpp.o[0m
[ 46%] [32mBuilding C object CMakeFiles/clearpath_platform_msgs__rosidl_typesupport_introspection_c.dir/rosidl_typesupport_introspection_c/clearpath_platform_msgs/msg/detail/stop_status__type_support.c.o[0m
[ 46%] [32mBuilding CXX object CMakeFiles/clearpath_platform_msgs__rosidl_typesupport_c.dir/rosidl_typesupport_c/clearpath_platform_msgs/msg/temperature__type_support.cpp.o[0m
[ 47%] [32mBuilding C object CMakeFiles/clearpath_platform_msgs__rosidl_typesupport_introspection_c.dir/rosidl_typesupport_introspection_c/clearpath_platform_msgs/msg/detail/temperature__type_support.c.o[0m
[ 47%] [32mBuilding CXX object CMakeFiles/clearpath_platform_msgs__rosidl_typesupport_fastrtps_cpp.dir/rosidl_typesupport_fastrtps_cpp/clearpath_platform_msgs/msg/detail/dds_fastrtps/drive__type_support.cpp.o[0m
[ 48%] [32mBuilding CXX object CMakeFiles/clearpath_platform_msgs__rosidl_typesupport_c.dir/rosidl_typesupport_c/clearpath_platform_msgs/srv/configure_mcu__type_support.cpp.o[0m
[ 48%] [32mBuilding C object CMakeFiles/clearpath_platform_msgs__rosidl_typesupport_introspection_c.dir/rosidl_typesupport_introspection_c/clearpath_platform_msgs/srv/detail/configure_mcu__type_support.c.o[0m
[ 49%] [32mBuilding CXX object CMakeFiles/clearpath_platform_msgs__rosidl_typesupport_c.dir/rosidl_typesupport_c/clearpath_platform_msgs/srv/set_pinout__type_support.cpp.o[0m
[ 50%] [32mBuilding C object CMakeFiles/clearpath_platform_msgs__rosidl_typesupport_introspection_c.dir/rosidl_typesupport_introspection_c/clearpath_platform_msgs/srv/detail/set_pinout__type_support.c.o[0m
[ 51%] [32mBuilding CXX object CMakeFiles/clearpath_platform_msgs__rosidl_typesupport_introspection_cpp.dir/rosidl_typesupport_introspection_cpp/clearpath_platform_msgs/msg/detail/feedback__type_support.cpp.o[0m
[ 51%] [32m[1mLinking CXX shared library libclearpath_platform_msgs__rosidl_typesupport_c.so[0m
[ 51%] [32m[1mLinking C shared library libclearpath_platform_msgs__rosidl_typesupport_introspection_c.so[0m
[ 51%] Built target clearpath_platform_msgs__rosidl_typesupport_c
[ 51%] Built target clearpath_platform_msgs__rosidl_typesupport_introspection_c
[ 52%] [34m[1mGenerating C++ type support dispatch for ROS interfaces[0m
[ 53%] [34m[1mGenerating C type support for eProsima Fast-RTPS[0m
[ 53%] [32mBuilding CXX object CMakeFiles/clearpath_platform_msgs__rosidl_typesupport_introspection_cpp.dir/rosidl_typesupport_introspection_cpp/clearpath_platform_msgs/msg/detail/lights__type_support.cpp.o[0m
[ 54%] [32mBuilding CXX object CMakeFiles/clearpath_platform_msgs__rosidl_typesupport_fastrtps_cpp.dir/rosidl_typesupport_fastrtps_cpp/clearpath_platform_msgs/msg/detail/dds_fastrtps/drive_feedback__type_support.cpp.o[0m
[ 55%] [32mBuilding CXX object CMakeFiles/clearpath_platform_msgs__rosidl_typesupport_introspection_cpp.dir/rosidl_typesupport_introspection_cpp/clearpath_platform_msgs/msg/detail/pinout_command__type_support.cpp.o[0m
[ 56%] [32mBuilding CXX object CMakeFiles/clearpath_platform_msgs__rosidl_typesupport_fastrtps_cpp.dir/rosidl_typesupport_fastrtps_cpp/clearpath_platform_msgs/msg/detail/dds_fastrtps/fans__type_support.cpp.o[0m
[ 56%] [32mBuilding CXX object CMakeFiles/clearpath_platform_msgs__rosidl_typesupport_fastrtps_cpp.dir/rosidl_typesupport_fastrtps_cpp/clearpath_platform_msgs/msg/detail/dds_fastrtps/feedback__type_support.cpp.o[0m
[ 56%] [32mBuilding CXX object CMakeFiles/clearpath_platform_msgs__rosidl_typesupport_introspection_cpp.dir/rosidl_typesupport_introspection_cpp/clearpath_platform_msgs/msg/detail/pinout_state__type_support.cpp.o[0m
[ 57%] [32mBuilding CXX object CMakeFiles/clearpath_platform_msgs__rosidl_typesupport_fastrtps_cpp.dir/rosidl_typesupport_fastrtps_cpp/clearpath_platform_msgs/msg/detail/dds_fastrtps/lights__type_support.cpp.o[0m
[ 58%] [32mBuilding CXX object CMakeFiles/clearpath_platform_msgs__rosidl_typesupport_introspection_cpp.dir/rosidl_typesupport_introspection_cpp/clearpath_platform_msgs/msg/detail/power__type_support.cpp.o[0m
[ 59%] [32mBuilding CXX object CMakeFiles/clearpath_platform_msgs__rosidl_typesupport_introspection_cpp.dir/rosidl_typesupport_introspection_cpp/clearpath_platform_msgs/msg/detail/rgb__type_support.cpp.o[0m
[ 59%] [32mBuilding CXX object CMakeFiles/clearpath_platform_msgs__rosidl_typesupport_fastrtps_cpp.dir/rosidl_typesupport_fastrtps_cpp/clearpath_platform_msgs/msg/detail/dds_fastrtps/pinout_command__type_support.cpp.o[0m
[ 59%] [32mBuilding CXX object CMakeFiles/clearpath_platform_msgs__rosidl_typesupport_introspection_cpp.dir/rosidl_typesupport_introspection_cpp/clearpath_platform_msgs/msg/detail/status__type_support.cpp.o[0m
[ 59%] [32mBuilding CXX object CMakeFiles/clearpath_platform_msgs__rosidl_typesupport_cpp.dir/rosidl_typesupport_cpp/clearpath_platform_msgs/msg/display_status__type_support.cpp.o[0m
[ 60%] [32mBuilding CXX object CMakeFiles/clearpath_platform_msgs__rosidl_typesupport_introspection_cpp.dir/rosidl_typesupport_introspection_cpp/clearpath_platform_msgs/msg/detail/stop_status__type_support.cpp.o[0m
[ 61%] [32mBuilding CXX object CMakeFiles/clearpath_platform_msgs__rosidl_typesupport_fastrtps_cpp.dir/rosidl_typesupport_fastrtps_cpp/clearpath_platform_msgs/msg/detail/dds_fastrtps/pinout_state__type_support.cpp.o[0m
[ 62%] [32mBuilding CXX object CMakeFiles/clearpath_platform_msgs__rosidl_typesupport_cpp.dir/rosidl_typesupport_cpp/clearpath_platform_msgs/msg/drive__type_support.cpp.o[0m
[ 62%] [32mBuilding CXX object CMakeFiles/clearpath_platform_msgs__rosidl_typesupport_introspection_cpp.dir/rosidl_typesupport_introspection_cpp/clearpath_platform_msgs/msg/detail/temperature__type_support.cpp.o[0m
[ 62%] [32mBuilding CXX object CMakeFiles/clearpath_platform_msgs__rosidl_typesupport_fastrtps_c.dir/rosidl_typesupport_fastrtps_c/clearpath_platform_msgs/msg/detail/display_status__type_support_c.cpp.o[0m
[ 63%] [32mBuilding CXX object CMakeFiles/clearpath_platform_msgs__rosidl_typesupport_cpp.dir/rosidl_typesupport_cpp/clearpath_platform_msgs/msg/drive_feedback__type_support.cpp.o[0m
[ 64%] [32mBuilding CXX object CMakeFiles/clearpath_platform_msgs__rosidl_typesupport_introspection_cpp.dir/rosidl_typesupport_introspection_cpp/clearpath_platform_msgs/srv/detail/configure_mcu__type_support.cpp.o[0m
[ 64%] [32mBuilding CXX object CMakeFiles/clearpath_platform_msgs__rosidl_typesupport_fastrtps_cpp.dir/rosidl_typesupport_fastrtps_cpp/clearpath_platform_msgs/msg/detail/dds_fastrtps/power__type_support.cpp.o[0m
[ 64%] [32mBuilding CXX object CMakeFiles/clearpath_platform_msgs__rosidl_typesupport_cpp.dir/rosidl_typesupport_cpp/clearpath_platform_msgs/msg/fans__type_support.cpp.o[0m
[ 65%] [32mBuilding CXX object CMakeFiles/clearpath_platform_msgs__rosidl_typesupport_fastrtps_c.dir/rosidl_typesupport_fastrtps_c/clearpath_platform_msgs/msg/detail/drive__type_support_c.cpp.o[0m
[ 65%] [32mBuilding CXX object CMakeFiles/clearpath_platform_msgs__rosidl_typesupport_introspection_cpp.dir/rosidl_typesupport_introspection_cpp/clearpath_platform_msgs/srv/detail/set_pinout__type_support.cpp.o[0m
[ 66%] [32mBuilding CXX object CMakeFiles/clearpath_platform_msgs__rosidl_typesupport_cpp.dir/rosidl_typesupport_cpp/clearpath_platform_msgs/msg/feedback__type_support.cpp.o[0m
[ 67%] [32mBuilding CXX object CMakeFiles/clearpath_platform_msgs__rosidl_typesupport_fastrtps_cpp.dir/rosidl_typesupport_fastrtps_cpp/clearpath_platform_msgs/msg/detail/dds_fastrtps/rgb__type_support.cpp.o[0m
[ 68%] [32m[1mLinking CXX shared library libclearpath_platform_msgs__rosidl_typesupport_introspection_cpp.so[0m
[ 68%] [32mBuilding CXX object CMakeFiles/clearpath_platform_msgs__rosidl_typesupport_fastrtps_c.dir/rosidl_typesupport_fastrtps_c/clearpath_platform_msgs/msg/detail/drive_feedback__type_support_c.cpp.o[0m
[ 68%] [32mBuilding CXX object CMakeFiles/clearpath_platform_msgs__rosidl_typesupport_cpp.dir/rosidl_typesupport_cpp/clearpath_platform_msgs/msg/lights__type_support.cpp.o[0m
[ 68%] Built target clearpath_platform_msgs__rosidl_typesupport_introspection_cpp
[ 69%] [32mBuilding CXX object CMakeFiles/clearpath_platform_msgs__rosidl_typesupport_fastrtps_c.dir/rosidl_typesupport_fastrtps_c/clearpath_platform_msgs/msg/detail/fans__type_support_c.cpp.o[0m
[ 70%] [32mBuilding CXX object CMakeFiles/clearpath_platform_msgs__rosidl_typesupport_fastrtps_cpp.dir/rosidl_typesupport_fastrtps_cpp/clearpath_platform_msgs/msg/detail/dds_fastrtps/status__type_support.cpp.o[0m
[ 71%] [32mBuilding CXX object CMakeFiles/clearpath_platform_msgs__rosidl_typesupport_cpp.dir/rosidl_typesupport_cpp/clearpath_platform_msgs/msg/pinout_command__type_support.cpp.o[0m
[ 71%] [32mBuilding CXX object CMakeFiles/clearpath_platform_msgs__rosidl_typesupport_fastrtps_c.dir/rosidl_typesupport_fastrtps_c/clearpath_platform_msgs/msg/detail/feedback__type_support_c.cpp.o[0m
[ 71%] [32mBuilding CXX object CMakeFiles/clearpath_platform_msgs__rosidl_typesupport_cpp.dir/rosidl_typesupport_cpp/clearpath_platform_msgs/msg/pinout_state__type_support.cpp.o[0m
[ 72%] [32mBuilding CXX object CMakeFiles/clearpath_platform_msgs__rosidl_typesupport_fastrtps_c.dir/rosidl_typesupport_fastrtps_c/clearpath_platform_msgs/msg/detail/lights__type_support_c.cpp.o[0m
[ 72%] [32mBuilding CXX object CMakeFiles/clearpath_platform_msgs__rosidl_typesupport_fastrtps_cpp.dir/rosidl_typesupport_fastrtps_cpp/clearpath_platform_msgs/msg/detail/dds_fastrtps/stop_status__type_support.cpp.o[0m
[ 73%] [32mBuilding CXX object CMakeFiles/clearpath_platform_msgs__rosidl_typesupport_fastrtps_cpp.dir/rosidl_typesupport_fastrtps_cpp/clearpath_platform_msgs/msg/detail/dds_fastrtps/temperature__type_support.cpp.o[0m
[ 74%] [32mBuilding CXX object CMakeFiles/clearpath_platform_msgs__rosidl_typesupport_cpp.dir/rosidl_typesupport_cpp/clearpath_platform_msgs/msg/power__type_support.cpp.o[0m
[ 75%] [32mBuilding CXX object CMakeFiles/clearpath_platform_msgs__rosidl_typesupport_fastrtps_c.dir/rosidl_typesupport_fastrtps_c/clearpath_platform_msgs/msg/detail/pinout_command__type_support_c.cpp.o[0m
[ 75%] [32mBuilding CXX object CMakeFiles/clearpath_platform_msgs__rosidl_typesupport_fastrtps_c.dir/rosidl_typesupport_fastrtps_c/clearpath_platform_msgs/msg/detail/pinout_state__type_support_c.cpp.o[0m
[ 75%] [32mBuilding CXX object CMakeFiles/clearpath_platform_msgs__rosidl_typesupport_fastrtps_cpp.dir/rosidl_typesupport_fastrtps_cpp/clearpath_platform_msgs/srv/detail/dds_fastrtps/configure_mcu__type_support.cpp.o[0m
[ 76%] [32mBuilding CXX object CMakeFiles/clearpath_platform_msgs__rosidl_typesupport_cpp.dir/rosidl_typesupport_cpp/clearpath_platform_msgs/msg/rgb__type_support.cpp.o[0m
[ 76%] [32mBuilding CXX object CMakeFiles/clearpath_platform_msgs__rosidl_typesupport_cpp.dir/rosidl_typesupport_cpp/clearpath_platform_msgs/msg/status__type_support.cpp.o[0m
[ 77%] [32mBuilding CXX object CMakeFiles/clearpath_platform_msgs__rosidl_typesupport_fastrtps_c.dir/rosidl_typesupport_fastrtps_c/clearpath_platform_msgs/msg/detail/power__type_support_c.cpp.o[0m
[ 78%] [32mBuilding CXX object CMakeFiles/clearpath_platform_msgs__rosidl_typesupport_fastrtps_cpp.dir/rosidl_typesupport_fastrtps_cpp/clearpath_platform_msgs/srv/detail/dds_fastrtps/set_pinout__type_support.cpp.o[0m
[ 79%] [32mBuilding CXX object CMakeFiles/clearpath_platform_msgs__rosidl_typesupport_cpp.dir/rosidl_typesupport_cpp/clearpath_platform_msgs/msg/stop_status__type_support.cpp.o[0m
[ 79%] [32mBuilding CXX object CMakeFiles/clearpath_platform_msgs__rosidl_typesupport_fastrtps_c.dir/rosidl_typesupport_fastrtps_c/clearpath_platform_msgs/msg/detail/rgb__type_support_c.cpp.o[0m
[ 80%] [32mBuilding CXX object CMakeFiles/clearpath_platform_msgs__rosidl_typesupport_fastrtps_c.dir/rosidl_typesupport_fastrtps_c/clearpath_platform_msgs/msg/detail/status__type_support_c.cpp.o[0m
[ 80%] [32mBuilding CXX object CMakeFiles/clearpath_platform_msgs__rosidl_typesupport_cpp.dir/rosidl_typesupport_cpp/clearpath_platform_msgs/msg/temperature__type_support.cpp.o[0m
[ 80%] [32mBuilding CXX object CMakeFiles/clearpath_platform_msgs__rosidl_typesupport_fastrtps_c.dir/rosidl_typesupport_fastrtps_c/clearpath_platform_msgs/msg/detail/stop_status__type_support_c.cpp.o[0m
[ 81%] [32mBuilding CXX object CMakeFiles/clearpath_platform_msgs__rosidl_typesupport_cpp.dir/rosidl_typesupport_cpp/clearpath_platform_msgs/srv/configure_mcu__type_support.cpp.o[0m
[ 82%] [32m[1mLinking CXX shared library libclearpath_platform_msgs__rosidl_typesupport_fastrtps_cpp.so[0m
[ 83%] [32mBuilding CXX object CMakeFiles/clearpath_platform_msgs__rosidl_typesupport_fastrtps_c.dir/rosidl_typesupport_fastrtps_c/clearpath_platform_msgs/msg/detail/temperature__type_support_c.cpp.o[0m
[ 83%] [32mBuilding CXX object CMakeFiles/clearpath_platform_msgs__rosidl_typesupport_cpp.dir/rosidl_typesupport_cpp/clearpath_platform_msgs/srv/set_pinout__type_support.cpp.o[0m
[ 83%] Built target clearpath_platform_msgs__rosidl_typesupport_fastrtps_cpp
[ 84%] [32mBuilding CXX object CMakeFiles/clearpath_platform_msgs__rosidl_typesupport_fastrtps_c.dir/rosidl_typesupport_fastrtps_c/clearpath_platform_msgs/srv/detail/configure_mcu__type_support_c.cpp.o[0m
[ 84%] [32mBuilding CXX object CMakeFiles/clearpath_platform_msgs__rosidl_typesupport_fastrtps_c.dir/rosidl_typesupport_fastrtps_c/clearpath_platform_msgs/srv/detail/set_pinout__type_support_c.cpp.o[0m
[ 85%] [32m[1mLinking CXX shared library libclearpath_platform_msgs__rosidl_typesupport_cpp.so[0m
[ 85%] Built target clearpath_platform_msgs__rosidl_typesupport_cpp
[ 86%] [32m[1mLinking CXX shared library libclearpath_platform_msgs__rosidl_typesupport_fastrtps_c.so[0m
[ 86%] Built target clearpath_platform_msgs__rosidl_typesupport_fastrtps_c
[ 86%] Built target clearpath_platform_msgs
[ 87%] [34m[1mGenerating Python code for ROS interfaces[0m
[ 87%] Built target clearpath_platform_msgs__py
[ 88%] [32mBuilding C object CMakeFiles/clearpath_platform_msgs__rosidl_generator_py.dir/rosidl_generator_py/clearpath_platform_msgs/msg/_display_status_s.c.o[0m
[ 88%] [32mBuilding C object CMakeFiles/clearpath_platform_msgs__rosidl_generator_py.dir/rosidl_generator_py/clearpath_platform_msgs/msg/_drive_s.c.o[0m
[ 89%] [32mBuilding C object CMakeFiles/clearpath_platform_msgs__rosidl_generator_py.dir/rosidl_generator_py/clearpath_platform_msgs/msg/_fans_s.c.o[0m
[ 90%] [32mBuilding C object CMakeFiles/clearpath_platform_msgs__rosidl_generator_py.dir/rosidl_generator_py/clearpath_platform_msgs/msg/_feedback_s.c.o[0m
[ 90%] [32mBuilding C object CMakeFiles/clearpath_platform_msgs__rosidl_generator_py.dir/rosidl_generator_py/clearpath_platform_msgs/msg/_lights_s.c.o[0m
[ 91%] [32mBuilding C object CMakeFiles/clearpath_platform_msgs__rosidl_generator_py.dir/rosidl_generator_py/clearpath_platform_msgs/msg/_pinout_command_s.c.o[0m
[ 91%] [32mBuilding C object CMakeFiles/clearpath_platform_msgs__rosidl_generator_py.dir/rosidl_generator_py/clearpath_platform_msgs/msg/_pinout_state_s.c.o[0m
[ 92%] [32mBuilding C object CMakeFiles/clearpath_platform_msgs__rosidl_generator_py.dir/rosidl_generator_py/clearpath_platform_msgs/msg/_power_s.c.o[0m
[ 92%] [32mBuilding C object CMakeFiles/clearpath_platform_msgs__rosidl_generator_py.dir/rosidl_generator_py/clearpath_platform_msgs/msg/_rgb_s.c.o[0m
[ 93%] [32mBuilding C object CMakeFiles/clearpath_platform_msgs__rosidl_generator_py.dir/rosidl_generator_py/clearpath_platform_msgs/msg/_status_s.c.o[0m
[ 94%] [32mBuilding C object CMakeFiles/clearpath_platform_msgs__rosidl_generator_py.dir/rosidl_generator_py/clearpath_platform_msgs/msg/_stop_status_s.c.o[0m
[ 94%] [32mBuilding C object CMakeFiles/clearpath_platform_msgs__rosidl_generator_py.dir/rosidl_generator_py/clearpath_platform_msgs/msg/_temperature_s.c.o[0m
[ 95%] [32mBuilding C object CMakeFiles/clearpath_platform_msgs__rosidl_generator_py.dir/rosidl_generator_py/clearpath_platform_msgs/srv/_configure_mcu_s.c.o[0m
[ 95%] [32mBuilding C object CMakeFiles/clearpath_platform_msgs__rosidl_generator_py.dir/rosidl_generator_py/clearpath_platform_msgs/srv/_set_pinout_s.c.o[0m
[ 95%] [32mBuilding C object CMakeFiles/clearpath_platform_msgs__rosidl_generator_py.dir/rosidl_generator_py/clearpath_platform_msgs/msg/_drive_feedback_s.c.o[0m
[ 96%] [32m[1mLinking C shared library libclearpath_platform_msgs__rosidl_generator_py.so[0m
[ 96%] Built target clearpath_platform_msgs__rosidl_generator_py
[ 98%] [32mBuilding C object CMakeFiles/clearpath_platform_msgs_s__rosidl_typesupport_fastrtps_c.dir/rosidl_generator_py/clearpath_platform_msgs/_clearpath_platform_msgs_s.ep.rosidl_typesupport_fastrtps_c.c.o[0m
[ 98%] [32mBuilding C object CMakeFiles/clearpath_platform_msgs_s__rosidl_typesupport_introspection_c.dir/rosidl_generator_py/clearpath_platform_msgs/_clearpath_platform_msgs_s.ep.rosidl_typesupport_introspection_c.c.o[0m
[ 99%] [32m[1mLinking C shared module rosidl_generator_py/clearpath_platform_msgs/clearpath_platform_msgs_s__rosidl_typesupport_introspection_c.so[0m
[ 99%] [32m[1mLinking C shared module rosidl_generator_py/clearpath_platform_msgs/clearpath_platform_msgs_s__rosidl_typesupport_fastrtps_c.so[0m
[ 99%] Built target clearpath_platform_msgs_s__rosidl_typesupport_introspection_c
[ 99%] Built target clearpath_platform_msgs_s__rosidl_typesupport_fastrtps_c
[100%] [32mBuilding C object CMakeFiles/clearpath_platform_msgs_s__rosidl_typesupport_c.dir/rosidl_generator_py/clearpath_platform_msgs/_clearpath_platform_msgs_s.ep.rosidl_typesupport_c.c.o[0m
[100%] [32m[1mLinking C shared module rosidl_generator_py/clearpath_platform_msgs/clearpath_platform_msgs_s__rosidl_typesupport_c.so[0m
[100%] Built target clearpath_platform_msgs_s__rosidl_typesupport_c
-- Install configuration: ""
-- Execute custom install script
-- Symlinking: /home/robolab/clearpath_ws/install/clearpath_platform_msgs/share/ament_index/resource_index/rosidl_interfaces/clearpath_platform_msgs
-- Symlinking: /home/robolab/clearpath_ws/install/clearpath_platform_msgs/share/clearpath_platform_msgs/msg/DisplayStatus.json
-- Symlinking: /home/robolab/clearpath_ws/install/clearpath_platform_msgs/share/clearpath_platform_msgs/msg/Drive.json
-- Symlinking: /home/robolab/clearpath_ws/install/clearpath_platform_msgs/share/clearpath_platform_msgs/msg/DriveFeedback.json
-- Symlinking: /home/robolab/clearpath_ws/install/clearpath_platform_msgs/share/clearpath_platform_msgs/msg/Fans.json
-- Symlinking: /home/robolab/clearpath_ws/install/clearpath_platform_msgs/share/clearpath_platform_msgs/msg/Feedback.json
-- Symlinking: /home/robolab/clearpath_ws/install/clearpath_platform_msgs/share/clearpath_platform_msgs/msg/Lights.json
-- Symlinking: /home/robolab/clearpath_ws/install/clearpath_platform_msgs/share/clearpath_platform_msgs/msg/PinoutCommand.json
-- Symlinking: /home/robolab/clearpath_ws/install/clearpath_platform_msgs/share/clearpath_platform_msgs/msg/PinoutState.json
-- Symlinking: /home/robolab/clearpath_ws/install/clearpath_platform_msgs/share/clearpath_platform_msgs/msg/Power.json
-- Symlinking: /home/robolab/clearpath_ws/install/clearpath_platform_msgs/share/clearpath_platform_msgs/msg/RGB.json
-- Symlinking: /home/robolab/clearpath_ws/install/clearpath_platform_msgs/share/clearpath_platform_msgs/msg/Status.json
-- Symlinking: /home/robolab/clearpath_ws/install/clearpath_platform_msgs/share/clearpath_platform_msgs/msg/StopStatus.json
-- Symlinking: /home/robolab/clearpath_ws/install/clearpath_platform_msgs/share/clearpath_platform_msgs/msg/Temperature.json
-- Symlinking: /home/robolab/clearpath_ws/install/clearpath_platform_msgs/share/clearpath_platform_msgs/srv/ConfigureMcu.json
-- Symlinking: /home/robolab/clearpath_ws/install/clearpath_platform_msgs/share/clearpath_platform_msgs/srv/SetPinout.json
-- Symlinking: /home/robolab/clearpath_ws/install/clearpath_platform_msgs/include/clearpath_platform_msgs/clearpath_platform_msgs/msg/detail/display_status__functions.h
-- Symlinking: /home/robolab/clearpath_ws/install/clearpath_platform_msgs/include/clearpath_platform_msgs/clearpath_platform_msgs/msg/detail/display_status__struct.h
-- Symlinking: /home/robolab/clearpath_ws/install/clearpath_platform_msgs/include/clearpath_platform_msgs/clearpath_platform_msgs/msg/detail/display_status__type_support.h
-- Symlinking: /home/robolab/clearpath_ws/install/clearpath_platform_msgs/include/clearpath_platform_msgs/clearpath_platform_msgs/msg/detail/drive__functions.h
-- Symlinking: /home/robolab/clearpath_ws/install/clearpath_platform_msgs/include/clearpath_platform_msgs/clearpath_platform_msgs/msg/detail/drive__struct.h
-- Symlinking: /home/robolab/clearpath_ws/install/clearpath_platform_msgs/include/clearpath_platform_msgs/clearpath_platform_msgs/msg/detail/drive__type_support.h
-- Symlinking: /home/robolab/clearpath_ws/install/clearpath_platform_msgs/include/clearpath_platform_msgs/clearpath_platform_msgs/msg/detail/drive_feedback__functions.h
-- Symlinking: /home/robolab/clearpath_ws/install/clearpath_platform_msgs/include/clearpath_platform_msgs/clearpath_platform_msgs/msg/detail/drive_feedback__struct.h
-- Symlinking: /home/robolab/clearpath_ws/install/clearpath_platform_msgs/include/clearpath_platform_msgs/clearpath_platform_msgs/msg/detail/drive_feedback__type_support.h
-- Symlinking: /home/robolab/clearpath_ws/install/clearpath_platform_msgs/include/clearpath_platform_msgs/clearpath_platform_msgs/msg/detail/fans__functions.h
-- Symlinking: /home/robolab/clearpath_ws/install/clearpath_platform_msgs/include/clearpath_platform_msgs/clearpath_platform_msgs/msg/detail/fans__struct.h
-- Symlinking: /home/robolab/clearpath_ws/install/clearpath_platform_msgs/include/clearpath_platform_msgs/clearpath_platform_msgs/msg/detail/fans__type_support.h
-- Symlinking: /home/robolab/clearpath_ws/install/clearpath_platform_msgs/include/clearpath_platform_msgs/clearpath_platform_msgs/msg/detail/feedback__functions.h
-- Symlinking: /home/robolab/clearpath_ws/install/clearpath_platform_msgs/include/clearpath_platform_msgs/clearpath_platform_msgs/msg/detail/feedback__struct.h
-- Symlinking: /home/robolab/clearpath_ws/install/clearpath_platform_msgs/include/clearpath_platform_msgs/clearpath_platform_msgs/msg/detail/feedback__type_support.h
-- Symlinking: /home/robolab/clearpath_ws/install/clearpath_platform_msgs/include/clearpath_platform_msgs/clearpath_platform_msgs/msg/detail/lights__functions.h
-- Symlinking: /home/robolab/clearpath_ws/install/clearpath_platform_msgs/include/clearpath_platform_msgs/clearpath_platform_msgs/msg/detail/lights__struct.h
-- Symlinking: /home/robolab/clearpath_ws/install/clearpath_platform_msgs/include/clearpath_platform_msgs/clearpath_platform_msgs/msg/detail/lights__type_support.h
-- Symlinking: /home/robolab/clearpath_ws/install/clearpath_platform_msgs/include/clearpath_platform_msgs/clearpath_platform_msgs/msg/detail/pinout_command__functions.h
-- Symlinking: /home/robolab/clearpath_ws/install/clearpath_platform_msgs/include/clearpath_platform_msgs/clearpath_platform_msgs/msg/detail/pinout_command__struct.h
-- Symlinking: /home/robolab/clearpath_ws/install/clearpath_platform_msgs/include/clearpath_platform_msgs/clearpath_platform_msgs/msg/detail/pinout_command__type_support.h
-- Symlinking: /home/robolab/clearpath_ws/install/clearpath_platform_msgs/include/clearpath_platform_msgs/clearpath_platform_msgs/msg/detail/pinout_state__functions.h
-- Symlinking: /home/robolab/clearpath_ws/install/clearpath_platform_msgs/include/clearpath_platform_msgs/clearpath_platform_msgs/msg/detail/pinout_state__struct.h
-- Symlinking: /home/robolab/clearpath_ws/install/clearpath_platform_msgs/include/clearpath_platform_msgs/clearpath_platform_msgs/msg/detail/pinout_state__type_support.h
-- Symlinking: /home/robolab/clearpath_ws/install/clearpath_platform_msgs/include/clearpath_platform_msgs/clearpath_platform_msgs/msg/detail/power__functions.h
-- Symlinking: /home/robolab/clearpath_ws/install/clearpath_platform_msgs/include/clearpath_platform_msgs/clearpath_platform_msgs/msg/detail/power__struct.h
-- Symlinking: /home/robolab/clearpath_ws/install/clearpath_platform_msgs/include/clearpath_platform_msgs/clearpath_platform_msgs/msg/detail/power__type_support.h
-- Symlinking: /home/robolab/clearpath_ws/install/clearpath_platform_msgs/include/clearpath_platform_msgs/clearpath_platform_msgs/msg/detail/rgb__functions.h
-- Symlinking: /home/robolab/clearpath_ws/install/clearpath_platform_msgs/include/clearpath_platform_msgs/clearpath_platform_msgs/msg/detail/rgb__struct.h
-- Symlinking: /home/robolab/clearpath_ws/install/clearpath_platform_msgs/include/clearpath_platform_msgs/clearpath_platform_msgs/msg/detail/rgb__type_support.h
-- Symlinking: /home/robolab/clearpath_ws/install/clearpath_platform_msgs/include/clearpath_platform_msgs/clearpath_platform_msgs/msg/detail/status__functions.h
-- Symlinking: /home/robolab/clearpath_ws/install/clearpath_platform_msgs/include/clearpath_platform_msgs/clearpath_platform_msgs/msg/detail/status__struct.h
-- Symlinking: /home/robolab/clearpath_ws/install/clearpath_platform_msgs/include/clearpath_platform_msgs/clearpath_platform_msgs/msg/detail/status__type_support.h
-- Symlinking: /home/robolab/clearpath_ws/install/clearpath_platform_msgs/include/clearpath_platform_msgs/clearpath_platform_msgs/msg/detail/stop_status__functions.h
-- Symlinking: /home/robolab/clearpath_ws/install/clearpath_platform_msgs/include/clearpath_platform_msgs/clearpath_platform_msgs/msg/detail/stop_status__struct.h
-- Symlinking: /home/robolab/clearpath_ws/install/clearpath_platform_msgs/include/clearpath_platform_msgs/clearpath_platform_msgs/msg/detail/stop_status__type_support.h
-- Symlinking: /home/robolab/clearpath_ws/install/clearpath_platform_msgs/include/clearpath_platform_msgs/clearpath_platform_msgs/msg/detail/temperature__functions.h
-- Symlinking: /home/robolab/clearpath_ws/install/clearpath_platform_msgs/include/clearpath_platform_msgs/clearpath_platform_msgs/msg/detail/temperature__struct.h
-- Symlinking: /home/robolab/clearpath_ws/install/clearpath_platform_msgs/include/clearpath_platform_msgs/clearpath_platform_msgs/msg/detail/temperature__type_support.h
-- Symlinking: /home/robolab/clearpath_ws/install/clearpath_platform_msgs/include/clearpath_platform_msgs/clearpath_platform_msgs/msg/display_status.h
-- Symlinking: /home/robolab/clearpath_ws/install/clearpath_platform_msgs/include/clearpath_platform_msgs/clearpath_platform_msgs/msg/drive.h
-- Symlinking: /home/robolab/clearpath_ws/install/clearpath_platform_msgs/include/clearpath_platform_msgs/clearpath_platform_msgs/msg/drive_feedback.h
-- Symlinking: /home/robolab/clearpath_ws/install/clearpath_platform_msgs/include/clearpath_platform_msgs/clearpath_platform_msgs/msg/fans.h
-- Symlinking: /home/robolab/clearpath_ws/install/clearpath_platform_msgs/include/clearpath_platform_msgs/clearpath_platform_msgs/msg/feedback.h
-- Symlinking: /home/robolab/clearpath_ws/install/clearpath_platform_msgs/include/clearpath_platform_msgs/clearpath_platform_msgs/msg/lights.h
-- Symlinking: /home/robolab/clearpath_ws/install/clearpath_platform_msgs/include/clearpath_platform_msgs/clearpath_platform_msgs/msg/pinout_command.h
-- Symlinking: /home/robolab/clearpath_ws/install/clearpath_platform_msgs/include/clearpath_platform_msgs/clearpath_platform_msgs/msg/pinout_state.h
-- Symlinking: /home/robolab/clearpath_ws/install/clearpath_platform_msgs/include/clearpath_platform_msgs/clearpath_platform_msgs/msg/power.h
-- Symlinking: /home/robolab/clearpath_ws/install/clearpath_platform_msgs/include/clearpath_platform_msgs/clearpath_platform_msgs/msg/rgb.h
-- Symlinking: /home/robolab/clearpath_ws/install/clearpath_platform_msgs/include/clearpath_platform_msgs/clearpath_platform_msgs/msg/rosidl_generator_c__visibility_control.h
-- Symlinking: /home/robolab/clearpath_ws/install/clearpath_platform_msgs/include/clearpath_platform_msgs/clearpath_platform_msgs/msg/status.h
-- Symlinking: /home/robolab/clearpath_ws/install/clearpath_platform_msgs/include/clearpath_platform_msgs/clearpath_platform_msgs/msg/stop_status.h
-- Symlinking: /home/robolab/clearpath_ws/install/clearpath_platform_msgs/include/clearpath_platform_msgs/clearpath_platform_msgs/msg/temperature.h
-- Symlinking: /home/robolab/clearpath_ws/install/clearpath_platform_msgs/include/clearpath_platform_msgs/clearpath_platform_msgs/srv/configure_mcu.h
-- Symlinking: /home/robolab/clearpath_ws/install/clearpath_platform_msgs/include/clearpath_platform_msgs/clearpath_platform_msgs/srv/detail/configure_mcu__functions.h
-- Symlinking: /home/robolab/clearpath_ws/install/clearpath_platform_msgs/include/clearpath_platform_msgs/clearpath_platform_msgs/srv/detail/configure_mcu__struct.h
-- Symlinking: /home/robolab/clearpath_ws/install/clearpath_platform_msgs/include/clearpath_platform_msgs/clearpath_platform_msgs/srv/detail/configure_mcu__type_support.h
-- Symlinking: /home/robolab/clearpath_ws/install/clearpath_platform_msgs/include/clearpath_platform_msgs/clearpath_platform_msgs/srv/detail/set_pinout__functions.h
-- Symlinking: /home/robolab/clearpath_ws/install/clearpath_platform_msgs/include/clearpath_platform_msgs/clearpath_platform_msgs/srv/detail/set_pinout__struct.h
-- Symlinking: /home/robolab/clearpath_ws/install/clearpath_platform_msgs/include/clearpath_platform_msgs/clearpath_platform_msgs/srv/detail/set_pinout__type_support.h
-- Symlinking: /home/robolab/clearpath_ws/install/clearpath_platform_msgs/include/clearpath_platform_msgs/clearpath_platform_msgs/srv/set_pinout.h
-- Symlinking: /home/robolab/clearpath_ws/install/clearpath_platform_msgs/share/clearpath_platform_msgs/environment/library_path.sh
-- Symlinking: /home/robolab/clearpath_ws/install/clearpath_platform_msgs/share/clearpath_platform_msgs/environment/library_path.dsv
-- Symlinking: /home/robolab/clearpath_ws/install/clearpath_platform_msgs/include/clearpath_platform_msgs/clearpath_platform_msgs/msg/detail/display_status__rosidl_typesupport_fastrtps_c.h
-- Symlinking: /home/robolab/clearpath_ws/install/clearpath_platform_msgs/include/clearpath_platform_msgs/clearpath_platform_msgs/msg/detail/drive__rosidl_typesupport_fastrtps_c.h
-- Symlinking: /home/robolab/clearpath_ws/install/clearpath_platform_msgs/include/clearpath_platform_msgs/clearpath_platform_msgs/msg/detail/drive_feedback__rosidl_typesupport_fastrtps_c.h
-- Symlinking: /home/robolab/clearpath_ws/install/clearpath_platform_msgs/include/clearpath_platform_msgs/clearpath_platform_msgs/msg/detail/fans__rosidl_typesupport_fastrtps_c.h
-- Symlinking: /home/robolab/clearpath_ws/install/clearpath_platform_msgs/include/clearpath_platform_msgs/clearpath_platform_msgs/msg/detail/feedback__rosidl_typesupport_fastrtps_c.h
-- Symlinking: /home/robolab/clearpath_ws/install/clearpath_platform_msgs/include/clearpath_platform_msgs/clearpath_platform_msgs/msg/detail/lights__rosidl_typesupport_fastrtps_c.h
-- Symlinking: /home/robolab/clearpath_ws/install/clearpath_platform_msgs/include/clearpath_platform_msgs/clearpath_platform_msgs/msg/detail/pinout_command__rosidl_typesupport_fastrtps_c.h
-- Symlinking: /home/robolab/clearpath_ws/install/clearpath_platform_msgs/include/clearpath_platform_msgs/clearpath_platform_msgs/msg/detail/pinout_state__rosidl_typesupport_fastrtps_c.h
-- Symlinking: /home/robolab/clearpath_ws/install/clearpath_platform_msgs/include/clearpath_platform_msgs/clearpath_platform_msgs/msg/detail/power__rosidl_typesupport_fastrtps_c.h
-- Symlinking: /home/robolab/clearpath_ws/install/clearpath_platform_msgs/include/clearpath_platform_msgs/clearpath_platform_msgs/msg/detail/rgb__rosidl_typesupport_fastrtps_c.h
-- Symlinking: /home/robolab/clearpath_ws/install/clearpath_platform_msgs/include/clearpath_platform_msgs/clearpath_platform_msgs/msg/detail/status__rosidl_typesupport_fastrtps_c.h
-- Symlinking: /home/robolab/clearpath_ws/install/clearpath_platform_msgs/include/clearpath_platform_msgs/clearpath_platform_msgs/msg/detail/stop_status__rosidl_typesupport_fastrtps_c.h
-- Symlinking: /home/robolab/clearpath_ws/install/clearpath_platform_msgs/include/clearpath_platform_msgs/clearpath_platform_msgs/msg/detail/temperature__rosidl_typesupport_fastrtps_c.h
-- Symlinking: /home/robolab/clearpath_ws/install/clearpath_platform_msgs/include/clearpath_platform_msgs/clearpath_platform_msgs/msg/rosidl_typesupport_fastrtps_c__visibility_control.h
-- Symlinking: /home/robolab/clearpath_ws/install/clearpath_platform_msgs/include/clearpath_platform_msgs/clearpath_platform_msgs/srv/detail/configure_mcu__rosidl_typesupport_fastrtps_c.h
-- Symlinking: /home/robolab/clearpath_ws/install/clearpath_platform_msgs/include/clearpath_platform_msgs/clearpath_platform_msgs/srv/detail/set_pinout__rosidl_typesupport_fastrtps_c.h
-- Symlinking: /home/robolab/clearpath_ws/install/clearpath_platform_msgs/include/clearpath_platform_msgs/clearpath_platform_msgs/msg/detail/display_status__builder.hpp
-- Symlinking: /home/robolab/clearpath_ws/install/clearpath_platform_msgs/include/clearpath_platform_msgs/clearpath_platform_msgs/msg/detail/display_status__struct.hpp
-- Symlinking: /home/robolab/clearpath_ws/install/clearpath_platform_msgs/include/clearpath_platform_msgs/clearpath_platform_msgs/msg/detail/display_status__traits.hpp
-- Symlinking: /home/robolab/clearpath_ws/install/clearpath_platform_msgs/include/clearpath_platform_msgs/clearpath_platform_msgs/msg/detail/display_status__type_support.hpp
-- Symlinking: /home/robolab/clearpath_ws/install/clearpath_platform_msgs/include/clearpath_platform_msgs/clearpath_platform_msgs/msg/detail/drive__builder.hpp
-- Symlinking: /home/robolab/clearpath_ws/install/clearpath_platform_msgs/include/clearpath_platform_msgs/clearpath_platform_msgs/msg/detail/drive__struct.hpp
-- Symlinking: /home/robolab/clearpath_ws/install/clearpath_platform_msgs/include/clearpath_platform_msgs/clearpath_platform_msgs/msg/detail/drive__traits.hpp
-- Symlinking: /home/robolab/clearpath_ws/install/clearpath_platform_msgs/include/clearpath_platform_msgs/clearpath_platform_msgs/msg/detail/drive__type_support.hpp
-- Symlinking: /home/robolab/clearpath_ws/install/clearpath_platform_msgs/include/clearpath_platform_msgs/clearpath_platform_msgs/msg/detail/drive_feedback__builder.hpp
-- Symlinking: /home/robolab/clearpath_ws/install/clearpath_platform_msgs/include/clearpath_platform_msgs/clearpath_platform_msgs/msg/detail/drive_feedback__struct.hpp
-- Symlinking: /home/robolab/clearpath_ws/install/clearpath_platform_msgs/include/clearpath_platform_msgs/clearpath_platform_msgs/msg/detail/drive_feedback__traits.hpp
-- Symlinking: /home/robolab/clearpath_ws/install/clearpath_platform_msgs/include/clearpath_platform_msgs/clearpath_platform_msgs/msg/detail/drive_feedback__type_support.hpp
-- Symlinking: /home/robolab/clearpath_ws/install/clearpath_platform_msgs/include/clearpath_platform_msgs/clearpath_platform_msgs/msg/detail/fans__builder.hpp
-- Symlinking: /home/robolab/clearpath_ws/install/clearpath_platform_msgs/include/clearpath_platform_msgs/clearpath_platform_msgs/msg/detail/fans__struct.hpp
-- Symlinking: /home/robolab/clearpath_ws/install/clearpath_platform_msgs/include/clearpath_platform_msgs/clearpath_platform_msgs/msg/detail/fans__traits.hpp
-- Symlinking: /home/robolab/clearpath_ws/install/clearpath_platform_msgs/include/clearpath_platform_msgs/clearpath_platform_msgs/msg/detail/fans__type_support.hpp
-- Symlinking: /home/robolab/clearpath_ws/install/clearpath_platform_msgs/include/clearpath_platform_msgs/clearpath_platform_msgs/msg/detail/feedback__builder.hpp
-- Symlinking: /home/robolab/clearpath_ws/install/clearpath_platform_msgs/include/clearpath_platform_msgs/clearpath_platform_msgs/msg/detail/feedback__struct.hpp
-- Symlinking: /home/robolab/clearpath_ws/install/clearpath_platform_msgs/include/clearpath_platform_msgs/clearpath_platform_msgs/msg/detail/feedback__traits.hpp
-- Symlinking: /home/robolab/clearpath_ws/install/clearpath_platform_msgs/include/clearpath_platform_msgs/clearpath_platform_msgs/msg/detail/feedback__type_support.hpp
-- Symlinking: /home/robolab/clearpath_ws/install/clearpath_platform_msgs/include/clearpath_platform_msgs/clearpath_platform_msgs/msg/detail/lights__builder.hpp
-- Symlinking: /home/robolab/clearpath_ws/install/clearpath_platform_msgs/include/clearpath_platform_msgs/clearpath_platform_msgs/msg/detail/lights__struct.hpp
-- Symlinking: /home/robolab/clearpath_ws/install/clearpath_platform_msgs/include/clearpath_platform_msgs/clearpath_platform_msgs/msg/detail/lights__traits.hpp
-- Symlinking: /home/robolab/clearpath_ws/install/clearpath_platform_msgs/include/clearpath_platform_msgs/clearpath_platform_msgs/msg/detail/lights__type_support.hpp
-- Symlinking: /home/robolab/clearpath_ws/install/clearpath_platform_msgs/include/clearpath_platform_msgs/clearpath_platform_msgs/msg/detail/pinout_command__builder.hpp
-- Symlinking: /home/robolab/clearpath_ws/install/clearpath_platform_msgs/include/clearpath_platform_msgs/clearpath_platform_msgs/msg/detail/pinout_command__struct.hpp
-- Symlinking: /home/robolab/clearpath_ws/install/clearpath_platform_msgs/include/clearpath_platform_msgs/clearpath_platform_msgs/msg/detail/pinout_command__traits.hpp
-- Symlinking: /home/robolab/clearpath_ws/install/clearpath_platform_msgs/include/clearpath_platform_msgs/clearpath_platform_msgs/msg/detail/pinout_command__type_support.hpp
-- Symlinking: /home/robolab/clearpath_ws/install/clearpath_platform_msgs/include/clearpath_platform_msgs/clearpath_platform_msgs/msg/detail/pinout_state__builder.hpp
-- Symlinking: /home/robolab/clearpath_ws/install/clearpath_platform_msgs/include/clearpath_platform_msgs/clearpath_platform_msgs/msg/detail/pinout_state__struct.hpp
-- Symlinking: /home/robolab/clearpath_ws/install/clearpath_platform_msgs/include/clearpath_platform_msgs/clearpath_platform_msgs/msg/detail/pinout_state__traits.hpp
-- Symlinking: /home/robolab/clearpath_ws/install/clearpath_platform_msgs/include/clearpath_platform_msgs/clearpath_platform_msgs/msg/detail/pinout_state__type_support.hpp
-- Symlinking: /home/robolab/clearpath_ws/install/clearpath_platform_msgs/include/clearpath_platform_msgs/clearpath_platform_msgs/msg/detail/power__builder.hpp
-- Symlinking: /home/robolab/clearpath_ws/install/clearpath_platform_msgs/include/clearpath_platform_msgs/clearpath_platform_msgs/msg/detail/power__struct.hpp
-- Symlinking: /home/robolab/clearpath_ws/install/clearpath_platform_msgs/include/clearpath_platform_msgs/clearpath_platform_msgs/msg/detail/power__traits.hpp
-- Symlinking: /home/robolab/clearpath_ws/install/clearpath_platform_msgs/include/clearpath_platform_msgs/clearpath_platform_msgs/msg/detail/power__type_support.hpp
-- Symlinking: /home/robolab/clearpath_ws/install/clearpath_platform_msgs/include/clearpath_platform_msgs/clearpath_platform_msgs/msg/detail/rgb__builder.hpp
-- Symlinking: /home/robolab/clearpath_ws/install/clearpath_platform_msgs/include/clearpath_platform_msgs/clearpath_platform_msgs/msg/detail/rgb__struct.hpp
-- Symlinking: /home/robolab/clearpath_ws/install/clearpath_platform_msgs/include/clearpath_platform_msgs/clearpath_platform_msgs/msg/detail/rgb__traits.hpp
-- Symlinking: /home/robolab/clearpath_ws/install/clearpath_platform_msgs/include/clearpath_platform_msgs/clearpath_platform_msgs/msg/detail/rgb__type_support.hpp
-- Symlinking: /home/robolab/clearpath_ws/install/clearpath_platform_msgs/include/clearpath_platform_msgs/clearpath_platform_msgs/msg/detail/status__builder.hpp
-- Symlinking: /home/robolab/clearpath_ws/install/clearpath_platform_msgs/include/clearpath_platform_msgs/clearpath_platform_msgs/msg/detail/status__struct.hpp
-- Symlinking: /home/robolab/clearpath_ws/install/clearpath_platform_msgs/include/clearpath_platform_msgs/clearpath_platform_msgs/msg/detail/status__traits.hpp
-- Symlinking: /home/robolab/clearpath_ws/install/clearpath_platform_msgs/include/clearpath_platform_msgs/clearpath_platform_msgs/msg/detail/status__type_support.hpp
-- Symlinking: /home/robolab/clearpath_ws/install/clearpath_platform_msgs/include/clearpath_platform_msgs/clearpath_platform_msgs/msg/detail/stop_status__builder.hpp
-- Symlinking: /home/robolab/clearpath_ws/install/clearpath_platform_msgs/include/clearpath_platform_msgs/clearpath_platform_msgs/msg/detail/stop_status__struct.hpp
-- Symlinking: /home/robolab/clearpath_ws/install/clearpath_platform_msgs/include/clearpath_platform_msgs/clearpath_platform_msgs/msg/detail/stop_status__traits.hpp
-- Symlinking: /home/robolab/clearpath_ws/install/clearpath_platform_msgs/include/clearpath_platform_msgs/clearpath_platform_msgs/msg/detail/stop_status__type_support.hpp
-- Symlinking: /home/robolab/clearpath_ws/install/clearpath_platform_msgs/include/clearpath_platform_msgs/clearpath_platform_msgs/msg/detail/temperature__builder.hpp
-- Symlinking: /home/robolab/clearpath_ws/install/clearpath_platform_msgs/include/clearpath_platform_msgs/clearpath_platform_msgs/msg/detail/temperature__struct.hpp
-- Symlinking: /home/robolab/clearpath_ws/install/clearpath_platform_msgs/include/clearpath_platform_msgs/clearpath_platform_msgs/msg/detail/temperature__traits.hpp
-- Symlinking: /home/robolab/clearpath_ws/install/clearpath_platform_msgs/include/clearpath_platform_msgs/clearpath_platform_msgs/msg/detail/temperature__type_support.hpp
-- Symlinking: /home/robolab/clearpath_ws/install/clearpath_platform_msgs/include/clearpath_platform_msgs/clearpath_platform_msgs/msg/display_status.hpp
-- Symlinking: /home/robolab/clearpath_ws/install/clearpath_platform_msgs/include/clearpath_platform_msgs/clearpath_platform_msgs/msg/drive.hpp
-- Symlinking: /home/robolab/clearpath_ws/install/clearpath_platform_msgs/include/clearpath_platform_msgs/clearpath_platform_msgs/msg/drive_feedback.hpp
-- Symlinking: /home/robolab/clearpath_ws/install/clearpath_platform_msgs/include/clearpath_platform_msgs/clearpath_platform_msgs/msg/fans.hpp
-- Symlinking: /home/robolab/clearpath_ws/install/clearpath_platform_msgs/include/clearpath_platform_msgs/clearpath_platform_msgs/msg/feedback.hpp
-- Symlinking: /home/robolab/clearpath_ws/install/clearpath_platform_msgs/include/clearpath_platform_msgs/clearpath_platform_msgs/msg/lights.hpp
-- Symlinking: /home/robolab/clearpath_ws/install/clearpath_platform_msgs/include/clearpath_platform_msgs/clearpath_platform_msgs/msg/pinout_command.hpp
-- Symlinking: /home/robolab/clearpath_ws/install/clearpath_platform_msgs/include/clearpath_platform_msgs/clearpath_platform_msgs/msg/pinout_state.hpp
-- Symlinking: /home/robolab/clearpath_ws/install/clearpath_platform_msgs/include/clearpath_platform_msgs/clearpath_platform_msgs/msg/power.hpp
-- Symlinking: /home/robolab/clearpath_ws/install/clearpath_platform_msgs/include/clearpath_platform_msgs/clearpath_platform_msgs/msg/rgb.hpp
-- Symlinking: /home/robolab/clearpath_ws/install/clearpath_platform_msgs/include/clearpath_platform_msgs/clearpath_platform_msgs/msg/rosidl_generator_cpp__visibility_control.hpp
-- Symlinking: /home/robolab/clearpath_ws/install/clearpath_platform_msgs/include/clearpath_platform_msgs/clearpath_platform_msgs/msg/status.hpp
-- Symlinking: /home/robolab/clearpath_ws/install/clearpath_platform_msgs/include/clearpath_platform_msgs/clearpath_platform_msgs/msg/stop_status.hpp
-- Symlinking: /home/robolab/clearpath_ws/install/clearpath_platform_msgs/include/clearpath_platform_msgs/clearpath_platform_msgs/msg/temperature.hpp
-- Symlinking: /home/robolab/clearpath_ws/install/clearpath_platform_msgs/include/clearpath_platform_msgs/clearpath_platform_msgs/srv/configure_mcu.hpp
-- Symlinking: /home/robolab/clearpath_ws/install/clearpath_platform_msgs/include/clearpath_platform_msgs/clearpath_platform_msgs/srv/detail/configure_mcu__builder.hpp
-- Symlinking: /home/robolab/clearpath_ws/install/clearpath_platform_msgs/include/clearpath_platform_msgs/clearpath_platform_msgs/srv/detail/configure_mcu__struct.hpp
-- Symlinking: /home/robolab/clearpath_ws/install/clearpath_platform_msgs/include/clearpath_platform_msgs/clearpath_platform_msgs/srv/detail/configure_mcu__traits.hpp
-- Symlinking: /home/robolab/clearpath_ws/install/clearpath_platform_msgs/include/clearpath_platform_msgs/clearpath_platform_msgs/srv/detail/configure_mcu__type_support.hpp
-- Symlinking: /home/robolab/clearpath_ws/install/clearpath_platform_msgs/include/clearpath_platform_msgs/clearpath_platform_msgs/srv/detail/set_pinout__builder.hpp
-- Symlinking: /home/robolab/clearpath_ws/install/clearpath_platform_msgs/include/clearpath_platform_msgs/clearpath_platform_msgs/srv/detail/set_pinout__struct.hpp
-- Symlinking: /home/robolab/clearpath_ws/install/clearpath_platform_msgs/include/clearpath_platform_msgs/clearpath_platform_msgs/srv/detail/set_pinout__traits.hpp
-- Symlinking: /home/robolab/clearpath_ws/install/clearpath_platform_msgs/include/clearpath_platform_msgs/clearpath_platform_msgs/srv/detail/set_pinout__type_support.hpp
-- Symlinking: /home/robolab/clearpath_ws/install/clearpath_platform_msgs/include/clearpath_platform_msgs/clearpath_platform_msgs/srv/set_pinout.hpp
-- Symlinking: /home/robolab/clearpath_ws/install/clearpath_platform_msgs/include/clearpath_platform_msgs/clearpath_platform_msgs/msg/detail/display_status__rosidl_typesupport_fastrtps_cpp.hpp
-- Symlinking: /home/robolab/clearpath_ws/install/clearpath_platform_msgs/include/clearpath_platform_msgs/clearpath_platform_msgs/msg/detail/drive__rosidl_typesupport_fastrtps_cpp.hpp
-- Symlinking: /home/robolab/clearpath_ws/install/clearpath_platform_msgs/include/clearpath_platform_msgs/clearpath_platform_msgs/msg/detail/drive_feedback__rosidl_typesupport_fastrtps_cpp.hpp
-- Symlinking: /home/robolab/clearpath_ws/install/clearpath_platform_msgs/include/clearpath_platform_msgs/clearpath_platform_msgs/msg/detail/fans__rosidl_typesupport_fastrtps_cpp.hpp
-- Symlinking: /home/robolab/clearpath_ws/install/clearpath_platform_msgs/include/clearpath_platform_msgs/clearpath_platform_msgs/msg/detail/feedback__rosidl_typesupport_fastrtps_cpp.hpp
-- Symlinking: /home/robolab/clearpath_ws/install/clearpath_platform_msgs/include/clearpath_platform_msgs/clearpath_platform_msgs/msg/detail/lights__rosidl_typesupport_fastrtps_cpp.hpp
-- Symlinking: /home/robolab/clearpath_ws/install/clearpath_platform_msgs/include/clearpath_platform_msgs/clearpath_platform_msgs/msg/detail/pinout_command__rosidl_typesupport_fastrtps_cpp.hpp
-- Symlinking: /home/robolab/clearpath_ws/install/clearpath_platform_msgs/include/clearpath_platform_msgs/clearpath_platform_msgs/msg/detail/pinout_state__rosidl_typesupport_fastrtps_cpp.hpp
-- Symlinking: /home/robolab/clearpath_ws/install/clearpath_platform_msgs/include/clearpath_platform_msgs/clearpath_platform_msgs/msg/detail/power__rosidl_typesupport_fastrtps_cpp.hpp
-- Symlinking: /home/robolab/clearpath_ws/install/clearpath_platform_msgs/include/clearpath_platform_msgs/clearpath_platform_msgs/msg/detail/rgb__rosidl_typesupport_fastrtps_cpp.hpp
-- Symlinking: /home/robolab/clearpath_ws/install/clearpath_platform_msgs/include/clearpath_platform_msgs/clearpath_platform_msgs/msg/detail/status__rosidl_typesupport_fastrtps_cpp.hpp
-- Symlinking: /home/robolab/clearpath_ws/install/clearpath_platform_msgs/include/clearpath_platform_msgs/clearpath_platform_msgs/msg/detail/stop_status__rosidl_typesupport_fastrtps_cpp.hpp
-- Symlinking: /home/robolab/clearpath_ws/install/clearpath_platform_msgs/include/clearpath_platform_msgs/clearpath_platform_msgs/msg/detail/temperature__rosidl_typesupport_fastrtps_cpp.hpp
-- Symlinking: /home/robolab/clearpath_ws/install/clearpath_platform_msgs/include/clearpath_platform_msgs/clearpath_platform_msgs/msg/rosidl_typesupport_fastrtps_cpp__visibility_control.h
-- Symlinking: /home/robolab/clearpath_ws/install/clearpath_platform_msgs/include/clearpath_platform_msgs/clearpath_platform_msgs/srv/detail/configure_mcu__rosidl_typesupport_fastrtps_cpp.hpp
-- Symlinking: /home/robolab/clearpath_ws/install/clearpath_platform_msgs/include/clearpath_platform_msgs/clearpath_platform_msgs/srv/detail/set_pinout__rosidl_typesupport_fastrtps_cpp.hpp
-- Symlinking: /home/robolab/clearpath_ws/install/clearpath_platform_msgs/include/clearpath_platform_msgs/clearpath_platform_msgs/msg/detail/display_status__rosidl_typesupport_introspection_c.h
-- Symlinking: /home/robolab/clearpath_ws/install/clearpath_platform_msgs/include/clearpath_platform_msgs/clearpath_platform_msgs/msg/detail/drive__rosidl_typesupport_introspection_c.h
-- Symlinking: /home/robolab/clearpath_ws/install/clearpath_platform_msgs/include/clearpath_platform_msgs/clearpath_platform_msgs/msg/detail/drive_feedback__rosidl_typesupport_introspection_c.h
-- Symlinking: /home/robolab/clearpath_ws/install/clearpath_platform_msgs/include/clearpath_platform_msgs/clearpath_platform_msgs/msg/detail/fans__rosidl_typesupport_introspection_c.h
-- Symlinking: /home/robolab/clearpath_ws/install/clearpath_platform_msgs/include/clearpath_platform_msgs/clearpath_platform_msgs/msg/detail/feedback__rosidl_typesupport_introspection_c.h
-- Symlinking: /home/robolab/clearpath_ws/install/clearpath_platform_msgs/include/clearpath_platform_msgs/clearpath_platform_msgs/msg/detail/lights__rosidl_typesupport_introspection_c.h
-- Symlinking: /home/robolab/clearpath_ws/install/clearpath_platform_msgs/include/clearpath_platform_msgs/clearpath_platform_msgs/msg/detail/pinout_command__rosidl_typesupport_introspection_c.h
-- Symlinking: /home/robolab/clearpath_ws/install/clearpath_platform_msgs/include/clearpath_platform_msgs/clearpath_platform_msgs/msg/detail/pinout_state__rosidl_typesupport_introspection_c.h
-- Symlinking: /home/robolab/clearpath_ws/install/clearpath_platform_msgs/include/clearpath_platform_msgs/clearpath_platform_msgs/msg/detail/power__rosidl_typesupport_introspection_c.h
-- Symlinking: /home/robolab/clearpath_ws/install/clearpath_platform_msgs/include/clearpath_platform_msgs/clearpath_platform_msgs/msg/detail/rgb__rosidl_typesupport_introspection_c.h
-- Symlinking: /home/robolab/clearpath_ws/install/clearpath_platform_msgs/include/clearpath_platform_msgs/clearpath_platform_msgs/msg/detail/status__rosidl_typesupport_introspection_c.h
-- Symlinking: /home/robolab/clearpath_ws/install/clearpath_platform_msgs/include/clearpath_platform_msgs/clearpath_platform_msgs/msg/detail/stop_status__rosidl_typesupport_introspection_c.h
-- Symlinking: /home/robolab/clearpath_ws/install/clearpath_platform_msgs/include/clearpath_platform_msgs/clearpath_platform_msgs/msg/detail/temperature__rosidl_typesupport_introspection_c.h
-- Symlinking: /home/robolab/clearpath_ws/install/clearpath_platform_msgs/include/clearpath_platform_msgs/clearpath_platform_msgs/msg/rosidl_typesupport_introspection_c__visibility_control.h
-- Symlinking: /home/robolab/clearpath_ws/install/clearpath_platform_msgs/include/clearpath_platform_msgs/clearpath_platform_msgs/srv/detail/configure_mcu__rosidl_typesupport_introspection_c.h
-- Symlinking: /home/robolab/clearpath_ws/install/clearpath_platform_msgs/include/clearpath_platform_msgs/clearpath_platform_msgs/srv/detail/set_pinout__rosidl_typesupport_introspection_c.h
-- Symlinking: /home/robolab/clearpath_ws/install/clearpath_platform_msgs/include/clearpath_platform_msgs/clearpath_platform_msgs/msg/detail/display_status__rosidl_typesupport_introspection_cpp.hpp
-- Symlinking: /home/robolab/clearpath_ws/install/clearpath_platform_msgs/include/clearpath_platform_msgs/clearpath_platform_msgs/msg/detail/drive__rosidl_typesupport_introspection_cpp.hpp
-- Symlinking: /home/robolab/clearpath_ws/install/clearpath_platform_msgs/include/clearpath_platform_msgs/clearpath_platform_msgs/msg/detail/drive_feedback__rosidl_typesupport_introspection_cpp.hpp
-- Symlinking: /home/robolab/clearpath_ws/install/clearpath_platform_msgs/include/clearpath_platform_msgs/clearpath_platform_msgs/msg/detail/fans__rosidl_typesupport_introspection_cpp.hpp
-- Symlinking: /home/robolab/clearpath_ws/install/clearpath_platform_msgs/include/clearpath_platform_msgs/clearpath_platform_msgs/msg/detail/feedback__rosidl_typesupport_introspection_cpp.hpp
-- Symlinking: /home/robolab/clearpath_ws/install/clearpath_platform_msgs/include/clearpath_platform_msgs/clearpath_platform_msgs/msg/detail/lights__rosidl_typesupport_introspection_cpp.hpp
-- Symlinking: /home/robolab/clearpath_ws/install/clearpath_platform_msgs/include/clearpath_platform_msgs/clearpath_platform_msgs/msg/detail/pinout_command__rosidl_typesupport_introspection_cpp.hpp
-- Symlinking: /home/robolab/clearpath_ws/install/clearpath_platform_msgs/include/clearpath_platform_msgs/clearpath_platform_msgs/msg/detail/pinout_state__rosidl_typesupport_introspection_cpp.hpp
-- Symlinking: /home/robolab/clearpath_ws/install/clearpath_platform_msgs/include/clearpath_platform_msgs/clearpath_platform_msgs/msg/detail/power__rosidl_typesupport_introspection_cpp.hpp
-- Symlinking: /home/robolab/clearpath_ws/install/clearpath_platform_msgs/include/clearpath_platform_msgs/clearpath_platform_msgs/msg/detail/rgb__rosidl_typesupport_introspection_cpp.hpp
-- Symlinking: /home/robolab/clearpath_ws/install/clearpath_platform_msgs/include/clearpath_platform_msgs/clearpath_platform_msgs/msg/detail/status__rosidl_typesupport_introspection_cpp.hpp
-- Symlinking: /home/robolab/clearpath_ws/install/clearpath_platform_msgs/include/clearpath_platform_msgs/clearpath_platform_msgs/msg/detail/stop_status__rosidl_typesupport_introspection_cpp.hpp
-- Symlinking: /home/robolab/clearpath_ws/install/clearpath_platform_msgs/include/clearpath_platform_msgs/clearpath_platform_msgs/msg/detail/temperature__rosidl_typesupport_introspection_cpp.hpp
-- Symlinking: /home/robolab/clearpath_ws/install/clearpath_platform_msgs/include/clearpath_platform_msgs/clearpath_platform_msgs/srv/detail/configure_mcu__rosidl_typesupport_introspection_cpp.hpp
-- Symlinking: /home/robolab/clearpath_ws/install/clearpath_platform_msgs/include/clearpath_platform_msgs/clearpath_platform_msgs/srv/detail/set_pinout__rosidl_typesupport_introspection_cpp.hpp
-- Symlinking: /home/robolab/clearpath_ws/install/clearpath_platform_msgs/share/clearpath_platform_msgs/environment/pythonpath.sh
-- Symlinking: /home/robolab/clearpath_ws/install/clearpath_platform_msgs/share/clearpath_platform_msgs/environment/pythonpath.dsv
-- Symlinking: /home/robolab/clearpath_ws/install/clearpath_platform_msgs/lib/python3.12/site-packages/clearpath_platform_msgs-2.7.0-py3.12.egg-info/PKG-INFO
-- Symlinking: /home/robolab/clearpath_ws/install/clearpath_platform_msgs/lib/python3.12/site-packages/clearpath_platform_msgs-2.7.0-py3.12.egg-info/SOURCES.txt
-- Symlinking: /home/robolab/clearpath_ws/install/clearpath_platform_msgs/lib/python3.12/site-packages/clearpath_platform_msgs-2.7.0-py3.12.egg-info/dependency_links.txt
-- Symlinking: /home/robolab/clearpath_ws/install/clearpath_platform_msgs/lib/python3.12/site-packages/clearpath_platform_msgs-2.7.0-py3.12.egg-info/top_level.txt
-- Symlinking: /home/robolab/clearpath_ws/install/clearpath_platform_msgs/lib/python3.12/site-packages/clearpath_platform_msgs/__init__.py
-- Symlinking: /home/robolab/clearpath_ws/install/clearpath_platform_msgs/lib/python3.12/site-packages/clearpath_platform_msgs/_clearpath_platform_msgs_s.ep.rosidl_typesupport_c.c
-- Symlinking: /home/robolab/clearpath_ws/install/clearpath_platform_msgs/lib/python3.12/site-packages/clearpath_platform_msgs/_clearpath_platform_msgs_s.ep.rosidl_typesupport_fastrtps_c.c
-- Symlinking: /home/robolab/clearpath_ws/install/clearpath_platform_msgs/lib/python3.12/site-packages/clearpath_platform_msgs/_clearpath_platform_msgs_s.ep.rosidl_typesupport_introspection_c.c
-- Symlinking: /home/robolab/clearpath_ws/install/clearpath_platform_msgs/lib/python3.12/site-packages/clearpath_platform_msgs/clearpath_platform_msgs_s__rosidl_typesupport_c.so
-- Symlinking: /home/robolab/clearpath_ws/install/clearpath_platform_msgs/lib/python3.12/site-packages/clearpath_platform_msgs/clearpath_platform_msgs_s__rosidl_typesupport_fastrtps_c.so
-- Symlinking: /home/robolab/clearpath_ws/install/clearpath_platform_msgs/lib/python3.12/site-packages/clearpath_platform_msgs/clearpath_platform_msgs_s__rosidl_typesupport_introspection_c.so
-- Symlinking: /home/robolab/clearpath_ws/install/clearpath_platform_msgs/lib/python3.12/site-packages/clearpath_platform_msgs/msg/__init__.py
-- Symlinking: /home/robolab/clearpath_ws/install/clearpath_platform_msgs/lib/python3.12/site-packages/clearpath_platform_msgs/msg/_display_status.py
-- Symlinking: /home/robolab/clearpath_ws/install/clearpath_platform_msgs/lib/python3.12/site-packages/clearpath_platform_msgs/msg/_display_status_s.c
-- Symlinking: /home/robolab/clearpath_ws/install/clearpath_platform_msgs/lib/python3.12/site-packages/clearpath_platform_msgs/msg/_drive.py
-- Symlinking: /home/robolab/clearpath_ws/install/clearpath_platform_msgs/lib/python3.12/site-packages/clearpath_platform_msgs/msg/_drive_feedback.py
-- Symlinking: /home/robolab/clearpath_ws/install/clearpath_platform_msgs/lib/python3.12/site-packages/clearpath_platform_msgs/msg/_drive_feedback_s.c
-- Symlinking: /home/robolab/clearpath_ws/install/clearpath_platform_msgs/lib/python3.12/site-packages/clearpath_platform_msgs/msg/_drive_s.c
-- Symlinking: /home/robolab/clearpath_ws/install/clearpath_platform_msgs/lib/python3.12/site-packages/clearpath_platform_msgs/msg/_fans.py
-- Symlinking: /home/robolab/clearpath_ws/install/clearpath_platform_msgs/lib/python3.12/site-packages/clearpath_platform_msgs/msg/_fans_s.c
-- Symlinking: /home/robolab/clearpath_ws/install/clearpath_platform_msgs/lib/python3.12/site-packages/clearpath_platform_msgs/msg/_feedback.py
-- Symlinking: /home/robolab/clearpath_ws/install/clearpath_platform_msgs/lib/python3.12/site-packages/clearpath_platform_msgs/msg/_feedback_s.c
-- Symlinking: /home/robolab/clearpath_ws/install/clearpath_platform_msgs/lib/python3.12/site-packages/clearpath_platform_msgs/msg/_lights.py
-- Symlinking: /home/robolab/clearpath_ws/install/clearpath_platform_msgs/lib/python3.12/site-packages/clearpath_platform_msgs/msg/_lights_s.c
-- Symlinking: /home/robolab/clearpath_ws/install/clearpath_platform_msgs/lib/python3.12/site-packages/clearpath_platform_msgs/msg/_pinout_command.py
-- Symlinking: /home/robolab/clearpath_ws/install/clearpath_platform_msgs/lib/python3.12/site-packages/clearpath_platform_msgs/msg/_pinout_command_s.c
-- Symlinking: /home/robolab/clearpath_ws/install/clearpath_platform_msgs/lib/python3.12/site-packages/clearpath_platform_msgs/msg/_pinout_state.py
-- Symlinking: /home/robolab/clearpath_ws/install/clearpath_platform_msgs/lib/python3.12/site-packages/clearpath_platform_msgs/msg/_pinout_state_s.c
-- Symlinking: /home/robolab/clearpath_ws/install/clearpath_platform_msgs/lib/python3.12/site-packages/clearpath_platform_msgs/msg/_power.py
-- Symlinking: /home/robolab/clearpath_ws/install/clearpath_platform_msgs/lib/python3.12/site-packages/clearpath_platform_msgs/msg/_power_s.c
-- Symlinking: /home/robolab/clearpath_ws/install/clearpath_platform_msgs/lib/python3.12/site-packages/clearpath_platform_msgs/msg/_rgb.py
-- Symlinking: /home/robolab/clearpath_ws/install/clearpath_platform_msgs/lib/python3.12/site-packages/clearpath_platform_msgs/msg/_rgb_s.c
-- Symlinking: /home/robolab/clearpath_ws/install/clearpath_platform_msgs/lib/python3.12/site-packages/clearpath_platform_msgs/msg/_status.py
-- Symlinking: /home/robolab/clearpath_ws/install/clearpath_platform_msgs/lib/python3.12/site-packages/clearpath_platform_msgs/msg/_status_s.c
-- Symlinking: /home/robolab/clearpath_ws/install/clearpath_platform_msgs/lib/python3.12/site-packages/clearpath_platform_msgs/msg/_stop_status.py
-- Symlinking: /home/robolab/clearpath_ws/install/clearpath_platform_msgs/lib/python3.12/site-packages/clearpath_platform_msgs/msg/_stop_status_s.c
-- Symlinking: /home/robolab/clearpath_ws/install/clearpath_platform_msgs/lib/python3.12/site-packages/clearpath_platform_msgs/msg/_temperature.py
-- Symlinking: /home/robolab/clearpath_ws/install/clearpath_platform_msgs/lib/python3.12/site-packages/clearpath_platform_msgs/msg/_temperature_s.c
-- Symlinking: /home/robolab/clearpath_ws/install/clearpath_platform_msgs/lib/python3.12/site-packages/clearpath_platform_msgs/srv/__init__.py
-- Symlinking: /home/robolab/clearpath_ws/install/clearpath_platform_msgs/lib/python3.12/site-packages/clearpath_platform_msgs/srv/_configure_mcu.py
-- Symlinking: /home/robolab/clearpath_ws/install/clearpath_platform_msgs/lib/python3.12/site-packages/clearpath_platform_msgs/srv/_configure_mcu_s.c
-- Symlinking: /home/robolab/clearpath_ws/install/clearpath_platform_msgs/lib/python3.12/site-packages/clearpath_platform_msgs/srv/_set_pinout.py
-- Symlinking: /home/robolab/clearpath_ws/install/clearpath_platform_msgs/lib/python3.12/site-packages/clearpath_platform_msgs/srv/_set_pinout_s.c
-- Up-to-date symlink: /home/robolab/clearpath_ws/install/clearpath_platform_msgs/lib/python3.12/site-packages/clearpath_platform_msgs/clearpath_platform_msgs_s__rosidl_typesupport_fastrtps_c.so
-- Up-to-date symlink: /home/robolab/clearpath_ws/install/clearpath_platform_msgs/lib/python3.12/site-packages/clearpath_platform_msgs/clearpath_platform_msgs_s__rosidl_typesupport_introspection_c.so
-- Up-to-date symlink: /home/robolab/clearpath_ws/install/clearpath_platform_msgs/lib/python3.12/site-packages/clearpath_platform_msgs/clearpath_platform_msgs_s__rosidl_typesupport_c.so
-- Symlinking: /home/robolab/clearpath_ws/install/clearpath_platform_msgs/share/clearpath_platform_msgs/msg/DisplayStatus.idl
-- Symlinking: /home/robolab/clearpath_ws/install/clearpath_platform_msgs/share/clearpath_platform_msgs/msg/Drive.idl
-- Symlinking: /home/robolab/clearpath_ws/install/clearpath_platform_msgs/share/clearpath_platform_msgs/msg/DriveFeedback.idl
-- Symlinking: /home/robolab/clearpath_ws/install/clearpath_platform_msgs/share/clearpath_platform_msgs/msg/Fans.idl
-- Symlinking: /home/robolab/clearpath_ws/install/clearpath_platform_msgs/share/clearpath_platform_msgs/msg/Feedback.idl
-- Symlinking: /home/robolab/clearpath_ws/install/clearpath_platform_msgs/share/clearpath_platform_msgs/msg/Lights.idl
-- Symlinking: /home/robolab/clearpath_ws/install/clearpath_platform_msgs/share/clearpath_platform_msgs/msg/PinoutCommand.idl
-- Symlinking: /home/robolab/clearpath_ws/install/clearpath_platform_msgs/share/clearpath_platform_msgs/msg/PinoutState.idl
-- Symlinking: /home/robolab/clearpath_ws/install/clearpath_platform_msgs/share/clearpath_platform_msgs/msg/Power.idl
-- Symlinking: /home/robolab/clearpath_ws/install/clearpath_platform_msgs/share/clearpath_platform_msgs/msg/RGB.idl
-- Symlinking: /home/robolab/clearpath_ws/install/clearpath_platform_msgs/share/clearpath_platform_msgs/msg/Status.idl
-- Symlinking: /home/robolab/clearpath_ws/install/clearpath_platform_msgs/share/clearpath_platform_msgs/msg/StopStatus.idl
-- Symlinking: /home/robolab/clearpath_ws/install/clearpath_platform_msgs/share/clearpath_platform_msgs/msg/Temperature.idl
-- Symlinking: /home/robolab/clearpath_ws/install/clearpath_platform_msgs/share/clearpath_platform_msgs/srv/ConfigureMcu.idl
-- Symlinking: /home/robolab/clearpath_ws/install/clearpath_platform_msgs/share/clearpath_platform_msgs/srv/SetPinout.idl
-- Symlinking: /home/robolab/clearpath_ws/install/clearpath_platform_msgs/share/clearpath_platform_msgs/msg/DisplayStatus.msg
-- Symlinking: /home/robolab/clearpath_ws/install/clearpath_platform_msgs/share/clearpath_platform_msgs/msg/Drive.msg
-- Symlinking: /home/robolab/clearpath_ws/install/clearpath_platform_msgs/share/clearpath_platform_msgs/msg/DriveFeedback.msg
-- Symlinking: /home/robolab/clearpath_ws/install/clearpath_platform_msgs/share/clearpath_platform_msgs/msg/Fans.msg
-- Symlinking: /home/robolab/clearpath_ws/install/clearpath_platform_msgs/share/clearpath_platform_msgs/msg/Feedback.msg
-- Symlinking: /home/robolab/clearpath_ws/install/clearpath_platform_msgs/share/clearpath_platform_msgs/msg/Lights.msg
-- Symlinking: /home/robolab/clearpath_ws/install/clearpath_platform_msgs/share/clearpath_platform_msgs/msg/PinoutCommand.msg
-- Symlinking: /home/robolab/clearpath_ws/install/clearpath_platform_msgs/share/clearpath_platform_msgs/msg/PinoutState.msg
-- Symlinking: /home/robolab/clearpath_ws/install/clearpath_platform_msgs/share/clearpath_platform_msgs/msg/Power.msg
-- Symlinking: /home/robolab/clearpath_ws/install/clearpath_platform_msgs/share/clearpath_platform_msgs/msg/RGB.msg
-- Symlinking: /home/robolab/clearpath_ws/install/clearpath_platform_msgs/share/clearpath_platform_msgs/msg/Status.msg
-- Symlinking: /home/robolab/clearpath_ws/install/clearpath_platform_msgs/share/clearpath_platform_msgs/msg/StopStatus.msg
-- Symlinking: /home/robolab/clearpath_ws/install/clearpath_platform_msgs/share/clearpath_platform_msgs/msg/Temperature.msg
-- Symlinking: /home/robolab/clearpath_ws/install/clearpath_platform_msgs/share/clearpath_platform_msgs/srv/ConfigureMcu.srv
-- Symlinking: /home/robolab/clearpath_ws/install/clearpath_platform_msgs/share/clearpath_platform_msgs/srv/SetPinout.srv
-- Symlinking: /home/robolab/clearpath_ws/install/clearpath_platform_msgs/share/ament_index/resource_index/package_run_dependencies/clearpath_platform_msgs
-- Symlinking: /home/robolab/clearpath_ws/install/clearpath_platform_msgs/share/ament_index/resource_index/parent_prefix_path/clearpath_platform_msgs
-- Symlinking: /home/robolab/clearpath_ws/install/clearpath_platform_msgs/share/clearpath_platform_msgs/environment/ament_prefix_path.sh
-- Symlinking: /home/robolab/clearpath_ws/install/clearpath_platform_msgs/share/clearpath_platform_msgs/environment/ament_prefix_path.dsv
-- Symlinking: /home/robolab/clearpath_ws/install/clearpath_platform_msgs/share/clearpath_platform_msgs/environment/path.sh
-- Symlinking: /home/robolab/clearpath_ws/install/clearpath_platform_msgs/share/clearpath_platform_msgs/environment/path.dsv
-- Symlinking: /home/robolab/clearpath_ws/install/clearpath_platform_msgs/share/clearpath_platform_msgs/local_setup.bash
-- Symlinking: /home/robolab/clearpath_ws/install/clearpath_platform_msgs/share/clearpath_platform_msgs/local_setup.sh
-- Symlinking: /home/robolab/clearpath_ws/install/clearpath_platform_msgs/share/clearpath_platform_msgs/local_setup.zsh
-- Symlinking: /home/robolab/clearpath_ws/install/clearpath_platform_msgs/share/clearpath_platform_msgs/local_setup.dsv
-- Symlinking: /home/robolab/clearpath_ws/install/clearpath_platform_msgs/share/clearpath_platform_msgs/package.dsv
-- Symlinking: /home/robolab/clearpath_ws/install/clearpath_platform_msgs/share/ament_index/resource_index/packages/clearpath_platform_msgs
-- Symlinking: /home/robolab/clearpath_ws/install/clearpath_platform_msgs/share/clearpath_platform_msgs/cmake/rosidl_cmake-extras.cmake
-- Symlinking: /home/robolab/clearpath_ws/install/clearpath_platform_msgs/share/clearpath_platform_msgs/cmake/ament_cmake_export_dependencies-extras.cmake
-- Symlinking: /home/robolab/clearpath_ws/install/clearpath_platform_msgs/share/clearpath_platform_msgs/cmake/ament_cmake_export_include_directories-extras.cmake
-- Symlinking: /home/robolab/clearpath_ws/install/clearpath_platform_msgs/share/clearpath_platform_msgs/cmake/ament_cmake_export_libraries-extras.cmake
-- Symlinking: /home/robolab/clearpath_ws/install/clearpath_platform_msgs/share/clearpath_platform_msgs/cmake/ament_cmake_export_targets-extras.cmake
-- Symlinking: /home/robolab/clearpath_ws/install/clearpath_platform_msgs/share/clearpath_platform_msgs/cmake/rosidl_cmake_export_typesupport_targets-extras.cmake
-- Symlinking: /home/robolab/clearpath_ws/install/clearpath_platform_msgs/share/clearpath_platform_msgs/cmake/rosidl_cmake_export_typesupport_libraries-extras.cmake
-- Symlinking: /home/robolab/clearpath_ws/install/clearpath_platform_msgs/share/clearpath_platform_msgs/cmake/clearpath_platform_msgsConfig.cmake
-- Symlinking: /home/robolab/clearpath_ws/install/clearpath_platform_msgs/share/clearpath_platform_msgs/cmake/clearpath_platform_msgsConfig-version.cmake
-- Symlinking: /home/robolab/clearpath_ws/install/clearpath_platform_msgs/share/clearpath_platform_msgs/package.xml
-- Installing: /home/robolab/clearpath_ws/install/clearpath_platform_msgs/lib/libclearpath_platform_msgs__rosidl_generator_c.so
-- Set non-toolchain portion of runtime path of "/home/robolab/clearpath_ws/install/clearpath_platform_msgs/lib/libclearpath_platform_msgs__rosidl_generator_c.so" to ""
-- Installing: /home/robolab/clearpath_ws/install/clearpath_platform_msgs/lib/libclearpath_platform_msgs__rosidl_typesupport_fastrtps_c.so
-- Set non-toolchain portion of runtime path of "/home/robolab/clearpath_ws/install/clearpath_platform_msgs/lib/libclearpath_platform_msgs__rosidl_typesupport_fastrtps_c.so" to ""
-- Installing: /home/robolab/clearpath_ws/install/clearpath_platform_msgs/lib/libclearpath_platform_msgs__rosidl_typesupport_fastrtps_cpp.so
-- Set non-toolchain portion of runtime path of "/home/robolab/clearpath_ws/install/clearpath_platform_msgs/lib/libclearpath_platform_msgs__rosidl_typesupport_fastrtps_cpp.so" to ""
-- Installing: /home/robolab/clearpath_ws/install/clearpath_platform_msgs/lib/libclearpath_platform_msgs__rosidl_typesupport_introspection_c.so
-- Set non-toolchain portion of runtime path of "/home/robolab/clearpath_ws/install/clearpath_platform_msgs/lib/libclearpath_platform_msgs__rosidl_typesupport_introspection_c.so" to ""
-- Installing: /home/robolab/clearpath_ws/install/clearpath_platform_msgs/lib/libclearpath_platform_msgs__rosidl_typesupport_c.so
-- Set non-toolchain portion of runtime path of "/home/robolab/clearpath_ws/install/clearpath_platform_msgs/lib/libclearpath_platform_msgs__rosidl_typesupport_c.so" to ""
-- Installing: /home/robolab/clearpath_ws/install/clearpath_platform_msgs/lib/libclearpath_platform_msgs__rosidl_typesupport_introspection_cpp.so
-- Set non-toolchain portion of runtime path of "/home/robolab/clearpath_ws/install/clearpath_platform_msgs/lib/libclearpath_platform_msgs__rosidl_typesupport_introspection_cpp.so" to ""
-- Installing: /home/robolab/clearpath_ws/install/clearpath_platform_msgs/lib/libclearpath_platform_msgs__rosidl_typesupport_cpp.so
-- Set non-toolchain portion of runtime path of "/home/robolab/clearpath_ws/install/clearpath_platform_msgs/lib/libclearpath_platform_msgs__rosidl_typesupport_cpp.so" to ""
Listing '/home/robolab/clearpath_ws/install/clearpath_platform_msgs/lib/python3.12/site-packages/clearpath_platform_msgs'...
Compiling '/home/robolab/clearpath_ws/install/clearpath_platform_msgs/lib/python3.12/site-packages/clearpath_platform_msgs/__init__.py'...
Listing '/home/robolab/clearpath_ws/install/clearpath_platform_msgs/lib/python3.12/site-packages/clearpath_platform_msgs/msg'...
Compiling '/home/robolab/clearpath_ws/install/clearpath_platform_msgs/lib/python3.12/site-packages/clearpath_platform_msgs/msg/__init__.py'...
Compiling '/home/robolab/clearpath_ws/install/clearpath_platform_msgs/lib/python3.12/site-packages/clearpath_platform_msgs/msg/_display_status.py'...
Compiling '/home/robolab/clearpath_ws/install/clearpath_platform_msgs/lib/python3.12/site-packages/clearpath_platform_msgs/msg/_drive.py'...
Compiling '/home/robolab/clearpath_ws/install/clearpath_platform_msgs/lib/python3.12/site-packages/clearpath_platform_msgs/msg/_drive_feedback.py'...
Compiling '/home/robolab/clearpath_ws/install/clearpath_platform_msgs/lib/python3.12/site-packages/clearpath_platform_msgs/msg/_fans.py'...
Compiling '/home/robolab/clearpath_ws/install/clearpath_platform_msgs/lib/python3.12/site-packages/clearpath_platform_msgs/msg/_feedback.py'...
Compiling '/home/robolab/clearpath_ws/install/clearpath_platform_msgs/lib/python3.12/site-packages/clearpath_platform_msgs/msg/_lights.py'...
Compiling '/home/robolab/clearpath_ws/install/clearpath_platform_msgs/lib/python3.12/site-packages/clearpath_platform_msgs/msg/_pinout_command.py'...
Compiling '/home/robolab/clearpath_ws/install/clearpath_platform_msgs/lib/python3.12/site-packages/clearpath_platform_msgs/msg/_pinout_state.py'...
Compiling '/home/robolab/clearpath_ws/install/clearpath_platform_msgs/lib/python3.12/site-packages/clearpath_platform_msgs/msg/_power.py'...
Compiling '/home/robolab/clearpath_ws/install/clearpath_platform_msgs/lib/python3.12/site-packages/clearpath_platform_msgs/msg/_rgb.py'...
Compiling '/home/robolab/clearpath_ws/install/clearpath_platform_msgs/lib/python3.12/site-packages/clearpath_platform_msgs/msg/_status.py'...
Compiling '/home/robolab/clearpath_ws/install/clearpath_platform_msgs/lib/python3.12/site-packages/clearpath_platform_msgs/msg/_stop_status.py'...
Compiling '/home/robolab/clearpath_ws/install/clearpath_platform_msgs/lib/python3.12/site-packages/clearpath_platform_msgs/msg/_temperature.py'...
Listing '/home/robolab/clearpath_ws/install/clearpath_platform_msgs/lib/python3.12/site-packages/clearpath_platform_msgs/srv'...
Compiling '/home/robolab/clearpath_ws/install/clearpath_platform_msgs/lib/python3.12/site-packages/clearpath_platform_msgs/srv/__init__.py'...
Compiling '/home/robolab/clearpath_ws/install/clearpath_platform_msgs/lib/python3.12/site-packages/clearpath_platform_msgs/srv/_configure_mcu.py'...
Compiling '/home/robolab/clearpath_ws/install/clearpath_platform_msgs/lib/python3.12/site-packages/clearpath_platform_msgs/srv/_set_pinout.py'...
-- Installing: /home/robolab/clearpath_ws/install/clearpath_platform_msgs/lib/libclearpath_platform_msgs__rosidl_generator_py.so
-- Set non-toolchain portion of runtime path of "/home/robolab/clearpath_ws/install/clearpath_platform_msgs/lib/libclearpath_platform_msgs__rosidl_generator_py.so" to ""
-- Installing: /home/robolab/clearpath_ws/install/clearpath_platform_msgs/share/clearpath_platform_msgs/cmake/export_clearpath_platform_msgs__rosidl_generator_cExport.cmake
-- Installing: /home/robolab/clearpath_ws/install/clearpath_platform_msgs/share/clearpath_platform_msgs/cmake/export_clearpath_platform_msgs__rosidl_generator_cExport-noconfig.cmake
-- Installing: /home/robolab/clearpath_ws/install/clearpath_platform_msgs/share/clearpath_platform_msgs/cmake/export_clearpath_platform_msgs__rosidl_typesupport_fastrtps_cExport.cmake
-- Installing: /home/robolab/clearpath_ws/install/clearpath_platform_msgs/share/clearpath_platform_msgs/cmake/export_clearpath_platform_msgs__rosidl_typesupport_fastrtps_cExport-noconfig.cmake
-- Installing: /home/robolab/clearpath_ws/install/clearpath_platform_msgs/share/clearpath_platform_msgs/cmake/export_clearpath_platform_msgs__rosidl_generator_cppExport.cmake
-- Installing: /home/robolab/clearpath_ws/install/clearpath_platform_msgs/share/clearpath_platform_msgs/cmake/export_clearpath_platform_msgs__rosidl_typesupport_fastrtps_cppExport.cmake
-- Installing: /home/robolab/clearpath_ws/install/clearpath_platform_msgs/share/clearpath_platform_msgs/cmake/export_clearpath_platform_msgs__rosidl_typesupport_fastrtps_cppExport-noconfig.cmake
-- Installing: /home/robolab/clearpath_ws/install/clearpath_platform_msgs/share/clearpath_platform_msgs/cmake/clearpath_platform_msgs__rosidl_typesupport_introspection_cExport.cmake
-- Installing: /home/robolab/clearpath_ws/install/clearpath_platform_msgs/share/clearpath_platform_msgs/cmake/clearpath_platform_msgs__rosidl_typesupport_introspection_cExport-noconfig.cmake
-- Installing: /home/robolab/clearpath_ws/install/clearpath_platform_msgs/share/clearpath_platform_msgs/cmake/clearpath_platform_msgs__rosidl_typesupport_cExport.cmake
-- Installing: /home/robolab/clearpath_ws/install/clearpath_platform_msgs/share/clearpath_platform_msgs/cmake/clearpath_platform_msgs__rosidl_typesupport_cExport-noconfig.cmake
-- Installing: /home/robolab/clearpath_ws/install/clearpath_platform_msgs/share/clearpath_platform_msgs/cmake/clearpath_platform_msgs__rosidl_typesupport_introspection_cppExport.cmake
-- Installing: /home/robolab/clearpath_ws/install/clearpath_platform_msgs/share/clearpath_platform_msgs/cmake/clearpath_platform_msgs__rosidl_typesupport_introspection_cppExport-noconfig.cmake
-- Installing: /home/robolab/clearpath_ws/install/clearpath_platform_msgs/share/clearpath_platform_msgs/cmake/clearpath_platform_msgs__rosidl_typesupport_cppExport.cmake
-- Installing: /home/robolab/clearpath_ws/install/clearpath_platform_msgs/share/clearpath_platform_msgs/cmake/clearpath_platform_msgs__rosidl_typesupport_cppExport-noconfig.cmake
-- Installing: /home/robolab/clearpath_ws/install/clearpath_platform_msgs/share/clearpath_platform_msgs/cmake/export_clearpath_platform_msgs__rosidl_generator_pyExport.cmake
-- Installing: /home/robolab/clearpath_ws/install/clearpath_platform_msgs/share/clearpath_platform_msgs/cmake/export_clearpath_platform_msgs__rosidl_generator_pyExport-noconfig.cmake
