[0.022s] Invoking command in '/home/robolab/clearpath_ws/build/kortex_api': CMAKE_PREFIX_PATH=${CMAKE_PREFIX_PATH}:/opt/ros/jazzy DEBUGINFOD_URLS=https://debuginfod.ubuntu.com /usr/bin/cmake /home/robolab/clearpath_ws/src/ros2_kortex/kortex_api -DCMAKE_INSTALL_PREFIX=/home/robolab/clearpath_ws/install/kortex_api
[0.056s] [33mCMake Warning (dev) at /usr/share/cmake-3.28/Modules/FetchContent.cmake:1331 (message):
[0.056s]   The DOWNLOAD_EXTRACT_TIMESTAMP option was not given and policy CMP0135 is
[0.056s]   not set.  The policy's OLD behavior will be used.  When using a URL
[0.057s]   download, the timestamps of extracted files should preferably be that of
[0.057s]   the time of extraction, otherwise code that depends on the extracted
[0.057s]   contents might not be rebuilt if the URL changes.  The OLD behavior
[0.057s]   preserves the timestamps from the archive instead, but this is usually not
[0.057s]   what you want.  Update your project to the NEW behavior or specify the
[0.057s]   DOWNLOAD_EXTRACT_TIMESTAMP option with a value of true to avoid this
[0.058s]   robustness issue.
[0.058s] Call Stack (most recent call first):
[0.058s]   CMakeLists.txt:4 (FetchContent_Declare)
[0.058s] This warning is for project developers.  Use -Wno-dev to suppress it.
[0.058s] [0m
[3.225s] -- The C compiler identification is GNU 13.3.0
[3.298s] -- The CXX compiler identification is GNU 13.3.0
[3.319s] -- Detecting C compiler ABI info
[3.438s] -- Detecting C compiler ABI info - done
[3.449s] -- Check for working C compiler: /usr/bin/cc - skipped
[3.449s] -- Detecting C compile features
[3.449s] -- Detecting C compile features - done
[3.459s] -- Detecting CXX compiler ABI info
[3.623s] -- Detecting CXX compiler ABI info - done
[3.634s] -- Check for working CXX compiler: /usr/bin/c++ - skipped
[3.635s] -- Detecting CXX compile features
[3.636s] -- Detecting CXX compile features - done
[3.640s] -- Found ament_cmake: 2.5.5 (/opt/ros/jazzy/share/ament_cmake/cmake)
[3.924s] -- Found Python3: /usr/bin/python3 (found version "3.12.3") found components: Interpreter 
[4.456s] -- Configuring done (4.4s)
[4.461s] -- Generating done (0.0s)
[4.465s] -- Build files have been written to: /home/robolab/clearpath_ws/build/kortex_api
[4.478s] Invoked command in '/home/robolab/clearpath_ws/build/kortex_api' returned '0': CMAKE_PREFIX_PATH=${CMAKE_PREFIX_PATH}:/opt/ros/jazzy DEBUGINFOD_URLS=https://debuginfod.ubuntu.com /usr/bin/cmake /home/robolab/clearpath_ws/src/ros2_kortex/kortex_api -DCMAKE_INSTALL_PREFIX=/home/robolab/clearpath_ws/install/kortex_api
[4.479s] Invoking command in '/home/robolab/clearpath_ws/build/kortex_api': CMAKE_PREFIX_PATH=${CMAKE_PREFIX_PATH}:/opt/ros/jazzy DEBUGINFOD_URLS=https://debuginfod.ubuntu.com /usr/bin/cmake --build /home/robolab/clearpath_ws/build/kortex_api -- -j4 -l4
[4.536s] Invoked command in '/home/robolab/clearpath_ws/build/kortex_api' returned '0': CMAKE_PREFIX_PATH=${CMAKE_PREFIX_PATH}:/opt/ros/jazzy DEBUGINFOD_URLS=https://debuginfod.ubuntu.com /usr/bin/cmake --build /home/robolab/clearpath_ws/build/kortex_api -- -j4 -l4
[4.537s] Invoking command in '/home/robolab/clearpath_ws/build/kortex_api': CMAKE_PREFIX_PATH=${CMAKE_PREFIX_PATH}:/opt/ros/jazzy DEBUGINFOD_URLS=https://debuginfod.ubuntu.com /usr/bin/cmake --install /home/robolab/clearpath_ws/build/kortex_api
[4.550s] -- Install configuration: ""
[4.551s] -- Installing: /home/robolab/clearpath_ws/install/kortex_api/include/kortex_api
[4.551s] -- Installing: /home/robolab/clearpath_ws/install/kortex_api/include/kortex_api/FrameHandler.h
[4.552s] -- Installing: /home/robolab/clearpath_ws/install/kortex_api/include/kortex_api/ITransportClient.h
[4.554s] -- Installing: /home/robolab/clearpath_ws/install/kortex_api/include/kortex_api/IRouterClient.h
[4.554s] -- Installing: /home/robolab/clearpath_ws/install/kortex_api/include/kortex_api/RouterClient.h
[4.555s] -- Installing: /home/robolab/clearpath_ws/install/kortex_api/include/kortex_api/version.h
[4.555s] -- Installing: /home/robolab/clearpath_ws/install/kortex_api/include/kortex_api/NotificationHandler.h
[4.555s] -- Installing: /home/robolab/clearpath_ws/install/kortex_api/include/kortex_api/TransportClientUdp.h
[4.555s] -- Installing: /home/robolab/clearpath_ws/install/kortex_api/include/kortex_api/TransportClientTcp.h
[4.556s] -- Installing: /home/robolab/clearpath_ws/install/kortex_api/include/kortex_api/SessionManager.h
[4.556s] -- Up-to-date: /home/robolab/clearpath_ws/install/kortex_api/include/kortex_api
[4.556s] -- Installing: /home/robolab/clearpath_ws/install/kortex_api/include/kortex_api/KDetailedException.h
[4.556s] -- Up-to-date: /home/robolab/clearpath_ws/install/kortex_api/include/kortex_api/version.h
[4.556s] -- Installing: /home/robolab/clearpath_ws/install/kortex_api/include/kortex_api/HeaderInfo.h
[4.557s] -- Installing: /home/robolab/clearpath_ws/install/kortex_api/include/kortex_api/KinovaTcpUtilities.h
[4.557s] -- Installing: /home/robolab/clearpath_ws/install/kortex_api/include/kortex_api/TransportBridgeDummy.h
[4.557s] -- Installing: /home/robolab/clearpath_ws/install/kortex_api/include/kortex_api/Frame.h
[4.558s] -- Installing: /home/robolab/clearpath_ws/install/kortex_api/include/kortex_api/KError.h
[4.558s] -- Installing: /home/robolab/clearpath_ws/install/kortex_api/include/kortex_api/KBasicException.h
[4.558s] -- Up-to-date: /home/robolab/clearpath_ws/install/kortex_api/include/kortex_api
[4.559s] -- Installing: /home/robolab/clearpath_ws/install/kortex_api/include/kortex_api/ActuatorCyclic.pb.h
[4.559s] -- Installing: /home/robolab/clearpath_ws/install/kortex_api/include/kortex_api/InterconnectCyclicMessage.pb.h
[4.559s] -- Installing: /home/robolab/clearpath_ws/install/kortex_api/include/kortex_api/Frame.pb.h
[4.559s] -- Installing: /home/robolab/clearpath_ws/install/kortex_api/include/kortex_api/Common.pb.h
[4.560s] -- Installing: /home/robolab/clearpath_ws/install/kortex_api/include/kortex_api/Session.pb.h
[4.560s] -- Installing: /home/robolab/clearpath_ws/install/kortex_api/include/kortex_api/DeviceManager.pb.h
[4.560s] -- Installing: /home/robolab/clearpath_ws/install/kortex_api/include/kortex_api/Base.pb.h
[4.562s] -- Installing: /home/robolab/clearpath_ws/install/kortex_api/include/kortex_api/DeviceConfig.pb.h
[4.563s] -- Installing: /home/robolab/clearpath_ws/install/kortex_api/include/kortex_api/Errors.pb.h
[4.563s] -- Installing: /home/robolab/clearpath_ws/install/kortex_api/include/kortex_api/ControlConfig.pb.h
[4.564s] -- Installing: /home/robolab/clearpath_ws/install/kortex_api/include/kortex_api/GripperConfig.pb.h
[4.564s] -- Installing: /home/robolab/clearpath_ws/install/kortex_api/include/kortex_api/InterconnectCyclic.pb.h
[4.564s] -- Installing: /home/robolab/clearpath_ws/install/kortex_api/include/kortex_api/InterconnectConfig.pb.h
[4.564s] -- Installing: /home/robolab/clearpath_ws/install/kortex_api/include/kortex_api/GripperCyclic.pb.h
[4.565s] -- Installing: /home/robolab/clearpath_ws/install/kortex_api/include/kortex_api/Test.pb.h
[4.565s] -- Installing: /home/robolab/clearpath_ws/install/kortex_api/include/kortex_api/ActuatorConfig.pb.h
[4.565s] -- Installing: /home/robolab/clearpath_ws/install/kortex_api/include/kortex_api/BaseCyclic.pb.h
[4.566s] -- Installing: /home/robolab/clearpath_ws/install/kortex_api/include/kortex_api/GripperCyclicMessage.pb.h
[4.566s] -- Installing: /home/robolab/clearpath_ws/install/kortex_api/include/kortex_api/ProductConfiguration.pb.h
[4.567s] -- Installing: /home/robolab/clearpath_ws/install/kortex_api/include/kortex_api/VisionConfig.pb.h
[4.567s] -- Up-to-date: /home/robolab/clearpath_ws/install/kortex_api/include/kortex_api
[4.567s] -- Installing: /home/robolab/clearpath_ws/install/kortex_api/include/kortex_api/VisionConfigClientRpc.h
[4.568s] -- Installing: /home/robolab/clearpath_ws/install/kortex_api/include/kortex_api/InterconnectConfigClientRpc.h
[4.568s] -- Installing: /home/robolab/clearpath_ws/install/kortex_api/include/kortex_api/DeviceManagerClientRpc.h
[4.568s] -- Installing: /home/robolab/clearpath_ws/install/kortex_api/include/kortex_api/BaseClientRpc.h
[4.569s] -- Installing: /home/robolab/clearpath_ws/install/kortex_api/include/kortex_api/TestClientRpc.h
[4.569s] -- Installing: /home/robolab/clearpath_ws/install/kortex_api/include/kortex_api/DeviceConfigClientRpc.h
[4.569s] -- Installing: /home/robolab/clearpath_ws/install/kortex_api/include/kortex_api/BaseCyclicClientRpc.h
[4.570s] -- Installing: /home/robolab/clearpath_ws/install/kortex_api/include/kortex_api/ControlConfigClientRpc.h
[4.570s] -- Installing: /home/robolab/clearpath_ws/install/kortex_api/include/kortex_api/ActuatorCyclicClientRpc.h
[4.570s] -- Installing: /home/robolab/clearpath_ws/install/kortex_api/include/kortex_api/SessionClientRpc.h
[4.570s] -- Installing: /home/robolab/clearpath_ws/install/kortex_api/include/kortex_api/InterconnectCyclicClientRpc.h
[4.570s] -- Installing: /home/robolab/clearpath_ws/install/kortex_api/include/kortex_api/GripperCyclicClientRpc.h
[4.571s] -- Installing: /home/robolab/clearpath_ws/install/kortex_api/include/kortex_api/ActuatorConfigClientRpc.h
[4.571s] -- Installing: /home/robolab/clearpath_ws/install/kortex_api/include/kortex_api/google/protobuf
[4.571s] -- Installing: /home/robolab/clearpath_ws/install/kortex_api/include/kortex_api/google/protobuf/generated_enum_reflection.h
[4.572s] -- Installing: /home/robolab/clearpath_ws/install/kortex_api/include/kortex_api/google/protobuf/dynamic_message.h
[4.572s] -- Installing: /home/robolab/clearpath_ws/install/kortex_api/include/kortex_api/google/protobuf/timestamp.pb.h
[4.572s] -- Installing: /home/robolab/clearpath_ws/install/kortex_api/include/kortex_api/google/protobuf/arenastring.h
[4.573s] -- Installing: /home/robolab/clearpath_ws/install/kortex_api/include/kortex_api/google/protobuf/metadata_lite.h
[4.573s] -- Installing: /home/robolab/clearpath_ws/install/kortex_api/include/kortex_api/google/protobuf/generated_message_table_driven.h
[4.573s] -- Installing: /home/robolab/clearpath_ws/install/kortex_api/include/kortex_api/google/protobuf/api.pb.h
[4.573s] -- Installing: /home/robolab/clearpath_ws/install/kortex_api/include/kortex_api/google/protobuf/descriptor.h
[4.574s] -- Installing: /home/robolab/clearpath_ws/install/kortex_api/include/kortex_api/google/protobuf/stubs
[4.574s] -- Installing: /home/robolab/clearpath_ws/install/kortex_api/include/kortex_api/google/protobuf/stubs/atomicops_internals_arm64_gcc.h
[4.574s] -- Installing: /home/robolab/clearpath_ws/install/kortex_api/include/kortex_api/google/protobuf/stubs/atomicops_internals_power.h
[4.574s] -- Installing: /home/robolab/clearpath_ws/install/kortex_api/include/kortex_api/google/protobuf/stubs/mutex.h
[4.575s] -- Installing: /home/robolab/clearpath_ws/install/kortex_api/include/kortex_api/google/protobuf/stubs/atomicops_internals_mips_gcc.h
[4.575s] -- Installing: /home/robolab/clearpath_ws/install/kortex_api/include/kortex_api/google/protobuf/stubs/type_traits.h
[4.575s] -- Installing: /home/robolab/clearpath_ws/install/kortex_api/include/kortex_api/google/protobuf/stubs/atomicops_internals_solaris.h
[4.576s] -- Installing: /home/robolab/clearpath_ws/install/kortex_api/include/kortex_api/google/protobuf/stubs/port.h
[4.576s] -- Installing: /home/robolab/clearpath_ws/install/kortex_api/include/kortex_api/google/protobuf/stubs/stl_util.h
[4.576s] -- Installing: /home/robolab/clearpath_ws/install/kortex_api/include/kortex_api/google/protobuf/stubs/macros.h
[4.577s] -- Installing: /home/robolab/clearpath_ws/install/kortex_api/include/kortex_api/google/protobuf/stubs/atomicops_internals_x86_msvc.h
[4.577s] -- Installing: /home/robolab/clearpath_ws/install/kortex_api/include/kortex_api/google/protobuf/stubs/atomicops_internals_generic_gcc.h
[4.577s] -- Installing: /home/robolab/clearpath_ws/install/kortex_api/include/kortex_api/google/protobuf/stubs/logging.h
[4.577s] -- Installing: /home/robolab/clearpath_ws/install/kortex_api/include/kortex_api/google/protobuf/stubs/template_util.h
[4.578s] -- Installing: /home/robolab/clearpath_ws/install/kortex_api/include/kortex_api/google/protobuf/stubs/hash.h
[4.578s] -- Installing: /home/robolab/clearpath_ws/install/kortex_api/include/kortex_api/google/protobuf/stubs/atomicops_internals_arm_gcc.h
[4.578s] -- Installing: /home/robolab/clearpath_ws/install/kortex_api/include/kortex_api/google/protobuf/stubs/status.h
[4.579s] -- Installing: /home/robolab/clearpath_ws/install/kortex_api/include/kortex_api/google/protobuf/stubs/once.h
[4.579s] -- Installing: /home/robolab/clearpath_ws/install/kortex_api/include/kortex_api/google/protobuf/stubs/atomicops_internals_tsan.h
[4.579s] -- Installing: /home/robolab/clearpath_ws/install/kortex_api/include/kortex_api/google/protobuf/stubs/atomicops_internals_ppc_gcc.h
[4.579s] -- Installing: /home/robolab/clearpath_ws/install/kortex_api/include/kortex_api/google/protobuf/stubs/atomicops_internals_x86_gcc.h
[4.580s] -- Installing: /home/robolab/clearpath_ws/install/kortex_api/include/kortex_api/google/protobuf/stubs/atomicops_internals_arm_qnx.h
[4.580s] -- Installing: /home/robolab/clearpath_ws/install/kortex_api/include/kortex_api/google/protobuf/stubs/bytestream.h
[4.580s] -- Installing: /home/robolab/clearpath_ws/install/kortex_api/include/kortex_api/google/protobuf/stubs/singleton.h
[4.580s] -- Installing: /home/robolab/clearpath_ws/install/kortex_api/include/kortex_api/google/protobuf/stubs/stringpiece.h
[4.581s] -- Installing: /home/robolab/clearpath_ws/install/kortex_api/include/kortex_api/google/protobuf/stubs/atomic_sequence_num.h
[4.581s] -- Installing: /home/robolab/clearpath_ws/install/kortex_api/include/kortex_api/google/protobuf/stubs/atomicops.h
[4.581s] -- Installing: /home/robolab/clearpath_ws/install/kortex_api/include/kortex_api/google/protobuf/stubs/atomicops_internals_generic_c11_atomic.h
[4.582s] -- Installing: /home/robolab/clearpath_ws/install/kortex_api/include/kortex_api/google/protobuf/stubs/platform_macros.h
[4.582s] -- Installing: /home/robolab/clearpath_ws/install/kortex_api/include/kortex_api/google/protobuf/stubs/casts.h
[4.582s] -- Installing: /home/robolab/clearpath_ws/install/kortex_api/include/kortex_api/google/protobuf/stubs/common.h
[4.582s] -- Installing: /home/robolab/clearpath_ws/install/kortex_api/include/kortex_api/google/protobuf/stubs/callback.h
[4.583s] -- Installing: /home/robolab/clearpath_ws/install/kortex_api/include/kortex_api/google/protobuf/stubs/fastmem.h
[4.583s] -- Installing: /home/robolab/clearpath_ws/install/kortex_api/include/kortex_api/google/protobuf/stubs/scoped_ptr.h
[4.583s] -- Installing: /home/robolab/clearpath_ws/install/kortex_api/include/kortex_api/google/protobuf/stubs/shared_ptr.h
[4.584s] -- Installing: /home/robolab/clearpath_ws/install/kortex_api/include/kortex_api/google/protobuf/type.pb.h
[4.584s] -- Installing: /home/robolab/clearpath_ws/install/kortex_api/include/kortex_api/google/protobuf/has_bits.h
[4.584s] -- Installing: /home/robolab/clearpath_ws/install/kortex_api/include/kortex_api/google/protobuf/reflection.h
[4.585s] -- Installing: /home/robolab/clearpath_ws/install/kortex_api/include/kortex_api/google/protobuf/unknown_field_set.h
[4.585s] -- Installing: /home/robolab/clearpath_ws/install/kortex_api/include/kortex_api/google/protobuf/message_lite.h
[4.585s] -- Installing: /home/robolab/clearpath_ws/install/kortex_api/include/kortex_api/google/protobuf/wrappers.pb.h
[4.585s] -- Installing: /home/robolab/clearpath_ws/install/kortex_api/include/kortex_api/google/protobuf/repeated_field.h
[4.586s] -- Installing: /home/robolab/clearpath_ws/install/kortex_api/include/kortex_api/google/protobuf/reflection_ops.h
[4.586s] -- Installing: /home/robolab/clearpath_ws/install/kortex_api/include/kortex_api/google/protobuf/extension_set.h
[4.587s] -- Installing: /home/robolab/clearpath_ws/install/kortex_api/include/kortex_api/google/protobuf/map_field_lite.h
[4.587s] -- Installing: /home/robolab/clearpath_ws/install/kortex_api/include/kortex_api/google/protobuf/compiler
[4.587s] -- Installing: /home/robolab/clearpath_ws/install/kortex_api/include/kortex_api/google/protobuf/compiler/ruby
[4.587s] -- Installing: /home/robolab/clearpath_ws/install/kortex_api/include/kortex_api/google/protobuf/compiler/ruby/ruby_generator.h
[4.588s] -- Installing: /home/robolab/clearpath_ws/install/kortex_api/include/kortex_api/google/protobuf/compiler/plugin.pb.h
[4.588s] -- Installing: /home/robolab/clearpath_ws/install/kortex_api/include/kortex_api/google/protobuf/compiler/parser.h
[4.588s] -- Installing: /home/robolab/clearpath_ws/install/kortex_api/include/kortex_api/google/protobuf/compiler/js
[4.588s] -- Installing: /home/robolab/clearpath_ws/install/kortex_api/include/kortex_api/google/protobuf/compiler/js/js_generator.h
[4.589s] -- Installing: /home/robolab/clearpath_ws/install/kortex_api/include/kortex_api/google/protobuf/compiler/js/well_known_types_embed.h
[4.589s] -- Installing: /home/robolab/clearpath_ws/install/kortex_api/include/kortex_api/google/protobuf/compiler/plugin.h
[4.589s] -- Installing: /home/robolab/clearpath_ws/install/kortex_api/include/kortex_api/google/protobuf/compiler/csharp
[4.589s] -- Installing: /home/robolab/clearpath_ws/install/kortex_api/include/kortex_api/google/protobuf/compiler/csharp/csharp_generator.h
[4.590s] -- Installing: /home/robolab/clearpath_ws/install/kortex_api/include/kortex_api/google/protobuf/compiler/csharp/csharp_names.h
[4.590s] -- Installing: /home/robolab/clearpath_ws/install/kortex_api/include/kortex_api/google/protobuf/compiler/code_generator.h
[4.590s] -- Installing: /home/robolab/clearpath_ws/install/kortex_api/include/kortex_api/google/protobuf/compiler/objectivec
[4.591s] -- Installing: /home/robolab/clearpath_ws/install/kortex_api/include/kortex_api/google/protobuf/compiler/objectivec/objectivec_generator.h
[4.591s] -- Installing: /home/robolab/clearpath_ws/install/kortex_api/include/kortex_api/google/protobuf/compiler/objectivec/objectivec_helpers.h
[4.591s] -- Installing: /home/robolab/clearpath_ws/install/kortex_api/include/kortex_api/google/protobuf/compiler/command_line_interface.h
[4.591s] -- Installing: /home/robolab/clearpath_ws/install/kortex_api/include/kortex_api/google/protobuf/compiler/javanano
[4.592s] -- Installing: /home/robolab/clearpath_ws/install/kortex_api/include/kortex_api/google/protobuf/compiler/javanano/javanano_generator.h
[4.592s] -- Installing: /home/robolab/clearpath_ws/install/kortex_api/include/kortex_api/google/protobuf/compiler/php
[4.592s] -- Installing: /home/robolab/clearpath_ws/install/kortex_api/include/kortex_api/google/protobuf/compiler/php/php_generator.h
[4.596s] -- Installing: /home/robolab/clearpath_ws/install/kortex_api/include/kortex_api/google/protobuf/compiler/java
[4.596s] -- Installing: /home/robolab/clearpath_ws/install/kortex_api/include/kortex_api/google/protobuf/compiler/java/java_names.h
[4.597s] -- Installing: /home/robolab/clearpath_ws/install/kortex_api/include/kortex_api/google/protobuf/compiler/java/java_generator.h
[4.597s] -- Installing: /home/robolab/clearpath_ws/install/kortex_api/include/kortex_api/google/protobuf/compiler/cpp
[4.598s] -- Installing: /home/robolab/clearpath_ws/install/kortex_api/include/kortex_api/google/protobuf/compiler/cpp/cpp_generator.h
[4.598s] -- Installing: /home/robolab/clearpath_ws/install/kortex_api/include/kortex_api/google/protobuf/compiler/python
[4.598s] -- Installing: /home/robolab/clearpath_ws/install/kortex_api/include/kortex_api/google/protobuf/compiler/python/python_generator.h
[4.598s] -- Installing: /home/robolab/clearpath_ws/install/kortex_api/include/kortex_api/google/protobuf/compiler/importer.h
[4.600s] -- Installing: /home/robolab/clearpath_ws/install/kortex_api/include/kortex_api/google/protobuf/generated_message_reflection.h
[4.601s] -- Installing: /home/robolab/clearpath_ws/install/kortex_api/include/kortex_api/google/protobuf/io
[4.603s] -- Installing: /home/robolab/clearpath_ws/install/kortex_api/include/kortex_api/google/protobuf/io/printer.h
[4.603s] -- Installing: /home/robolab/clearpath_ws/install/kortex_api/include/kortex_api/google/protobuf/io/zero_copy_stream.h
[4.603s] -- Installing: /home/robolab/clearpath_ws/install/kortex_api/include/kortex_api/google/protobuf/io/strtod.h
[4.603s] -- Installing: /home/robolab/clearpath_ws/install/kortex_api/include/kortex_api/google/protobuf/io/coded_stream.h
[4.605s] -- Installing: /home/robolab/clearpath_ws/install/kortex_api/include/kortex_api/google/protobuf/io/gzip_stream.h
[4.605s] -- Installing: /home/robolab/clearpath_ws/install/kortex_api/include/kortex_api/google/protobuf/io/zero_copy_stream_impl.h
[4.605s] -- Installing: /home/robolab/clearpath_ws/install/kortex_api/include/kortex_api/google/protobuf/io/tokenizer.h
[4.605s] -- Installing: /home/robolab/clearpath_ws/install/kortex_api/include/kortex_api/google/protobuf/io/zero_copy_stream_impl_lite.h
[4.605s] -- Installing: /home/robolab/clearpath_ws/install/kortex_api/include/kortex_api/google/protobuf/map.h
[4.605s] -- Installing: /home/robolab/clearpath_ws/install/kortex_api/include/kortex_api/google/protobuf/arena_impl.h
[4.605s] -- Installing: /home/robolab/clearpath_ws/install/kortex_api/include/kortex_api/google/protobuf/field_mask.pb.h
[4.606s] -- Installing: /home/robolab/clearpath_ws/install/kortex_api/include/kortex_api/google/protobuf/map_type_handler.h
[4.608s] -- Installing: /home/robolab/clearpath_ws/install/kortex_api/include/kortex_api/google/protobuf/map_entry.h
[4.610s] -- Installing: /home/robolab/clearpath_ws/install/kortex_api/include/kortex_api/google/protobuf/service.h
[4.610s] -- Installing: /home/robolab/clearpath_ws/install/kortex_api/include/kortex_api/google/protobuf/wire_format_lite.h
[4.610s] -- Installing: /home/robolab/clearpath_ws/install/kortex_api/include/kortex_api/google/protobuf/wire_format_lite_inl.h
[4.610s] -- Installing: /home/robolab/clearpath_ws/install/kortex_api/include/kortex_api/google/protobuf/struct.pb.h
[4.611s] -- Installing: /home/robolab/clearpath_ws/install/kortex_api/include/kortex_api/google/protobuf/descriptor.pb.h
[4.611s] -- Installing: /home/robolab/clearpath_ws/install/kortex_api/include/kortex_api/google/protobuf/descriptor_database.h
[4.611s] -- Installing: /home/robolab/clearpath_ws/install/kortex_api/include/kortex_api/google/protobuf/arena.h
[4.611s] -- Installing: /home/robolab/clearpath_ws/install/kortex_api/include/kortex_api/google/protobuf/wire_format.h
[4.611s] -- Installing: /home/robolab/clearpath_ws/install/kortex_api/include/kortex_api/google/protobuf/map_field.h
[4.611s] -- Installing: /home/robolab/clearpath_ws/install/kortex_api/include/kortex_api/google/protobuf/source_context.pb.h
[4.611s] -- Installing: /home/robolab/clearpath_ws/install/kortex_api/include/kortex_api/google/protobuf/text_format.h
[4.611s] -- Installing: /home/robolab/clearpath_ws/install/kortex_api/include/kortex_api/google/protobuf/metadata.h
[4.611s] -- Installing: /home/robolab/clearpath_ws/install/kortex_api/include/kortex_api/google/protobuf/any.pb.h
[4.611s] -- Installing: /home/robolab/clearpath_ws/install/kortex_api/include/kortex_api/google/protobuf/generated_enum_util.h
[4.611s] -- Installing: /home/robolab/clearpath_ws/install/kortex_api/include/kortex_api/google/protobuf/map_entry_lite.h
[4.611s] -- Installing: /home/robolab/clearpath_ws/install/kortex_api/include/kortex_api/google/protobuf/duration.pb.h
[4.611s] -- Installing: /home/robolab/clearpath_ws/install/kortex_api/include/kortex_api/google/protobuf/map_field_inl.h
[4.612s] -- Installing: /home/robolab/clearpath_ws/install/kortex_api/include/kortex_api/google/protobuf/any.h
[4.612s] -- Installing: /home/robolab/clearpath_ws/install/kortex_api/include/kortex_api/google/protobuf/generated_message_util.h
[4.612s] -- Installing: /home/robolab/clearpath_ws/install/kortex_api/include/kortex_api/google/protobuf/empty.pb.h
[4.612s] -- Installing: /home/robolab/clearpath_ws/install/kortex_api/include/kortex_api/google/protobuf/message.h
[4.612s] -- Installing: /home/robolab/clearpath_ws/install/kortex_api/include/kortex_api/google/protobuf/util
[4.612s] -- Installing: /home/robolab/clearpath_ws/install/kortex_api/include/kortex_api/google/protobuf/util/type_resolver_util.h
[4.612s] -- Installing: /home/robolab/clearpath_ws/install/kortex_api/include/kortex_api/google/protobuf/util/delimited_message_util.h
[4.612s] -- Installing: /home/robolab/clearpath_ws/install/kortex_api/include/kortex_api/google/protobuf/util/message_differencer.h
[4.612s] -- Installing: /home/robolab/clearpath_ws/install/kortex_api/include/kortex_api/google/protobuf/util/type_resolver.h
[4.612s] -- Installing: /home/robolab/clearpath_ws/install/kortex_api/include/kortex_api/google/protobuf/util/json_util.h
[4.612s] -- Installing: /home/robolab/clearpath_ws/install/kortex_api/include/kortex_api/google/protobuf/util/time_util.h
[4.612s] -- Installing: /home/robolab/clearpath_ws/install/kortex_api/include/kortex_api/google/protobuf/util/field_comparator.h
[4.612s] -- Installing: /home/robolab/clearpath_ws/install/kortex_api/include/kortex_api/google/protobuf/util/field_mask_util.h
[4.613s] -- Installing: /home/robolab/clearpath_ws/install/kortex_api/share/ament_index/resource_index/package_run_dependencies/kortex_api
[4.618s] -- Installing: /home/robolab/clearpath_ws/install/kortex_api/share/ament_index/resource_index/parent_prefix_path/kortex_api
[4.618s] -- Installing: /home/robolab/clearpath_ws/install/kortex_api/share/kortex_api/environment/ament_prefix_path.sh
[4.619s] -- Installing: /home/robolab/clearpath_ws/install/kortex_api/share/kortex_api/environment/ament_prefix_path.dsv
[4.619s] -- Installing: /home/robolab/clearpath_ws/install/kortex_api/share/kortex_api/environment/path.sh
[4.619s] -- Installing: /home/robolab/clearpath_ws/install/kortex_api/share/kortex_api/environment/path.dsv
[4.619s] -- Installing: /home/robolab/clearpath_ws/install/kortex_api/share/kortex_api/local_setup.bash
[4.619s] -- Installing: /home/robolab/clearpath_ws/install/kortex_api/share/kortex_api/local_setup.sh
[4.619s] -- Installing: /home/robolab/clearpath_ws/install/kortex_api/share/kortex_api/local_setup.zsh
[4.619s] -- Installing: /home/robolab/clearpath_ws/install/kortex_api/share/kortex_api/local_setup.dsv
[4.619s] -- Installing: /home/robolab/clearpath_ws/install/kortex_api/share/kortex_api/package.dsv
[4.621s] -- Installing: /home/robolab/clearpath_ws/install/kortex_api/share/ament_index/resource_index/packages/kortex_api
[4.622s] -- Installing: /home/robolab/clearpath_ws/install/kortex_api/share/kortex_api/cmake/ament_cmake_export_include_directories-extras.cmake
[4.622s] -- Installing: /home/robolab/clearpath_ws/install/kortex_api/share/kortex_api/cmake/kortex_apiConfig.cmake
[4.622s] -- Installing: /home/robolab/clearpath_ws/install/kortex_api/share/kortex_api/cmake/kortex_apiConfig-version.cmake
[4.622s] -- Installing: /home/robolab/clearpath_ws/install/kortex_api/share/kortex_api/package.xml
[4.622s] Invoked command in '/home/robolab/clearpath_ws/build/kortex_api' returned '0': CMAKE_PREFIX_PATH=${CMAKE_PREFIX_PATH}:/opt/ros/jazzy DEBUGINFOD_URLS=https://debuginfod.ubuntu.com /usr/bin/cmake --install /home/robolab/clearpath_ws/build/kortex_api
