[0.022s] Invoking command in '/home/robolab/clearpath_ws/build/kortex_description': CMAKE_PREFIX_PATH=${CMAKE_PREFIX_PATH}:/opt/ros/jazzy DEBUGINFOD_URLS=https://debuginfod.ubuntu.com /usr/bin/cmake /home/robolab/clearpath_ws/src/ros2_kortex/kortex_description -DCMAKE_INSTALL_PREFIX=/home/robolab/clearpath_ws/install/kortex_description
[0.136s] -- The C compiler identification is GNU 13.3.0
[0.235s] -- The CXX compiler identification is GNU 13.3.0
[0.265s] -- Detecting C compiler ABI info
[0.475s] -- Detecting C compiler ABI info - done
[0.495s] -- Check for working C compiler: /usr/bin/cc - skipped
[0.496s] -- Detecting C compile features
[0.498s] -- Detecting C compile features - done
[0.522s] -- Detecting CXX compiler ABI info
[0.672s] -- Detecting CXX compiler ABI info - done
[0.684s] -- Check for working CXX compiler: /usr/bin/c++ - skipped
[0.685s] -- Detecting CXX compile features
[0.686s] -- Detecting CXX compile features - done
[0.703s] -- Found ament_cmake: 2.5.5 (/opt/ros/jazzy/share/ament_cmake/cmake)
[0.927s] -- Found Python3: /usr/bin/python3 (found version "3.12.3") found components: Interpreter 
[1.204s] -- Configuring done (1.2s)
[1.207s] -- Generating done (0.0s)
[1.209s] -- Build files have been written to: /home/robolab/clearpath_ws/build/kortex_description
[1.218s] Invoked command in '/home/robolab/clearpath_ws/build/kortex_description' returned '0': CMAKE_PREFIX_PATH=${CMAKE_PREFIX_PATH}:/opt/ros/jazzy DEBUGINFOD_URLS=https://debuginfod.ubuntu.com /usr/bin/cmake /home/robolab/clearpath_ws/src/ros2_kortex/kortex_description -DCMAKE_INSTALL_PREFIX=/home/robolab/clearpath_ws/install/kortex_description
[1.219s] Invoking command in '/home/robolab/clearpath_ws/build/kortex_description': CMAKE_PREFIX_PATH=${CMAKE_PREFIX_PATH}:/opt/ros/jazzy DEBUGINFOD_URLS=https://debuginfod.ubuntu.com /usr/bin/cmake --build /home/robolab/clearpath_ws/build/kortex_description -- -j4 -l4
[1.274s] Invoked command in '/home/robolab/clearpath_ws/build/kortex_description' returned '0': CMAKE_PREFIX_PATH=${CMAKE_PREFIX_PATH}:/opt/ros/jazzy DEBUGINFOD_URLS=https://debuginfod.ubuntu.com /usr/bin/cmake --build /home/robolab/clearpath_ws/build/kortex_description -- -j4 -l4
[1.275s] Invoking command in '/home/robolab/clearpath_ws/build/kortex_description': CMAKE_PREFIX_PATH=${CMAKE_PREFIX_PATH}:/opt/ros/jazzy DEBUGINFOD_URLS=https://debuginfod.ubuntu.com /usr/bin/cmake --install /home/robolab/clearpath_ws/build/kortex_description
[1.286s] -- Install configuration: ""
[1.286s] -- Installing: /home/robolab/clearpath_ws/install/kortex_description/share/kortex_description/arms
[1.286s] -- Installing: /home/robolab/clearpath_ws/install/kortex_description/share/kortex_description/arms/gen3
[1.287s] -- Installing: /home/robolab/clearpath_ws/install/kortex_description/share/kortex_description/arms/gen3/7dof
[1.287s] -- Installing: /home/robolab/clearpath_ws/install/kortex_description/share/kortex_description/arms/gen3/7dof/meshes
[1.287s] -- Installing: /home/robolab/clearpath_ws/install/kortex_description/share/kortex_description/arms/gen3/7dof/meshes/end_effector_link.STL
[1.287s] -- Installing: /home/robolab/clearpath_ws/install/kortex_description/share/kortex_description/arms/gen3/7dof/meshes/half_arm_1_link.STL
[1.288s] -- Installing: /home/robolab/clearpath_ws/install/kortex_description/share/kortex_description/arms/gen3/7dof/meshes/shoulder_link.STL
[1.289s] -- Installing: /home/robolab/clearpath_ws/install/kortex_description/share/kortex_description/arms/gen3/7dof/meshes/bracelet_with_vision_link.STL
[1.290s] -- Installing: /home/robolab/clearpath_ws/install/kortex_description/share/kortex_description/arms/gen3/7dof/meshes/bracelet_with_vision_link.dae
[1.291s] -- Installing: /home/robolab/clearpath_ws/install/kortex_description/share/kortex_description/arms/gen3/7dof/meshes/spherical_wrist_2_link.dae
[1.292s] -- Installing: /home/robolab/clearpath_ws/install/kortex_description/share/kortex_description/arms/gen3/7dof/meshes/forearm_link.STL
[1.292s] -- Installing: /home/robolab/clearpath_ws/install/kortex_description/share/kortex_description/arms/gen3/7dof/meshes/spherical_wrist_2_link.STL
[1.293s] -- Installing: /home/robolab/clearpath_ws/install/kortex_description/share/kortex_description/arms/gen3/7dof/meshes/spherical_wrist_1_link.dae
[1.294s] -- Installing: /home/robolab/clearpath_ws/install/kortex_description/share/kortex_description/arms/gen3/7dof/meshes/bracelet_no_vision_link.STL
[1.295s] -- Installing: /home/robolab/clearpath_ws/install/kortex_description/share/kortex_description/arms/gen3/7dof/meshes/base_link.dae
[1.295s] -- Installing: /home/robolab/clearpath_ws/install/kortex_description/share/kortex_description/arms/gen3/7dof/meshes/half_arm_2_link.dae
[1.296s] -- Installing: /home/robolab/clearpath_ws/install/kortex_description/share/kortex_description/arms/gen3/7dof/meshes/spherical_wrist_1_link.STL
[1.297s] -- Installing: /home/robolab/clearpath_ws/install/kortex_description/share/kortex_description/arms/gen3/7dof/meshes/half_arm_1_link.dae
[1.301s] -- Installing: /home/robolab/clearpath_ws/install/kortex_description/share/kortex_description/arms/gen3/7dof/meshes/shoulder_link.dae
[1.301s] -- Installing: /home/robolab/clearpath_ws/install/kortex_description/share/kortex_description/arms/gen3/7dof/meshes/forearm_link.dae
[1.301s] -- Installing: /home/robolab/clearpath_ws/install/kortex_description/share/kortex_description/arms/gen3/7dof/meshes/half_arm_2_link.STL
[1.301s] -- Installing: /home/robolab/clearpath_ws/install/kortex_description/share/kortex_description/arms/gen3/7dof/meshes/bracelet_no_vision_link.dae
[1.302s] -- Installing: /home/robolab/clearpath_ws/install/kortex_description/share/kortex_description/arms/gen3/7dof/meshes/base_link.STL
[1.302s] -- Installing: /home/robolab/clearpath_ws/install/kortex_description/share/kortex_description/arms/gen3/7dof/config
[1.303s] -- Installing: /home/robolab/clearpath_ws/install/kortex_description/share/kortex_description/arms/gen3/7dof/config/joint_limits.yaml
[1.303s] -- Installing: /home/robolab/clearpath_ws/install/kortex_description/share/kortex_description/arms/gen3/7dof/config/twist_limits.yaml
[1.304s] -- Installing: /home/robolab/clearpath_ws/install/kortex_description/share/kortex_description/arms/gen3/7dof/config/ros2_controllers.yaml
[1.304s] -- Installing: /home/robolab/clearpath_ws/install/kortex_description/share/kortex_description/arms/gen3/7dof/config/gazebo_initial_joint_positions.yaml
[1.304s] -- Installing: /home/robolab/clearpath_ws/install/kortex_description/share/kortex_description/arms/gen3/7dof/urdf
[1.304s] -- Installing: /home/robolab/clearpath_ws/install/kortex_description/share/kortex_description/arms/gen3/7dof/urdf/kortex.ros2_control.xacro
[1.305s] -- Installing: /home/robolab/clearpath_ws/install/kortex_description/share/kortex_description/arms/gen3/7dof/urdf/gen3_macro.xacro
[1.305s] -- Installing: /home/robolab/clearpath_ws/install/kortex_description/share/kortex_description/arms/gen3/7dof/urdf/gen3_transmission_macro.xacro
[1.305s] -- Installing: /home/robolab/clearpath_ws/install/kortex_description/share/kortex_description/arms/gen3/6dof
[1.305s] -- Installing: /home/robolab/clearpath_ws/install/kortex_description/share/kortex_description/arms/gen3/6dof/meshes
[1.306s] -- Installing: /home/robolab/clearpath_ws/install/kortex_description/share/kortex_description/arms/gen3/6dof/meshes/shoulder_link.STL
[1.307s] -- Installing: /home/robolab/clearpath_ws/install/kortex_description/share/kortex_description/arms/gen3/6dof/meshes/bracelet_with_vision_link.STL
[1.312s] -- Installing: /home/robolab/clearpath_ws/install/kortex_description/share/kortex_description/arms/gen3/6dof/meshes/forearm_link.STL
[1.314s] -- Installing: /home/robolab/clearpath_ws/install/kortex_description/share/kortex_description/arms/gen3/6dof/meshes/spherical_wrist_2_link.STL
[1.315s] -- Installing: /home/robolab/clearpath_ws/install/kortex_description/share/kortex_description/arms/gen3/6dof/meshes/bicep_link.STL
[1.318s] -- Installing: /home/robolab/clearpath_ws/install/kortex_description/share/kortex_description/arms/gen3/6dof/meshes/bracelet_no_vision_link.STL
[1.319s] -- Installing: /home/robolab/clearpath_ws/install/kortex_description/share/kortex_description/arms/gen3/6dof/meshes/spherical_wrist_1_link.STL
[1.320s] -- Installing: /home/robolab/clearpath_ws/install/kortex_description/share/kortex_description/arms/gen3/6dof/meshes/base_link.STL
[1.324s] -- Installing: /home/robolab/clearpath_ws/install/kortex_description/share/kortex_description/arms/gen3/6dof/config
[1.325s] -- Installing: /home/robolab/clearpath_ws/install/kortex_description/share/kortex_description/arms/gen3/6dof/config/joint_limits.yaml
[1.325s] -- Installing: /home/robolab/clearpath_ws/install/kortex_description/share/kortex_description/arms/gen3/6dof/config/twist_limits.yaml
[1.325s] -- Installing: /home/robolab/clearpath_ws/install/kortex_description/share/kortex_description/arms/gen3/6dof/config/ros2_controllers.yaml
[1.325s] -- Installing: /home/robolab/clearpath_ws/install/kortex_description/share/kortex_description/arms/gen3/6dof/config/gazebo_initial_joint_positions.yaml
[1.325s] -- Installing: /home/robolab/clearpath_ws/install/kortex_description/share/kortex_description/arms/gen3/6dof/urdf
[1.325s] -- Installing: /home/robolab/clearpath_ws/install/kortex_description/share/kortex_description/arms/gen3/6dof/urdf/kortex.ros2_control.xacro
[1.325s] -- Installing: /home/robolab/clearpath_ws/install/kortex_description/share/kortex_description/arms/gen3/6dof/urdf/gen3_macro.xacro
[1.325s] -- Installing: /home/robolab/clearpath_ws/install/kortex_description/share/kortex_description/arms/gen3/6dof/urdf/gen3_transmission_macro.xacro
[1.325s] -- Installing: /home/robolab/clearpath_ws/install/kortex_description/share/kortex_description/arms/gen3_lite
[1.325s] -- Installing: /home/robolab/clearpath_ws/install/kortex_description/share/kortex_description/arms/gen3_lite/6dof
[1.325s] -- Installing: /home/robolab/clearpath_ws/install/kortex_description/share/kortex_description/arms/gen3_lite/6dof/meshes
[1.325s] -- Installing: /home/robolab/clearpath_ws/install/kortex_description/share/kortex_description/arms/gen3_lite/6dof/meshes/shoulder_link.STL
[1.325s] -- Installing: /home/robolab/clearpath_ws/install/kortex_description/share/kortex_description/arms/gen3_lite/6dof/meshes/forearm_link.STL
[1.326s] -- Installing: /home/robolab/clearpath_ws/install/kortex_description/share/kortex_description/arms/gen3_lite/6dof/meshes/upper_wrist_link.STL
[1.327s] -- Installing: /home/robolab/clearpath_ws/install/kortex_description/share/kortex_description/arms/gen3_lite/6dof/meshes/lower_wrist_link.STL
[1.328s] -- Installing: /home/robolab/clearpath_ws/install/kortex_description/share/kortex_description/arms/gen3_lite/6dof/meshes/arm_link.STL
[1.329s] -- Installing: /home/robolab/clearpath_ws/install/kortex_description/share/kortex_description/arms/gen3_lite/6dof/meshes/base_link.STL
[1.330s] -- Installing: /home/robolab/clearpath_ws/install/kortex_description/share/kortex_description/arms/gen3_lite/6dof/config
[1.331s] -- Installing: /home/robolab/clearpath_ws/install/kortex_description/share/kortex_description/arms/gen3_lite/6dof/config/joint_limits.yaml
[1.331s] -- Installing: /home/robolab/clearpath_ws/install/kortex_description/share/kortex_description/arms/gen3_lite/6dof/config/twist_limits.yaml
[1.332s] -- Installing: /home/robolab/clearpath_ws/install/kortex_description/share/kortex_description/arms/gen3_lite/6dof/config/ros2_controllers.yaml
[1.332s] -- Installing: /home/robolab/clearpath_ws/install/kortex_description/share/kortex_description/arms/gen3_lite/6dof/urdf
[1.332s] -- Installing: /home/robolab/clearpath_ws/install/kortex_description/share/kortex_description/arms/gen3_lite/6dof/urdf/gen3_lite_transmission_macro.xacro
[1.332s] -- Installing: /home/robolab/clearpath_ws/install/kortex_description/share/kortex_description/arms/gen3_lite/6dof/urdf/kortex.ros2_control.xacro
[1.334s] -- Installing: /home/robolab/clearpath_ws/install/kortex_description/share/kortex_description/arms/gen3_lite/6dof/urdf/gen3_lite_macro.xacro
[1.334s] -- Installing: /home/robolab/clearpath_ws/install/kortex_description/share/kortex_description/grippers
[1.334s] -- Installing: /home/robolab/clearpath_ws/install/kortex_description/share/kortex_description/grippers/robotiq_2f_140
[1.335s] -- Installing: /home/robolab/clearpath_ws/install/kortex_description/share/kortex_description/grippers/robotiq_2f_140/README.md
[1.335s] -- Installing: /home/robolab/clearpath_ws/install/kortex_description/share/kortex_description/grippers/robotiq_2f_140/urdf
[1.335s] -- Installing: /home/robolab/clearpath_ws/install/kortex_description/share/kortex_description/grippers/robotiq_2f_140/urdf/robotiq_2f_140_macro.xacro
[1.335s] -- Installing: /home/robolab/clearpath_ws/install/kortex_description/share/kortex_description/grippers/robotiq_2f_140/LICENSE
[1.335s] -- Installing: /home/robolab/clearpath_ws/install/kortex_description/share/kortex_description/grippers/robotiq_2f_85
[1.335s] -- Installing: /home/robolab/clearpath_ws/install/kortex_description/share/kortex_description/grippers/robotiq_2f_85/README.md
[1.335s] -- Installing: /home/robolab/clearpath_ws/install/kortex_description/share/kortex_description/grippers/robotiq_2f_85/urdf
[1.335s] -- Installing: /home/robolab/clearpath_ws/install/kortex_description/share/kortex_description/grippers/robotiq_2f_85/urdf/robotiq_2f_85_macro.xacro
[1.335s] -- Installing: /home/robolab/clearpath_ws/install/kortex_description/share/kortex_description/grippers/robotiq_2f_85/LICENSE
[1.335s] -- Installing: /home/robolab/clearpath_ws/install/kortex_description/share/kortex_description/grippers/gen3_lite_2f
[1.335s] -- Installing: /home/robolab/clearpath_ws/install/kortex_description/share/kortex_description/grippers/gen3_lite_2f/meshes
[1.335s] -- Installing: /home/robolab/clearpath_ws/install/kortex_description/share/kortex_description/grippers/gen3_lite_2f/meshes/gripper_base_link.STL
[1.335s] -- Installing: /home/robolab/clearpath_ws/install/kortex_description/share/kortex_description/grippers/gen3_lite_2f/meshes/right_finger_dist_link.STL
[1.339s] -- Installing: /home/robolab/clearpath_ws/install/kortex_description/share/kortex_description/grippers/gen3_lite_2f/meshes/left_finger_dist_link.STL
[1.340s] -- Installing: /home/robolab/clearpath_ws/install/kortex_description/share/kortex_description/grippers/gen3_lite_2f/meshes/right_finger_prox_link.STL
[1.341s] -- Installing: /home/robolab/clearpath_ws/install/kortex_description/share/kortex_description/grippers/gen3_lite_2f/meshes/left_finger_prox_link.STL
[1.345s] -- Installing: /home/robolab/clearpath_ws/install/kortex_description/share/kortex_description/grippers/gen3_lite_2f/config
[1.346s] -- Installing: /home/robolab/clearpath_ws/install/kortex_description/share/kortex_description/grippers/gen3_lite_2f/config/joint_limits.yaml
[1.346s] -- Installing: /home/robolab/clearpath_ws/install/kortex_description/share/kortex_description/grippers/gen3_lite_2f/urdf
[1.346s] -- Installing: /home/robolab/clearpath_ws/install/kortex_description/share/kortex_description/grippers/gen3_lite_2f/urdf/gen3_lite_2f_macro.xacro
[1.346s] -- Installing: /home/robolab/clearpath_ws/install/kortex_description/share/kortex_description/grippers/gen3_lite_2f/urdf/gen3_lite_2f_transmission_macro.xacro
[1.347s] -- Installing: /home/robolab/clearpath_ws/install/kortex_description/share/kortex_description/grippers/gen3_lite_2f/urdf/GEN3-LITE-GRIPPER_URDF_SIMPLIFIED_V2.urdf
[1.347s] -- Installing: /home/robolab/clearpath_ws/install/kortex_description/share/kortex_description/grippers/gen3_lite_2f/urdf/gen3_lite_2f.ros2_control.xacro
[1.347s] -- Installing: /home/robolab/clearpath_ws/install/kortex_description/share/kortex_description/launch
[1.347s] -- Installing: /home/robolab/clearpath_ws/install/kortex_description/share/kortex_description/launch/view_robot.launch.py
[1.348s] -- Installing: /home/robolab/clearpath_ws/install/kortex_description/share/kortex_description/multiple_robots
[1.348s] -- Installing: /home/robolab/clearpath_ws/install/kortex_description/share/kortex_description/multiple_robots/kortex_dual_robots.xacro
[1.348s] -- Installing: /home/robolab/clearpath_ws/install/kortex_description/share/kortex_description/robots
[1.348s] -- Installing: /home/robolab/clearpath_ws/install/kortex_description/share/kortex_description/robots/gen3_robotiq_2f_140.xacro
[1.349s] -- Installing: /home/robolab/clearpath_ws/install/kortex_description/share/kortex_description/robots/gen3.xacro
[1.349s] -- Installing: /home/robolab/clearpath_ws/install/kortex_description/share/kortex_description/robots/gen3_2f85.urdf
[1.349s] -- Installing: /home/robolab/clearpath_ws/install/kortex_description/share/kortex_description/robots/gen3_lite.urdf
[1.349s] -- Installing: /home/robolab/clearpath_ws/install/kortex_description/share/kortex_description/robots/kortex_robot.xacro
[1.349s] -- Installing: /home/robolab/clearpath_ws/install/kortex_description/share/kortex_description/robots/gen3_lite_gen3_lite_2f.xacro
[1.350s] -- Installing: /home/robolab/clearpath_ws/install/kortex_description/share/kortex_description/robots/kinova.urdf.xacro
[1.350s] -- Installing: /home/robolab/clearpath_ws/install/kortex_description/share/kortex_description/robots/gen3_robotiq_2f_85.xacro
[1.350s] -- Installing: /home/robolab/clearpath_ws/install/kortex_description/share/kortex_description/rviz
[1.350s] -- Installing: /home/robolab/clearpath_ws/install/kortex_description/share/kortex_description/rviz/view_robot.rviz
[1.350s] -- Installing: /home/robolab/clearpath_ws/install/kortex_description/share/kortex_description/config
[1.350s] -- Installing: /home/robolab/clearpath_ws/install/kortex_description/share/kortex_description/config/initial_positions.yaml
[1.350s] -- Installing: /home/robolab/clearpath_ws/install/kortex_description/share/ament_index/resource_index/package_run_dependencies/kortex_description
[1.351s] -- Installing: /home/robolab/clearpath_ws/install/kortex_description/share/ament_index/resource_index/parent_prefix_path/kortex_description
[1.351s] -- Installing: /home/robolab/clearpath_ws/install/kortex_description/share/kortex_description/environment/ament_prefix_path.sh
[1.351s] -- Installing: /home/robolab/clearpath_ws/install/kortex_description/share/kortex_description/environment/ament_prefix_path.dsv
[1.351s] -- Installing: /home/robolab/clearpath_ws/install/kortex_description/share/kortex_description/environment/path.sh
[1.351s] -- Installing: /home/robolab/clearpath_ws/install/kortex_description/share/kortex_description/environment/path.dsv
[1.352s] -- Installing: /home/robolab/clearpath_ws/install/kortex_description/share/kortex_description/local_setup.bash
[1.352s] -- Installing: /home/robolab/clearpath_ws/install/kortex_description/share/kortex_description/local_setup.sh
[1.352s] -- Installing: /home/robolab/clearpath_ws/install/kortex_description/share/kortex_description/local_setup.zsh
[1.352s] -- Installing: /home/robolab/clearpath_ws/install/kortex_description/share/kortex_description/local_setup.dsv
[1.352s] -- Installing: /home/robolab/clearpath_ws/install/kortex_description/share/kortex_description/package.dsv
[1.352s] -- Installing: /home/robolab/clearpath_ws/install/kortex_description/share/ament_index/resource_index/packages/kortex_description
[1.353s] -- Installing: /home/robolab/clearpath_ws/install/kortex_description/share/kortex_description/cmake/kortex_descriptionConfig.cmake
[1.353s] -- Installing: /home/robolab/clearpath_ws/install/kortex_description/share/kortex_description/cmake/kortex_descriptionConfig-version.cmake
[1.353s] -- Installing: /home/robolab/clearpath_ws/install/kortex_description/share/kortex_description/package.xml
[1.360s] Invoked command in '/home/robolab/clearpath_ws/build/kortex_description' returned '0': CMAKE_PREFIX_PATH=${CMAKE_PREFIX_PATH}:/opt/ros/jazzy DEBUGINFOD_URLS=https://debuginfod.ubuntu.com /usr/bin/cmake --install /home/robolab/clearpath_ws/build/kortex_description
