[0.013s] Invoking command in '/home/robolab/clearpath_ws/build/clearpath_manipulators': AMENT_PREFIX_PATH=/home/robolab/clearpath_ws/install/clearpath_manipulators_description:${AMENT_PREFIX_PATH} CMAKE_PREFIX_PATH=/home/robolab/clearpath_ws/install/clearpath_manipulators_description:/opt/ros/jazzy/opt/gz_sim_vendor:/opt/ros/jazzy/opt/gz_sensors_vendor:/opt/ros/jazzy/opt/gz_physics_vendor:/opt/ros/jazzy/opt/gz_gui_vendor:/opt/ros/jazzy/opt/gz_transport_vendor:/opt/ros/jazzy/opt/gz_rendering_vendor:/opt/ros/jazzy/opt/gz_plugin_vendor:/opt/ros/jazzy/opt/gz_fuel_tools_vendor:/opt/ros/jazzy/opt/gz_msgs_vendor:/opt/ros/jazzy/opt/gz_common_vendor:/opt/ros/jazzy/opt/gz_ogre_next_vendor:/opt/ros/jazzy/opt/gz_dartsim_vendor:/opt/ros/jazzy/opt/sdformat_vendor:/opt/ros/jazzy/opt/gz_tools_vendor:/opt/ros/jazzy/opt/gz_math_vendor:/opt/ros/jazzy/opt/gz_utils_vendor:/opt/ros/jazzy/opt/gz_cmake_vendor:/opt/ros/jazzy DEBUGINFOD_URLS=https://debuginfod.ubuntu.com /usr/bin/cmake /home/robolab/clearpath_ws/src/clearpath_common/clearpath_manipulators -DCMAKE_INSTALL_PREFIX=/home/robolab/clearpath_ws/install/clearpath_manipulators
[0.031s] -- Found ament_cmake: 2.5.5 (/opt/ros/jazzy/share/ament_cmake/cmake)
[0.346s] -- Override CMake install command with custom implementation using symlinks instead of copying resources
[0.493s] -- Configuring done (0.5s)
[0.499s] -- Generating done (0.0s)
[0.500s] -- Build files have been written to: /home/robolab/clearpath_ws/build/clearpath_manipulators
[0.504s] Invoked command in '/home/robolab/clearpath_ws/build/clearpath_manipulators' returned '0': AMENT_PREFIX_PATH=/home/robolab/clearpath_ws/install/clearpath_manipulators_description:${AMENT_PREFIX_PATH} CMAKE_PREFIX_PATH=/home/robolab/clearpath_ws/install/clearpath_manipulators_description:/opt/ros/jazzy/opt/gz_sim_vendor:/opt/ros/jazzy/opt/gz_sensors_vendor:/opt/ros/jazzy/opt/gz_physics_vendor:/opt/ros/jazzy/opt/gz_gui_vendor:/opt/ros/jazzy/opt/gz_transport_vendor:/opt/ros/jazzy/opt/gz_rendering_vendor:/opt/ros/jazzy/opt/gz_plugin_vendor:/opt/ros/jazzy/opt/gz_fuel_tools_vendor:/opt/ros/jazzy/opt/gz_msgs_vendor:/opt/ros/jazzy/opt/gz_common_vendor:/opt/ros/jazzy/opt/gz_ogre_next_vendor:/opt/ros/jazzy/opt/gz_dartsim_vendor:/opt/ros/jazzy/opt/sdformat_vendor:/opt/ros/jazzy/opt/gz_tools_vendor:/opt/ros/jazzy/opt/gz_math_vendor:/opt/ros/jazzy/opt/gz_utils_vendor:/opt/ros/jazzy/opt/gz_cmake_vendor:/opt/ros/jazzy DEBUGINFOD_URLS=https://debuginfod.ubuntu.com /usr/bin/cmake /home/robolab/clearpath_ws/src/clearpath_common/clearpath_manipulators -DCMAKE_INSTALL_PREFIX=/home/robolab/clearpath_ws/install/clearpath_manipulators
[0.508s] Invoking command in '/home/robolab/clearpath_ws/build/clearpath_manipulators': AMENT_PREFIX_PATH=/home/robolab/clearpath_ws/install/clearpath_manipulators_description:${AMENT_PREFIX_PATH} CMAKE_PREFIX_PATH=/home/robolab/clearpath_ws/install/clearpath_manipulators_description:/opt/ros/jazzy/opt/gz_sim_vendor:/opt/ros/jazzy/opt/gz_sensors_vendor:/opt/ros/jazzy/opt/gz_physics_vendor:/opt/ros/jazzy/opt/gz_gui_vendor:/opt/ros/jazzy/opt/gz_transport_vendor:/opt/ros/jazzy/opt/gz_rendering_vendor:/opt/ros/jazzy/opt/gz_plugin_vendor:/opt/ros/jazzy/opt/gz_fuel_tools_vendor:/opt/ros/jazzy/opt/gz_msgs_vendor:/opt/ros/jazzy/opt/gz_common_vendor:/opt/ros/jazzy/opt/gz_ogre_next_vendor:/opt/ros/jazzy/opt/gz_dartsim_vendor:/opt/ros/jazzy/opt/sdformat_vendor:/opt/ros/jazzy/opt/gz_tools_vendor:/opt/ros/jazzy/opt/gz_math_vendor:/opt/ros/jazzy/opt/gz_utils_vendor:/opt/ros/jazzy/opt/gz_cmake_vendor:/opt/ros/jazzy DEBUGINFOD_URLS=https://debuginfod.ubuntu.com /usr/bin/cmake --build /home/robolab/clearpath_ws/build/clearpath_manipulators -- -j4 -l4
[0.586s] Invoked command in '/home/robolab/clearpath_ws/build/clearpath_manipulators' returned '0': AMENT_PREFIX_PATH=/home/robolab/clearpath_ws/install/clearpath_manipulators_description:${AMENT_PREFIX_PATH} CMAKE_PREFIX_PATH=/home/robolab/clearpath_ws/install/clearpath_manipulators_description:/opt/ros/jazzy/opt/gz_sim_vendor:/opt/ros/jazzy/opt/gz_sensors_vendor:/opt/ros/jazzy/opt/gz_physics_vendor:/opt/ros/jazzy/opt/gz_gui_vendor:/opt/ros/jazzy/opt/gz_transport_vendor:/opt/ros/jazzy/opt/gz_rendering_vendor:/opt/ros/jazzy/opt/gz_plugin_vendor:/opt/ros/jazzy/opt/gz_fuel_tools_vendor:/opt/ros/jazzy/opt/gz_msgs_vendor:/opt/ros/jazzy/opt/gz_common_vendor:/opt/ros/jazzy/opt/gz_ogre_next_vendor:/opt/ros/jazzy/opt/gz_dartsim_vendor:/opt/ros/jazzy/opt/sdformat_vendor:/opt/ros/jazzy/opt/gz_tools_vendor:/opt/ros/jazzy/opt/gz_math_vendor:/opt/ros/jazzy/opt/gz_utils_vendor:/opt/ros/jazzy/opt/gz_cmake_vendor:/opt/ros/jazzy DEBUGINFOD_URLS=https://debuginfod.ubuntu.com /usr/bin/cmake --build /home/robolab/clearpath_ws/build/clearpath_manipulators -- -j4 -l4
[0.587s] Invoking command in '/home/robolab/clearpath_ws/build/clearpath_manipulators': AMENT_PREFIX_PATH=/home/robolab/clearpath_ws/install/clearpath_manipulators_description:${AMENT_PREFIX_PATH} CMAKE_PREFIX_PATH=/home/robolab/clearpath_ws/install/clearpath_manipulators_description:/opt/ros/jazzy/opt/gz_sim_vendor:/opt/ros/jazzy/opt/gz_sensors_vendor:/opt/ros/jazzy/opt/gz_physics_vendor:/opt/ros/jazzy/opt/gz_gui_vendor:/opt/ros/jazzy/opt/gz_transport_vendor:/opt/ros/jazzy/opt/gz_rendering_vendor:/opt/ros/jazzy/opt/gz_plugin_vendor:/opt/ros/jazzy/opt/gz_fuel_tools_vendor:/opt/ros/jazzy/opt/gz_msgs_vendor:/opt/ros/jazzy/opt/gz_common_vendor:/opt/ros/jazzy/opt/gz_ogre_next_vendor:/opt/ros/jazzy/opt/gz_dartsim_vendor:/opt/ros/jazzy/opt/sdformat_vendor:/opt/ros/jazzy/opt/gz_tools_vendor:/opt/ros/jazzy/opt/gz_math_vendor:/opt/ros/jazzy/opt/gz_utils_vendor:/opt/ros/jazzy/opt/gz_cmake_vendor:/opt/ros/jazzy DEBUGINFOD_URLS=https://debuginfod.ubuntu.com /usr/bin/cmake --install /home/robolab/clearpath_ws/build/clearpath_manipulators
[0.613s] -- Install configuration: ""
[0.613s] -- Execute custom install script
[0.613s] -- Up-to-date symlink: /home/robolab/clearpath_ws/install/clearpath_manipulators/share/clearpath_manipulators/config/cartesian_limits.yaml
[0.614s] -- Up-to-date symlink: /home/robolab/clearpath_ws/install/clearpath_manipulators/share/clearpath_manipulators/config/control.yaml
[0.617s] -- Up-to-date symlink: /home/robolab/clearpath_ws/install/clearpath_manipulators/share/clearpath_manipulators/config/kinematics/arm.yaml
[0.619s] -- Up-to-date symlink: /home/robolab/clearpath_ws/install/clearpath_manipulators/share/clearpath_manipulators/config/kinematics/gripper.yaml
[0.619s] -- Up-to-date symlink: /home/robolab/clearpath_ws/install/clearpath_manipulators/share/clearpath_manipulators/config/kinematics/lift.yaml
[0.622s] -- Up-to-date symlink: /home/robolab/clearpath_ws/install/clearpath_manipulators/share/clearpath_manipulators/config/planning/chomp/planning.yaml
[0.622s] -- Up-to-date symlink: /home/robolab/clearpath_ws/install/clearpath_manipulators/share/clearpath_manipulators/config/planning/ompl/defaults.yaml
[0.623s] -- Up-to-date symlink: /home/robolab/clearpath_ws/install/clearpath_manipulators/share/clearpath_manipulators/config/planning/ompl/planning.yaml
[0.623s] -- Up-to-date symlink: /home/robolab/clearpath_ws/install/clearpath_manipulators/share/clearpath_manipulators/config/planning/pilz/defaults.yaml
[0.623s] -- Up-to-date symlink: /home/robolab/clearpath_ws/install/clearpath_manipulators/share/clearpath_manipulators/config/planning/pilz/planning.yaml
[0.623s] -- Up-to-date symlink: /home/robolab/clearpath_ws/install/clearpath_manipulators/share/clearpath_manipulators/config/planning/pipeline.yaml
[0.624s] -- Up-to-date symlink: /home/robolab/clearpath_ws/install/clearpath_manipulators/share/clearpath_manipulators/config/planning_scene.yaml
[0.624s] -- Up-to-date symlink: /home/robolab/clearpath_ws/install/clearpath_manipulators/share/clearpath_manipulators/config/trajectory_execution.yaml
[0.624s] -- Up-to-date symlink: /home/robolab/clearpath_ws/install/clearpath_manipulators/share/clearpath_manipulators/launch/control.launch.py
[0.624s] -- Up-to-date symlink: /home/robolab/clearpath_ws/install/clearpath_manipulators/share/clearpath_manipulators/launch/manipulators.launch.py
[0.624s] -- Up-to-date symlink: /home/robolab/clearpath_ws/install/clearpath_manipulators/share/clearpath_manipulators/launch/moveit.launch.py
[0.624s] -- Up-to-date symlink: /home/robolab/clearpath_ws/install/clearpath_manipulators/share/ament_index/resource_index/package_run_dependencies/clearpath_manipulators
[0.624s] -- Up-to-date symlink: /home/robolab/clearpath_ws/install/clearpath_manipulators/share/ament_index/resource_index/parent_prefix_path/clearpath_manipulators
[0.624s] -- Up-to-date symlink: /home/robolab/clearpath_ws/install/clearpath_manipulators/share/clearpath_manipulators/environment/ament_prefix_path.sh
[0.624s] -- Up-to-date symlink: /home/robolab/clearpath_ws/install/clearpath_manipulators/share/clearpath_manipulators/environment/ament_prefix_path.dsv
[0.625s] -- Up-to-date symlink: /home/robolab/clearpath_ws/install/clearpath_manipulators/share/clearpath_manipulators/environment/path.sh
[0.625s] -- Up-to-date symlink: /home/robolab/clearpath_ws/install/clearpath_manipulators/share/clearpath_manipulators/environment/path.dsv
[0.631s] -- Up-to-date symlink: /home/robolab/clearpath_ws/install/clearpath_manipulators/share/clearpath_manipulators/local_setup.bash
[0.631s] -- Up-to-date symlink: /home/robolab/clearpath_ws/install/clearpath_manipulators/share/clearpath_manipulators/local_setup.sh
[0.631s] -- Up-to-date symlink: /home/robolab/clearpath_ws/install/clearpath_manipulators/share/clearpath_manipulators/local_setup.zsh
[0.631s] -- Up-to-date symlink: /home/robolab/clearpath_ws/install/clearpath_manipulators/share/clearpath_manipulators/local_setup.dsv
[0.639s] -- Symlinking: /home/robolab/clearpath_ws/install/clearpath_manipulators/share/clearpath_manipulators/package.dsv
[0.644s] -- Up-to-date symlink: /home/robolab/clearpath_ws/install/clearpath_manipulators/share/ament_index/resource_index/packages/clearpath_manipulators
[0.644s] -- Up-to-date symlink: /home/robolab/clearpath_ws/install/clearpath_manipulators/share/clearpath_manipulators/cmake/clearpath_manipulatorsConfig.cmake
[0.644s] -- Up-to-date symlink: /home/robolab/clearpath_ws/install/clearpath_manipulators/share/clearpath_manipulators/cmake/clearpath_manipulatorsConfig-version.cmake
[0.645s] -- Up-to-date symlink: /home/robolab/clearpath_ws/install/clearpath_manipulators/share/clearpath_manipulators/package.xml
[0.647s] Invoked command in '/home/robolab/clearpath_ws/build/clearpath_manipulators' returned '0': AMENT_PREFIX_PATH=/home/robolab/clearpath_ws/install/clearpath_manipulators_description:${AMENT_PREFIX_PATH} CMAKE_PREFIX_PATH=/home/robolab/clearpath_ws/install/clearpath_manipulators_description:/opt/ros/jazzy/opt/gz_sim_vendor:/opt/ros/jazzy/opt/gz_sensors_vendor:/opt/ros/jazzy/opt/gz_physics_vendor:/opt/ros/jazzy/opt/gz_gui_vendor:/opt/ros/jazzy/opt/gz_transport_vendor:/opt/ros/jazzy/opt/gz_rendering_vendor:/opt/ros/jazzy/opt/gz_plugin_vendor:/opt/ros/jazzy/opt/gz_fuel_tools_vendor:/opt/ros/jazzy/opt/gz_msgs_vendor:/opt/ros/jazzy/opt/gz_common_vendor:/opt/ros/jazzy/opt/gz_ogre_next_vendor:/opt/ros/jazzy/opt/gz_dartsim_vendor:/opt/ros/jazzy/opt/sdformat_vendor:/opt/ros/jazzy/opt/gz_tools_vendor:/opt/ros/jazzy/opt/gz_math_vendor:/opt/ros/jazzy/opt/gz_utils_vendor:/opt/ros/jazzy/opt/gz_cmake_vendor:/opt/ros/jazzy DEBUGINFOD_URLS=https://debuginfod.ubuntu.com /usr/bin/cmake --install /home/robolab/clearpath_ws/build/clearpath_manipulators
