[0.008s] Invoking command in '/home/robolab/clearpath_ws/build/kinova_gen3_7dof_robotiq_2f_85_moveit_config': AMENT_PREFIX_PATH=/home/robolab/clearpath_ws/install/kortex_description:${AMENT_PREFIX_PATH} CMAKE_PREFIX_PATH=/home/robolab/clearpath_ws/install/kortex_description:/opt/ros/jazzy/opt/gz_sim_vendor:/opt/ros/jazzy/opt/gz_sensors_vendor:/opt/ros/jazzy/opt/gz_physics_vendor:/opt/ros/jazzy/opt/sdformat_vendor:/opt/ros/jazzy/opt/gz_gui_vendor:/opt/ros/jazzy/opt/gz_transport_vendor:/opt/ros/jazzy/opt/gz_rendering_vendor:/opt/ros/jazzy/opt/gz_plugin_vendor:/opt/ros/jazzy/opt/gz_fuel_tools_vendor:/opt/ros/jazzy/opt/gz_msgs_vendor:/opt/ros/jazzy/opt/gz_common_vendor:/opt/ros/jazzy/opt/gz_math_vendor:/opt/ros/jazzy/opt/gz_utils_vendor:/opt/ros/jazzy/opt/gz_tools_vendor:/opt/ros/jazzy/opt/gz_ogre_next_vendor:/opt/ros/jazzy/opt/gz_dartsim_vendor:/opt/ros/jazzy/opt/gz_cmake_vendor:/opt/ros/jazzy DEBUGINFOD_URLS=https://debuginfod.ubuntu.com /usr/bin/cmake --build /home/robolab/clearpath_ws/build/kinova_gen3_7dof_robotiq_2f_85_moveit_config -- -j4 -l4
[0.067s] Invoked command in '/home/robolab/clearpath_ws/build/kinova_gen3_7dof_robotiq_2f_85_moveit_config' returned '0': AMENT_PREFIX_PATH=/home/robolab/clearpath_ws/install/kortex_description:${AMENT_PREFIX_PATH} CMAKE_PREFIX_PATH=/home/robolab/clearpath_ws/install/kortex_description:/opt/ros/jazzy/opt/gz_sim_vendor:/opt/ros/jazzy/opt/gz_sensors_vendor:/opt/ros/jazzy/opt/gz_physics_vendor:/opt/ros/jazzy/opt/sdformat_vendor:/opt/ros/jazzy/opt/gz_gui_vendor:/opt/ros/jazzy/opt/gz_transport_vendor:/opt/ros/jazzy/opt/gz_rendering_vendor:/opt/ros/jazzy/opt/gz_plugin_vendor:/opt/ros/jazzy/opt/gz_fuel_tools_vendor:/opt/ros/jazzy/opt/gz_msgs_vendor:/opt/ros/jazzy/opt/gz_common_vendor:/opt/ros/jazzy/opt/gz_math_vendor:/opt/ros/jazzy/opt/gz_utils_vendor:/opt/ros/jazzy/opt/gz_tools_vendor:/opt/ros/jazzy/opt/gz_ogre_next_vendor:/opt/ros/jazzy/opt/gz_dartsim_vendor:/opt/ros/jazzy/opt/gz_cmake_vendor:/opt/ros/jazzy DEBUGINFOD_URLS=https://debuginfod.ubuntu.com /usr/bin/cmake --build /home/robolab/clearpath_ws/build/kinova_gen3_7dof_robotiq_2f_85_moveit_config -- -j4 -l4
[0.068s] Invoking command in '/home/robolab/clearpath_ws/build/kinova_gen3_7dof_robotiq_2f_85_moveit_config': AMENT_PREFIX_PATH=/home/robolab/clearpath_ws/install/kortex_description:${AMENT_PREFIX_PATH} CMAKE_PREFIX_PATH=/home/robolab/clearpath_ws/install/kortex_description:/opt/ros/jazzy/opt/gz_sim_vendor:/opt/ros/jazzy/opt/gz_sensors_vendor:/opt/ros/jazzy/opt/gz_physics_vendor:/opt/ros/jazzy/opt/sdformat_vendor:/opt/ros/jazzy/opt/gz_gui_vendor:/opt/ros/jazzy/opt/gz_transport_vendor:/opt/ros/jazzy/opt/gz_rendering_vendor:/opt/ros/jazzy/opt/gz_plugin_vendor:/opt/ros/jazzy/opt/gz_fuel_tools_vendor:/opt/ros/jazzy/opt/gz_msgs_vendor:/opt/ros/jazzy/opt/gz_common_vendor:/opt/ros/jazzy/opt/gz_math_vendor:/opt/ros/jazzy/opt/gz_utils_vendor:/opt/ros/jazzy/opt/gz_tools_vendor:/opt/ros/jazzy/opt/gz_ogre_next_vendor:/opt/ros/jazzy/opt/gz_dartsim_vendor:/opt/ros/jazzy/opt/gz_cmake_vendor:/opt/ros/jazzy DEBUGINFOD_URLS=https://debuginfod.ubuntu.com /usr/bin/cmake --install /home/robolab/clearpath_ws/build/kinova_gen3_7dof_robotiq_2f_85_moveit_config
[0.078s] -- Install configuration: ""
[0.079s] -- Up-to-date: /home/robolab/clearpath_ws/install/kinova_gen3_7dof_robotiq_2f_85_moveit_config/share/ament_index/resource_index/package_run_dependencies/kinova_gen3_7dof_robotiq_2f_85_moveit_config
[0.079s] -- Up-to-date: /home/robolab/clearpath_ws/install/kinova_gen3_7dof_robotiq_2f_85_moveit_config/share/ament_index/resource_index/parent_prefix_path/kinova_gen3_7dof_robotiq_2f_85_moveit_config
[0.079s] -- Up-to-date: /home/robolab/clearpath_ws/install/kinova_gen3_7dof_robotiq_2f_85_moveit_config/share/kinova_gen3_7dof_robotiq_2f_85_moveit_config/environment/ament_prefix_path.sh
[0.080s] -- Up-to-date: /home/robolab/clearpath_ws/install/kinova_gen3_7dof_robotiq_2f_85_moveit_config/share/kinova_gen3_7dof_robotiq_2f_85_moveit_config/environment/ament_prefix_path.dsv
[0.080s] -- Up-to-date: /home/robolab/clearpath_ws/install/kinova_gen3_7dof_robotiq_2f_85_moveit_config/share/kinova_gen3_7dof_robotiq_2f_85_moveit_config/environment/path.sh
[0.080s] -- Up-to-date: /home/robolab/clearpath_ws/install/kinova_gen3_7dof_robotiq_2f_85_moveit_config/share/kinova_gen3_7dof_robotiq_2f_85_moveit_config/environment/path.dsv
[0.080s] -- Up-to-date: /home/robolab/clearpath_ws/install/kinova_gen3_7dof_robotiq_2f_85_moveit_config/share/kinova_gen3_7dof_robotiq_2f_85_moveit_config/local_setup.bash
[0.080s] -- Up-to-date: /home/robolab/clearpath_ws/install/kinova_gen3_7dof_robotiq_2f_85_moveit_config/share/kinova_gen3_7dof_robotiq_2f_85_moveit_config/local_setup.sh
[0.080s] -- Up-to-date: /home/robolab/clearpath_ws/install/kinova_gen3_7dof_robotiq_2f_85_moveit_config/share/kinova_gen3_7dof_robotiq_2f_85_moveit_config/local_setup.zsh
[0.081s] -- Up-to-date: /home/robolab/clearpath_ws/install/kinova_gen3_7dof_robotiq_2f_85_moveit_config/share/kinova_gen3_7dof_robotiq_2f_85_moveit_config/local_setup.dsv
[0.081s] -- Installing: /home/robolab/clearpath_ws/install/kinova_gen3_7dof_robotiq_2f_85_moveit_config/share/kinova_gen3_7dof_robotiq_2f_85_moveit_config/package.dsv
[0.081s] -- Up-to-date: /home/robolab/clearpath_ws/install/kinova_gen3_7dof_robotiq_2f_85_moveit_config/share/ament_index/resource_index/packages/kinova_gen3_7dof_robotiq_2f_85_moveit_config
[0.081s] -- Up-to-date: /home/robolab/clearpath_ws/install/kinova_gen3_7dof_robotiq_2f_85_moveit_config/share/kinova_gen3_7dof_robotiq_2f_85_moveit_config/cmake/kinova_gen3_7dof_robotiq_2f_85_moveit_configConfig.cmake
[0.081s] -- Up-to-date: /home/robolab/clearpath_ws/install/kinova_gen3_7dof_robotiq_2f_85_moveit_config/share/kinova_gen3_7dof_robotiq_2f_85_moveit_config/cmake/kinova_gen3_7dof_robotiq_2f_85_moveit_configConfig-version.cmake
[0.081s] -- Up-to-date: /home/robolab/clearpath_ws/install/kinova_gen3_7dof_robotiq_2f_85_moveit_config/share/kinova_gen3_7dof_robotiq_2f_85_moveit_config/package.xml
[0.081s] -- Up-to-date: /home/robolab/clearpath_ws/install/kinova_gen3_7dof_robotiq_2f_85_moveit_config/share/kinova_gen3_7dof_robotiq_2f_85_moveit_config/launch
[0.081s] -- Up-to-date: /home/robolab/clearpath_ws/install/kinova_gen3_7dof_robotiq_2f_85_moveit_config/share/kinova_gen3_7dof_robotiq_2f_85_moveit_config/launch/setup_assistant.launch.py
[0.081s] -- Up-to-date: /home/robolab/clearpath_ws/install/kinova_gen3_7dof_robotiq_2f_85_moveit_config/share/kinova_gen3_7dof_robotiq_2f_85_moveit_config/launch/robot.launch.py
[0.081s] -- Up-to-date: /home/robolab/clearpath_ws/install/kinova_gen3_7dof_robotiq_2f_85_moveit_config/share/kinova_gen3_7dof_robotiq_2f_85_moveit_config/launch/moveit_rviz.launch.py
[0.081s] -- Up-to-date: /home/robolab/clearpath_ws/install/kinova_gen3_7dof_robotiq_2f_85_moveit_config/share/kinova_gen3_7dof_robotiq_2f_85_moveit_config/launch/move_group.launch.py
[0.081s] -- Up-to-date: /home/robolab/clearpath_ws/install/kinova_gen3_7dof_robotiq_2f_85_moveit_config/share/kinova_gen3_7dof_robotiq_2f_85_moveit_config/launch/sim.launch.py
[0.081s] -- Up-to-date: /home/robolab/clearpath_ws/install/kinova_gen3_7dof_robotiq_2f_85_moveit_config/share/kinova_gen3_7dof_robotiq_2f_85_moveit_config/launch/rsp.launch.py
[0.082s] -- Up-to-date: /home/robolab/clearpath_ws/install/kinova_gen3_7dof_robotiq_2f_85_moveit_config/share/kinova_gen3_7dof_robotiq_2f_85_moveit_config/launch/static_virtual_joint_tfs.launch.py
[0.082s] -- Up-to-date: /home/robolab/clearpath_ws/install/kinova_gen3_7dof_robotiq_2f_85_moveit_config/share/kinova_gen3_7dof_robotiq_2f_85_moveit_config/launch/spawn_controllers.launch.py
[0.082s] -- Up-to-date: /home/robolab/clearpath_ws/install/kinova_gen3_7dof_robotiq_2f_85_moveit_config/share/kinova_gen3_7dof_robotiq_2f_85_moveit_config/config
[0.082s] -- Up-to-date: /home/robolab/clearpath_ws/install/kinova_gen3_7dof_robotiq_2f_85_moveit_config/share/kinova_gen3_7dof_robotiq_2f_85_moveit_config/config/initial_positions.yaml
[0.082s] -- Up-to-date: /home/robolab/clearpath_ws/install/kinova_gen3_7dof_robotiq_2f_85_moveit_config/share/kinova_gen3_7dof_robotiq_2f_85_moveit_config/config/ompl_planning.yaml
[0.082s] -- Up-to-date: /home/robolab/clearpath_ws/install/kinova_gen3_7dof_robotiq_2f_85_moveit_config/share/kinova_gen3_7dof_robotiq_2f_85_moveit_config/config/kinematics.yaml
[0.082s] -- Up-to-date: /home/robolab/clearpath_ws/install/kinova_gen3_7dof_robotiq_2f_85_moveit_config/share/kinova_gen3_7dof_robotiq_2f_85_moveit_config/config/pilz_cartesian_limits.yaml
[0.082s] -- Up-to-date: /home/robolab/clearpath_ws/install/kinova_gen3_7dof_robotiq_2f_85_moveit_config/share/kinova_gen3_7dof_robotiq_2f_85_moveit_config/config/moveit.rviz
[0.082s] -- Up-to-date: /home/robolab/clearpath_ws/install/kinova_gen3_7dof_robotiq_2f_85_moveit_config/share/kinova_gen3_7dof_robotiq_2f_85_moveit_config/config/joint_limits.yaml
[0.082s] -- Up-to-date: /home/robolab/clearpath_ws/install/kinova_gen3_7dof_robotiq_2f_85_moveit_config/share/kinova_gen3_7dof_robotiq_2f_85_moveit_config/config/gen3.srdf
[0.082s] -- Up-to-date: /home/robolab/clearpath_ws/install/kinova_gen3_7dof_robotiq_2f_85_moveit_config/share/kinova_gen3_7dof_robotiq_2f_85_moveit_config/config/moveit_controllers.yaml
[0.082s] -- Up-to-date: /home/robolab/clearpath_ws/install/kinova_gen3_7dof_robotiq_2f_85_moveit_config/share/kinova_gen3_7dof_robotiq_2f_85_moveit_config/config/ros2_controllers.yaml
[0.082s] -- Up-to-date: /home/robolab/clearpath_ws/install/kinova_gen3_7dof_robotiq_2f_85_moveit_config/share/kinova_gen3_7dof_robotiq_2f_85_moveit_config/.setup_assistant
[0.085s] Invoked command in '/home/robolab/clearpath_ws/build/kinova_gen3_7dof_robotiq_2f_85_moveit_config' returned '0': AMENT_PREFIX_PATH=/home/robolab/clearpath_ws/install/kortex_description:${AMENT_PREFIX_PATH} CMAKE_PREFIX_PATH=/home/robolab/clearpath_ws/install/kortex_description:/opt/ros/jazzy/opt/gz_sim_vendor:/opt/ros/jazzy/opt/gz_sensors_vendor:/opt/ros/jazzy/opt/gz_physics_vendor:/opt/ros/jazzy/opt/sdformat_vendor:/opt/ros/jazzy/opt/gz_gui_vendor:/opt/ros/jazzy/opt/gz_transport_vendor:/opt/ros/jazzy/opt/gz_rendering_vendor:/opt/ros/jazzy/opt/gz_plugin_vendor:/opt/ros/jazzy/opt/gz_fuel_tools_vendor:/opt/ros/jazzy/opt/gz_msgs_vendor:/opt/ros/jazzy/opt/gz_common_vendor:/opt/ros/jazzy/opt/gz_math_vendor:/opt/ros/jazzy/opt/gz_utils_vendor:/opt/ros/jazzy/opt/gz_tools_vendor:/opt/ros/jazzy/opt/gz_ogre_next_vendor:/opt/ros/jazzy/opt/gz_dartsim_vendor:/opt/ros/jazzy/opt/gz_cmake_vendor:/opt/ros/jazzy DEBUGINFOD_URLS=https://debuginfod.ubuntu.com /usr/bin/cmake --install /home/robolab/clearpath_ws/build/kinova_gen3_7dof_robotiq_2f_85_moveit_config
