[0.000000] (-) TimerEvent: {}
[0.000607] (-) JobUnselected: {'identifier': 'clearpath_bt_joy'}
[0.000668] (-) JobUnselected: {'identifier': 'clearpath_common'}
[0.000686] (-) JobUnselected: {'identifier': 'clearpath_config'}
[0.000700] (-) JobUnselected: {'identifier': 'clearpath_control'}
[0.000713] (-) JobUnselected: {'identifier': 'clearpath_customization'}
[0.000726] (-) JobUnselected: {'identifier': 'clearpath_description'}
[0.000737] (-) JobUnselected: {'identifier': 'clearpath_diagnostics'}
[0.000748] (-) JobUnselected: {'identifier': 'clearpath_generator_common'}
[0.000759] (-) JobUnselected: {'identifier': 'clearpath_manipulators'}
[0.000771] (-) JobUnselected: {'identifier': 'clearpath_manipulators_description'}
[0.000782] (-) JobUnselected: {'identifier': 'clearpath_motor_msgs'}
[0.000794] (-) JobUnselected: {'identifier': 'clearpath_mounts_description'}
[0.000805] (-) JobUnselected: {'identifier': 'clearpath_msgs'}
[0.000817] (-) JobUnselected: {'identifier': 'clearpath_platform_description'}
[0.000828] (-) JobUnselected: {'identifier': 'clearpath_platform_msgs'}
[0.000839] (-) JobUnselected: {'identifier': 'clearpath_sensors_description'}
[0.000850] (-) JobUnselected: {'identifier': 'gazebo_dev'}
[0.000861] (-) JobUnselected: {'identifier': 'gazebo_msgs'}
[0.000872] (-) JobUnselected: {'identifier': 'gazebo_ros'}
[0.000889] (-) JobUnselected: {'identifier': 'gazebo_ros_pkgs'}
[0.000901] (-) JobUnselected: {'identifier': 'kinova_gen3_6dof_robotiq_2f_85_moveit_config'}
[0.000913] (-) JobUnselected: {'identifier': 'kinova_gen3_7dof_robotiq_2f_85_moveit_config'}
[0.000924] (-) JobUnselected: {'identifier': 'kinova_gen3_lite_moveit_config'}
[0.000935] (-) JobUnselected: {'identifier': 'kortex_api'}
[0.000946] (-) JobUnselected: {'identifier': 'kortex_bringup'}
[0.000958] (-) JobUnselected: {'identifier': 'kortex_description'}
[0.000969] (-) JobUnselected: {'identifier': 'kortex_driver'}
[0.000983] (gazebo_plugins) JobQueued: {'identifier': 'gazebo_plugins', 'dependencies': OrderedDict({'gazebo_dev': '/home/robolab/clearpath_ws/install/gazebo_dev', 'gazebo_msgs': '/home/robolab/clearpath_ws/install/gazebo_msgs', 'gazebo_ros': '/home/robolab/clearpath_ws/install/gazebo_ros'})}
[0.001006] (gazebo_plugins) JobStarted: {'identifier': 'gazebo_plugins'}
[0.027891] (gazebo_plugins) JobEnded: {'identifier': 'gazebo_plugins', 'rc': 1}
[0.038400] (-) EventReactorShutdown: {}
