[1.666s] Invoking command in '/home/robolab/clearpath_ws/build/clearpath_bt_joy': DEBUGINFOD_URLS=https://debuginfod.ubuntu.com PYTHONPATH=/home/robolab/clearpath_ws/build/clearpath_bt_joy/prefix_override:/usr/lib/python3/dist-packages/colcon_core/task/python/colcon_distutils_commands:/home/robolab/clearpath_ws/install/clearpath_bt_joy/lib/python3.12/site-packages:${PYTHONPATH} /usr/bin/python3 -W ignore:setup.py install is deprecated -W ignore:easy_install command is deprecated setup.py develop --uninstall --editable --build-directory /home/robolab/clearpath_ws/build/clearpath_bt_joy/build
[2.233s] running develop
[2.562s] Removing /home/robolab/clearpath_ws/install/clearpath_bt_joy/lib/python3.12/site-packages/clearpath-bt-joy.egg-link (link to .)
[2.682s] Invoked command in '/home/robolab/clearpath_ws/build/clearpath_bt_joy' returned '0': DEBUGINFOD_URLS=https://debuginfod.ubuntu.com PYTHONPATH=/home/robolab/clearpath_ws/build/clearpath_bt_joy/prefix_override:/usr/lib/python3/dist-packages/colcon_core/task/python/colcon_distutils_commands:/home/robolab/clearpath_ws/install/clearpath_bt_joy/lib/python3.12/site-packages:${PYTHONPATH} /usr/bin/python3 -W ignore:setup.py install is deprecated -W ignore:easy_install command is deprecated setup.py develop --uninstall --editable --build-directory /home/robolab/clearpath_ws/build/clearpath_bt_joy/build
[2.682s] Invoking command in '/home/robolab/clearpath_ws/src/clearpath_common/clearpath_bt_joy': DEBUGINFOD_URLS=https://debuginfod.ubuntu.com PYTHONPATH=/home/robolab/clearpath_ws/build/clearpath_bt_joy/prefix_override:/usr/lib/python3/dist-packages/colcon_core/task/python/colcon_distutils_commands:/home/robolab/clearpath_ws/install/clearpath_bt_joy/lib/python3.12/site-packages:${PYTHONPATH} /usr/bin/python3 -W ignore:setup.py install is deprecated -W ignore:easy_install command is deprecated setup.py egg_info --egg-base ../../../build/clearpath_bt_joy build --build-base /home/robolab/clearpath_ws/build/clearpath_bt_joy/build install --record /home/robolab/clearpath_ws/build/clearpath_bt_joy/install.log --single-version-externally-managed install_data --force
[3.165s] running egg_info
[3.200s] writing ../../../build/clearpath_bt_joy/clearpath_bt_joy.egg-info/PKG-INFO
[3.201s] writing dependency_links to ../../../build/clearpath_bt_joy/clearpath_bt_joy.egg-info/dependency_links.txt
[3.201s] writing entry points to ../../../build/clearpath_bt_joy/clearpath_bt_joy.egg-info/entry_points.txt
[3.204s] writing requirements to ../../../build/clearpath_bt_joy/clearpath_bt_joy.egg-info/requires.txt
[3.204s] writing top-level names to ../../../build/clearpath_bt_joy/clearpath_bt_joy.egg-info/top_level.txt
[3.281s] reading manifest file '../../../build/clearpath_bt_joy/clearpath_bt_joy.egg-info/SOURCES.txt'
[3.281s] adding license file 'LICENSE'
[3.282s] writing manifest file '../../../build/clearpath_bt_joy/clearpath_bt_joy.egg-info/SOURCES.txt'
[3.282s] running build
[3.282s] running build_py
[3.282s] creating /home/robolab/clearpath_ws/build/clearpath_bt_joy/build
[3.282s] creating /home/robolab/clearpath_ws/build/clearpath_bt_joy/build/lib
[3.283s] creating /home/robolab/clearpath_ws/build/clearpath_bt_joy/build/lib/clearpath_bt_joy
[3.283s] copying clearpath_bt_joy/clearpath_bt_joy_cutoff_node.py -> /home/robolab/clearpath_ws/build/clearpath_bt_joy/build/lib/clearpath_bt_joy
[3.285s] copying clearpath_bt_joy/__init__.py -> /home/robolab/clearpath_ws/build/clearpath_bt_joy/build/lib/clearpath_bt_joy
[3.285s] running install
[3.295s] running install_lib
[3.325s] creating /home/robolab/clearpath_ws/install/clearpath_bt_joy/lib/python3.12/site-packages/clearpath_bt_joy
[3.325s] copying /home/robolab/clearpath_ws/build/clearpath_bt_joy/build/lib/clearpath_bt_joy/clearpath_bt_joy_cutoff_node.py -> /home/robolab/clearpath_ws/install/clearpath_bt_joy/lib/python3.12/site-packages/clearpath_bt_joy
[3.326s] copying /home/robolab/clearpath_ws/build/clearpath_bt_joy/build/lib/clearpath_bt_joy/__init__.py -> /home/robolab/clearpath_ws/install/clearpath_bt_joy/lib/python3.12/site-packages/clearpath_bt_joy
[3.327s] byte-compiling /home/robolab/clearpath_ws/install/clearpath_bt_joy/lib/python3.12/site-packages/clearpath_bt_joy/clearpath_bt_joy_cutoff_node.py to clearpath_bt_joy_cutoff_node.cpython-312.pyc
[3.328s] byte-compiling /home/robolab/clearpath_ws/install/clearpath_bt_joy/lib/python3.12/site-packages/clearpath_bt_joy/__init__.py to __init__.cpython-312.pyc
[3.328s] running install_data
[3.328s] copying resource/clearpath_bt_joy -> /home/robolab/clearpath_ws/install/clearpath_bt_joy/share/ament_index/resource_index/packages
[3.330s] copying package.xml -> /home/robolab/clearpath_ws/install/clearpath_bt_joy/share/clearpath_bt_joy
[3.330s] running install_egg_info
[3.365s] Copying ../../../build/clearpath_bt_joy/clearpath_bt_joy.egg-info to /home/robolab/clearpath_ws/install/clearpath_bt_joy/lib/python3.12/site-packages/clearpath_bt_joy-2.9.4-py3.12.egg-info
[3.366s] running install_scripts
[3.560s] Installing clearpath_bt_joy_cutoff_node script to /home/robolab/clearpath_ws/install/clearpath_bt_joy/lib/clearpath_bt_joy
[3.560s] writing list of installed files to '/home/robolab/clearpath_ws/build/clearpath_bt_joy/install.log'
[3.620s] Invoked command in '/home/robolab/clearpath_ws/src/clearpath_common/clearpath_bt_joy' returned '0': DEBUGINFOD_URLS=https://debuginfod.ubuntu.com PYTHONPATH=/home/robolab/clearpath_ws/build/clearpath_bt_joy/prefix_override:/usr/lib/python3/dist-packages/colcon_core/task/python/colcon_distutils_commands:/home/robolab/clearpath_ws/install/clearpath_bt_joy/lib/python3.12/site-packages:${PYTHONPATH} /usr/bin/python3 -W ignore:setup.py install is deprecated -W ignore:easy_install command is deprecated setup.py egg_info --egg-base ../../../build/clearpath_bt_joy build --build-base /home/robolab/clearpath_ws/build/clearpath_bt_joy/build install --record /home/robolab/clearpath_ws/build/clearpath_bt_joy/install.log --single-version-externally-managed install_data --force
