[0.025s] Invoking command in '/home/robolab/clearpath_ws/build/clearpath_generator_common': AMENT_PREFIX_PATH=/home/robolab/clearpath_ws/install/clearpath_manipulators:/home/robolab/clearpath_ws/install/clearpath_diagnostics:/home/robolab/clearpath_ws/install/clearpath_description:/home/robolab/clearpath_ws/install/clearpath_control:/home/robolab/clearpath_ws/install/clearpath_sensors_description:/home/robolab/clearpath_ws/install/clearpath_platform_msgs:/home/robolab/clearpath_ws/install/clearpath_platform_description:/home/robolab/clearpath_ws/install/clearpath_mounts_description:/home/robolab/clearpath_ws/install/clearpath_manipulators_description:/home/robolab/clearpath_ws/install/clearpath_config:/home/robolab/clearpath_ws/install/clearpath_bt_joy:${AMENT_PREFIX_PATH} CMAKE_PREFIX_PATH=/home/robolab/clearpath_ws/install/clearpath_manipulators:/home/robolab/clearpath_ws/install/clearpath_diagnostics:/home/robolab/clearpath_ws/install/clearpath_description:/home/robolab/clearpath_ws/install/clearpath_control:/home/robolab/clearpath_ws/install/clearpath_sensors_description:/home/robolab/clearpath_ws/install/clearpath_platform_msgs:/home/robolab/clearpath_ws/install/clearpath_platform_description:/home/robolab/clearpath_ws/install/clearpath_mounts_description:/home/robolab/clearpath_ws/install/clearpath_manipulators_description:/opt/ros/jazzy/opt/gz_sim_vendor:/opt/ros/jazzy/opt/gz_sensors_vendor:/opt/ros/jazzy/opt/gz_physics_vendor:/opt/ros/jazzy/opt/gz_gui_vendor:/opt/ros/jazzy/opt/gz_transport_vendor:/opt/ros/jazzy/opt/gz_rendering_vendor:/opt/ros/jazzy/opt/gz_plugin_vendor:/opt/ros/jazzy/opt/gz_fuel_tools_vendor:/opt/ros/jazzy/opt/gz_msgs_vendor:/opt/ros/jazzy/opt/gz_common_vendor:/opt/ros/jazzy/opt/gz_ogre_next_vendor:/opt/ros/jazzy/opt/gz_dartsim_vendor:/opt/ros/jazzy/opt/sdformat_vendor:/opt/ros/jazzy/opt/gz_tools_vendor:/opt/ros/jazzy/opt/gz_math_vendor:/opt/ros/jazzy/opt/gz_utils_vendor:/opt/ros/jazzy/opt/gz_cmake_vendor:/opt/ros/jazzy DEBUGINFOD_URLS=https://debuginfod.ubuntu.com LD_LIBRARY_PATH=/home/robolab/clearpath_ws/install/clearpath_platform_msgs/lib:${LD_LIBRARY_PATH} PYTHONPATH=/home/robolab/clearpath_ws/install/clearpath_platform_msgs/lib/python3.12/site-packages:/home/robolab/clearpath_ws/build/clearpath_config:/home/robolab/clearpath_ws/install/clearpath_config/lib/python3.12/site-packages:/home/robolab/clearpath_ws/build/clearpath_bt_joy:/home/robolab/clearpath_ws/install/clearpath_bt_joy/lib/python3.12/site-packages:${PYTHONPATH} /usr/bin/cmake /home/robolab/clearpath_ws/src/clearpath_common/clearpath_generator_common -DAMENT_CMAKE_SYMLINK_INSTALL=1 -DCMAKE_INSTALL_PREFIX=/home/robolab/clearpath_ws/install/clearpath_generator_common
[0.083s] -- The C compiler identification is GNU 13.3.0
[0.139s] -- The CXX compiler identification is GNU 13.3.0
[0.156s] -- Detecting C compiler ABI info
[0.247s] -- Detecting C compiler ABI info - done
[0.257s] -- Check for working C compiler: /usr/bin/cc - skipped
[0.258s] -- Detecting C compile features
[0.258s] -- Detecting C compile features - done
[0.267s] -- Detecting CXX compiler ABI info
[0.369s] -- Detecting CXX compiler ABI info - done
[0.380s] -- Check for working CXX compiler: /usr/bin/c++ - skipped
[0.380s] -- Detecting CXX compile features
[0.380s] -- Detecting CXX compile features - done
[0.386s] -- Found ament_cmake: 2.5.5 (/opt/ros/jazzy/share/ament_cmake/cmake)
[0.570s] -- Found Python3: /usr/bin/python3 (found version "3.12.3") found components: Interpreter 
[0.649s] -- Override CMake install command with custom implementation using symlinks instead of copying resources
[0.712s] -- Found moveit_setup_framework: 2.12.4 (/opt/ros/jazzy/share/moveit_setup_framework/cmake)
[0.784s] -- Found rosidl_generator_c: 4.6.7 (/opt/ros/jazzy/share/rosidl_generator_c/cmake)
[0.805s] -- Found rosidl_generator_cpp: 4.6.7 (/opt/ros/jazzy/share/rosidl_generator_cpp/cmake)
[0.829s] -- Using all available rosidl_typesupport_c: rosidl_typesupport_fastrtps_c;rosidl_typesupport_introspection_c
[0.856s] -- Using all available rosidl_typesupport_cpp: rosidl_typesupport_fastrtps_cpp;rosidl_typesupport_introspection_cpp
[0.966s] -- Found rmw_implementation_cmake: 7.3.3 (/opt/ros/jazzy/share/rmw_implementation_cmake/cmake)
[0.971s] -- Found rmw_fastrtps_cpp: 8.4.3 (/opt/ros/jazzy/share/rmw_fastrtps_cpp/cmake)
[1.068s] -- Found OpenSSL: /usr/lib/x86_64-linux-gnu/libcrypto.so (found version "3.0.13")  
[1.091s] -- Found FastRTPS: /opt/ros/jazzy/include (Required is at least version "2.13") 
[1.116s] -- Using RMW implementation 'rmw_fastrtps_cpp' as default
[1.392s] -- Found Boost: /usr/lib/x86_64-linux-gnu/cmake/Boost-1.83.0/BoostConfig.cmake (found version "1.83.0") found components: chrono date_time filesystem iostreams program_options regex serialization system thread 
[1.478s] -- Found parameter_traits: 0.6.0 (/opt/ros/jazzy/share/parameter_traits/cmake)
[1.499s] -- Found rclcpp_lifecycle: 28.1.16 (/opt/ros/jazzy/share/rclcpp_lifecycle/cmake)
[1.547s] -- Found Boost: /usr/lib/x86_64-linux-gnu/cmake/Boost-1.83.0/BoostConfig.cmake (found version "1.83.0") found components: filesystem 
[1.730s] -- Found Eigen3: TRUE (found version "3.4.0") 
[1.730s] -- Ensuring Eigen3 include directory is part of orocos-kdl CMake target
[2.191s] -- Found Boost: /usr/lib/x86_64-linux-gnu/cmake/Boost-1.83.0/BoostConfig.cmake (found version "1.83.0") found components: system filesystem date_time program_options thread chrono 
[2.254s] -- Found Boost: /usr/lib/x86_64-linux-gnu/cmake/Boost-1.83.0/BoostConfig.cmake (found version "1.83.0") found components: thread date_time system filesystem 
[2.280s] -- Found Boost: /usr/lib/x86_64-linux-gnu/cmake/Boost-1.83.0/BoostConfig.cmake (found version "1.83.0") found components: date_time filesystem program_options system thread 
[2.302s] -- Found Boost: /usr/lib/x86_64-linux-gnu/cmake/Boost-1.83.0/BoostConfig.cmake (found version "1.83.0") found components: thread system filesystem regex date_time program_options 
[2.337s] -- Found Boost: /usr/lib/x86_64-linux-gnu/cmake/Boost-1.83.0/BoostConfig.cmake (found version "1.83.0") found components: system filesystem date_time program_options thread 
[2.438s] -- Setting OGRE_DIR to: '/opt/ros/jazzy/share/rviz_ogre_vendor/cmake/../../../opt/rviz_ogre_vendor/lib/OGRE/cmake'
[2.440s] -- Found OGRE
[2.440s] --   static     : OFF
[2.440s] --   components : MeshLodGenerator;Overlay;Paging;Property;RTShaderSystem;Terrain;Volume
[2.440s] --   plugins    : Plugin_BSPSceneManager;Plugin_OctreeSceneManager;Plugin_PCZSceneManager;Plugin_ParticleFX;RenderSystem_GL;RenderSystem_GL3Plus;Codec_STBI
[2.441s] --   media      : /opt/ros/jazzy/opt/rviz_ogre_vendor/share/OGRE/Media
[2.441s] -- OGRE_LIBRARIES: OgreMeshLodGenerator;OgreOverlay;OgrePaging;OgreProperty;OgreRTShaderSystem;OgreTerrain;OgreVolume;OgreMain
[2.441s] -- OGRE_LIBRARY_DIRS: /opt/ros/jazzy/opt/rviz_ogre_vendor/lib
[2.441s] -- OGRE_PLUGINS: Plugin_BSPSceneManager;Plugin_OctreeSceneManager;Plugin_PCZSceneManager;Plugin_ParticleFX;RenderSystem_GL;RenderSystem_GL3Plus;Codec_STBI
[2.441s] -- OGRE_PLUGIN_DIR: /opt/ros/jazzy/opt/rviz_ogre_vendor/lib/OGRE
[2.441s] -- rviz_ogre_vendor::OgreOverlay for IMPORTED_LOCATION_RELEASE: /opt/ros/jazzy/opt/rviz_ogre_vendor/lib/libOgreOverlay.so
[2.441s] -- rviz_ogre_vendor::OgreOverlay for IMPORTED_LOCATION_DEBUG: /opt/ros/jazzy/opt/rviz_ogre_vendor/lib/libOgreOverlay.so
[2.441s] -- rviz_ogre_vendor::OgreMain for IMPORTED_LOCATION_RELEASE: /opt/ros/jazzy/opt/rviz_ogre_vendor/lib/libOgreMain.so
[2.441s] -- rviz_ogre_vendor::OgreMain for IMPORTED_LOCATION_DEBUG: /opt/ros/jazzy/opt/rviz_ogre_vendor/lib/libOgreMain.so
[2.484s] -- Found ZLIB: /usr/lib/x86_64-linux-gnu/libz.so (found version "1.3")  
[2.497s] -- Found OpenGL: /usr/lib/x86_64-linux-gnu/libOpenGL.so   
[2.695s] -- Found X11: /usr/include   
[2.696s] -- Looking for XOpenDisplay in /usr/lib/x86_64-linux-gnu/libX11.so;/usr/lib/x86_64-linux-gnu/libXext.so
[2.788s] -- Looking for XOpenDisplay in /usr/lib/x86_64-linux-gnu/libX11.so;/usr/lib/x86_64-linux-gnu/libXext.so - found
[2.788s] -- Looking for gethostbyname
[2.876s] -- Looking for gethostbyname - found
[2.876s] -- Looking for connect
[2.967s] -- Looking for connect - found
[2.968s] -- Looking for remove
[3.056s] -- Looking for remove - found
[3.056s] -- Looking for shmat
[3.144s] -- Looking for shmat - found
[3.144s] -- Looking for IceConnectionNumber in ICE
[3.231s] -- Looking for IceConnectionNumber in ICE - found
[3.271s] -- Setting yaml-cpp_DIR to: '/opt/ros/jazzy/share/yaml_cpp_vendor/cmake/../../../opt/yaml_cpp_vendor/share/cmake/yaml-cpp'
[3.431s] -- Found moveit_setup_srdf_plugins: 2.12.4 (/opt/ros/jazzy/share/moveit_setup_srdf_plugins/cmake)
[3.554s] -- Found ament_lint_auto: 0.17.4 (/opt/ros/jazzy/share/ament_lint_auto/cmake)
[5.304s] -- Added test 'cppcheck' to perform static code analysis on C / C++ code
[5.304s] -- Configured cppcheck include dirs: 
[5.305s] -- Configured cppcheck exclude dirs and/or files: 
[5.309s] -- Added test 'flake8' to check Python code syntax and style conventions
[5.309s] -- Configured 'flake8' exclude dirs and/or files: 
[5.314s] -- Added test 'lint_cmake' to check CMake code style
[5.318s] -- Added test 'pep257' to check Python code against some of the docstring style conventions in PEP 257
[5.327s] -- Added test 'uncrustify' to check C / C++ code style
[5.327s] -- Configured uncrustify additional arguments: 
[5.330s] -- Added test 'xmllint' to check XML markup files
[5.334s] -- Configuring done (5.3s)
[5.382s] -- Generating done (0.0s)
[5.391s] -- Build files have been written to: /home/robolab/clearpath_ws/build/clearpath_generator_common
[5.413s] Invoked command in '/home/robolab/clearpath_ws/build/clearpath_generator_common' returned '0': AMENT_PREFIX_PATH=/home/robolab/clearpath_ws/install/clearpath_manipulators:/home/robolab/clearpath_ws/install/clearpath_diagnostics:/home/robolab/clearpath_ws/install/clearpath_description:/home/robolab/clearpath_ws/install/clearpath_control:/home/robolab/clearpath_ws/install/clearpath_sensors_description:/home/robolab/clearpath_ws/install/clearpath_platform_msgs:/home/robolab/clearpath_ws/install/clearpath_platform_description:/home/robolab/clearpath_ws/install/clearpath_mounts_description:/home/robolab/clearpath_ws/install/clearpath_manipulators_description:/home/robolab/clearpath_ws/install/clearpath_config:/home/robolab/clearpath_ws/install/clearpath_bt_joy:${AMENT_PREFIX_PATH} CMAKE_PREFIX_PATH=/home/robolab/clearpath_ws/install/clearpath_manipulators:/home/robolab/clearpath_ws/install/clearpath_diagnostics:/home/robolab/clearpath_ws/install/clearpath_description:/home/robolab/clearpath_ws/install/clearpath_control:/home/robolab/clearpath_ws/install/clearpath_sensors_description:/home/robolab/clearpath_ws/install/clearpath_platform_msgs:/home/robolab/clearpath_ws/install/clearpath_platform_description:/home/robolab/clearpath_ws/install/clearpath_mounts_description:/home/robolab/clearpath_ws/install/clearpath_manipulators_description:/opt/ros/jazzy/opt/gz_sim_vendor:/opt/ros/jazzy/opt/gz_sensors_vendor:/opt/ros/jazzy/opt/gz_physics_vendor:/opt/ros/jazzy/opt/gz_gui_vendor:/opt/ros/jazzy/opt/gz_transport_vendor:/opt/ros/jazzy/opt/gz_rendering_vendor:/opt/ros/jazzy/opt/gz_plugin_vendor:/opt/ros/jazzy/opt/gz_fuel_tools_vendor:/opt/ros/jazzy/opt/gz_msgs_vendor:/opt/ros/jazzy/opt/gz_common_vendor:/opt/ros/jazzy/opt/gz_ogre_next_vendor:/opt/ros/jazzy/opt/gz_dartsim_vendor:/opt/ros/jazzy/opt/sdformat_vendor:/opt/ros/jazzy/opt/gz_tools_vendor:/opt/ros/jazzy/opt/gz_math_vendor:/opt/ros/jazzy/opt/gz_utils_vendor:/opt/ros/jazzy/opt/gz_cmake_vendor:/opt/ros/jazzy DEBUGINFOD_URLS=https://debuginfod.ubuntu.com LD_LIBRARY_PATH=/home/robolab/clearpath_ws/install/clearpath_platform_msgs/lib:${LD_LIBRARY_PATH} PYTHONPATH=/home/robolab/clearpath_ws/install/clearpath_platform_msgs/lib/python3.12/site-packages:/home/robolab/clearpath_ws/build/clearpath_config:/home/robolab/clearpath_ws/install/clearpath_config/lib/python3.12/site-packages:/home/robolab/clearpath_ws/build/clearpath_bt_joy:/home/robolab/clearpath_ws/install/clearpath_bt_joy/lib/python3.12/site-packages:${PYTHONPATH} /usr/bin/cmake /home/robolab/clearpath_ws/src/clearpath_common/clearpath_generator_common -DAMENT_CMAKE_SYMLINK_INSTALL=1 -DCMAKE_INSTALL_PREFIX=/home/robolab/clearpath_ws/install/clearpath_generator_common
[5.414s] Invoking command in '/home/robolab/clearpath_ws/build/clearpath_generator_common': AMENT_PREFIX_PATH=/home/robolab/clearpath_ws/install/clearpath_manipulators:/home/robolab/clearpath_ws/install/clearpath_diagnostics:/home/robolab/clearpath_ws/install/clearpath_description:/home/robolab/clearpath_ws/install/clearpath_control:/home/robolab/clearpath_ws/install/clearpath_sensors_description:/home/robolab/clearpath_ws/install/clearpath_platform_msgs:/home/robolab/clearpath_ws/install/clearpath_platform_description:/home/robolab/clearpath_ws/install/clearpath_mounts_description:/home/robolab/clearpath_ws/install/clearpath_manipulators_description:/home/robolab/clearpath_ws/install/clearpath_config:/home/robolab/clearpath_ws/install/clearpath_bt_joy:${AMENT_PREFIX_PATH} CMAKE_PREFIX_PATH=/home/robolab/clearpath_ws/install/clearpath_manipulators:/home/robolab/clearpath_ws/install/clearpath_diagnostics:/home/robolab/clearpath_ws/install/clearpath_description:/home/robolab/clearpath_ws/install/clearpath_control:/home/robolab/clearpath_ws/install/clearpath_sensors_description:/home/robolab/clearpath_ws/install/clearpath_platform_msgs:/home/robolab/clearpath_ws/install/clearpath_platform_description:/home/robolab/clearpath_ws/install/clearpath_mounts_description:/home/robolab/clearpath_ws/install/clearpath_manipulators_description:/opt/ros/jazzy/opt/gz_sim_vendor:/opt/ros/jazzy/opt/gz_sensors_vendor:/opt/ros/jazzy/opt/gz_physics_vendor:/opt/ros/jazzy/opt/gz_gui_vendor:/opt/ros/jazzy/opt/gz_transport_vendor:/opt/ros/jazzy/opt/gz_rendering_vendor:/opt/ros/jazzy/opt/gz_plugin_vendor:/opt/ros/jazzy/opt/gz_fuel_tools_vendor:/opt/ros/jazzy/opt/gz_msgs_vendor:/opt/ros/jazzy/opt/gz_common_vendor:/opt/ros/jazzy/opt/gz_ogre_next_vendor:/opt/ros/jazzy/opt/gz_dartsim_vendor:/opt/ros/jazzy/opt/sdformat_vendor:/opt/ros/jazzy/opt/gz_tools_vendor:/opt/ros/jazzy/opt/gz_math_vendor:/opt/ros/jazzy/opt/gz_utils_vendor:/opt/ros/jazzy/opt/gz_cmake_vendor:/opt/ros/jazzy DEBUGINFOD_URLS=https://debuginfod.ubuntu.com LD_LIBRARY_PATH=/home/robolab/clearpath_ws/install/clearpath_platform_msgs/lib:${LD_LIBRARY_PATH} PYTHONPATH=/home/robolab/clearpath_ws/install/clearpath_platform_msgs/lib/python3.12/site-packages:/home/robolab/clearpath_ws/build/clearpath_config:/home/robolab/clearpath_ws/install/clearpath_config/lib/python3.12/site-packages:/home/robolab/clearpath_ws/build/clearpath_bt_joy:/home/robolab/clearpath_ws/install/clearpath_bt_joy/lib/python3.12/site-packages:${PYTHONPATH} /usr/bin/cmake --build /home/robolab/clearpath_ws/build/clearpath_generator_common -- -j4 -l4
[5.478s] [ 50%] [32mBuilding CXX object CMakeFiles/moveit_collision_updater.dir/src/moveit_collision_updater.cpp.o[0m
[5.487s] [ 50%] Built target ament_cmake_python_symlink_clearpath_generator_common
[5.746s] running egg_info
[5.747s] creating clearpath_generator_common.egg-info
[5.774s] writing clearpath_generator_common.egg-info/PKG-INFO
[5.774s] writing dependency_links to clearpath_generator_common.egg-info/dependency_links.txt
[5.774s] writing top-level names to clearpath_generator_common.egg-info/top_level.txt
[5.774s] writing manifest file 'clearpath_generator_common.egg-info/SOURCES.txt'
[5.853s] reading manifest file 'clearpath_generator_common.egg-info/SOURCES.txt'
[5.854s] writing manifest file 'clearpath_generator_common.egg-info/SOURCES.txt'
[5.886s] [ 50%] Built target ament_cmake_python_build_clearpath_generator_common_egg
[17.641s] [100%] [32m[1mLinking CXX executable moveit_collision_updater[0m
[18.423s] [100%] Built target moveit_collision_updater
[18.435s] Invoked command in '/home/robolab/clearpath_ws/build/clearpath_generator_common' returned '0': AMENT_PREFIX_PATH=/home/robolab/clearpath_ws/install/clearpath_manipulators:/home/robolab/clearpath_ws/install/clearpath_diagnostics:/home/robolab/clearpath_ws/install/clearpath_description:/home/robolab/clearpath_ws/install/clearpath_control:/home/robolab/clearpath_ws/install/clearpath_sensors_description:/home/robolab/clearpath_ws/install/clearpath_platform_msgs:/home/robolab/clearpath_ws/install/clearpath_platform_description:/home/robolab/clearpath_ws/install/clearpath_mounts_description:/home/robolab/clearpath_ws/install/clearpath_manipulators_description:/home/robolab/clearpath_ws/install/clearpath_config:/home/robolab/clearpath_ws/install/clearpath_bt_joy:${AMENT_PREFIX_PATH} CMAKE_PREFIX_PATH=/home/robolab/clearpath_ws/install/clearpath_manipulators:/home/robolab/clearpath_ws/install/clearpath_diagnostics:/home/robolab/clearpath_ws/install/clearpath_description:/home/robolab/clearpath_ws/install/clearpath_control:/home/robolab/clearpath_ws/install/clearpath_sensors_description:/home/robolab/clearpath_ws/install/clearpath_platform_msgs:/home/robolab/clearpath_ws/install/clearpath_platform_description:/home/robolab/clearpath_ws/install/clearpath_mounts_description:/home/robolab/clearpath_ws/install/clearpath_manipulators_description:/opt/ros/jazzy/opt/gz_sim_vendor:/opt/ros/jazzy/opt/gz_sensors_vendor:/opt/ros/jazzy/opt/gz_physics_vendor:/opt/ros/jazzy/opt/gz_gui_vendor:/opt/ros/jazzy/opt/gz_transport_vendor:/opt/ros/jazzy/opt/gz_rendering_vendor:/opt/ros/jazzy/opt/gz_plugin_vendor:/opt/ros/jazzy/opt/gz_fuel_tools_vendor:/opt/ros/jazzy/opt/gz_msgs_vendor:/opt/ros/jazzy/opt/gz_common_vendor:/opt/ros/jazzy/opt/gz_ogre_next_vendor:/opt/ros/jazzy/opt/gz_dartsim_vendor:/opt/ros/jazzy/opt/sdformat_vendor:/opt/ros/jazzy/opt/gz_tools_vendor:/opt/ros/jazzy/opt/gz_math_vendor:/opt/ros/jazzy/opt/gz_utils_vendor:/opt/ros/jazzy/opt/gz_cmake_vendor:/opt/ros/jazzy DEBUGINFOD_URLS=https://debuginfod.ubuntu.com LD_LIBRARY_PATH=/home/robolab/clearpath_ws/install/clearpath_platform_msgs/lib:${LD_LIBRARY_PATH} PYTHONPATH=/home/robolab/clearpath_ws/install/clearpath_platform_msgs/lib/python3.12/site-packages:/home/robolab/clearpath_ws/build/clearpath_config:/home/robolab/clearpath_ws/install/clearpath_config/lib/python3.12/site-packages:/home/robolab/clearpath_ws/build/clearpath_bt_joy:/home/robolab/clearpath_ws/install/clearpath_bt_joy/lib/python3.12/site-packages:${PYTHONPATH} /usr/bin/cmake --build /home/robolab/clearpath_ws/build/clearpath_generator_common -- -j4 -l4
[18.437s] Invoking command in '/home/robolab/clearpath_ws/build/clearpath_generator_common': AMENT_PREFIX_PATH=/home/robolab/clearpath_ws/install/clearpath_manipulators:/home/robolab/clearpath_ws/install/clearpath_diagnostics:/home/robolab/clearpath_ws/install/clearpath_description:/home/robolab/clearpath_ws/install/clearpath_control:/home/robolab/clearpath_ws/install/clearpath_sensors_description:/home/robolab/clearpath_ws/install/clearpath_platform_msgs:/home/robolab/clearpath_ws/install/clearpath_platform_description:/home/robolab/clearpath_ws/install/clearpath_mounts_description:/home/robolab/clearpath_ws/install/clearpath_manipulators_description:/home/robolab/clearpath_ws/install/clearpath_config:/home/robolab/clearpath_ws/install/clearpath_bt_joy:${AMENT_PREFIX_PATH} CMAKE_PREFIX_PATH=/home/robolab/clearpath_ws/install/clearpath_manipulators:/home/robolab/clearpath_ws/install/clearpath_diagnostics:/home/robolab/clearpath_ws/install/clearpath_description:/home/robolab/clearpath_ws/install/clearpath_control:/home/robolab/clearpath_ws/install/clearpath_sensors_description:/home/robolab/clearpath_ws/install/clearpath_platform_msgs:/home/robolab/clearpath_ws/install/clearpath_platform_description:/home/robolab/clearpath_ws/install/clearpath_mounts_description:/home/robolab/clearpath_ws/install/clearpath_manipulators_description:/opt/ros/jazzy/opt/gz_sim_vendor:/opt/ros/jazzy/opt/gz_sensors_vendor:/opt/ros/jazzy/opt/gz_physics_vendor:/opt/ros/jazzy/opt/gz_gui_vendor:/opt/ros/jazzy/opt/gz_transport_vendor:/opt/ros/jazzy/opt/gz_rendering_vendor:/opt/ros/jazzy/opt/gz_plugin_vendor:/opt/ros/jazzy/opt/gz_fuel_tools_vendor:/opt/ros/jazzy/opt/gz_msgs_vendor:/opt/ros/jazzy/opt/gz_common_vendor:/opt/ros/jazzy/opt/gz_ogre_next_vendor:/opt/ros/jazzy/opt/gz_dartsim_vendor:/opt/ros/jazzy/opt/sdformat_vendor:/opt/ros/jazzy/opt/gz_tools_vendor:/opt/ros/jazzy/opt/gz_math_vendor:/opt/ros/jazzy/opt/gz_utils_vendor:/opt/ros/jazzy/opt/gz_cmake_vendor:/opt/ros/jazzy DEBUGINFOD_URLS=https://debuginfod.ubuntu.com LD_LIBRARY_PATH=/home/robolab/clearpath_ws/install/clearpath_platform_msgs/lib:${LD_LIBRARY_PATH} PYTHONPATH=/home/robolab/clearpath_ws/install/clearpath_platform_msgs/lib/python3.12/site-packages:/home/robolab/clearpath_ws/build/clearpath_config:/home/robolab/clearpath_ws/install/clearpath_config/lib/python3.12/site-packages:/home/robolab/clearpath_ws/build/clearpath_bt_joy:/home/robolab/clearpath_ws/install/clearpath_bt_joy/lib/python3.12/site-packages:${PYTHONPATH} /usr/bin/cmake --install /home/robolab/clearpath_ws/build/clearpath_generator_common
[18.445s] -- Install configuration: ""
[18.446s] -- Execute custom install script
[18.446s] -- Symlinking: /home/robolab/clearpath_ws/install/clearpath_generator_common/lib/clearpath_generator_common/generate_description
[18.456s] -- Symlinking: /home/robolab/clearpath_ws/install/clearpath_generator_common/lib/clearpath_generator_common/generate_discovery_server
[18.465s] -- Symlinking: /home/robolab/clearpath_ws/install/clearpath_generator_common/lib/clearpath_generator_common/generate_bash
[18.475s] -- Symlinking: /home/robolab/clearpath_ws/install/clearpath_generator_common/lib/clearpath_generator_common/generate_semantic_description
[18.487s] -- Symlinking: /home/robolab/clearpath_ws/install/clearpath_generator_common/lib/clearpath_generator_common/generate_vcan
[18.498s] -- Symlinking: /home/robolab/clearpath_ws/install/clearpath_generator_common/lib/clearpath_generator_common/generate_zenoh_router
[18.507s] -- Symlinking: /home/robolab/clearpath_ws/install/clearpath_generator_common/share/clearpath_generator_common/environment/pythonpath.sh
[18.517s] -- Symlinking: /home/robolab/clearpath_ws/install/clearpath_generator_common/share/clearpath_generator_common/environment/pythonpath.dsv
[18.527s] -- Symlinking: /home/robolab/clearpath_ws/install/clearpath_generator_common/lib/python3.12/site-packages/clearpath_generator_common-2.9.4-py3.12.egg-info/PKG-INFO
[18.536s] -- Symlinking: /home/robolab/clearpath_ws/install/clearpath_generator_common/lib/python3.12/site-packages/clearpath_generator_common-2.9.4-py3.12.egg-info/SOURCES.txt
[18.546s] -- Symlinking: /home/robolab/clearpath_ws/install/clearpath_generator_common/lib/python3.12/site-packages/clearpath_generator_common-2.9.4-py3.12.egg-info/dependency_links.txt
[18.555s] -- Symlinking: /home/robolab/clearpath_ws/install/clearpath_generator_common/lib/python3.12/site-packages/clearpath_generator_common-2.9.4-py3.12.egg-info/top_level.txt
[18.566s] -- Symlinking: /home/robolab/clearpath_ws/install/clearpath_generator_common/lib/python3.12/site-packages/clearpath_generator_common/__init__.py
[18.575s] -- Symlinking: /home/robolab/clearpath_ws/install/clearpath_generator_common/lib/python3.12/site-packages/clearpath_generator_common/bash/__init__.py
[18.587s] -- Symlinking: /home/robolab/clearpath_ws/install/clearpath_generator_common/lib/python3.12/site-packages/clearpath_generator_common/bash/generate_bash
[18.597s] -- Symlinking: /home/robolab/clearpath_ws/install/clearpath_generator_common/lib/python3.12/site-packages/clearpath_generator_common/bash/generator.py
[18.607s] -- Symlinking: /home/robolab/clearpath_ws/install/clearpath_generator_common/lib/python3.12/site-packages/clearpath_generator_common/bash/writer.py
[18.616s] -- Symlinking: /home/robolab/clearpath_ws/install/clearpath_generator_common/lib/python3.12/site-packages/clearpath_generator_common/common.py
[18.626s] -- Symlinking: /home/robolab/clearpath_ws/install/clearpath_generator_common/lib/python3.12/site-packages/clearpath_generator_common/description/__init__.py
[18.635s] -- Symlinking: /home/robolab/clearpath_ws/install/clearpath_generator_common/lib/python3.12/site-packages/clearpath_generator_common/description/attachments.py
[18.645s] -- Symlinking: /home/robolab/clearpath_ws/install/clearpath_generator_common/lib/python3.12/site-packages/clearpath_generator_common/description/generate_description
[18.654s] -- Symlinking: /home/robolab/clearpath_ws/install/clearpath_generator_common/lib/python3.12/site-packages/clearpath_generator_common/description/generator.py
[18.663s] -- Symlinking: /home/robolab/clearpath_ws/install/clearpath_generator_common/lib/python3.12/site-packages/clearpath_generator_common/description/links.py
[18.673s] -- Symlinking: /home/robolab/clearpath_ws/install/clearpath_generator_common/lib/python3.12/site-packages/clearpath_generator_common/description/manipulators.py
[18.684s] -- Symlinking: /home/robolab/clearpath_ws/install/clearpath_generator_common/lib/python3.12/site-packages/clearpath_generator_common/description/mounts.py
[18.695s] -- Symlinking: /home/robolab/clearpath_ws/install/clearpath_generator_common/lib/python3.12/site-packages/clearpath_generator_common/description/platform.py
[18.706s] -- Symlinking: /home/robolab/clearpath_ws/install/clearpath_generator_common/lib/python3.12/site-packages/clearpath_generator_common/description/sensors.py
[18.717s] -- Symlinking: /home/robolab/clearpath_ws/install/clearpath_generator_common/lib/python3.12/site-packages/clearpath_generator_common/description/writer.py
[18.728s] -- Symlinking: /home/robolab/clearpath_ws/install/clearpath_generator_common/lib/python3.12/site-packages/clearpath_generator_common/discovery_server/generate_discovery_server
[18.739s] -- Symlinking: /home/robolab/clearpath_ws/install/clearpath_generator_common/lib/python3.12/site-packages/clearpath_generator_common/discovery_server/generator.py
[18.750s] -- Symlinking: /home/robolab/clearpath_ws/install/clearpath_generator_common/lib/python3.12/site-packages/clearpath_generator_common/launch/__init__.py
[18.760s] -- Symlinking: /home/robolab/clearpath_ws/install/clearpath_generator_common/lib/python3.12/site-packages/clearpath_generator_common/launch/generator.py
[18.771s] -- Symlinking: /home/robolab/clearpath_ws/install/clearpath_generator_common/lib/python3.12/site-packages/clearpath_generator_common/launch/writer.py
[18.784s] -- Symlinking: /home/robolab/clearpath_ws/install/clearpath_generator_common/lib/python3.12/site-packages/clearpath_generator_common/package/__init__.py
[18.794s] -- Symlinking: /home/robolab/clearpath_ws/install/clearpath_generator_common/lib/python3.12/site-packages/clearpath_generator_common/package/writer.py
[18.804s] -- Symlinking: /home/robolab/clearpath_ws/install/clearpath_generator_common/lib/python3.12/site-packages/clearpath_generator_common/param/__init__.py
[18.813s] -- Symlinking: /home/robolab/clearpath_ws/install/clearpath_generator_common/lib/python3.12/site-packages/clearpath_generator_common/param/generator.py
[18.823s] -- Symlinking: /home/robolab/clearpath_ws/install/clearpath_generator_common/lib/python3.12/site-packages/clearpath_generator_common/param/manipulators.py
[18.832s] -- Symlinking: /home/robolab/clearpath_ws/install/clearpath_generator_common/lib/python3.12/site-packages/clearpath_generator_common/param/platform.py
[18.842s] -- Symlinking: /home/robolab/clearpath_ws/install/clearpath_generator_common/lib/python3.12/site-packages/clearpath_generator_common/param/writer.py
[18.851s] -- Symlinking: /home/robolab/clearpath_ws/install/clearpath_generator_common/lib/python3.12/site-packages/clearpath_generator_common/ros.py
[18.861s] -- Symlinking: /home/robolab/clearpath_ws/install/clearpath_generator_common/lib/python3.12/site-packages/clearpath_generator_common/semantic_description/__init__.py
[18.873s] -- Symlinking: /home/robolab/clearpath_ws/install/clearpath_generator_common/lib/python3.12/site-packages/clearpath_generator_common/semantic_description/generate_semantic_description
[18.886s] -- Symlinking: /home/robolab/clearpath_ws/install/clearpath_generator_common/lib/python3.12/site-packages/clearpath_generator_common/semantic_description/generator.py
[18.897s] -- Symlinking: /home/robolab/clearpath_ws/install/clearpath_generator_common/lib/python3.12/site-packages/clearpath_generator_common/semantic_description/manipulators.py
[18.906s] -- Symlinking: /home/robolab/clearpath_ws/install/clearpath_generator_common/lib/python3.12/site-packages/clearpath_generator_common/vcan/generate_vcan
[18.916s] -- Symlinking: /home/robolab/clearpath_ws/install/clearpath_generator_common/lib/python3.12/site-packages/clearpath_generator_common/vcan/generator.py
[18.925s] -- Symlinking: /home/robolab/clearpath_ws/install/clearpath_generator_common/lib/python3.12/site-packages/clearpath_generator_common/zenoh_router/generate_zenoh_router
[18.935s] -- Symlinking: /home/robolab/clearpath_ws/install/clearpath_generator_common/lib/python3.12/site-packages/clearpath_generator_common/zenoh_router/generator.py
[18.946s] -- Symlinking: /home/robolab/clearpath_ws/install/clearpath_generator_common/share/ament_index/resource_index/package_run_dependencies/clearpath_generator_common
[18.958s] -- Symlinking: /home/robolab/clearpath_ws/install/clearpath_generator_common/share/ament_index/resource_index/parent_prefix_path/clearpath_generator_common
[18.969s] -- Symlinking: /home/robolab/clearpath_ws/install/clearpath_generator_common/share/clearpath_generator_common/environment/ament_prefix_path.sh
[18.982s] -- Symlinking: /home/robolab/clearpath_ws/install/clearpath_generator_common/share/clearpath_generator_common/environment/ament_prefix_path.dsv
[18.994s] -- Symlinking: /home/robolab/clearpath_ws/install/clearpath_generator_common/share/clearpath_generator_common/environment/path.sh
[19.004s] -- Symlinking: /home/robolab/clearpath_ws/install/clearpath_generator_common/share/clearpath_generator_common/environment/path.dsv
[19.014s] -- Symlinking: /home/robolab/clearpath_ws/install/clearpath_generator_common/share/clearpath_generator_common/local_setup.bash
[19.023s] -- Symlinking: /home/robolab/clearpath_ws/install/clearpath_generator_common/share/clearpath_generator_common/local_setup.sh
[19.033s] -- Symlinking: /home/robolab/clearpath_ws/install/clearpath_generator_common/share/clearpath_generator_common/local_setup.zsh
[19.042s] -- Symlinking: /home/robolab/clearpath_ws/install/clearpath_generator_common/share/clearpath_generator_common/local_setup.dsv
[19.052s] -- Symlinking: /home/robolab/clearpath_ws/install/clearpath_generator_common/share/clearpath_generator_common/package.dsv
[19.061s] -- Symlinking: /home/robolab/clearpath_ws/install/clearpath_generator_common/share/ament_index/resource_index/packages/clearpath_generator_common
[19.071s] -- Symlinking: /home/robolab/clearpath_ws/install/clearpath_generator_common/share/clearpath_generator_common/cmake/clearpath_generator_commonConfig.cmake
[19.083s] -- Symlinking: /home/robolab/clearpath_ws/install/clearpath_generator_common/share/clearpath_generator_common/cmake/clearpath_generator_commonConfig-version.cmake
[19.094s] -- Symlinking: /home/robolab/clearpath_ws/install/clearpath_generator_common/share/clearpath_generator_common/package.xml
[19.106s] -- Installing: /home/robolab/clearpath_ws/install/clearpath_generator_common/lib/clearpath_generator_common/moveit_collision_updater
[19.107s] -- Set non-toolchain portion of runtime path of "/home/robolab/clearpath_ws/install/clearpath_generator_common/lib/clearpath_generator_common/moveit_collision_updater" to ""
[19.179s] Listing '/home/robolab/clearpath_ws/install/clearpath_generator_common/lib/python3.12/site-packages/clearpath_generator_common'...
[19.179s] Compiling '/home/robolab/clearpath_ws/install/clearpath_generator_common/lib/python3.12/site-packages/clearpath_generator_common/__init__.py'...
[19.179s] Listing '/home/robolab/clearpath_ws/install/clearpath_generator_common/lib/python3.12/site-packages/clearpath_generator_common/bash'...
[19.179s] Compiling '/home/robolab/clearpath_ws/install/clearpath_generator_common/lib/python3.12/site-packages/clearpath_generator_common/bash/__init__.py'...
[19.179s] Compiling '/home/robolab/clearpath_ws/install/clearpath_generator_common/lib/python3.12/site-packages/clearpath_generator_common/bash/generator.py'...
[19.179s] Compiling '/home/robolab/clearpath_ws/install/clearpath_generator_common/lib/python3.12/site-packages/clearpath_generator_common/bash/writer.py'...
[19.180s] Compiling '/home/robolab/clearpath_ws/install/clearpath_generator_common/lib/python3.12/site-packages/clearpath_generator_common/common.py'...
[19.180s] Listing '/home/robolab/clearpath_ws/install/clearpath_generator_common/lib/python3.12/site-packages/clearpath_generator_common/description'...
[19.180s] Compiling '/home/robolab/clearpath_ws/install/clearpath_generator_common/lib/python3.12/site-packages/clearpath_generator_common/description/__init__.py'...
[19.180s] Compiling '/home/robolab/clearpath_ws/install/clearpath_generator_common/lib/python3.12/site-packages/clearpath_generator_common/description/attachments.py'...
[19.180s] Compiling '/home/robolab/clearpath_ws/install/clearpath_generator_common/lib/python3.12/site-packages/clearpath_generator_common/description/generator.py'...
[19.180s] Compiling '/home/robolab/clearpath_ws/install/clearpath_generator_common/lib/python3.12/site-packages/clearpath_generator_common/description/links.py'...
[19.180s] Compiling '/home/robolab/clearpath_ws/install/clearpath_generator_common/lib/python3.12/site-packages/clearpath_generator_common/description/manipulators.py'...
[19.180s] Compiling '/home/robolab/clearpath_ws/install/clearpath_generator_common/lib/python3.12/site-packages/clearpath_generator_common/description/mounts.py'...
[19.180s] Compiling '/home/robolab/clearpath_ws/install/clearpath_generator_common/lib/python3.12/site-packages/clearpath_generator_common/description/platform.py'...
[19.180s] Compiling '/home/robolab/clearpath_ws/install/clearpath_generator_common/lib/python3.12/site-packages/clearpath_generator_common/description/sensors.py'...
[19.180s] Compiling '/home/robolab/clearpath_ws/install/clearpath_generator_common/lib/python3.12/site-packages/clearpath_generator_common/description/writer.py'...
[19.180s] Listing '/home/robolab/clearpath_ws/install/clearpath_generator_common/lib/python3.12/site-packages/clearpath_generator_common/discovery_server'...
[19.180s] Compiling '/home/robolab/clearpath_ws/install/clearpath_generator_common/lib/python3.12/site-packages/clearpath_generator_common/discovery_server/generator.py'...
[19.181s] Listing '/home/robolab/clearpath_ws/install/clearpath_generator_common/lib/python3.12/site-packages/clearpath_generator_common/launch'...
[19.181s] Compiling '/home/robolab/clearpath_ws/install/clearpath_generator_common/lib/python3.12/site-packages/clearpath_generator_common/launch/__init__.py'...
[19.181s] Compiling '/home/robolab/clearpath_ws/install/clearpath_generator_common/lib/python3.12/site-packages/clearpath_generator_common/launch/generator.py'...
[19.181s] Compiling '/home/robolab/clearpath_ws/install/clearpath_generator_common/lib/python3.12/site-packages/clearpath_generator_common/launch/writer.py'...
[19.181s] Listing '/home/robolab/clearpath_ws/install/clearpath_generator_common/lib/python3.12/site-packages/clearpath_generator_common/package'...
[19.181s] Compiling '/home/robolab/clearpath_ws/install/clearpath_generator_common/lib/python3.12/site-packages/clearpath_generator_common/package/__init__.py'...
[19.181s] Compiling '/home/robolab/clearpath_ws/install/clearpath_generator_common/lib/python3.12/site-packages/clearpath_generator_common/package/writer.py'...
[19.181s] Listing '/home/robolab/clearpath_ws/install/clearpath_generator_common/lib/python3.12/site-packages/clearpath_generator_common/param'...
[19.181s] Compiling '/home/robolab/clearpath_ws/install/clearpath_generator_common/lib/python3.12/site-packages/clearpath_generator_common/param/__init__.py'...
[19.181s] Compiling '/home/robolab/clearpath_ws/install/clearpath_generator_common/lib/python3.12/site-packages/clearpath_generator_common/param/generator.py'...
[19.181s] Compiling '/home/robolab/clearpath_ws/install/clearpath_generator_common/lib/python3.12/site-packages/clearpath_generator_common/param/manipulators.py'...
[19.181s] Compiling '/home/robolab/clearpath_ws/install/clearpath_generator_common/lib/python3.12/site-packages/clearpath_generator_common/param/platform.py'...
[19.181s] Compiling '/home/robolab/clearpath_ws/install/clearpath_generator_common/lib/python3.12/site-packages/clearpath_generator_common/param/writer.py'...
[19.182s] Compiling '/home/robolab/clearpath_ws/install/clearpath_generator_common/lib/python3.12/site-packages/clearpath_generator_common/ros.py'...
[19.182s] Listing '/home/robolab/clearpath_ws/install/clearpath_generator_common/lib/python3.12/site-packages/clearpath_generator_common/semantic_description'...
[19.182s] Compiling '/home/robolab/clearpath_ws/install/clearpath_generator_common/lib/python3.12/site-packages/clearpath_generator_common/semantic_description/__init__.py'...
[19.182s] Compiling '/home/robolab/clearpath_ws/install/clearpath_generator_common/lib/python3.12/site-packages/clearpath_generator_common/semantic_description/generator.py'...
[19.182s] Compiling '/home/robolab/clearpath_ws/install/clearpath_generator_common/lib/python3.12/site-packages/clearpath_generator_common/semantic_description/manipulators.py'...
[19.182s] Listing '/home/robolab/clearpath_ws/install/clearpath_generator_common/lib/python3.12/site-packages/clearpath_generator_common/vcan'...
[19.182s] Compiling '/home/robolab/clearpath_ws/install/clearpath_generator_common/lib/python3.12/site-packages/clearpath_generator_common/vcan/generator.py'...
[19.182s] Listing '/home/robolab/clearpath_ws/install/clearpath_generator_common/lib/python3.12/site-packages/clearpath_generator_common/zenoh_router'...
[19.182s] Compiling '/home/robolab/clearpath_ws/install/clearpath_generator_common/lib/python3.12/site-packages/clearpath_generator_common/zenoh_router/generator.py'...
[19.192s] Invoked command in '/home/robolab/clearpath_ws/build/clearpath_generator_common' returned '0': AMENT_PREFIX_PATH=/home/robolab/clearpath_ws/install/clearpath_manipulators:/home/robolab/clearpath_ws/install/clearpath_diagnostics:/home/robolab/clearpath_ws/install/clearpath_description:/home/robolab/clearpath_ws/install/clearpath_control:/home/robolab/clearpath_ws/install/clearpath_sensors_description:/home/robolab/clearpath_ws/install/clearpath_platform_msgs:/home/robolab/clearpath_ws/install/clearpath_platform_description:/home/robolab/clearpath_ws/install/clearpath_mounts_description:/home/robolab/clearpath_ws/install/clearpath_manipulators_description:/home/robolab/clearpath_ws/install/clearpath_config:/home/robolab/clearpath_ws/install/clearpath_bt_joy:${AMENT_PREFIX_PATH} CMAKE_PREFIX_PATH=/home/robolab/clearpath_ws/install/clearpath_manipulators:/home/robolab/clearpath_ws/install/clearpath_diagnostics:/home/robolab/clearpath_ws/install/clearpath_description:/home/robolab/clearpath_ws/install/clearpath_control:/home/robolab/clearpath_ws/install/clearpath_sensors_description:/home/robolab/clearpath_ws/install/clearpath_platform_msgs:/home/robolab/clearpath_ws/install/clearpath_platform_description:/home/robolab/clearpath_ws/install/clearpath_mounts_description:/home/robolab/clearpath_ws/install/clearpath_manipulators_description:/opt/ros/jazzy/opt/gz_sim_vendor:/opt/ros/jazzy/opt/gz_sensors_vendor:/opt/ros/jazzy/opt/gz_physics_vendor:/opt/ros/jazzy/opt/gz_gui_vendor:/opt/ros/jazzy/opt/gz_transport_vendor:/opt/ros/jazzy/opt/gz_rendering_vendor:/opt/ros/jazzy/opt/gz_plugin_vendor:/opt/ros/jazzy/opt/gz_fuel_tools_vendor:/opt/ros/jazzy/opt/gz_msgs_vendor:/opt/ros/jazzy/opt/gz_common_vendor:/opt/ros/jazzy/opt/gz_ogre_next_vendor:/opt/ros/jazzy/opt/gz_dartsim_vendor:/opt/ros/jazzy/opt/sdformat_vendor:/opt/ros/jazzy/opt/gz_tools_vendor:/opt/ros/jazzy/opt/gz_math_vendor:/opt/ros/jazzy/opt/gz_utils_vendor:/opt/ros/jazzy/opt/gz_cmake_vendor:/opt/ros/jazzy DEBUGINFOD_URLS=https://debuginfod.ubuntu.com LD_LIBRARY_PATH=/home/robolab/clearpath_ws/install/clearpath_platform_msgs/lib:${LD_LIBRARY_PATH} PYTHONPATH=/home/robolab/clearpath_ws/install/clearpath_platform_msgs/lib/python3.12/site-packages:/home/robolab/clearpath_ws/build/clearpath_config:/home/robolab/clearpath_ws/install/clearpath_config/lib/python3.12/site-packages:/home/robolab/clearpath_ws/build/clearpath_bt_joy:/home/robolab/clearpath_ws/install/clearpath_bt_joy/lib/python3.12/site-packages:${PYTHONPATH} /usr/bin/cmake --install /home/robolab/clearpath_ws/build/clearpath_generator_common
