[0.020s] Invoking command in '/home/robolab/clearpath_ws/build/clearpath_diagnostics': AMENT_PREFIX_PATH=/home/robolab/clearpath_ws/install/clearpath_platform_msgs:${AMENT_PREFIX_PATH} CMAKE_PREFIX_PATH=/home/robolab/clearpath_ws/install/clearpath_platform_msgs:/opt/ros/jazzy/opt/gz_sim_vendor:/opt/ros/jazzy/opt/gz_sensors_vendor:/opt/ros/jazzy/opt/gz_physics_vendor:/opt/ros/jazzy/opt/sdformat_vendor:/opt/ros/jazzy/opt/gz_gui_vendor:/opt/ros/jazzy/opt/gz_transport_vendor:/opt/ros/jazzy/opt/gz_rendering_vendor:/opt/ros/jazzy/opt/gz_plugin_vendor:/opt/ros/jazzy/opt/gz_fuel_tools_vendor:/opt/ros/jazzy/opt/gz_msgs_vendor:/opt/ros/jazzy/opt/gz_common_vendor:/opt/ros/jazzy/opt/gz_math_vendor:/opt/ros/jazzy/opt/gz_utils_vendor:/opt/ros/jazzy/opt/gz_tools_vendor:/opt/ros/jazzy/opt/gz_ogre_next_vendor:/opt/ros/jazzy/opt/gz_dartsim_vendor:/opt/ros/jazzy/opt/gz_cmake_vendor:/opt/ros/jazzy DEBUGINFOD_URLS=https://debuginfod.ubuntu.com LD_LIBRARY_PATH=/home/robolab/clearpath_ws/install/clearpath_platform_msgs/lib:${LD_LIBRARY_PATH} PYTHONPATH=/home/robolab/clearpath_ws/install/clearpath_platform_msgs/lib/python3.12/site-packages:${PYTHONPATH} /usr/bin/cmake --build /home/robolab/clearpath_ws/build/clearpath_diagnostics -- -j4 -l4
[0.110s] [100%] Built target clearpath_diagnostic_updater
[0.124s] Invoked command in '/home/robolab/clearpath_ws/build/clearpath_diagnostics' returned '0': AMENT_PREFIX_PATH=/home/robolab/clearpath_ws/install/clearpath_platform_msgs:${AMENT_PREFIX_PATH} CMAKE_PREFIX_PATH=/home/robolab/clearpath_ws/install/clearpath_platform_msgs:/opt/ros/jazzy/opt/gz_sim_vendor:/opt/ros/jazzy/opt/gz_sensors_vendor:/opt/ros/jazzy/opt/gz_physics_vendor:/opt/ros/jazzy/opt/sdformat_vendor:/opt/ros/jazzy/opt/gz_gui_vendor:/opt/ros/jazzy/opt/gz_transport_vendor:/opt/ros/jazzy/opt/gz_rendering_vendor:/opt/ros/jazzy/opt/gz_plugin_vendor:/opt/ros/jazzy/opt/gz_fuel_tools_vendor:/opt/ros/jazzy/opt/gz_msgs_vendor:/opt/ros/jazzy/opt/gz_common_vendor:/opt/ros/jazzy/opt/gz_math_vendor:/opt/ros/jazzy/opt/gz_utils_vendor:/opt/ros/jazzy/opt/gz_tools_vendor:/opt/ros/jazzy/opt/gz_ogre_next_vendor:/opt/ros/jazzy/opt/gz_dartsim_vendor:/opt/ros/jazzy/opt/gz_cmake_vendor:/opt/ros/jazzy DEBUGINFOD_URLS=https://debuginfod.ubuntu.com LD_LIBRARY_PATH=/home/robolab/clearpath_ws/install/clearpath_platform_msgs/lib:${LD_LIBRARY_PATH} PYTHONPATH=/home/robolab/clearpath_ws/install/clearpath_platform_msgs/lib/python3.12/site-packages:${PYTHONPATH} /usr/bin/cmake --build /home/robolab/clearpath_ws/build/clearpath_diagnostics -- -j4 -l4
[0.125s] Invoking command in '/home/robolab/clearpath_ws/build/clearpath_diagnostics': AMENT_PREFIX_PATH=/home/robolab/clearpath_ws/install/clearpath_platform_msgs:${AMENT_PREFIX_PATH} CMAKE_PREFIX_PATH=/home/robolab/clearpath_ws/install/clearpath_platform_msgs:/opt/ros/jazzy/opt/gz_sim_vendor:/opt/ros/jazzy/opt/gz_sensors_vendor:/opt/ros/jazzy/opt/gz_physics_vendor:/opt/ros/jazzy/opt/sdformat_vendor:/opt/ros/jazzy/opt/gz_gui_vendor:/opt/ros/jazzy/opt/gz_transport_vendor:/opt/ros/jazzy/opt/gz_rendering_vendor:/opt/ros/jazzy/opt/gz_plugin_vendor:/opt/ros/jazzy/opt/gz_fuel_tools_vendor:/opt/ros/jazzy/opt/gz_msgs_vendor:/opt/ros/jazzy/opt/gz_common_vendor:/opt/ros/jazzy/opt/gz_math_vendor:/opt/ros/jazzy/opt/gz_utils_vendor:/opt/ros/jazzy/opt/gz_tools_vendor:/opt/ros/jazzy/opt/gz_ogre_next_vendor:/opt/ros/jazzy/opt/gz_dartsim_vendor:/opt/ros/jazzy/opt/gz_cmake_vendor:/opt/ros/jazzy DEBUGINFOD_URLS=https://debuginfod.ubuntu.com LD_LIBRARY_PATH=/home/robolab/clearpath_ws/install/clearpath_platform_msgs/lib:${LD_LIBRARY_PATH} PYTHONPATH=/home/robolab/clearpath_ws/install/clearpath_platform_msgs/lib/python3.12/site-packages:${PYTHONPATH} /usr/bin/cmake --install /home/robolab/clearpath_ws/build/clearpath_diagnostics
[0.137s] -- Install configuration: ""
[0.138s] -- Execute custom install script
[0.138s] -- Up-to-date symlink: /home/robolab/clearpath_ws/install/clearpath_diagnostics/lib/clearpath_diagnostics/clearpath_diagnostic_updater
[0.138s] -- Up-to-date symlink: /home/robolab/clearpath_ws/install/clearpath_diagnostics/share/clearpath_diagnostics/config/diagnostic_aggregator.yaml
[0.139s] -- Up-to-date symlink: /home/robolab/clearpath_ws/install/clearpath_diagnostics/share/clearpath_diagnostics/config/diagnostic_updater.yaml
[0.139s] -- Up-to-date symlink: /home/robolab/clearpath_ws/install/clearpath_diagnostics/share/clearpath_diagnostics/config/foxglove_bridge.yaml
[0.144s] -- Up-to-date symlink: /home/robolab/clearpath_ws/install/clearpath_diagnostics/share/clearpath_diagnostics/launch/diagnostics.launch.py
[0.144s] -- Up-to-date symlink: /home/robolab/clearpath_ws/install/clearpath_diagnostics/share/clearpath_diagnostics/launch/foxglove_bridge.launch.py
[0.144s] -- Up-to-date symlink: /home/robolab/clearpath_ws/install/clearpath_diagnostics/share/ament_index/resource_index/package_run_dependencies/clearpath_diagnostics
[0.144s] -- Up-to-date symlink: /home/robolab/clearpath_ws/install/clearpath_diagnostics/share/ament_index/resource_index/parent_prefix_path/clearpath_diagnostics
[0.145s] -- Up-to-date symlink: /home/robolab/clearpath_ws/install/clearpath_diagnostics/share/clearpath_diagnostics/environment/ament_prefix_path.sh
[0.145s] -- Up-to-date symlink: /home/robolab/clearpath_ws/install/clearpath_diagnostics/share/clearpath_diagnostics/environment/ament_prefix_path.dsv
[0.145s] -- Up-to-date symlink: /home/robolab/clearpath_ws/install/clearpath_diagnostics/share/clearpath_diagnostics/environment/path.sh
[0.145s] -- Up-to-date symlink: /home/robolab/clearpath_ws/install/clearpath_diagnostics/share/clearpath_diagnostics/environment/path.dsv
[0.145s] -- Up-to-date symlink: /home/robolab/clearpath_ws/install/clearpath_diagnostics/share/clearpath_diagnostics/local_setup.bash
[0.145s] -- Up-to-date symlink: /home/robolab/clearpath_ws/install/clearpath_diagnostics/share/clearpath_diagnostics/local_setup.sh
[0.145s] -- Up-to-date symlink: /home/robolab/clearpath_ws/install/clearpath_diagnostics/share/clearpath_diagnostics/local_setup.zsh
[0.145s] -- Up-to-date symlink: /home/robolab/clearpath_ws/install/clearpath_diagnostics/share/clearpath_diagnostics/local_setup.dsv
[0.145s] -- Symlinking: /home/robolab/clearpath_ws/install/clearpath_diagnostics/share/clearpath_diagnostics/package.dsv
[0.163s] -- Up-to-date symlink: /home/robolab/clearpath_ws/install/clearpath_diagnostics/share/ament_index/resource_index/packages/clearpath_diagnostics
[0.164s] -- Up-to-date symlink: /home/robolab/clearpath_ws/install/clearpath_diagnostics/share/clearpath_diagnostics/cmake/clearpath_diagnosticsConfig.cmake
[0.164s] -- Up-to-date symlink: /home/robolab/clearpath_ws/install/clearpath_diagnostics/share/clearpath_diagnostics/cmake/clearpath_diagnosticsConfig-version.cmake
[0.164s] -- Up-to-date symlink: /home/robolab/clearpath_ws/install/clearpath_diagnostics/share/clearpath_diagnostics/package.xml
[0.169s] Invoked command in '/home/robolab/clearpath_ws/build/clearpath_diagnostics' returned '0': AMENT_PREFIX_PATH=/home/robolab/clearpath_ws/install/clearpath_platform_msgs:${AMENT_PREFIX_PATH} CMAKE_PREFIX_PATH=/home/robolab/clearpath_ws/install/clearpath_platform_msgs:/opt/ros/jazzy/opt/gz_sim_vendor:/opt/ros/jazzy/opt/gz_sensors_vendor:/opt/ros/jazzy/opt/gz_physics_vendor:/opt/ros/jazzy/opt/sdformat_vendor:/opt/ros/jazzy/opt/gz_gui_vendor:/opt/ros/jazzy/opt/gz_transport_vendor:/opt/ros/jazzy/opt/gz_rendering_vendor:/opt/ros/jazzy/opt/gz_plugin_vendor:/opt/ros/jazzy/opt/gz_fuel_tools_vendor:/opt/ros/jazzy/opt/gz_msgs_vendor:/opt/ros/jazzy/opt/gz_common_vendor:/opt/ros/jazzy/opt/gz_math_vendor:/opt/ros/jazzy/opt/gz_utils_vendor:/opt/ros/jazzy/opt/gz_tools_vendor:/opt/ros/jazzy/opt/gz_ogre_next_vendor:/opt/ros/jazzy/opt/gz_dartsim_vendor:/opt/ros/jazzy/opt/gz_cmake_vendor:/opt/ros/jazzy DEBUGINFOD_URLS=https://debuginfod.ubuntu.com LD_LIBRARY_PATH=/home/robolab/clearpath_ws/install/clearpath_platform_msgs/lib:${LD_LIBRARY_PATH} PYTHONPATH=/home/robolab/clearpath_ws/install/clearpath_platform_msgs/lib/python3.12/site-packages:${PYTHONPATH} /usr/bin/cmake --install /home/robolab/clearpath_ws/build/clearpath_diagnostics
