[0.016s] Invoking command in '/home/robolab/clearpath_ws/build/kortex_driver': AMENT_PREFIX_PATH=/home/robolab/clearpath_ws/install/kortex_api:${AMENT_PREFIX_PATH} CMAKE_PREFIX_PATH=/home/robolab/clearpath_ws/install/kortex_api:/opt/ros/jazzy/opt/gz_sim_vendor:/opt/ros/jazzy/opt/gz_sensors_vendor:/opt/ros/jazzy/opt/gz_physics_vendor:/opt/ros/jazzy/opt/gz_gui_vendor:/opt/ros/jazzy/opt/gz_transport_vendor:/opt/ros/jazzy/opt/gz_rendering_vendor:/opt/ros/jazzy/opt/gz_plugin_vendor:/opt/ros/jazzy/opt/gz_fuel_tools_vendor:/opt/ros/jazzy/opt/gz_msgs_vendor:/opt/ros/jazzy/opt/gz_common_vendor:/opt/ros/jazzy/opt/gz_ogre_next_vendor:/opt/ros/jazzy/opt/gz_dartsim_vendor:/opt/ros/jazzy/opt/sdformat_vendor:/opt/ros/jazzy/opt/gz_tools_vendor:/opt/ros/jazzy/opt/gz_math_vendor:/opt/ros/jazzy/opt/gz_utils_vendor:/opt/ros/jazzy/opt/gz_cmake_vendor:/opt/ros/jazzy DEBUGINFOD_URLS=https://debuginfod.ubuntu.com /usr/bin/cmake /home/robolab/clearpath_ws/src/ros2_kortex/kortex_driver -DCMAKE_INSTALL_PREFIX=/home/robolab/clearpath_ws/install/kortex_driver
[0.065s] [33mCMake Warning (dev) at /usr/share/cmake-3.28/Modules/FetchContent.cmake:1331 (message):
[0.065s]   The DOWNLOAD_EXTRACT_TIMESTAMP option was not given and policy CMP0135 is
[0.065s]   not set.  The policy's OLD behavior will be used.  When using a URL
[0.065s]   download, the timestamps of extracted files should preferably be that of
[0.066s]   the time of extraction, otherwise code that depends on the extracted
[0.066s]   contents might not be rebuilt if the URL changes.  The OLD behavior
[0.066s]   preserves the timestamps from the archive instead, but this is usually not
[0.066s]   what you want.  Update your project to the NEW behavior or specify the
[0.066s]   DOWNLOAD_EXTRACT_TIMESTAMP option with a value of true to avoid this
[0.066s]   robustness issue.
[0.066s] Call Stack (most recent call first):
[0.066s]   CMakeLists.txt:3 (FetchContent_Declare)
[0.066s] This warning is for project developers.  Use -Wno-dev to suppress it.
[0.066s] [0m
[2.876s] -- The C compiler identification is GNU 13.3.0
[2.949s] -- The CXX compiler identification is GNU 13.3.0
[2.973s] -- Detecting C compiler ABI info
[3.113s] -- Detecting C compiler ABI info - done
[3.124s] -- Check for working C compiler: /usr/bin/cc - skipped
[3.125s] -- Detecting C compile features
[3.125s] -- Detecting C compile features - done
[3.136s] -- Detecting CXX compiler ABI info
[3.307s] -- Detecting CXX compiler ABI info - done
[3.319s] -- Check for working CXX compiler: /usr/bin/c++ - skipped
[3.319s] -- Detecting CXX compile features
[3.319s] -- Detecting CXX compile features - done
[3.323s] -- Found ament_cmake: 2.5.5 (/opt/ros/jazzy/share/ament_cmake/cmake)
[3.527s] -- Found Python3: /usr/bin/python3 (found version "3.12.3") found components: Interpreter 
[3.707s] -- Found hardware_interface: 4.42.2 (/opt/ros/jazzy/share/hardware_interface/cmake)
[3.795s] -- Found rosidl_generator_c: 4.6.7 (/opt/ros/jazzy/share/rosidl_generator_c/cmake)
[3.823s] -- Found rosidl_generator_cpp: 4.6.7 (/opt/ros/jazzy/share/rosidl_generator_cpp/cmake)
[3.849s] -- Using all available rosidl_typesupport_c: rosidl_typesupport_fastrtps_c;rosidl_typesupport_introspection_c
[3.880s] -- Using all available rosidl_typesupport_cpp: rosidl_typesupport_fastrtps_cpp;rosidl_typesupport_introspection_cpp
[4.209s] -- Found TinyXML2 via Config file: /usr/lib/x86_64-linux-gnu/cmake/tinyxml2
[4.282s] -- Found rmw_implementation_cmake: 7.3.3 (/opt/ros/jazzy/share/rmw_implementation_cmake/cmake)
[4.288s] -- Found rmw_fastrtps_cpp: 8.4.3 (/opt/ros/jazzy/share/rmw_fastrtps_cpp/cmake)
[4.326s] -- Found TinyXML2 via Config file: /usr/lib/x86_64-linux-gnu/cmake/tinyxml2
[4.412s] -- Found OpenSSL: /usr/lib/x86_64-linux-gnu/libcrypto.so (found version "3.0.13")  
[4.418s] -- Found TinyXML2 via Config file: /usr/lib/x86_64-linux-gnu/cmake/tinyxml2
[4.442s] -- Found FastRTPS: /opt/ros/jazzy/include (Required is at least version "2.13") 
[4.445s] -- Found TinyXML2 via Config file: /usr/lib/x86_64-linux-gnu/cmake/tinyxml2
[4.458s] -- Found TinyXML2 via Config file: /usr/lib/x86_64-linux-gnu/cmake/tinyxml2
[4.475s] -- Using RMW implementation 'rmw_fastrtps_cpp' as default
[4.889s] -- Found kortex_api: 0.2.5 (/home/robolab/clearpath_ws/install/kortex_api/share/kortex_api/cmake)
[5.030s] -- Configuring done (5.0s)
[5.070s] -- Generating done (0.0s)
[5.076s] -- Build files have been written to: /home/robolab/clearpath_ws/build/kortex_driver
[5.100s] Invoked command in '/home/robolab/clearpath_ws/build/kortex_driver' returned '0': AMENT_PREFIX_PATH=/home/robolab/clearpath_ws/install/kortex_api:${AMENT_PREFIX_PATH} CMAKE_PREFIX_PATH=/home/robolab/clearpath_ws/install/kortex_api:/opt/ros/jazzy/opt/gz_sim_vendor:/opt/ros/jazzy/opt/gz_sensors_vendor:/opt/ros/jazzy/opt/gz_physics_vendor:/opt/ros/jazzy/opt/gz_gui_vendor:/opt/ros/jazzy/opt/gz_transport_vendor:/opt/ros/jazzy/opt/gz_rendering_vendor:/opt/ros/jazzy/opt/gz_plugin_vendor:/opt/ros/jazzy/opt/gz_fuel_tools_vendor:/opt/ros/jazzy/opt/gz_msgs_vendor:/opt/ros/jazzy/opt/gz_common_vendor:/opt/ros/jazzy/opt/gz_ogre_next_vendor:/opt/ros/jazzy/opt/gz_dartsim_vendor:/opt/ros/jazzy/opt/sdformat_vendor:/opt/ros/jazzy/opt/gz_tools_vendor:/opt/ros/jazzy/opt/gz_math_vendor:/opt/ros/jazzy/opt/gz_utils_vendor:/opt/ros/jazzy/opt/gz_cmake_vendor:/opt/ros/jazzy DEBUGINFOD_URLS=https://debuginfod.ubuntu.com /usr/bin/cmake /home/robolab/clearpath_ws/src/ros2_kortex/kortex_driver -DCMAKE_INSTALL_PREFIX=/home/robolab/clearpath_ws/install/kortex_driver
[5.100s] Invoking command in '/home/robolab/clearpath_ws/build/kortex_driver': AMENT_PREFIX_PATH=/home/robolab/clearpath_ws/install/kortex_api:${AMENT_PREFIX_PATH} CMAKE_PREFIX_PATH=/home/robolab/clearpath_ws/install/kortex_api:/opt/ros/jazzy/opt/gz_sim_vendor:/opt/ros/jazzy/opt/gz_sensors_vendor:/opt/ros/jazzy/opt/gz_physics_vendor:/opt/ros/jazzy/opt/gz_gui_vendor:/opt/ros/jazzy/opt/gz_transport_vendor:/opt/ros/jazzy/opt/gz_rendering_vendor:/opt/ros/jazzy/opt/gz_plugin_vendor:/opt/ros/jazzy/opt/gz_fuel_tools_vendor:/opt/ros/jazzy/opt/gz_msgs_vendor:/opt/ros/jazzy/opt/gz_common_vendor:/opt/ros/jazzy/opt/gz_ogre_next_vendor:/opt/ros/jazzy/opt/gz_dartsim_vendor:/opt/ros/jazzy/opt/sdformat_vendor:/opt/ros/jazzy/opt/gz_tools_vendor:/opt/ros/jazzy/opt/gz_math_vendor:/opt/ros/jazzy/opt/gz_utils_vendor:/opt/ros/jazzy/opt/gz_cmake_vendor:/opt/ros/jazzy DEBUGINFOD_URLS=https://debuginfod.ubuntu.com /usr/bin/cmake --build /home/robolab/clearpath_ws/build/kortex_driver -- -j4 -l4
[5.173s] [ 33%] [32mBuilding CXX object CMakeFiles/kortex_driver.dir/src/hardware_interface.cpp.o[0m
[13.395s] [ 66%] [32mBuilding CXX object CMakeFiles/kortex_driver.dir/src/kortex_math_util.cpp.o[0m
[13.633s] [100%] [32m[1mLinking CXX shared library libkortex_driver.so[0m
[14.690s] [100%] Built target kortex_driver
[14.703s] Invoked command in '/home/robolab/clearpath_ws/build/kortex_driver' returned '0': AMENT_PREFIX_PATH=/home/robolab/clearpath_ws/install/kortex_api:${AMENT_PREFIX_PATH} CMAKE_PREFIX_PATH=/home/robolab/clearpath_ws/install/kortex_api:/opt/ros/jazzy/opt/gz_sim_vendor:/opt/ros/jazzy/opt/gz_sensors_vendor:/opt/ros/jazzy/opt/gz_physics_vendor:/opt/ros/jazzy/opt/gz_gui_vendor:/opt/ros/jazzy/opt/gz_transport_vendor:/opt/ros/jazzy/opt/gz_rendering_vendor:/opt/ros/jazzy/opt/gz_plugin_vendor:/opt/ros/jazzy/opt/gz_fuel_tools_vendor:/opt/ros/jazzy/opt/gz_msgs_vendor:/opt/ros/jazzy/opt/gz_common_vendor:/opt/ros/jazzy/opt/gz_ogre_next_vendor:/opt/ros/jazzy/opt/gz_dartsim_vendor:/opt/ros/jazzy/opt/sdformat_vendor:/opt/ros/jazzy/opt/gz_tools_vendor:/opt/ros/jazzy/opt/gz_math_vendor:/opt/ros/jazzy/opt/gz_utils_vendor:/opt/ros/jazzy/opt/gz_cmake_vendor:/opt/ros/jazzy DEBUGINFOD_URLS=https://debuginfod.ubuntu.com /usr/bin/cmake --build /home/robolab/clearpath_ws/build/kortex_driver -- -j4 -l4
[14.704s] Invoking command in '/home/robolab/clearpath_ws/build/kortex_driver': AMENT_PREFIX_PATH=/home/robolab/clearpath_ws/install/kortex_api:${AMENT_PREFIX_PATH} CMAKE_PREFIX_PATH=/home/robolab/clearpath_ws/install/kortex_api:/opt/ros/jazzy/opt/gz_sim_vendor:/opt/ros/jazzy/opt/gz_sensors_vendor:/opt/ros/jazzy/opt/gz_physics_vendor:/opt/ros/jazzy/opt/gz_gui_vendor:/opt/ros/jazzy/opt/gz_transport_vendor:/opt/ros/jazzy/opt/gz_rendering_vendor:/opt/ros/jazzy/opt/gz_plugin_vendor:/opt/ros/jazzy/opt/gz_fuel_tools_vendor:/opt/ros/jazzy/opt/gz_msgs_vendor:/opt/ros/jazzy/opt/gz_common_vendor:/opt/ros/jazzy/opt/gz_ogre_next_vendor:/opt/ros/jazzy/opt/gz_dartsim_vendor:/opt/ros/jazzy/opt/sdformat_vendor:/opt/ros/jazzy/opt/gz_tools_vendor:/opt/ros/jazzy/opt/gz_math_vendor:/opt/ros/jazzy/opt/gz_utils_vendor:/opt/ros/jazzy/opt/gz_cmake_vendor:/opt/ros/jazzy DEBUGINFOD_URLS=https://debuginfod.ubuntu.com /usr/bin/cmake --install /home/robolab/clearpath_ws/build/kortex_driver
[14.717s] -- Install configuration: ""
[14.718s] -- Installing: /home/robolab/clearpath_ws/install/kortex_driver/share/kortex_driver/hardware_interface_plugin.xml
[14.718s] -- Installing: /home/robolab/clearpath_ws/install/kortex_driver/lib/libkortex_driver.so
[14.728s] -- Set non-toolchain portion of runtime path of "/home/robolab/clearpath_ws/install/kortex_driver/lib/libkortex_driver.so" to ""
[14.728s] -- Installing: /home/robolab/clearpath_ws/install/kortex_driver/include
[14.728s] -- Installing: /home/robolab/clearpath_ws/install/kortex_driver/include/kortex_driver
[14.728s] -- Installing: /home/robolab/clearpath_ws/install/kortex_driver/include/kortex_driver/visibility_control.h
[14.728s] -- Installing: /home/robolab/clearpath_ws/install/kortex_driver/include/kortex_driver/hardware_interface.hpp
[14.729s] -- Installing: /home/robolab/clearpath_ws/install/kortex_driver/include/kortex_driver/kortex_math_util.hpp
[14.729s] -- Installing: /home/robolab/clearpath_ws/install/kortex_driver/share/kortex_driver/environment/library_path.sh
[14.729s] -- Installing: /home/robolab/clearpath_ws/install/kortex_driver/share/kortex_driver/environment/library_path.dsv
[14.729s] -- Installing: /home/robolab/clearpath_ws/install/kortex_driver/share/ament_index/resource_index/package_run_dependencies/kortex_driver
[14.729s] -- Installing: /home/robolab/clearpath_ws/install/kortex_driver/share/ament_index/resource_index/parent_prefix_path/kortex_driver
[14.729s] -- Installing: /home/robolab/clearpath_ws/install/kortex_driver/share/kortex_driver/environment/ament_prefix_path.sh
[14.729s] -- Installing: /home/robolab/clearpath_ws/install/kortex_driver/share/kortex_driver/environment/ament_prefix_path.dsv
[14.730s] -- Installing: /home/robolab/clearpath_ws/install/kortex_driver/share/kortex_driver/environment/path.sh
[14.730s] -- Installing: /home/robolab/clearpath_ws/install/kortex_driver/share/kortex_driver/environment/path.dsv
[14.730s] -- Installing: /home/robolab/clearpath_ws/install/kortex_driver/share/kortex_driver/local_setup.bash
[14.730s] -- Installing: /home/robolab/clearpath_ws/install/kortex_driver/share/kortex_driver/local_setup.sh
[14.730s] -- Installing: /home/robolab/clearpath_ws/install/kortex_driver/share/kortex_driver/local_setup.zsh
[14.730s] -- Installing: /home/robolab/clearpath_ws/install/kortex_driver/share/kortex_driver/local_setup.dsv
[14.731s] -- Installing: /home/robolab/clearpath_ws/install/kortex_driver/share/kortex_driver/package.dsv
[14.731s] -- Installing: /home/robolab/clearpath_ws/install/kortex_driver/share/ament_index/resource_index/packages/kortex_driver
[14.731s] -- Installing: /home/robolab/clearpath_ws/install/kortex_driver/share/ament_index/resource_index/hardware_interface__pluginlib__plugin/kortex_driver
[14.731s] -- Installing: /home/robolab/clearpath_ws/install/kortex_driver/share/kortex_driver/cmake/ament_cmake_export_include_directories-extras.cmake
[14.731s] -- Installing: /home/robolab/clearpath_ws/install/kortex_driver/share/kortex_driver/cmake/ament_cmake_export_libraries-extras.cmake
[14.731s] -- Installing: /home/robolab/clearpath_ws/install/kortex_driver/share/kortex_driver/cmake/ament_cmake_export_dependencies-extras.cmake
[14.731s] -- Installing: /home/robolab/clearpath_ws/install/kortex_driver/share/kortex_driver/cmake/kortex_driverConfig.cmake
[14.732s] -- Installing: /home/robolab/clearpath_ws/install/kortex_driver/share/kortex_driver/cmake/kortex_driverConfig-version.cmake
[14.732s] -- Installing: /home/robolab/clearpath_ws/install/kortex_driver/share/kortex_driver/package.xml
[14.733s] Invoked command in '/home/robolab/clearpath_ws/build/kortex_driver' returned '0': AMENT_PREFIX_PATH=/home/robolab/clearpath_ws/install/kortex_api:${AMENT_PREFIX_PATH} CMAKE_PREFIX_PATH=/home/robolab/clearpath_ws/install/kortex_api:/opt/ros/jazzy/opt/gz_sim_vendor:/opt/ros/jazzy/opt/gz_sensors_vendor:/opt/ros/jazzy/opt/gz_physics_vendor:/opt/ros/jazzy/opt/gz_gui_vendor:/opt/ros/jazzy/opt/gz_transport_vendor:/opt/ros/jazzy/opt/gz_rendering_vendor:/opt/ros/jazzy/opt/gz_plugin_vendor:/opt/ros/jazzy/opt/gz_fuel_tools_vendor:/opt/ros/jazzy/opt/gz_msgs_vendor:/opt/ros/jazzy/opt/gz_common_vendor:/opt/ros/jazzy/opt/gz_ogre_next_vendor:/opt/ros/jazzy/opt/gz_dartsim_vendor:/opt/ros/jazzy/opt/sdformat_vendor:/opt/ros/jazzy/opt/gz_tools_vendor:/opt/ros/jazzy/opt/gz_math_vendor:/opt/ros/jazzy/opt/gz_utils_vendor:/opt/ros/jazzy/opt/gz_cmake_vendor:/opt/ros/jazzy DEBUGINFOD_URLS=https://debuginfod.ubuntu.com /usr/bin/cmake --install /home/robolab/clearpath_ws/build/kortex_driver
