[0.016s] Invoking command in '/home/robolab/clearpath_ws/build/clearpath_msgs': AMENT_PREFIX_PATH=/home/robolab/clearpath_ws/install/clearpath_platform_msgs:/home/robolab/clearpath_ws/install/clearpath_motor_msgs:${AMENT_PREFIX_PATH} CMAKE_PREFIX_PATH=/home/robolab/clearpath_ws/install/clearpath_platform_msgs:/home/robolab/clearpath_ws/install/clearpath_motor_msgs:/opt/ros/jazzy/opt/gz_sim_vendor:/opt/ros/jazzy/opt/gz_sensors_vendor:/opt/ros/jazzy/opt/gz_physics_vendor:/opt/ros/jazzy/opt/gz_gui_vendor:/opt/ros/jazzy/opt/gz_transport_vendor:/opt/ros/jazzy/opt/gz_rendering_vendor:/opt/ros/jazzy/opt/gz_plugin_vendor:/opt/ros/jazzy/opt/gz_fuel_tools_vendor:/opt/ros/jazzy/opt/gz_msgs_vendor:/opt/ros/jazzy/opt/gz_common_vendor:/opt/ros/jazzy/opt/gz_ogre_next_vendor:/opt/ros/jazzy/opt/gz_dartsim_vendor:/opt/ros/jazzy/opt/sdformat_vendor:/opt/ros/jazzy/opt/gz_tools_vendor:/opt/ros/jazzy/opt/gz_math_vendor:/opt/ros/jazzy/opt/gz_utils_vendor:/opt/ros/jazzy/opt/gz_cmake_vendor:/opt/ros/jazzy DEBUGINFOD_URLS=https://debuginfod.ubuntu.com LD_LIBRARY_PATH=/home/robolab/clearpath_ws/install/clearpath_platform_msgs/lib:/home/robolab/clearpath_ws/install/clearpath_motor_msgs/lib:${LD_LIBRARY_PATH} PYTHONPATH=/home/robolab/clearpath_ws/install/clearpath_platform_msgs/lib/python3.12/site-packages:/home/robolab/clearpath_ws/install/clearpath_motor_msgs/lib/python3.12/site-packages:${PYTHONPATH} /usr/bin/cmake /home/robolab/clearpath_ws/src/clearpath_msgs/clearpath_msgs -DAMENT_CMAKE_SYMLINK_INSTALL=1 -DCMAKE_INSTALL_PREFIX=/home/robolab/clearpath_ws/install/clearpath_msgs
[0.078s] -- The C compiler identification is GNU 13.3.0
[0.136s] -- The CXX compiler identification is GNU 13.3.0
[0.154s] -- Detecting C compiler ABI info
[0.250s] -- Detecting C compiler ABI info - done
[0.261s] -- Check for working C compiler: /usr/bin/cc - skipped
[0.261s] -- Detecting C compile features
[0.262s] -- Detecting C compile features - done
[0.272s] -- Detecting CXX compiler ABI info
[0.377s] -- Detecting CXX compiler ABI info - done
[0.387s] -- Check for working CXX compiler: /usr/bin/c++ - skipped
[0.388s] -- Detecting CXX compile features
[0.388s] -- Detecting CXX compile features - done
[0.393s] -- Found ament_cmake: 2.5.5 (/opt/ros/jazzy/share/ament_cmake/cmake)
[0.566s] -- Found Python3: /usr/bin/python3 (found version "3.12.3") found components: Interpreter 
[0.647s] -- Override CMake install command with custom implementation using symlinks instead of copying resources
[0.804s] -- Configuring done (0.8s)
[0.807s] -- Generating done (0.0s)
[0.808s] -- Build files have been written to: /home/robolab/clearpath_ws/build/clearpath_msgs
[0.815s] Invoked command in '/home/robolab/clearpath_ws/build/clearpath_msgs' returned '0': AMENT_PREFIX_PATH=/home/robolab/clearpath_ws/install/clearpath_platform_msgs:/home/robolab/clearpath_ws/install/clearpath_motor_msgs:${AMENT_PREFIX_PATH} CMAKE_PREFIX_PATH=/home/robolab/clearpath_ws/install/clearpath_platform_msgs:/home/robolab/clearpath_ws/install/clearpath_motor_msgs:/opt/ros/jazzy/opt/gz_sim_vendor:/opt/ros/jazzy/opt/gz_sensors_vendor:/opt/ros/jazzy/opt/gz_physics_vendor:/opt/ros/jazzy/opt/gz_gui_vendor:/opt/ros/jazzy/opt/gz_transport_vendor:/opt/ros/jazzy/opt/gz_rendering_vendor:/opt/ros/jazzy/opt/gz_plugin_vendor:/opt/ros/jazzy/opt/gz_fuel_tools_vendor:/opt/ros/jazzy/opt/gz_msgs_vendor:/opt/ros/jazzy/opt/gz_common_vendor:/opt/ros/jazzy/opt/gz_ogre_next_vendor:/opt/ros/jazzy/opt/gz_dartsim_vendor:/opt/ros/jazzy/opt/sdformat_vendor:/opt/ros/jazzy/opt/gz_tools_vendor:/opt/ros/jazzy/opt/gz_math_vendor:/opt/ros/jazzy/opt/gz_utils_vendor:/opt/ros/jazzy/opt/gz_cmake_vendor:/opt/ros/jazzy DEBUGINFOD_URLS=https://debuginfod.ubuntu.com LD_LIBRARY_PATH=/home/robolab/clearpath_ws/install/clearpath_platform_msgs/lib:/home/robolab/clearpath_ws/install/clearpath_motor_msgs/lib:${LD_LIBRARY_PATH} PYTHONPATH=/home/robolab/clearpath_ws/install/clearpath_platform_msgs/lib/python3.12/site-packages:/home/robolab/clearpath_ws/install/clearpath_motor_msgs/lib/python3.12/site-packages:${PYTHONPATH} /usr/bin/cmake /home/robolab/clearpath_ws/src/clearpath_msgs/clearpath_msgs -DAMENT_CMAKE_SYMLINK_INSTALL=1 -DCMAKE_INSTALL_PREFIX=/home/robolab/clearpath_ws/install/clearpath_msgs
[0.816s] Invoking command in '/home/robolab/clearpath_ws/build/clearpath_msgs': AMENT_PREFIX_PATH=/home/robolab/clearpath_ws/install/clearpath_platform_msgs:/home/robolab/clearpath_ws/install/clearpath_motor_msgs:${AMENT_PREFIX_PATH} CMAKE_PREFIX_PATH=/home/robolab/clearpath_ws/install/clearpath_platform_msgs:/home/robolab/clearpath_ws/install/clearpath_motor_msgs:/opt/ros/jazzy/opt/gz_sim_vendor:/opt/ros/jazzy/opt/gz_sensors_vendor:/opt/ros/jazzy/opt/gz_physics_vendor:/opt/ros/jazzy/opt/gz_gui_vendor:/opt/ros/jazzy/opt/gz_transport_vendor:/opt/ros/jazzy/opt/gz_rendering_vendor:/opt/ros/jazzy/opt/gz_plugin_vendor:/opt/ros/jazzy/opt/gz_fuel_tools_vendor:/opt/ros/jazzy/opt/gz_msgs_vendor:/opt/ros/jazzy/opt/gz_common_vendor:/opt/ros/jazzy/opt/gz_ogre_next_vendor:/opt/ros/jazzy/opt/gz_dartsim_vendor:/opt/ros/jazzy/opt/sdformat_vendor:/opt/ros/jazzy/opt/gz_tools_vendor:/opt/ros/jazzy/opt/gz_math_vendor:/opt/ros/jazzy/opt/gz_utils_vendor:/opt/ros/jazzy/opt/gz_cmake_vendor:/opt/ros/jazzy DEBUGINFOD_URLS=https://debuginfod.ubuntu.com LD_LIBRARY_PATH=/home/robolab/clearpath_ws/install/clearpath_platform_msgs/lib:/home/robolab/clearpath_ws/install/clearpath_motor_msgs/lib:${LD_LIBRARY_PATH} PYTHONPATH=/home/robolab/clearpath_ws/install/clearpath_platform_msgs/lib/python3.12/site-packages:/home/robolab/clearpath_ws/install/clearpath_motor_msgs/lib/python3.12/site-packages:${PYTHONPATH} /usr/bin/cmake --build /home/robolab/clearpath_ws/build/clearpath_msgs -- -j4 -l4
[0.861s] Invoked command in '/home/robolab/clearpath_ws/build/clearpath_msgs' returned '0': AMENT_PREFIX_PATH=/home/robolab/clearpath_ws/install/clearpath_platform_msgs:/home/robolab/clearpath_ws/install/clearpath_motor_msgs:${AMENT_PREFIX_PATH} CMAKE_PREFIX_PATH=/home/robolab/clearpath_ws/install/clearpath_platform_msgs:/home/robolab/clearpath_ws/install/clearpath_motor_msgs:/opt/ros/jazzy/opt/gz_sim_vendor:/opt/ros/jazzy/opt/gz_sensors_vendor:/opt/ros/jazzy/opt/gz_physics_vendor:/opt/ros/jazzy/opt/gz_gui_vendor:/opt/ros/jazzy/opt/gz_transport_vendor:/opt/ros/jazzy/opt/gz_rendering_vendor:/opt/ros/jazzy/opt/gz_plugin_vendor:/opt/ros/jazzy/opt/gz_fuel_tools_vendor:/opt/ros/jazzy/opt/gz_msgs_vendor:/opt/ros/jazzy/opt/gz_common_vendor:/opt/ros/jazzy/opt/gz_ogre_next_vendor:/opt/ros/jazzy/opt/gz_dartsim_vendor:/opt/ros/jazzy/opt/sdformat_vendor:/opt/ros/jazzy/opt/gz_tools_vendor:/opt/ros/jazzy/opt/gz_math_vendor:/opt/ros/jazzy/opt/gz_utils_vendor:/opt/ros/jazzy/opt/gz_cmake_vendor:/opt/ros/jazzy DEBUGINFOD_URLS=https://debuginfod.ubuntu.com LD_LIBRARY_PATH=/home/robolab/clearpath_ws/install/clearpath_platform_msgs/lib:/home/robolab/clearpath_ws/install/clearpath_motor_msgs/lib:${LD_LIBRARY_PATH} PYTHONPATH=/home/robolab/clearpath_ws/install/clearpath_platform_msgs/lib/python3.12/site-packages:/home/robolab/clearpath_ws/install/clearpath_motor_msgs/lib/python3.12/site-packages:${PYTHONPATH} /usr/bin/cmake --build /home/robolab/clearpath_ws/build/clearpath_msgs -- -j4 -l4
[0.862s] Invoking command in '/home/robolab/clearpath_ws/build/clearpath_msgs': AMENT_PREFIX_PATH=/home/robolab/clearpath_ws/install/clearpath_platform_msgs:/home/robolab/clearpath_ws/install/clearpath_motor_msgs:${AMENT_PREFIX_PATH} CMAKE_PREFIX_PATH=/home/robolab/clearpath_ws/install/clearpath_platform_msgs:/home/robolab/clearpath_ws/install/clearpath_motor_msgs:/opt/ros/jazzy/opt/gz_sim_vendor:/opt/ros/jazzy/opt/gz_sensors_vendor:/opt/ros/jazzy/opt/gz_physics_vendor:/opt/ros/jazzy/opt/gz_gui_vendor:/opt/ros/jazzy/opt/gz_transport_vendor:/opt/ros/jazzy/opt/gz_rendering_vendor:/opt/ros/jazzy/opt/gz_plugin_vendor:/opt/ros/jazzy/opt/gz_fuel_tools_vendor:/opt/ros/jazzy/opt/gz_msgs_vendor:/opt/ros/jazzy/opt/gz_common_vendor:/opt/ros/jazzy/opt/gz_ogre_next_vendor:/opt/ros/jazzy/opt/gz_dartsim_vendor:/opt/ros/jazzy/opt/sdformat_vendor:/opt/ros/jazzy/opt/gz_tools_vendor:/opt/ros/jazzy/opt/gz_math_vendor:/opt/ros/jazzy/opt/gz_utils_vendor:/opt/ros/jazzy/opt/gz_cmake_vendor:/opt/ros/jazzy DEBUGINFOD_URLS=https://debuginfod.ubuntu.com LD_LIBRARY_PATH=/home/robolab/clearpath_ws/install/clearpath_platform_msgs/lib:/home/robolab/clearpath_ws/install/clearpath_motor_msgs/lib:${LD_LIBRARY_PATH} PYTHONPATH=/home/robolab/clearpath_ws/install/clearpath_platform_msgs/lib/python3.12/site-packages:/home/robolab/clearpath_ws/install/clearpath_motor_msgs/lib/python3.12/site-packages:${PYTHONPATH} /usr/bin/cmake --install /home/robolab/clearpath_ws/build/clearpath_msgs
[0.871s] -- Install configuration: ""
[0.871s] -- Execute custom install script
[0.872s] -- Symlinking: /home/robolab/clearpath_ws/install/clearpath_msgs/share/ament_index/resource_index/package_run_dependencies/clearpath_msgs
[0.882s] -- Symlinking: /home/robolab/clearpath_ws/install/clearpath_msgs/share/ament_index/resource_index/parent_prefix_path/clearpath_msgs
[0.893s] -- Symlinking: /home/robolab/clearpath_ws/install/clearpath_msgs/share/clearpath_msgs/environment/ament_prefix_path.sh
[0.903s] -- Symlinking: /home/robolab/clearpath_ws/install/clearpath_msgs/share/clearpath_msgs/environment/ament_prefix_path.dsv
[0.914s] -- Symlinking: /home/robolab/clearpath_ws/install/clearpath_msgs/share/clearpath_msgs/environment/path.sh
[0.924s] -- Symlinking: /home/robolab/clearpath_ws/install/clearpath_msgs/share/clearpath_msgs/environment/path.dsv
[0.934s] -- Symlinking: /home/robolab/clearpath_ws/install/clearpath_msgs/share/clearpath_msgs/local_setup.bash
[0.944s] -- Symlinking: /home/robolab/clearpath_ws/install/clearpath_msgs/share/clearpath_msgs/local_setup.sh
[0.956s] -- Symlinking: /home/robolab/clearpath_ws/install/clearpath_msgs/share/clearpath_msgs/local_setup.zsh
[0.966s] -- Symlinking: /home/robolab/clearpath_ws/install/clearpath_msgs/share/clearpath_msgs/local_setup.dsv
[0.976s] -- Symlinking: /home/robolab/clearpath_ws/install/clearpath_msgs/share/clearpath_msgs/package.dsv
[0.987s] -- Symlinking: /home/robolab/clearpath_ws/install/clearpath_msgs/share/ament_index/resource_index/packages/clearpath_msgs
[0.996s] -- Symlinking: /home/robolab/clearpath_ws/install/clearpath_msgs/share/clearpath_msgs/cmake/clearpath_msgsConfig.cmake
[1.006s] -- Symlinking: /home/robolab/clearpath_ws/install/clearpath_msgs/share/clearpath_msgs/cmake/clearpath_msgsConfig-version.cmake
[1.016s] -- Symlinking: /home/robolab/clearpath_ws/install/clearpath_msgs/share/clearpath_msgs/package.xml
[1.028s] Invoked command in '/home/robolab/clearpath_ws/build/clearpath_msgs' returned '0': AMENT_PREFIX_PATH=/home/robolab/clearpath_ws/install/clearpath_platform_msgs:/home/robolab/clearpath_ws/install/clearpath_motor_msgs:${AMENT_PREFIX_PATH} CMAKE_PREFIX_PATH=/home/robolab/clearpath_ws/install/clearpath_platform_msgs:/home/robolab/clearpath_ws/install/clearpath_motor_msgs:/opt/ros/jazzy/opt/gz_sim_vendor:/opt/ros/jazzy/opt/gz_sensors_vendor:/opt/ros/jazzy/opt/gz_physics_vendor:/opt/ros/jazzy/opt/gz_gui_vendor:/opt/ros/jazzy/opt/gz_transport_vendor:/opt/ros/jazzy/opt/gz_rendering_vendor:/opt/ros/jazzy/opt/gz_plugin_vendor:/opt/ros/jazzy/opt/gz_fuel_tools_vendor:/opt/ros/jazzy/opt/gz_msgs_vendor:/opt/ros/jazzy/opt/gz_common_vendor:/opt/ros/jazzy/opt/gz_ogre_next_vendor:/opt/ros/jazzy/opt/gz_dartsim_vendor:/opt/ros/jazzy/opt/sdformat_vendor:/opt/ros/jazzy/opt/gz_tools_vendor:/opt/ros/jazzy/opt/gz_math_vendor:/opt/ros/jazzy/opt/gz_utils_vendor:/opt/ros/jazzy/opt/gz_cmake_vendor:/opt/ros/jazzy DEBUGINFOD_URLS=https://debuginfod.ubuntu.com LD_LIBRARY_PATH=/home/robolab/clearpath_ws/install/clearpath_platform_msgs/lib:/home/robolab/clearpath_ws/install/clearpath_motor_msgs/lib:${LD_LIBRARY_PATH} PYTHONPATH=/home/robolab/clearpath_ws/install/clearpath_platform_msgs/lib/python3.12/site-packages:/home/robolab/clearpath_ws/install/clearpath_motor_msgs/lib/python3.12/site-packages:${PYTHONPATH} /usr/bin/cmake --install /home/robolab/clearpath_ws/build/clearpath_msgs
