[0.021s] Invoking command in '/home/robolab/clearpath_ws/build/kortex_bringup': AMENT_PREFIX_PATH=/home/robolab/clearpath_ws/install/kortex_driver:/home/robolab/clearpath_ws/install/kortex_description:/home/robolab/clearpath_ws/install/kortex_api:${AMENT_PREFIX_PATH} CMAKE_PREFIX_PATH=/home/robolab/clearpath_ws/install/kortex_driver:/home/robolab/clearpath_ws/install/kortex_description:/home/robolab/clearpath_ws/install/kortex_api:/opt/ros/jazzy/opt/gz_sim_vendor:/opt/ros/jazzy/opt/gz_sensors_vendor:/opt/ros/jazzy/opt/gz_physics_vendor:/opt/ros/jazzy/opt/gz_gui_vendor:/opt/ros/jazzy/opt/gz_transport_vendor:/opt/ros/jazzy/opt/gz_rendering_vendor:/opt/ros/jazzy/opt/gz_plugin_vendor:/opt/ros/jazzy/opt/gz_fuel_tools_vendor:/opt/ros/jazzy/opt/gz_msgs_vendor:/opt/ros/jazzy/opt/gz_common_vendor:/opt/ros/jazzy/opt/gz_ogre_next_vendor:/opt/ros/jazzy/opt/gz_dartsim_vendor:/opt/ros/jazzy/opt/sdformat_vendor:/opt/ros/jazzy/opt/gz_tools_vendor:/opt/ros/jazzy/opt/gz_math_vendor:/opt/ros/jazzy/opt/gz_utils_vendor:/opt/ros/jazzy/opt/gz_cmake_vendor:/opt/ros/jazzy DEBUGINFOD_URLS=https://debuginfod.ubuntu.com LD_LIBRARY_PATH=/home/robolab/clearpath_ws/install/kortex_driver/lib:${LD_LIBRARY_PATH} /usr/bin/cmake /home/robolab/clearpath_ws/src/ros2_kortex/kortex_bringup -DCMAKE_INSTALL_PREFIX=/home/robolab/clearpath_ws/install/kortex_bringup
[0.090s] -- The C compiler identification is GNU 13.3.0
[0.155s] -- The CXX compiler identification is GNU 13.3.0
[0.178s] -- Detecting C compiler ABI info
[0.287s] -- Detecting C compiler ABI info - done
[0.298s] -- Check for working C compiler: /usr/bin/cc - skipped
[0.299s] -- Detecting C compile features
[0.299s] -- Detecting C compile features - done
[0.310s] -- Detecting CXX compiler ABI info
[0.431s] -- Detecting CXX compiler ABI info - done
[0.442s] -- Check for working CXX compiler: /usr/bin/c++ - skipped
[0.443s] -- Detecting CXX compile features
[0.443s] -- Detecting CXX compile features - done
[0.448s] -- Found ament_cmake: 2.5.5 (/opt/ros/jazzy/share/ament_cmake/cmake)
[0.643s] -- Found Python3: /usr/bin/python3 (found version "3.12.3") found components: Interpreter 
[0.917s] -- Configuring done (0.9s)
[0.920s] -- Generating done (0.0s)
[0.922s] -- Build files have been written to: /home/robolab/clearpath_ws/build/kortex_bringup
[0.928s] Invoked command in '/home/robolab/clearpath_ws/build/kortex_bringup' returned '0': AMENT_PREFIX_PATH=/home/robolab/clearpath_ws/install/kortex_driver:/home/robolab/clearpath_ws/install/kortex_description:/home/robolab/clearpath_ws/install/kortex_api:${AMENT_PREFIX_PATH} CMAKE_PREFIX_PATH=/home/robolab/clearpath_ws/install/kortex_driver:/home/robolab/clearpath_ws/install/kortex_description:/home/robolab/clearpath_ws/install/kortex_api:/opt/ros/jazzy/opt/gz_sim_vendor:/opt/ros/jazzy/opt/gz_sensors_vendor:/opt/ros/jazzy/opt/gz_physics_vendor:/opt/ros/jazzy/opt/gz_gui_vendor:/opt/ros/jazzy/opt/gz_transport_vendor:/opt/ros/jazzy/opt/gz_rendering_vendor:/opt/ros/jazzy/opt/gz_plugin_vendor:/opt/ros/jazzy/opt/gz_fuel_tools_vendor:/opt/ros/jazzy/opt/gz_msgs_vendor:/opt/ros/jazzy/opt/gz_common_vendor:/opt/ros/jazzy/opt/gz_ogre_next_vendor:/opt/ros/jazzy/opt/gz_dartsim_vendor:/opt/ros/jazzy/opt/sdformat_vendor:/opt/ros/jazzy/opt/gz_tools_vendor:/opt/ros/jazzy/opt/gz_math_vendor:/opt/ros/jazzy/opt/gz_utils_vendor:/opt/ros/jazzy/opt/gz_cmake_vendor:/opt/ros/jazzy DEBUGINFOD_URLS=https://debuginfod.ubuntu.com LD_LIBRARY_PATH=/home/robolab/clearpath_ws/install/kortex_driver/lib:${LD_LIBRARY_PATH} /usr/bin/cmake /home/robolab/clearpath_ws/src/ros2_kortex/kortex_bringup -DCMAKE_INSTALL_PREFIX=/home/robolab/clearpath_ws/install/kortex_bringup
[0.930s] Invoking command in '/home/robolab/clearpath_ws/build/kortex_bringup': AMENT_PREFIX_PATH=/home/robolab/clearpath_ws/install/kortex_driver:/home/robolab/clearpath_ws/install/kortex_description:/home/robolab/clearpath_ws/install/kortex_api:${AMENT_PREFIX_PATH} CMAKE_PREFIX_PATH=/home/robolab/clearpath_ws/install/kortex_driver:/home/robolab/clearpath_ws/install/kortex_description:/home/robolab/clearpath_ws/install/kortex_api:/opt/ros/jazzy/opt/gz_sim_vendor:/opt/ros/jazzy/opt/gz_sensors_vendor:/opt/ros/jazzy/opt/gz_physics_vendor:/opt/ros/jazzy/opt/gz_gui_vendor:/opt/ros/jazzy/opt/gz_transport_vendor:/opt/ros/jazzy/opt/gz_rendering_vendor:/opt/ros/jazzy/opt/gz_plugin_vendor:/opt/ros/jazzy/opt/gz_fuel_tools_vendor:/opt/ros/jazzy/opt/gz_msgs_vendor:/opt/ros/jazzy/opt/gz_common_vendor:/opt/ros/jazzy/opt/gz_ogre_next_vendor:/opt/ros/jazzy/opt/gz_dartsim_vendor:/opt/ros/jazzy/opt/sdformat_vendor:/opt/ros/jazzy/opt/gz_tools_vendor:/opt/ros/jazzy/opt/gz_math_vendor:/opt/ros/jazzy/opt/gz_utils_vendor:/opt/ros/jazzy/opt/gz_cmake_vendor:/opt/ros/jazzy DEBUGINFOD_URLS=https://debuginfod.ubuntu.com LD_LIBRARY_PATH=/home/robolab/clearpath_ws/install/kortex_driver/lib:${LD_LIBRARY_PATH} /usr/bin/cmake --build /home/robolab/clearpath_ws/build/kortex_bringup -- -j4 -l4
[0.984s] Invoked command in '/home/robolab/clearpath_ws/build/kortex_bringup' returned '0': AMENT_PREFIX_PATH=/home/robolab/clearpath_ws/install/kortex_driver:/home/robolab/clearpath_ws/install/kortex_description:/home/robolab/clearpath_ws/install/kortex_api:${AMENT_PREFIX_PATH} CMAKE_PREFIX_PATH=/home/robolab/clearpath_ws/install/kortex_driver:/home/robolab/clearpath_ws/install/kortex_description:/home/robolab/clearpath_ws/install/kortex_api:/opt/ros/jazzy/opt/gz_sim_vendor:/opt/ros/jazzy/opt/gz_sensors_vendor:/opt/ros/jazzy/opt/gz_physics_vendor:/opt/ros/jazzy/opt/gz_gui_vendor:/opt/ros/jazzy/opt/gz_transport_vendor:/opt/ros/jazzy/opt/gz_rendering_vendor:/opt/ros/jazzy/opt/gz_plugin_vendor:/opt/ros/jazzy/opt/gz_fuel_tools_vendor:/opt/ros/jazzy/opt/gz_msgs_vendor:/opt/ros/jazzy/opt/gz_common_vendor:/opt/ros/jazzy/opt/gz_ogre_next_vendor:/opt/ros/jazzy/opt/gz_dartsim_vendor:/opt/ros/jazzy/opt/sdformat_vendor:/opt/ros/jazzy/opt/gz_tools_vendor:/opt/ros/jazzy/opt/gz_math_vendor:/opt/ros/jazzy/opt/gz_utils_vendor:/opt/ros/jazzy/opt/gz_cmake_vendor:/opt/ros/jazzy DEBUGINFOD_URLS=https://debuginfod.ubuntu.com LD_LIBRARY_PATH=/home/robolab/clearpath_ws/install/kortex_driver/lib:${LD_LIBRARY_PATH} /usr/bin/cmake --build /home/robolab/clearpath_ws/build/kortex_bringup -- -j4 -l4
[0.986s] Invoking command in '/home/robolab/clearpath_ws/build/kortex_bringup': AMENT_PREFIX_PATH=/home/robolab/clearpath_ws/install/kortex_driver:/home/robolab/clearpath_ws/install/kortex_description:/home/robolab/clearpath_ws/install/kortex_api:${AMENT_PREFIX_PATH} CMAKE_PREFIX_PATH=/home/robolab/clearpath_ws/install/kortex_driver:/home/robolab/clearpath_ws/install/kortex_description:/home/robolab/clearpath_ws/install/kortex_api:/opt/ros/jazzy/opt/gz_sim_vendor:/opt/ros/jazzy/opt/gz_sensors_vendor:/opt/ros/jazzy/opt/gz_physics_vendor:/opt/ros/jazzy/opt/gz_gui_vendor:/opt/ros/jazzy/opt/gz_transport_vendor:/opt/ros/jazzy/opt/gz_rendering_vendor:/opt/ros/jazzy/opt/gz_plugin_vendor:/opt/ros/jazzy/opt/gz_fuel_tools_vendor:/opt/ros/jazzy/opt/gz_msgs_vendor:/opt/ros/jazzy/opt/gz_common_vendor:/opt/ros/jazzy/opt/gz_ogre_next_vendor:/opt/ros/jazzy/opt/gz_dartsim_vendor:/opt/ros/jazzy/opt/sdformat_vendor:/opt/ros/jazzy/opt/gz_tools_vendor:/opt/ros/jazzy/opt/gz_math_vendor:/opt/ros/jazzy/opt/gz_utils_vendor:/opt/ros/jazzy/opt/gz_cmake_vendor:/opt/ros/jazzy DEBUGINFOD_URLS=https://debuginfod.ubuntu.com LD_LIBRARY_PATH=/home/robolab/clearpath_ws/install/kortex_driver/lib:${LD_LIBRARY_PATH} /usr/bin/cmake --install /home/robolab/clearpath_ws/build/kortex_bringup
[0.996s] -- Install configuration: ""
[0.996s] -- Installing: /home/robolab/clearpath_ws/install/kortex_bringup/lib/kortex_bringup/test_huge_joint_space_jump.py
[0.996s] -- Installing: /home/robolab/clearpath_ws/install/kortex_bringup/share/kortex_bringup/config
[0.996s] -- Installing: /home/robolab/clearpath_ws/install/kortex_bringup/share/kortex_bringup/config/servo.yaml
[0.996s] -- Installing: /home/robolab/clearpath_ws/install/kortex_bringup/share/kortex_bringup/config/test_huge_joint_space_jump_config.yaml
[0.996s] -- Installing: /home/robolab/clearpath_ws/install/kortex_bringup/share/kortex_bringup/config/test_trajectory_goal_publishers_config.yaml
[0.996s] -- Installing: /home/robolab/clearpath_ws/install/kortex_bringup/share/kortex_bringup/launch
[0.997s] -- Installing: /home/robolab/clearpath_ws/install/kortex_bringup/share/kortex_bringup/launch/test_joint_trajectory_controller.launch.py
[0.997s] -- Installing: /home/robolab/clearpath_ws/install/kortex_bringup/share/kortex_bringup/launch/gen3.launch.py
[0.997s] -- Installing: /home/robolab/clearpath_ws/install/kortex_bringup/share/kortex_bringup/launch/test_huge_joint_space_jump.launch.py
[0.997s] -- Installing: /home/robolab/clearpath_ws/install/kortex_bringup/share/kortex_bringup/launch/kortex_control.launch.py
[0.997s] -- Installing: /home/robolab/clearpath_ws/install/kortex_bringup/share/kortex_bringup/launch/gen3_lite.launch.py
[0.997s] -- Installing: /home/robolab/clearpath_ws/install/kortex_bringup/share/kortex_bringup/launch/kortex_sim_control.launch.py
[0.997s] -- Installing: /home/robolab/clearpath_ws/install/kortex_bringup/share/ament_index/resource_index/package_run_dependencies/kortex_bringup
[0.997s] -- Installing: /home/robolab/clearpath_ws/install/kortex_bringup/share/ament_index/resource_index/parent_prefix_path/kortex_bringup
[0.997s] -- Installing: /home/robolab/clearpath_ws/install/kortex_bringup/share/kortex_bringup/environment/ament_prefix_path.sh
[0.997s] -- Installing: /home/robolab/clearpath_ws/install/kortex_bringup/share/kortex_bringup/environment/ament_prefix_path.dsv
[0.998s] -- Installing: /home/robolab/clearpath_ws/install/kortex_bringup/share/kortex_bringup/environment/path.sh
[0.998s] -- Installing: /home/robolab/clearpath_ws/install/kortex_bringup/share/kortex_bringup/environment/path.dsv
[0.998s] -- Installing: /home/robolab/clearpath_ws/install/kortex_bringup/share/kortex_bringup/local_setup.bash
[0.998s] -- Installing: /home/robolab/clearpath_ws/install/kortex_bringup/share/kortex_bringup/local_setup.sh
[0.998s] -- Installing: /home/robolab/clearpath_ws/install/kortex_bringup/share/kortex_bringup/local_setup.zsh
[0.998s] -- Installing: /home/robolab/clearpath_ws/install/kortex_bringup/share/kortex_bringup/local_setup.dsv
[0.998s] -- Installing: /home/robolab/clearpath_ws/install/kortex_bringup/share/kortex_bringup/package.dsv
[0.998s] -- Installing: /home/robolab/clearpath_ws/install/kortex_bringup/share/ament_index/resource_index/packages/kortex_bringup
[0.999s] -- Installing: /home/robolab/clearpath_ws/install/kortex_bringup/share/kortex_bringup/cmake/kortex_bringupConfig.cmake
[0.999s] -- Installing: /home/robolab/clearpath_ws/install/kortex_bringup/share/kortex_bringup/cmake/kortex_bringupConfig-version.cmake
[0.999s] -- Installing: /home/robolab/clearpath_ws/install/kortex_bringup/share/kortex_bringup/package.xml
[1.001s] Invoked command in '/home/robolab/clearpath_ws/build/kortex_bringup' returned '0': AMENT_PREFIX_PATH=/home/robolab/clearpath_ws/install/kortex_driver:/home/robolab/clearpath_ws/install/kortex_description:/home/robolab/clearpath_ws/install/kortex_api:${AMENT_PREFIX_PATH} CMAKE_PREFIX_PATH=/home/robolab/clearpath_ws/install/kortex_driver:/home/robolab/clearpath_ws/install/kortex_description:/home/robolab/clearpath_ws/install/kortex_api:/opt/ros/jazzy/opt/gz_sim_vendor:/opt/ros/jazzy/opt/gz_sensors_vendor:/opt/ros/jazzy/opt/gz_physics_vendor:/opt/ros/jazzy/opt/gz_gui_vendor:/opt/ros/jazzy/opt/gz_transport_vendor:/opt/ros/jazzy/opt/gz_rendering_vendor:/opt/ros/jazzy/opt/gz_plugin_vendor:/opt/ros/jazzy/opt/gz_fuel_tools_vendor:/opt/ros/jazzy/opt/gz_msgs_vendor:/opt/ros/jazzy/opt/gz_common_vendor:/opt/ros/jazzy/opt/gz_ogre_next_vendor:/opt/ros/jazzy/opt/gz_dartsim_vendor:/opt/ros/jazzy/opt/sdformat_vendor:/opt/ros/jazzy/opt/gz_tools_vendor:/opt/ros/jazzy/opt/gz_math_vendor:/opt/ros/jazzy/opt/gz_utils_vendor:/opt/ros/jazzy/opt/gz_cmake_vendor:/opt/ros/jazzy DEBUGINFOD_URLS=https://debuginfod.ubuntu.com LD_LIBRARY_PATH=/home/robolab/clearpath_ws/install/kortex_driver/lib:${LD_LIBRARY_PATH} /usr/bin/cmake --install /home/robolab/clearpath_ws/build/kortex_bringup
