[0.011s] Invoking command in '/home/robolab/clearpath_ws/build/clearpath_description': AMENT_PREFIX_PATH=/home/robolab/clearpath_ws/install/clearpath_sensors_description:/home/robolab/clearpath_ws/install/clearpath_platform_description:/home/robolab/clearpath_ws/install/clearpath_mounts_description:/home/robolab/clearpath_ws/install/clearpath_manipulators_description:${AMENT_PREFIX_PATH} CMAKE_PREFIX_PATH=/home/robolab/clearpath_ws/install/clearpath_sensors_description:/home/robolab/clearpath_ws/install/clearpath_platform_description:/home/robolab/clearpath_ws/install/clearpath_mounts_description:/home/robolab/clearpath_ws/install/clearpath_manipulators_description:/opt/ros/jazzy/opt/gz_sim_vendor:/opt/ros/jazzy/opt/gz_sensors_vendor:/opt/ros/jazzy/opt/gz_physics_vendor:/opt/ros/jazzy/opt/gz_gui_vendor:/opt/ros/jazzy/opt/gz_transport_vendor:/opt/ros/jazzy/opt/gz_rendering_vendor:/opt/ros/jazzy/opt/gz_plugin_vendor:/opt/ros/jazzy/opt/gz_fuel_tools_vendor:/opt/ros/jazzy/opt/gz_msgs_vendor:/opt/ros/jazzy/opt/gz_common_vendor:/opt/ros/jazzy/opt/gz_ogre_next_vendor:/opt/ros/jazzy/opt/gz_dartsim_vendor:/opt/ros/jazzy/opt/sdformat_vendor:/opt/ros/jazzy/opt/gz_tools_vendor:/opt/ros/jazzy/opt/gz_math_vendor:/opt/ros/jazzy/opt/gz_utils_vendor:/opt/ros/jazzy/opt/gz_cmake_vendor:/opt/ros/jazzy DEBUGINFOD_URLS=https://debuginfod.ubuntu.com /usr/bin/cmake /home/robolab/clearpath_ws/src/clearpath_common/clearpath_description -DAMENT_CMAKE_SYMLINK_INSTALL=1 -DCMAKE_INSTALL_PREFIX=/home/robolab/clearpath_ws/install/clearpath_description
[0.075s] -- The C compiler identification is GNU 13.3.0
[0.140s] -- The CXX compiler identification is GNU 13.3.0
[0.155s] -- Detecting C compiler ABI info
[0.259s] -- Detecting C compiler ABI info - done
[0.269s] -- Check for working C compiler: /usr/bin/cc - skipped
[0.269s] -- Detecting C compile features
[0.270s] -- Detecting C compile features - done
[0.280s] -- Detecting CXX compiler ABI info
[0.398s] -- Detecting CXX compiler ABI info - done
[0.414s] -- Check for working CXX compiler: /usr/bin/c++ - skipped
[0.414s] -- Detecting CXX compile features
[0.414s] -- Detecting CXX compile features - done
[0.418s] -- Found ament_cmake: 2.5.5 (/opt/ros/jazzy/share/ament_cmake/cmake)
[0.621s] -- Found Python3: /usr/bin/python3 (found version "3.12.3") found components: Interpreter 
[0.711s] -- Override CMake install command with custom implementation using symlinks instead of copying resources
[0.898s] -- Configuring done (0.9s)
[0.901s] -- Generating done (0.0s)
[0.902s] -- Build files have been written to: /home/robolab/clearpath_ws/build/clearpath_description
[0.910s] Invoked command in '/home/robolab/clearpath_ws/build/clearpath_description' returned '0': AMENT_PREFIX_PATH=/home/robolab/clearpath_ws/install/clearpath_sensors_description:/home/robolab/clearpath_ws/install/clearpath_platform_description:/home/robolab/clearpath_ws/install/clearpath_mounts_description:/home/robolab/clearpath_ws/install/clearpath_manipulators_description:${AMENT_PREFIX_PATH} CMAKE_PREFIX_PATH=/home/robolab/clearpath_ws/install/clearpath_sensors_description:/home/robolab/clearpath_ws/install/clearpath_platform_description:/home/robolab/clearpath_ws/install/clearpath_mounts_description:/home/robolab/clearpath_ws/install/clearpath_manipulators_description:/opt/ros/jazzy/opt/gz_sim_vendor:/opt/ros/jazzy/opt/gz_sensors_vendor:/opt/ros/jazzy/opt/gz_physics_vendor:/opt/ros/jazzy/opt/gz_gui_vendor:/opt/ros/jazzy/opt/gz_transport_vendor:/opt/ros/jazzy/opt/gz_rendering_vendor:/opt/ros/jazzy/opt/gz_plugin_vendor:/opt/ros/jazzy/opt/gz_fuel_tools_vendor:/opt/ros/jazzy/opt/gz_msgs_vendor:/opt/ros/jazzy/opt/gz_common_vendor:/opt/ros/jazzy/opt/gz_ogre_next_vendor:/opt/ros/jazzy/opt/gz_dartsim_vendor:/opt/ros/jazzy/opt/sdformat_vendor:/opt/ros/jazzy/opt/gz_tools_vendor:/opt/ros/jazzy/opt/gz_math_vendor:/opt/ros/jazzy/opt/gz_utils_vendor:/opt/ros/jazzy/opt/gz_cmake_vendor:/opt/ros/jazzy DEBUGINFOD_URLS=https://debuginfod.ubuntu.com /usr/bin/cmake /home/robolab/clearpath_ws/src/clearpath_common/clearpath_description -DAMENT_CMAKE_SYMLINK_INSTALL=1 -DCMAKE_INSTALL_PREFIX=/home/robolab/clearpath_ws/install/clearpath_description
[0.910s] Invoking command in '/home/robolab/clearpath_ws/build/clearpath_description': AMENT_PREFIX_PATH=/home/robolab/clearpath_ws/install/clearpath_sensors_description:/home/robolab/clearpath_ws/install/clearpath_platform_description:/home/robolab/clearpath_ws/install/clearpath_mounts_description:/home/robolab/clearpath_ws/install/clearpath_manipulators_description:${AMENT_PREFIX_PATH} CMAKE_PREFIX_PATH=/home/robolab/clearpath_ws/install/clearpath_sensors_description:/home/robolab/clearpath_ws/install/clearpath_platform_description:/home/robolab/clearpath_ws/install/clearpath_mounts_description:/home/robolab/clearpath_ws/install/clearpath_manipulators_description:/opt/ros/jazzy/opt/gz_sim_vendor:/opt/ros/jazzy/opt/gz_sensors_vendor:/opt/ros/jazzy/opt/gz_physics_vendor:/opt/ros/jazzy/opt/gz_gui_vendor:/opt/ros/jazzy/opt/gz_transport_vendor:/opt/ros/jazzy/opt/gz_rendering_vendor:/opt/ros/jazzy/opt/gz_plugin_vendor:/opt/ros/jazzy/opt/gz_fuel_tools_vendor:/opt/ros/jazzy/opt/gz_msgs_vendor:/opt/ros/jazzy/opt/gz_common_vendor:/opt/ros/jazzy/opt/gz_ogre_next_vendor:/opt/ros/jazzy/opt/gz_dartsim_vendor:/opt/ros/jazzy/opt/sdformat_vendor:/opt/ros/jazzy/opt/gz_tools_vendor:/opt/ros/jazzy/opt/gz_math_vendor:/opt/ros/jazzy/opt/gz_utils_vendor:/opt/ros/jazzy/opt/gz_cmake_vendor:/opt/ros/jazzy DEBUGINFOD_URLS=https://debuginfod.ubuntu.com /usr/bin/cmake --build /home/robolab/clearpath_ws/build/clearpath_description -- -j4 -l4
[1.020s] Invoked command in '/home/robolab/clearpath_ws/build/clearpath_description' returned '0': AMENT_PREFIX_PATH=/home/robolab/clearpath_ws/install/clearpath_sensors_description:/home/robolab/clearpath_ws/install/clearpath_platform_description:/home/robolab/clearpath_ws/install/clearpath_mounts_description:/home/robolab/clearpath_ws/install/clearpath_manipulators_description:${AMENT_PREFIX_PATH} CMAKE_PREFIX_PATH=/home/robolab/clearpath_ws/install/clearpath_sensors_description:/home/robolab/clearpath_ws/install/clearpath_platform_description:/home/robolab/clearpath_ws/install/clearpath_mounts_description:/home/robolab/clearpath_ws/install/clearpath_manipulators_description:/opt/ros/jazzy/opt/gz_sim_vendor:/opt/ros/jazzy/opt/gz_sensors_vendor:/opt/ros/jazzy/opt/gz_physics_vendor:/opt/ros/jazzy/opt/gz_gui_vendor:/opt/ros/jazzy/opt/gz_transport_vendor:/opt/ros/jazzy/opt/gz_rendering_vendor:/opt/ros/jazzy/opt/gz_plugin_vendor:/opt/ros/jazzy/opt/gz_fuel_tools_vendor:/opt/ros/jazzy/opt/gz_msgs_vendor:/opt/ros/jazzy/opt/gz_common_vendor:/opt/ros/jazzy/opt/gz_ogre_next_vendor:/opt/ros/jazzy/opt/gz_dartsim_vendor:/opt/ros/jazzy/opt/sdformat_vendor:/opt/ros/jazzy/opt/gz_tools_vendor:/opt/ros/jazzy/opt/gz_math_vendor:/opt/ros/jazzy/opt/gz_utils_vendor:/opt/ros/jazzy/opt/gz_cmake_vendor:/opt/ros/jazzy DEBUGINFOD_URLS=https://debuginfod.ubuntu.com /usr/bin/cmake --build /home/robolab/clearpath_ws/build/clearpath_description -- -j4 -l4
[1.022s] Invoking command in '/home/robolab/clearpath_ws/build/clearpath_description': AMENT_PREFIX_PATH=/home/robolab/clearpath_ws/install/clearpath_sensors_description:/home/robolab/clearpath_ws/install/clearpath_platform_description:/home/robolab/clearpath_ws/install/clearpath_mounts_description:/home/robolab/clearpath_ws/install/clearpath_manipulators_description:${AMENT_PREFIX_PATH} CMAKE_PREFIX_PATH=/home/robolab/clearpath_ws/install/clearpath_sensors_description:/home/robolab/clearpath_ws/install/clearpath_platform_description:/home/robolab/clearpath_ws/install/clearpath_mounts_description:/home/robolab/clearpath_ws/install/clearpath_manipulators_description:/opt/ros/jazzy/opt/gz_sim_vendor:/opt/ros/jazzy/opt/gz_sensors_vendor:/opt/ros/jazzy/opt/gz_physics_vendor:/opt/ros/jazzy/opt/gz_gui_vendor:/opt/ros/jazzy/opt/gz_transport_vendor:/opt/ros/jazzy/opt/gz_rendering_vendor:/opt/ros/jazzy/opt/gz_plugin_vendor:/opt/ros/jazzy/opt/gz_fuel_tools_vendor:/opt/ros/jazzy/opt/gz_msgs_vendor:/opt/ros/jazzy/opt/gz_common_vendor:/opt/ros/jazzy/opt/gz_ogre_next_vendor:/opt/ros/jazzy/opt/gz_dartsim_vendor:/opt/ros/jazzy/opt/sdformat_vendor:/opt/ros/jazzy/opt/gz_tools_vendor:/opt/ros/jazzy/opt/gz_math_vendor:/opt/ros/jazzy/opt/gz_utils_vendor:/opt/ros/jazzy/opt/gz_cmake_vendor:/opt/ros/jazzy DEBUGINFOD_URLS=https://debuginfod.ubuntu.com /usr/bin/cmake --install /home/robolab/clearpath_ws/build/clearpath_description
[1.038s] -- Install configuration: ""
[1.038s] -- Execute custom install script
[1.039s] -- Symlinking: /home/robolab/clearpath_ws/install/clearpath_description/share/ament_index/resource_index/package_run_dependencies/clearpath_description
[1.052s] -- Symlinking: /home/robolab/clearpath_ws/install/clearpath_description/share/ament_index/resource_index/parent_prefix_path/clearpath_description
[1.066s] -- Symlinking: /home/robolab/clearpath_ws/install/clearpath_description/share/clearpath_description/environment/ament_prefix_path.sh
[1.078s] -- Symlinking: /home/robolab/clearpath_ws/install/clearpath_description/share/clearpath_description/environment/ament_prefix_path.dsv
[1.091s] -- Symlinking: /home/robolab/clearpath_ws/install/clearpath_description/share/clearpath_description/environment/path.sh
[1.109s] -- Symlinking: /home/robolab/clearpath_ws/install/clearpath_description/share/clearpath_description/environment/path.dsv
[1.125s] -- Symlinking: /home/robolab/clearpath_ws/install/clearpath_description/share/clearpath_description/local_setup.bash
[1.142s] -- Symlinking: /home/robolab/clearpath_ws/install/clearpath_description/share/clearpath_description/local_setup.sh
[1.153s] -- Symlinking: /home/robolab/clearpath_ws/install/clearpath_description/share/clearpath_description/local_setup.zsh
[1.165s] -- Symlinking: /home/robolab/clearpath_ws/install/clearpath_description/share/clearpath_description/local_setup.dsv
[1.176s] -- Symlinking: /home/robolab/clearpath_ws/install/clearpath_description/share/clearpath_description/package.dsv
[1.191s] -- Symlinking: /home/robolab/clearpath_ws/install/clearpath_description/share/ament_index/resource_index/packages/clearpath_description
[1.201s] -- Symlinking: /home/robolab/clearpath_ws/install/clearpath_description/share/clearpath_description/cmake/clearpath_descriptionConfig.cmake
[1.214s] -- Symlinking: /home/robolab/clearpath_ws/install/clearpath_description/share/clearpath_description/cmake/clearpath_descriptionConfig-version.cmake
[1.220s] -- Symlinking: /home/robolab/clearpath_ws/install/clearpath_description/share/clearpath_description/package.xml
[1.243s] Invoked command in '/home/robolab/clearpath_ws/build/clearpath_description' returned '0': AMENT_PREFIX_PATH=/home/robolab/clearpath_ws/install/clearpath_sensors_description:/home/robolab/clearpath_ws/install/clearpath_platform_description:/home/robolab/clearpath_ws/install/clearpath_mounts_description:/home/robolab/clearpath_ws/install/clearpath_manipulators_description:${AMENT_PREFIX_PATH} CMAKE_PREFIX_PATH=/home/robolab/clearpath_ws/install/clearpath_sensors_description:/home/robolab/clearpath_ws/install/clearpath_platform_description:/home/robolab/clearpath_ws/install/clearpath_mounts_description:/home/robolab/clearpath_ws/install/clearpath_manipulators_description:/opt/ros/jazzy/opt/gz_sim_vendor:/opt/ros/jazzy/opt/gz_sensors_vendor:/opt/ros/jazzy/opt/gz_physics_vendor:/opt/ros/jazzy/opt/gz_gui_vendor:/opt/ros/jazzy/opt/gz_transport_vendor:/opt/ros/jazzy/opt/gz_rendering_vendor:/opt/ros/jazzy/opt/gz_plugin_vendor:/opt/ros/jazzy/opt/gz_fuel_tools_vendor:/opt/ros/jazzy/opt/gz_msgs_vendor:/opt/ros/jazzy/opt/gz_common_vendor:/opt/ros/jazzy/opt/gz_ogre_next_vendor:/opt/ros/jazzy/opt/gz_dartsim_vendor:/opt/ros/jazzy/opt/sdformat_vendor:/opt/ros/jazzy/opt/gz_tools_vendor:/opt/ros/jazzy/opt/gz_math_vendor:/opt/ros/jazzy/opt/gz_utils_vendor:/opt/ros/jazzy/opt/gz_cmake_vendor:/opt/ros/jazzy DEBUGINFOD_URLS=https://debuginfod.ubuntu.com /usr/bin/cmake --install /home/robolab/clearpath_ws/build/clearpath_description
