[0.015s] Invoking command in '/home/robolab/clearpath_ws/build/clearpath_sensors_description': CMAKE_PREFIX_PATH=${CMAKE_PREFIX_PATH}:/opt/ros/jazzy DEBUGINFOD_URLS=https://debuginfod.ubuntu.com /usr/bin/cmake /home/robolab/clearpath_ws/src/clearpath_common/clearpath_sensors_description -DCMAKE_INSTALL_PREFIX=/home/robolab/clearpath_ws/install/clearpath_sensors_description
[0.044s] -- Found ament_cmake: 2.5.5 (/opt/ros/jazzy/share/ament_cmake/cmake)
[0.398s] -- Override CMake install command with custom implementation using symlinks instead of copying resources
[0.564s] -- Configuring done (0.5s)
[0.572s] -- Generating done (0.0s)
[0.573s] -- Build files have been written to: /home/robolab/clearpath_ws/build/clearpath_sensors_description
[0.585s] Invoked command in '/home/robolab/clearpath_ws/build/clearpath_sensors_description' returned '0': CMAKE_PREFIX_PATH=${CMAKE_PREFIX_PATH}:/opt/ros/jazzy DEBUGINFOD_URLS=https://debuginfod.ubuntu.com /usr/bin/cmake /home/robolab/clearpath_ws/src/clearpath_common/clearpath_sensors_description -DCMAKE_INSTALL_PREFIX=/home/robolab/clearpath_ws/install/clearpath_sensors_description
[0.587s] Invoking command in '/home/robolab/clearpath_ws/build/clearpath_sensors_description': CMAKE_PREFIX_PATH=${CMAKE_PREFIX_PATH}:/opt/ros/jazzy DEBUGINFOD_URLS=https://debuginfod.ubuntu.com /usr/bin/cmake --build /home/robolab/clearpath_ws/build/clearpath_sensors_description -- -j4 -l4
[0.953s] Invoked command in '/home/robolab/clearpath_ws/build/clearpath_sensors_description' returned '0': CMAKE_PREFIX_PATH=${CMAKE_PREFIX_PATH}:/opt/ros/jazzy DEBUGINFOD_URLS=https://debuginfod.ubuntu.com /usr/bin/cmake --build /home/robolab/clearpath_ws/build/clearpath_sensors_description -- -j4 -l4
[0.954s] Invoking command in '/home/robolab/clearpath_ws/build/clearpath_sensors_description': CMAKE_PREFIX_PATH=${CMAKE_PREFIX_PATH}:/opt/ros/jazzy DEBUGINFOD_URLS=https://debuginfod.ubuntu.com /usr/bin/cmake --install /home/robolab/clearpath_ws/build/clearpath_sensors_description
[0.966s] -- Install configuration: ""
[0.966s] -- Execute custom install script
[0.966s] -- Up-to-date symlink: /home/robolab/clearpath_ws/install/clearpath_sensors_description/share/clearpath_sensors_description/meshes/axis_dome.stl
[0.967s] -- Up-to-date symlink: /home/robolab/clearpath_ws/install/clearpath_sensors_description/share/clearpath_sensors_description/meshes/axis_q62_base.stl
[0.967s] -- Up-to-date symlink: /home/robolab/clearpath_ws/install/clearpath_sensors_description/share/clearpath_sensors_description/meshes/axis_q62_top.stl
[0.967s] -- Up-to-date symlink: /home/robolab/clearpath_ws/install/clearpath_sensors_description/share/clearpath_sensors_description/meshes/fixposition.stl
[0.967s] -- Up-to-date symlink: /home/robolab/clearpath_ws/install/clearpath_sensors_description/share/clearpath_sensors_description/meshes/flir_blackfly.stl
[0.967s] -- Up-to-date symlink: /home/robolab/clearpath_ws/install/clearpath_sensors_description/share/clearpath_sensors_description/meshes/gnss_helical.stl
[0.967s] -- Up-to-date symlink: /home/robolab/clearpath_ws/install/clearpath_sensors_description/share/clearpath_sensors_description/meshes/gnss_patch.stl
[0.967s] -- Up-to-date symlink: /home/robolab/clearpath_ws/install/clearpath_sensors_description/share/clearpath_sensors_description/meshes/gnss_spherical.stl
[0.967s] -- Up-to-date symlink: /home/robolab/clearpath_ws/install/clearpath_sensors_description/share/clearpath_sensors_description/meshes/hokuyo_ust.stl
[0.967s] -- Up-to-date symlink: /home/robolab/clearpath_ws/install/clearpath_sensors_description/share/clearpath_sensors_description/meshes/hokuyo_utm30.stl
[0.967s] -- Up-to-date symlink: /home/robolab/clearpath_ws/install/clearpath_sensors_description/share/clearpath_sensors_description/meshes/novatel_smart6.stl
[0.972s] -- Up-to-date symlink: /home/robolab/clearpath_ws/install/clearpath_sensors_description/share/clearpath_sensors_description/meshes/novatel_smart7.stl
[0.972s] -- Up-to-date symlink: /home/robolab/clearpath_ws/install/clearpath_sensors_description/share/clearpath_sensors_description/meshes/oakd_lite.dae
[0.972s] -- Up-to-date symlink: /home/robolab/clearpath_ws/install/clearpath_sensors_description/share/clearpath_sensors_description/meshes/oakd_pro.dae
[0.972s] -- Up-to-date symlink: /home/robolab/clearpath_ws/install/clearpath_sensors_description/share/clearpath_sensors_description/meshes/oakd_pro_w_poe.dae
[0.972s] -- Up-to-date symlink: /home/robolab/clearpath_ws/install/clearpath_sensors_description/share/clearpath_sensors_description/meshes/ouster/os1_base.dae
[0.972s] -- Up-to-date symlink: /home/robolab/clearpath_ws/install/clearpath_sensors_description/share/clearpath_sensors_description/meshes/ouster/os1_fins.dae
[0.973s] -- Up-to-date symlink: /home/robolab/clearpath_ws/install/clearpath_sensors_description/share/clearpath_sensors_description/meshes/ouster/os1_halo.dae
[0.973s] -- Up-to-date symlink: /home/robolab/clearpath_ws/install/clearpath_sensors_description/share/clearpath_sensors_description/meshes/ouster/os1_lidar.dae
[0.973s] -- Up-to-date symlink: /home/robolab/clearpath_ws/install/clearpath_sensors_description/share/clearpath_sensors_description/meshes/seyond_robin_w.stl
[0.973s] -- Up-to-date symlink: /home/robolab/clearpath_ws/install/clearpath_sensors_description/share/clearpath_sensors_description/meshes/sick_lms1xx_collision.stl
[0.973s] -- Up-to-date symlink: /home/robolab/clearpath_ws/install/clearpath_sensors_description/share/clearpath_sensors_description/meshes/sick_lms1xx_small.dae
[0.973s] -- Up-to-date symlink: /home/robolab/clearpath_ws/install/clearpath_sensors_description/share/clearpath_sensors_description/urdf/axis/axis_dome_fixed.urdf.xacro
[0.974s] -- Up-to-date symlink: /home/robolab/clearpath_ws/install/clearpath_sensors_description/share/clearpath_sensors_description/urdf/axis/axis_dome_ptz.urdf.xacro
[0.974s] -- Up-to-date symlink: /home/robolab/clearpath_ws/install/clearpath_sensors_description/share/clearpath_sensors_description/urdf/axis/axis_q62.urdf.xacro
[0.975s] -- Up-to-date symlink: /home/robolab/clearpath_ws/install/clearpath_sensors_description/share/clearpath_sensors_description/urdf/axis_camera.urdf.xacro
[0.975s] -- Up-to-date symlink: /home/robolab/clearpath_ws/install/clearpath_sensors_description/share/clearpath_sensors_description/urdf/chrobotics_um6.urdf.xacro
[0.975s] -- Up-to-date symlink: /home/robolab/clearpath_ws/install/clearpath_sensors_description/share/clearpath_sensors_description/urdf/fixposition.urdf.xacro
[0.975s] -- Up-to-date symlink: /home/robolab/clearpath_ws/install/clearpath_sensors_description/share/clearpath_sensors_description/urdf/flir_blackfly.urdf.xacro
[0.975s] -- Up-to-date symlink: /home/robolab/clearpath_ws/install/clearpath_sensors_description/share/clearpath_sensors_description/urdf/garmin_18x.urdf.xacro
[0.976s] -- Up-to-date symlink: /home/robolab/clearpath_ws/install/clearpath_sensors_description/share/clearpath_sensors_description/urdf/gnss_antenna.urdf.xacro
[0.976s] -- Up-to-date symlink: /home/robolab/clearpath_ws/install/clearpath_sensors_description/share/clearpath_sensors_description/urdf/hokuyo_ust.urdf.xacro
[0.976s] -- Up-to-date symlink: /home/robolab/clearpath_ws/install/clearpath_sensors_description/share/clearpath_sensors_description/urdf/intel/d415.urdf.xacro
[0.976s] -- Up-to-date symlink: /home/robolab/clearpath_ws/install/clearpath_sensors_description/share/clearpath_sensors_description/urdf/intel/d435.urdf.xacro
[0.976s] -- Up-to-date symlink: /home/robolab/clearpath_ws/install/clearpath_sensors_description/share/clearpath_sensors_description/urdf/intel/d435i.urdf.xacro
[0.976s] -- Up-to-date symlink: /home/robolab/clearpath_ws/install/clearpath_sensors_description/share/clearpath_sensors_description/urdf/intel/d455.urdf.xacro
[0.977s] -- Up-to-date symlink: /home/robolab/clearpath_ws/install/clearpath_sensors_description/share/clearpath_sensors_description/urdf/intel/d456.urdf.xacro
[0.977s] -- Up-to-date symlink: /home/robolab/clearpath_ws/install/clearpath_sensors_description/share/clearpath_sensors_description/urdf/intel_realsense.urdf.xacro
[0.977s] -- Up-to-date symlink: /home/robolab/clearpath_ws/install/clearpath_sensors_description/share/clearpath_sensors_description/urdf/luxonis_oakd.urdf.xacro
[0.977s] -- Up-to-date symlink: /home/robolab/clearpath_ws/install/clearpath_sensors_description/share/clearpath_sensors_description/urdf/microstrain_gq7.urdf.xacro
[0.979s] -- Up-to-date symlink: /home/robolab/clearpath_ws/install/clearpath_sensors_description/share/clearpath_sensors_description/urdf/microstrain_imu.urdf.xacro
[0.979s] -- Up-to-date symlink: /home/robolab/clearpath_ws/install/clearpath_sensors_description/share/clearpath_sensors_description/urdf/novatel_smart6.urdf.xacro
[0.979s] -- Up-to-date symlink: /home/robolab/clearpath_ws/install/clearpath_sensors_description/share/clearpath_sensors_description/urdf/novatel_smart7.urdf.xacro
[0.979s] -- Up-to-date symlink: /home/robolab/clearpath_ws/install/clearpath_sensors_description/share/clearpath_sensors_description/urdf/ouster_os1.urdf.xacro
[0.979s] -- Up-to-date symlink: /home/robolab/clearpath_ws/install/clearpath_sensors_description/share/clearpath_sensors_description/urdf/phidgets_spatial.urdf.xacro
[0.980s] -- Up-to-date symlink: /home/robolab/clearpath_ws/install/clearpath_sensors_description/share/clearpath_sensors_description/urdf/redshift_um7.urdf.xacro
[0.980s] -- Up-to-date symlink: /home/robolab/clearpath_ws/install/clearpath_sensors_description/share/clearpath_sensors_description/urdf/seyond_lidar.urdf.xacro
[0.980s] -- Up-to-date symlink: /home/robolab/clearpath_ws/install/clearpath_sensors_description/share/clearpath_sensors_description/urdf/sick_lms1xx.urdf.xacro
[0.980s] -- Up-to-date symlink: /home/robolab/clearpath_ws/install/clearpath_sensors_description/share/clearpath_sensors_description/urdf/stereolabs_zed.urdf.xacro
[0.980s] -- Up-to-date symlink: /home/robolab/clearpath_ws/install/clearpath_sensors_description/share/clearpath_sensors_description/urdf/swiftnav_duro.urdf.xacro
[0.980s] -- Up-to-date symlink: /home/robolab/clearpath_ws/install/clearpath_sensors_description/share/clearpath_sensors_description/urdf/velodyne_lidar.urdf.xacro
[0.980s] -- Up-to-date symlink: /home/robolab/clearpath_ws/install/clearpath_sensors_description/share/clearpath_sensors_description/urdf/wiferion.urdf.xacro
[0.980s] -- Up-to-date symlink: /home/robolab/clearpath_ws/install/clearpath_sensors_description/share/ament_index/resource_index/package_run_dependencies/clearpath_sensors_description
[0.980s] -- Up-to-date symlink: /home/robolab/clearpath_ws/install/clearpath_sensors_description/share/ament_index/resource_index/parent_prefix_path/clearpath_sensors_description
[0.980s] -- Up-to-date symlink: /home/robolab/clearpath_ws/install/clearpath_sensors_description/share/clearpath_sensors_description/environment/ament_prefix_path.sh
[0.980s] -- Up-to-date symlink: /home/robolab/clearpath_ws/install/clearpath_sensors_description/share/clearpath_sensors_description/environment/ament_prefix_path.dsv
[0.981s] -- Up-to-date symlink: /home/robolab/clearpath_ws/install/clearpath_sensors_description/share/clearpath_sensors_description/environment/path.sh
[0.984s] -- Up-to-date symlink: /home/robolab/clearpath_ws/install/clearpath_sensors_description/share/clearpath_sensors_description/environment/path.dsv
[0.984s] -- Up-to-date symlink: /home/robolab/clearpath_ws/install/clearpath_sensors_description/share/clearpath_sensors_description/local_setup.bash
[0.986s] -- Up-to-date symlink: /home/robolab/clearpath_ws/install/clearpath_sensors_description/share/clearpath_sensors_description/local_setup.sh
[0.987s] -- Up-to-date symlink: /home/robolab/clearpath_ws/install/clearpath_sensors_description/share/clearpath_sensors_description/local_setup.zsh
[0.987s] -- Up-to-date symlink: /home/robolab/clearpath_ws/install/clearpath_sensors_description/share/clearpath_sensors_description/local_setup.dsv
[0.987s] -- Symlinking: /home/robolab/clearpath_ws/install/clearpath_sensors_description/share/clearpath_sensors_description/package.dsv
[1.001s] -- Up-to-date symlink: /home/robolab/clearpath_ws/install/clearpath_sensors_description/share/ament_index/resource_index/packages/clearpath_sensors_description
[1.001s] -- Up-to-date symlink: /home/robolab/clearpath_ws/install/clearpath_sensors_description/share/clearpath_sensors_description/cmake/clearpath_sensors_descriptionConfig.cmake
[1.001s] -- Up-to-date symlink: /home/robolab/clearpath_ws/install/clearpath_sensors_description/share/clearpath_sensors_description/cmake/clearpath_sensors_descriptionConfig-version.cmake
[1.002s] -- Up-to-date symlink: /home/robolab/clearpath_ws/install/clearpath_sensors_description/share/clearpath_sensors_description/package.xml
[1.007s] Invoked command in '/home/robolab/clearpath_ws/build/clearpath_sensors_description' returned '0': CMAKE_PREFIX_PATH=${CMAKE_PREFIX_PATH}:/opt/ros/jazzy DEBUGINFOD_URLS=https://debuginfod.ubuntu.com /usr/bin/cmake --install /home/robolab/clearpath_ws/build/clearpath_sensors_description
