running develop
running egg_info
creating clearpath_bt_joy.egg-info
writing clearpath_bt_joy.egg-info/PKG-INFO
writing dependency_links to clearpath_bt_joy.egg-info/dependency_links.txt
writing entry points to clearpath_bt_joy.egg-info/entry_points.txt
writing requirements to clearpath_bt_joy.egg-info/requires.txt
writing top-level names to clearpath_bt_joy.egg-info/top_level.txt
writing manifest file 'clearpath_bt_joy.egg-info/SOURCES.txt'
reading manifest file 'clearpath_bt_joy.egg-info/SOURCES.txt'
writing manifest file 'clearpath_bt_joy.egg-info/SOURCES.txt'
running build_ext
Creating /home/robolab/clearpath_ws/install/clearpath_bt_joy/lib/python3.12/site-packages/clearpath-bt-joy.egg-link (link to .)
Installing clearpath_bt_joy_cutoff_node script to /home/robolab/clearpath_ws/install/clearpath_bt_joy/lib/clearpath_bt_joy

Installed /home/robolab/clearpath_ws/build/clearpath_bt_joy
running symlink_data
creating /home/robolab/clearpath_ws/install/clearpath_bt_joy/share/ament_index
creating /home/robolab/clearpath_ws/install/clearpath_bt_joy/share/ament_index/resource_index
creating /home/robolab/clearpath_ws/install/clearpath_bt_joy/share/ament_index/resource_index/packages
symbolically linking /home/robolab/clearpath_ws/build/clearpath_bt_joy/resource/clearpath_bt_joy -> /home/robolab/clearpath_ws/install/clearpath_bt_joy/share/ament_index/resource_index/packages
symbolically linking /home/robolab/clearpath_ws/build/clearpath_bt_joy/package.xml -> /home/robolab/clearpath_ws/install/clearpath_bt_joy/share/clearpath_bt_joy
