[1.229s] Invoking command in '/home/robolab/clearpath_ws/build/clearpath_bt_joy': DEBUGINFOD_URLS=https://debuginfod.ubuntu.com PYTHONPATH=/home/robolab/clearpath_ws/build/clearpath_bt_joy/prefix_override:/usr/lib/python3/dist-packages/colcon_core/task/python/colcon_distutils_commands:/home/robolab/clearpath_ws/install/clearpath_bt_joy/lib/python3.12/site-packages:${PYTHONPATH} /usr/bin/python3 -W ignore:setup.py install is deprecated -W ignore:easy_install command is deprecated setup.py develop --editable --build-directory /home/robolab/clearpath_ws/build/clearpath_bt_joy/build --no-deps symlink_data
[1.721s] running develop
[2.026s] running egg_info
[2.026s] creating clearpath_bt_joy.egg-info
[2.054s] writing clearpath_bt_joy.egg-info/PKG-INFO
[2.054s] writing dependency_links to clearpath_bt_joy.egg-info/dependency_links.txt
[2.054s] writing entry points to clearpath_bt_joy.egg-info/entry_points.txt
[2.056s] writing requirements to clearpath_bt_joy.egg-info/requires.txt
[2.057s] writing top-level names to clearpath_bt_joy.egg-info/top_level.txt
[2.057s] writing manifest file 'clearpath_bt_joy.egg-info/SOURCES.txt'
[2.113s] reading manifest file 'clearpath_bt_joy.egg-info/SOURCES.txt'
[2.114s] writing manifest file 'clearpath_bt_joy.egg-info/SOURCES.txt'
[2.144s] running build_ext
[2.144s] Creating /home/robolab/clearpath_ws/install/clearpath_bt_joy/lib/python3.12/site-packages/clearpath-bt-joy.egg-link (link to .)
[2.144s] Installing clearpath_bt_joy_cutoff_node script to /home/robolab/clearpath_ws/install/clearpath_bt_joy/lib/clearpath_bt_joy
[2.145s] 
[2.145s] Installed /home/robolab/clearpath_ws/build/clearpath_bt_joy
[2.145s] running symlink_data
[2.145s] creating /home/robolab/clearpath_ws/install/clearpath_bt_joy/share/ament_index
[2.145s] creating /home/robolab/clearpath_ws/install/clearpath_bt_joy/share/ament_index/resource_index
[2.145s] creating /home/robolab/clearpath_ws/install/clearpath_bt_joy/share/ament_index/resource_index/packages
[2.145s] symbolically linking /home/robolab/clearpath_ws/build/clearpath_bt_joy/resource/clearpath_bt_joy -> /home/robolab/clearpath_ws/install/clearpath_bt_joy/share/ament_index/resource_index/packages
[2.145s] symbolically linking /home/robolab/clearpath_ws/build/clearpath_bt_joy/package.xml -> /home/robolab/clearpath_ws/install/clearpath_bt_joy/share/clearpath_bt_joy
[2.210s] Invoked command in '/home/robolab/clearpath_ws/build/clearpath_bt_joy' returned '0': DEBUGINFOD_URLS=https://debuginfod.ubuntu.com PYTHONPATH=/home/robolab/clearpath_ws/build/clearpath_bt_joy/prefix_override:/usr/lib/python3/dist-packages/colcon_core/task/python/colcon_distutils_commands:/home/robolab/clearpath_ws/install/clearpath_bt_joy/lib/python3.12/site-packages:${PYTHONPATH} /usr/bin/python3 -W ignore:setup.py install is deprecated -W ignore:easy_install command is deprecated setup.py develop --editable --build-directory /home/robolab/clearpath_ws/build/clearpath_bt_joy/build --no-deps symlink_data
