[0.034s] Invoking command in '/home/robolab/clearpath_ws/build/clearpath_platform_msgs': CMAKE_PREFIX_PATH=${CMAKE_PREFIX_PATH}:/home/robolab/clearpath_ws/install/clearpath_config:/home/robolab/clearpath_ws/install/clearpath_bt_joy:/opt/ros/jazzy DEBUGINFOD_URLS=https://debuginfod.ubuntu.com /usr/bin/cmake --build /home/robolab/clearpath_ws/build/clearpath_platform_msgs -- -j4 -l4
[0.135s] [  0%] Built target clearpath_platform_msgs__rosidl_generator_type_description
[0.157s] [  0%] Built target ament_cmake_python_symlink_clearpath_platform_msgs
[0.167s] [  0%] Built target clearpath_platform_msgs__cpp
[0.205s] [ 27%] Built target clearpath_platform_msgs__rosidl_generator_c
[0.242s] [ 37%] Built target clearpath_platform_msgs__rosidl_typesupport_cpp
[0.283s] [ 47%] Built target clearpath_platform_msgs__rosidl_typesupport_fastrtps_cpp
[0.324s] [ 56%] Built target clearpath_platform_msgs__rosidl_typesupport_introspection_c
[0.361s] [ 66%] Built target clearpath_platform_msgs__rosidl_typesupport_c
[0.402s] [ 76%] Built target clearpath_platform_msgs__rosidl_typesupport_introspection_cpp
[0.445s] [ 86%] Built target clearpath_platform_msgs__rosidl_typesupport_fastrtps_c
[0.474s] [ 86%] Built target clearpath_platform_msgs
[0.538s] [ 87%] Built target clearpath_platform_msgs__py
[0.555s] running egg_info
[0.557s] [ 96%] Built target clearpath_platform_msgs__rosidl_generator_py
[0.589s] [ 97%] Built target clearpath_platform_msgs_s__rosidl_typesupport_fastrtps_c
[0.592s] writing clearpath_platform_msgs.egg-info/PKG-INFO
[0.593s] writing dependency_links to clearpath_platform_msgs.egg-info/dependency_links.txt
[0.593s] writing top-level names to clearpath_platform_msgs.egg-info/top_level.txt
[0.634s] [ 98%] Built target clearpath_platform_msgs_s__rosidl_typesupport_c
[0.677s] [100%] Built target clearpath_platform_msgs_s__rosidl_typesupport_introspection_c
[0.738s] reading manifest file 'clearpath_platform_msgs.egg-info/SOURCES.txt'
[0.739s] writing manifest file 'clearpath_platform_msgs.egg-info/SOURCES.txt'
[0.820s] [100%] Built target ament_cmake_python_build_clearpath_platform_msgs_egg
[0.871s] Invoked command in '/home/robolab/clearpath_ws/build/clearpath_platform_msgs' returned '0': CMAKE_PREFIX_PATH=${CMAKE_PREFIX_PATH}:/home/robolab/clearpath_ws/install/clearpath_config:/home/robolab/clearpath_ws/install/clearpath_bt_joy:/opt/ros/jazzy DEBUGINFOD_URLS=https://debuginfod.ubuntu.com /usr/bin/cmake --build /home/robolab/clearpath_ws/build/clearpath_platform_msgs -- -j4 -l4
[0.871s] Invoking command in '/home/robolab/clearpath_ws/build/clearpath_platform_msgs': CMAKE_PREFIX_PATH=${CMAKE_PREFIX_PATH}:/home/robolab/clearpath_ws/install/clearpath_config:/home/robolab/clearpath_ws/install/clearpath_bt_joy:/opt/ros/jazzy DEBUGINFOD_URLS=https://debuginfod.ubuntu.com /usr/bin/cmake --install /home/robolab/clearpath_ws/build/clearpath_platform_msgs
[0.901s] -- Install configuration: ""
[0.901s] -- Execute custom install script
[0.901s] -- Up-to-date symlink: /home/robolab/clearpath_ws/install/clearpath_platform_msgs/share/ament_index/resource_index/rosidl_interfaces/clearpath_platform_msgs
[0.901s] -- Up-to-date symlink: /home/robolab/clearpath_ws/install/clearpath_platform_msgs/share/clearpath_platform_msgs/msg/DisplayStatus.json
[0.901s] -- Up-to-date symlink: /home/robolab/clearpath_ws/install/clearpath_platform_msgs/share/clearpath_platform_msgs/msg/Drive.json
[0.901s] -- Up-to-date symlink: /home/robolab/clearpath_ws/install/clearpath_platform_msgs/share/clearpath_platform_msgs/msg/DriveFeedback.json
[0.906s] -- Up-to-date symlink: /home/robolab/clearpath_ws/install/clearpath_platform_msgs/share/clearpath_platform_msgs/msg/Fans.json
[0.906s] -- Up-to-date symlink: /home/robolab/clearpath_ws/install/clearpath_platform_msgs/share/clearpath_platform_msgs/msg/Feedback.json
[0.906s] -- Up-to-date symlink: /home/robolab/clearpath_ws/install/clearpath_platform_msgs/share/clearpath_platform_msgs/msg/Lights.json
[0.906s] -- Up-to-date symlink: /home/robolab/clearpath_ws/install/clearpath_platform_msgs/share/clearpath_platform_msgs/msg/PinoutCommand.json
[0.906s] -- Up-to-date symlink: /home/robolab/clearpath_ws/install/clearpath_platform_msgs/share/clearpath_platform_msgs/msg/PinoutState.json
[0.906s] -- Up-to-date symlink: /home/robolab/clearpath_ws/install/clearpath_platform_msgs/share/clearpath_platform_msgs/msg/Power.json
[0.907s] -- Up-to-date symlink: /home/robolab/clearpath_ws/install/clearpath_platform_msgs/share/clearpath_platform_msgs/msg/RGB.json
[0.907s] -- Up-to-date symlink: /home/robolab/clearpath_ws/install/clearpath_platform_msgs/share/clearpath_platform_msgs/msg/Status.json
[0.907s] -- Up-to-date symlink: /home/robolab/clearpath_ws/install/clearpath_platform_msgs/share/clearpath_platform_msgs/msg/StopStatus.json
[0.907s] -- Up-to-date symlink: /home/robolab/clearpath_ws/install/clearpath_platform_msgs/share/clearpath_platform_msgs/msg/Temperature.json
[0.907s] -- Up-to-date symlink: /home/robolab/clearpath_ws/install/clearpath_platform_msgs/share/clearpath_platform_msgs/srv/ConfigureMcu.json
[0.910s] -- Up-to-date symlink: /home/robolab/clearpath_ws/install/clearpath_platform_msgs/share/clearpath_platform_msgs/srv/SetPinout.json
[0.911s] -- Up-to-date symlink: /home/robolab/clearpath_ws/install/clearpath_platform_msgs/include/clearpath_platform_msgs/clearpath_platform_msgs/msg/detail/display_status__functions.h
[0.913s] -- Up-to-date symlink: /home/robolab/clearpath_ws/install/clearpath_platform_msgs/include/clearpath_platform_msgs/clearpath_platform_msgs/msg/detail/display_status__struct.h
[0.913s] -- Up-to-date symlink: /home/robolab/clearpath_ws/install/clearpath_platform_msgs/include/clearpath_platform_msgs/clearpath_platform_msgs/msg/detail/display_status__type_support.h
[0.913s] -- Up-to-date symlink: /home/robolab/clearpath_ws/install/clearpath_platform_msgs/include/clearpath_platform_msgs/clearpath_platform_msgs/msg/detail/drive__functions.h
[0.914s] -- Up-to-date symlink: /home/robolab/clearpath_ws/install/clearpath_platform_msgs/include/clearpath_platform_msgs/clearpath_platform_msgs/msg/detail/drive__struct.h
[0.915s] -- Up-to-date symlink: /home/robolab/clearpath_ws/install/clearpath_platform_msgs/include/clearpath_platform_msgs/clearpath_platform_msgs/msg/detail/drive__type_support.h
[0.915s] -- Up-to-date symlink: /home/robolab/clearpath_ws/install/clearpath_platform_msgs/include/clearpath_platform_msgs/clearpath_platform_msgs/msg/detail/drive_feedback__functions.h
[0.915s] -- Up-to-date symlink: /home/robolab/clearpath_ws/install/clearpath_platform_msgs/include/clearpath_platform_msgs/clearpath_platform_msgs/msg/detail/drive_feedback__struct.h
[0.916s] -- Up-to-date symlink: /home/robolab/clearpath_ws/install/clearpath_platform_msgs/include/clearpath_platform_msgs/clearpath_platform_msgs/msg/detail/drive_feedback__type_support.h
[0.916s] -- Up-to-date symlink: /home/robolab/clearpath_ws/install/clearpath_platform_msgs/include/clearpath_platform_msgs/clearpath_platform_msgs/msg/detail/fans__functions.h
[0.916s] -- Up-to-date symlink: /home/robolab/clearpath_ws/install/clearpath_platform_msgs/include/clearpath_platform_msgs/clearpath_platform_msgs/msg/detail/fans__struct.h
[0.916s] -- Up-to-date symlink: /home/robolab/clearpath_ws/install/clearpath_platform_msgs/include/clearpath_platform_msgs/clearpath_platform_msgs/msg/detail/fans__type_support.h
[0.917s] -- Up-to-date symlink: /home/robolab/clearpath_ws/install/clearpath_platform_msgs/include/clearpath_platform_msgs/clearpath_platform_msgs/msg/detail/feedback__functions.h
[0.921s] -- Up-to-date symlink: /home/robolab/clearpath_ws/install/clearpath_platform_msgs/include/clearpath_platform_msgs/clearpath_platform_msgs/msg/detail/feedback__struct.h
[0.921s] -- Up-to-date symlink: /home/robolab/clearpath_ws/install/clearpath_platform_msgs/include/clearpath_platform_msgs/clearpath_platform_msgs/msg/detail/feedback__type_support.h
[0.921s] -- Up-to-date symlink: /home/robolab/clearpath_ws/install/clearpath_platform_msgs/include/clearpath_platform_msgs/clearpath_platform_msgs/msg/detail/lights__functions.h
[0.921s] -- Up-to-date symlink: /home/robolab/clearpath_ws/install/clearpath_platform_msgs/include/clearpath_platform_msgs/clearpath_platform_msgs/msg/detail/lights__struct.h
[0.921s] -- Up-to-date symlink: /home/robolab/clearpath_ws/install/clearpath_platform_msgs/include/clearpath_platform_msgs/clearpath_platform_msgs/msg/detail/lights__type_support.h
[0.921s] -- Up-to-date symlink: /home/robolab/clearpath_ws/install/clearpath_platform_msgs/include/clearpath_platform_msgs/clearpath_platform_msgs/msg/detail/pinout_command__functions.h
[0.921s] -- Up-to-date symlink: /home/robolab/clearpath_ws/install/clearpath_platform_msgs/include/clearpath_platform_msgs/clearpath_platform_msgs/msg/detail/pinout_command__struct.h
[0.921s] -- Up-to-date symlink: /home/robolab/clearpath_ws/install/clearpath_platform_msgs/include/clearpath_platform_msgs/clearpath_platform_msgs/msg/detail/pinout_command__type_support.h
[0.921s] -- Up-to-date symlink: /home/robolab/clearpath_ws/install/clearpath_platform_msgs/include/clearpath_platform_msgs/clearpath_platform_msgs/msg/detail/pinout_state__functions.h
[0.921s] -- Up-to-date symlink: /home/robolab/clearpath_ws/install/clearpath_platform_msgs/include/clearpath_platform_msgs/clearpath_platform_msgs/msg/detail/pinout_state__struct.h
[0.921s] -- Up-to-date symlink: /home/robolab/clearpath_ws/install/clearpath_platform_msgs/include/clearpath_platform_msgs/clearpath_platform_msgs/msg/detail/pinout_state__type_support.h
[0.922s] -- Up-to-date symlink: /home/robolab/clearpath_ws/install/clearpath_platform_msgs/include/clearpath_platform_msgs/clearpath_platform_msgs/msg/detail/power__functions.h
[0.922s] -- Up-to-date symlink: /home/robolab/clearpath_ws/install/clearpath_platform_msgs/include/clearpath_platform_msgs/clearpath_platform_msgs/msg/detail/power__struct.h
[0.922s] -- Up-to-date symlink: /home/robolab/clearpath_ws/install/clearpath_platform_msgs/include/clearpath_platform_msgs/clearpath_platform_msgs/msg/detail/power__type_support.h
[0.923s] -- Up-to-date symlink: /home/robolab/clearpath_ws/install/clearpath_platform_msgs/include/clearpath_platform_msgs/clearpath_platform_msgs/msg/detail/rgb__functions.h
[0.928s] -- Up-to-date symlink: /home/robolab/clearpath_ws/install/clearpath_platform_msgs/include/clearpath_platform_msgs/clearpath_platform_msgs/msg/detail/rgb__struct.h
[0.928s] -- Up-to-date symlink: /home/robolab/clearpath_ws/install/clearpath_platform_msgs/include/clearpath_platform_msgs/clearpath_platform_msgs/msg/detail/rgb__type_support.h
[0.928s] -- Up-to-date symlink: /home/robolab/clearpath_ws/install/clearpath_platform_msgs/include/clearpath_platform_msgs/clearpath_platform_msgs/msg/detail/status__functions.h
[0.928s] -- Up-to-date symlink: /home/robolab/clearpath_ws/install/clearpath_platform_msgs/include/clearpath_platform_msgs/clearpath_platform_msgs/msg/detail/status__struct.h
[0.928s] -- Up-to-date symlink: /home/robolab/clearpath_ws/install/clearpath_platform_msgs/include/clearpath_platform_msgs/clearpath_platform_msgs/msg/detail/status__type_support.h
[0.928s] -- Up-to-date symlink: /home/robolab/clearpath_ws/install/clearpath_platform_msgs/include/clearpath_platform_msgs/clearpath_platform_msgs/msg/detail/stop_status__functions.h
[0.928s] -- Up-to-date symlink: /home/robolab/clearpath_ws/install/clearpath_platform_msgs/include/clearpath_platform_msgs/clearpath_platform_msgs/msg/detail/stop_status__struct.h
[0.928s] -- Up-to-date symlink: /home/robolab/clearpath_ws/install/clearpath_platform_msgs/include/clearpath_platform_msgs/clearpath_platform_msgs/msg/detail/stop_status__type_support.h
[0.928s] -- Up-to-date symlink: /home/robolab/clearpath_ws/install/clearpath_platform_msgs/include/clearpath_platform_msgs/clearpath_platform_msgs/msg/detail/temperature__functions.h
[0.928s] -- Up-to-date symlink: /home/robolab/clearpath_ws/install/clearpath_platform_msgs/include/clearpath_platform_msgs/clearpath_platform_msgs/msg/detail/temperature__struct.h
[0.929s] -- Up-to-date symlink: /home/robolab/clearpath_ws/install/clearpath_platform_msgs/include/clearpath_platform_msgs/clearpath_platform_msgs/msg/detail/temperature__type_support.h
[0.929s] -- Up-to-date symlink: /home/robolab/clearpath_ws/install/clearpath_platform_msgs/include/clearpath_platform_msgs/clearpath_platform_msgs/msg/display_status.h
[0.929s] -- Up-to-date symlink: /home/robolab/clearpath_ws/install/clearpath_platform_msgs/include/clearpath_platform_msgs/clearpath_platform_msgs/msg/drive.h
[0.929s] -- Up-to-date symlink: /home/robolab/clearpath_ws/install/clearpath_platform_msgs/include/clearpath_platform_msgs/clearpath_platform_msgs/msg/drive_feedback.h
[0.929s] -- Up-to-date symlink: /home/robolab/clearpath_ws/install/clearpath_platform_msgs/include/clearpath_platform_msgs/clearpath_platform_msgs/msg/fans.h
[0.929s] -- Up-to-date symlink: /home/robolab/clearpath_ws/install/clearpath_platform_msgs/include/clearpath_platform_msgs/clearpath_platform_msgs/msg/feedback.h
[0.929s] -- Up-to-date symlink: /home/robolab/clearpath_ws/install/clearpath_platform_msgs/include/clearpath_platform_msgs/clearpath_platform_msgs/msg/lights.h
[0.930s] -- Up-to-date symlink: /home/robolab/clearpath_ws/install/clearpath_platform_msgs/include/clearpath_platform_msgs/clearpath_platform_msgs/msg/pinout_command.h
[0.930s] -- Up-to-date symlink: /home/robolab/clearpath_ws/install/clearpath_platform_msgs/include/clearpath_platform_msgs/clearpath_platform_msgs/msg/pinout_state.h
[0.931s] -- Up-to-date symlink: /home/robolab/clearpath_ws/install/clearpath_platform_msgs/include/clearpath_platform_msgs/clearpath_platform_msgs/msg/power.h
[0.932s] -- Up-to-date symlink: /home/robolab/clearpath_ws/install/clearpath_platform_msgs/include/clearpath_platform_msgs/clearpath_platform_msgs/msg/rgb.h
[0.932s] -- Up-to-date symlink: /home/robolab/clearpath_ws/install/clearpath_platform_msgs/include/clearpath_platform_msgs/clearpath_platform_msgs/msg/rosidl_generator_c__visibility_control.h
[0.932s] -- Up-to-date symlink: /home/robolab/clearpath_ws/install/clearpath_platform_msgs/include/clearpath_platform_msgs/clearpath_platform_msgs/msg/status.h
[0.933s] -- Up-to-date symlink: /home/robolab/clearpath_ws/install/clearpath_platform_msgs/include/clearpath_platform_msgs/clearpath_platform_msgs/msg/stop_status.h
[0.933s] -- Up-to-date symlink: /home/robolab/clearpath_ws/install/clearpath_platform_msgs/include/clearpath_platform_msgs/clearpath_platform_msgs/msg/temperature.h
[0.933s] -- Up-to-date symlink: /home/robolab/clearpath_ws/install/clearpath_platform_msgs/include/clearpath_platform_msgs/clearpath_platform_msgs/srv/configure_mcu.h
[0.934s] -- Up-to-date symlink: /home/robolab/clearpath_ws/install/clearpath_platform_msgs/include/clearpath_platform_msgs/clearpath_platform_msgs/srv/detail/configure_mcu__functions.h
[0.934s] -- Up-to-date symlink: /home/robolab/clearpath_ws/install/clearpath_platform_msgs/include/clearpath_platform_msgs/clearpath_platform_msgs/srv/detail/configure_mcu__struct.h
[0.937s] -- Up-to-date symlink: /home/robolab/clearpath_ws/install/clearpath_platform_msgs/include/clearpath_platform_msgs/clearpath_platform_msgs/srv/detail/configure_mcu__type_support.h
[0.937s] -- Up-to-date symlink: /home/robolab/clearpath_ws/install/clearpath_platform_msgs/include/clearpath_platform_msgs/clearpath_platform_msgs/srv/detail/set_pinout__functions.h
[0.937s] -- Up-to-date symlink: /home/robolab/clearpath_ws/install/clearpath_platform_msgs/include/clearpath_platform_msgs/clearpath_platform_msgs/srv/detail/set_pinout__struct.h
[0.937s] -- Up-to-date symlink: /home/robolab/clearpath_ws/install/clearpath_platform_msgs/include/clearpath_platform_msgs/clearpath_platform_msgs/srv/detail/set_pinout__type_support.h
[0.937s] -- Up-to-date symlink: /home/robolab/clearpath_ws/install/clearpath_platform_msgs/include/clearpath_platform_msgs/clearpath_platform_msgs/srv/set_pinout.h
[0.937s] -- Up-to-date symlink: /home/robolab/clearpath_ws/install/clearpath_platform_msgs/share/clearpath_platform_msgs/environment/library_path.sh
[0.937s] -- Up-to-date symlink: /home/robolab/clearpath_ws/install/clearpath_platform_msgs/share/clearpath_platform_msgs/environment/library_path.dsv
[0.938s] -- Up-to-date symlink: /home/robolab/clearpath_ws/install/clearpath_platform_msgs/include/clearpath_platform_msgs/clearpath_platform_msgs/msg/detail/display_status__rosidl_typesupport_fastrtps_c.h
[0.938s] -- Up-to-date symlink: /home/robolab/clearpath_ws/install/clearpath_platform_msgs/include/clearpath_platform_msgs/clearpath_platform_msgs/msg/detail/drive__rosidl_typesupport_fastrtps_c.h
[0.938s] -- Up-to-date symlink: /home/robolab/clearpath_ws/install/clearpath_platform_msgs/include/clearpath_platform_msgs/clearpath_platform_msgs/msg/detail/drive_feedback__rosidl_typesupport_fastrtps_c.h
[0.939s] -- Up-to-date symlink: /home/robolab/clearpath_ws/install/clearpath_platform_msgs/include/clearpath_platform_msgs/clearpath_platform_msgs/msg/detail/fans__rosidl_typesupport_fastrtps_c.h
[0.939s] -- Up-to-date symlink: /home/robolab/clearpath_ws/install/clearpath_platform_msgs/include/clearpath_platform_msgs/clearpath_platform_msgs/msg/detail/feedback__rosidl_typesupport_fastrtps_c.h
[0.940s] -- Up-to-date symlink: /home/robolab/clearpath_ws/install/clearpath_platform_msgs/include/clearpath_platform_msgs/clearpath_platform_msgs/msg/detail/lights__rosidl_typesupport_fastrtps_c.h
[0.940s] -- Up-to-date symlink: /home/robolab/clearpath_ws/install/clearpath_platform_msgs/include/clearpath_platform_msgs/clearpath_platform_msgs/msg/detail/pinout_command__rosidl_typesupport_fastrtps_c.h
[0.940s] -- Up-to-date symlink: /home/robolab/clearpath_ws/install/clearpath_platform_msgs/include/clearpath_platform_msgs/clearpath_platform_msgs/msg/detail/pinout_state__rosidl_typesupport_fastrtps_c.h
[0.941s] -- Up-to-date symlink: /home/robolab/clearpath_ws/install/clearpath_platform_msgs/include/clearpath_platform_msgs/clearpath_platform_msgs/msg/detail/power__rosidl_typesupport_fastrtps_c.h
[0.941s] -- Up-to-date symlink: /home/robolab/clearpath_ws/install/clearpath_platform_msgs/include/clearpath_platform_msgs/clearpath_platform_msgs/msg/detail/rgb__rosidl_typesupport_fastrtps_c.h
[0.941s] -- Up-to-date symlink: /home/robolab/clearpath_ws/install/clearpath_platform_msgs/include/clearpath_platform_msgs/clearpath_platform_msgs/msg/detail/status__rosidl_typesupport_fastrtps_c.h
[0.942s] -- Up-to-date symlink: /home/robolab/clearpath_ws/install/clearpath_platform_msgs/include/clearpath_platform_msgs/clearpath_platform_msgs/msg/detail/stop_status__rosidl_typesupport_fastrtps_c.h
[0.942s] -- Up-to-date symlink: /home/robolab/clearpath_ws/install/clearpath_platform_msgs/include/clearpath_platform_msgs/clearpath_platform_msgs/msg/detail/temperature__rosidl_typesupport_fastrtps_c.h
[0.942s] -- Up-to-date symlink: /home/robolab/clearpath_ws/install/clearpath_platform_msgs/include/clearpath_platform_msgs/clearpath_platform_msgs/msg/rosidl_typesupport_fastrtps_c__visibility_control.h
[0.943s] -- Up-to-date symlink: /home/robolab/clearpath_ws/install/clearpath_platform_msgs/include/clearpath_platform_msgs/clearpath_platform_msgs/srv/detail/configure_mcu__rosidl_typesupport_fastrtps_c.h
[0.944s] -- Up-to-date symlink: /home/robolab/clearpath_ws/install/clearpath_platform_msgs/include/clearpath_platform_msgs/clearpath_platform_msgs/srv/detail/set_pinout__rosidl_typesupport_fastrtps_c.h
[0.945s] -- Up-to-date symlink: /home/robolab/clearpath_ws/install/clearpath_platform_msgs/include/clearpath_platform_msgs/clearpath_platform_msgs/msg/detail/display_status__builder.hpp
[0.945s] -- Up-to-date symlink: /home/robolab/clearpath_ws/install/clearpath_platform_msgs/include/clearpath_platform_msgs/clearpath_platform_msgs/msg/detail/display_status__struct.hpp
[0.945s] -- Up-to-date symlink: /home/robolab/clearpath_ws/install/clearpath_platform_msgs/include/clearpath_platform_msgs/clearpath_platform_msgs/msg/detail/display_status__traits.hpp
[0.946s] -- Up-to-date symlink: /home/robolab/clearpath_ws/install/clearpath_platform_msgs/include/clearpath_platform_msgs/clearpath_platform_msgs/msg/detail/display_status__type_support.hpp
[0.946s] -- Up-to-date symlink: /home/robolab/clearpath_ws/install/clearpath_platform_msgs/include/clearpath_platform_msgs/clearpath_platform_msgs/msg/detail/drive__builder.hpp
[0.946s] -- Up-to-date symlink: /home/robolab/clearpath_ws/install/clearpath_platform_msgs/include/clearpath_platform_msgs/clearpath_platform_msgs/msg/detail/drive__struct.hpp
[0.947s] -- Up-to-date symlink: /home/robolab/clearpath_ws/install/clearpath_platform_msgs/include/clearpath_platform_msgs/clearpath_platform_msgs/msg/detail/drive__traits.hpp
[0.947s] -- Up-to-date symlink: /home/robolab/clearpath_ws/install/clearpath_platform_msgs/include/clearpath_platform_msgs/clearpath_platform_msgs/msg/detail/drive__type_support.hpp
[0.947s] -- Up-to-date symlink: /home/robolab/clearpath_ws/install/clearpath_platform_msgs/include/clearpath_platform_msgs/clearpath_platform_msgs/msg/detail/drive_feedback__builder.hpp
[0.949s] -- Up-to-date symlink: /home/robolab/clearpath_ws/install/clearpath_platform_msgs/include/clearpath_platform_msgs/clearpath_platform_msgs/msg/detail/drive_feedback__struct.hpp
[0.949s] -- Up-to-date symlink: /home/robolab/clearpath_ws/install/clearpath_platform_msgs/include/clearpath_platform_msgs/clearpath_platform_msgs/msg/detail/drive_feedback__traits.hpp
[0.949s] -- Up-to-date symlink: /home/robolab/clearpath_ws/install/clearpath_platform_msgs/include/clearpath_platform_msgs/clearpath_platform_msgs/msg/detail/drive_feedback__type_support.hpp
[0.949s] -- Up-to-date symlink: /home/robolab/clearpath_ws/install/clearpath_platform_msgs/include/clearpath_platform_msgs/clearpath_platform_msgs/msg/detail/fans__builder.hpp
[0.949s] -- Up-to-date symlink: /home/robolab/clearpath_ws/install/clearpath_platform_msgs/include/clearpath_platform_msgs/clearpath_platform_msgs/msg/detail/fans__struct.hpp
[0.949s] -- Up-to-date symlink: /home/robolab/clearpath_ws/install/clearpath_platform_msgs/include/clearpath_platform_msgs/clearpath_platform_msgs/msg/detail/fans__traits.hpp
[0.949s] -- Up-to-date symlink: /home/robolab/clearpath_ws/install/clearpath_platform_msgs/include/clearpath_platform_msgs/clearpath_platform_msgs/msg/detail/fans__type_support.hpp
[0.949s] -- Up-to-date symlink: /home/robolab/clearpath_ws/install/clearpath_platform_msgs/include/clearpath_platform_msgs/clearpath_platform_msgs/msg/detail/feedback__builder.hpp
[0.950s] -- Up-to-date symlink: /home/robolab/clearpath_ws/install/clearpath_platform_msgs/include/clearpath_platform_msgs/clearpath_platform_msgs/msg/detail/feedback__struct.hpp
[0.950s] -- Up-to-date symlink: /home/robolab/clearpath_ws/install/clearpath_platform_msgs/include/clearpath_platform_msgs/clearpath_platform_msgs/msg/detail/feedback__traits.hpp
[0.950s] -- Up-to-date symlink: /home/robolab/clearpath_ws/install/clearpath_platform_msgs/include/clearpath_platform_msgs/clearpath_platform_msgs/msg/detail/feedback__type_support.hpp
[0.953s] -- Up-to-date symlink: /home/robolab/clearpath_ws/install/clearpath_platform_msgs/include/clearpath_platform_msgs/clearpath_platform_msgs/msg/detail/lights__builder.hpp
[0.953s] -- Up-to-date symlink: /home/robolab/clearpath_ws/install/clearpath_platform_msgs/include/clearpath_platform_msgs/clearpath_platform_msgs/msg/detail/lights__struct.hpp
[0.953s] -- Up-to-date symlink: /home/robolab/clearpath_ws/install/clearpath_platform_msgs/include/clearpath_platform_msgs/clearpath_platform_msgs/msg/detail/lights__traits.hpp
[0.953s] -- Up-to-date symlink: /home/robolab/clearpath_ws/install/clearpath_platform_msgs/include/clearpath_platform_msgs/clearpath_platform_msgs/msg/detail/lights__type_support.hpp
[0.953s] -- Up-to-date symlink: /home/robolab/clearpath_ws/install/clearpath_platform_msgs/include/clearpath_platform_msgs/clearpath_platform_msgs/msg/detail/pinout_command__builder.hpp
[0.953s] -- Up-to-date symlink: /home/robolab/clearpath_ws/install/clearpath_platform_msgs/include/clearpath_platform_msgs/clearpath_platform_msgs/msg/detail/pinout_command__struct.hpp
[0.956s] -- Up-to-date symlink: /home/robolab/clearpath_ws/install/clearpath_platform_msgs/include/clearpath_platform_msgs/clearpath_platform_msgs/msg/detail/pinout_command__traits.hpp
[0.956s] -- Up-to-date symlink: /home/robolab/clearpath_ws/install/clearpath_platform_msgs/include/clearpath_platform_msgs/clearpath_platform_msgs/msg/detail/pinout_command__type_support.hpp
[0.956s] -- Up-to-date symlink: /home/robolab/clearpath_ws/install/clearpath_platform_msgs/include/clearpath_platform_msgs/clearpath_platform_msgs/msg/detail/pinout_state__builder.hpp
[0.956s] -- Up-to-date symlink: /home/robolab/clearpath_ws/install/clearpath_platform_msgs/include/clearpath_platform_msgs/clearpath_platform_msgs/msg/detail/pinout_state__struct.hpp
[0.956s] -- Up-to-date symlink: /home/robolab/clearpath_ws/install/clearpath_platform_msgs/include/clearpath_platform_msgs/clearpath_platform_msgs/msg/detail/pinout_state__traits.hpp
[0.956s] -- Up-to-date symlink: /home/robolab/clearpath_ws/install/clearpath_platform_msgs/include/clearpath_platform_msgs/clearpath_platform_msgs/msg/detail/pinout_state__type_support.hpp
[0.956s] -- Up-to-date symlink: /home/robolab/clearpath_ws/install/clearpath_platform_msgs/include/clearpath_platform_msgs/clearpath_platform_msgs/msg/detail/power__builder.hpp
[0.956s] -- Up-to-date symlink: /home/robolab/clearpath_ws/install/clearpath_platform_msgs/include/clearpath_platform_msgs/clearpath_platform_msgs/msg/detail/power__struct.hpp
[0.956s] -- Up-to-date symlink: /home/robolab/clearpath_ws/install/clearpath_platform_msgs/include/clearpath_platform_msgs/clearpath_platform_msgs/msg/detail/power__traits.hpp
[0.956s] -- Up-to-date symlink: /home/robolab/clearpath_ws/install/clearpath_platform_msgs/include/clearpath_platform_msgs/clearpath_platform_msgs/msg/detail/power__type_support.hpp
[0.956s] -- Up-to-date symlink: /home/robolab/clearpath_ws/install/clearpath_platform_msgs/include/clearpath_platform_msgs/clearpath_platform_msgs/msg/detail/rgb__builder.hpp
[0.956s] -- Up-to-date symlink: /home/robolab/clearpath_ws/install/clearpath_platform_msgs/include/clearpath_platform_msgs/clearpath_platform_msgs/msg/detail/rgb__struct.hpp
[0.957s] -- Up-to-date symlink: /home/robolab/clearpath_ws/install/clearpath_platform_msgs/include/clearpath_platform_msgs/clearpath_platform_msgs/msg/detail/rgb__traits.hpp
[0.957s] -- Up-to-date symlink: /home/robolab/clearpath_ws/install/clearpath_platform_msgs/include/clearpath_platform_msgs/clearpath_platform_msgs/msg/detail/rgb__type_support.hpp
[0.957s] -- Up-to-date symlink: /home/robolab/clearpath_ws/install/clearpath_platform_msgs/include/clearpath_platform_msgs/clearpath_platform_msgs/msg/detail/status__builder.hpp
[0.957s] -- Up-to-date symlink: /home/robolab/clearpath_ws/install/clearpath_platform_msgs/include/clearpath_platform_msgs/clearpath_platform_msgs/msg/detail/status__struct.hpp
[0.957s] -- Up-to-date symlink: /home/robolab/clearpath_ws/install/clearpath_platform_msgs/include/clearpath_platform_msgs/clearpath_platform_msgs/msg/detail/status__traits.hpp
[0.957s] -- Up-to-date symlink: /home/robolab/clearpath_ws/install/clearpath_platform_msgs/include/clearpath_platform_msgs/clearpath_platform_msgs/msg/detail/status__type_support.hpp
[0.957s] -- Up-to-date symlink: /home/robolab/clearpath_ws/install/clearpath_platform_msgs/include/clearpath_platform_msgs/clearpath_platform_msgs/msg/detail/stop_status__builder.hpp
[0.957s] -- Up-to-date symlink: /home/robolab/clearpath_ws/install/clearpath_platform_msgs/include/clearpath_platform_msgs/clearpath_platform_msgs/msg/detail/stop_status__struct.hpp
[0.957s] -- Up-to-date symlink: /home/robolab/clearpath_ws/install/clearpath_platform_msgs/include/clearpath_platform_msgs/clearpath_platform_msgs/msg/detail/stop_status__traits.hpp
[0.957s] -- Up-to-date symlink: /home/robolab/clearpath_ws/install/clearpath_platform_msgs/include/clearpath_platform_msgs/clearpath_platform_msgs/msg/detail/stop_status__type_support.hpp
[0.957s] -- Up-to-date symlink: /home/robolab/clearpath_ws/install/clearpath_platform_msgs/include/clearpath_platform_msgs/clearpath_platform_msgs/msg/detail/temperature__builder.hpp
[0.957s] -- Up-to-date symlink: /home/robolab/clearpath_ws/install/clearpath_platform_msgs/include/clearpath_platform_msgs/clearpath_platform_msgs/msg/detail/temperature__struct.hpp
[0.957s] -- Up-to-date symlink: /home/robolab/clearpath_ws/install/clearpath_platform_msgs/include/clearpath_platform_msgs/clearpath_platform_msgs/msg/detail/temperature__traits.hpp
[0.960s] -- Up-to-date symlink: /home/robolab/clearpath_ws/install/clearpath_platform_msgs/include/clearpath_platform_msgs/clearpath_platform_msgs/msg/detail/temperature__type_support.hpp
[0.961s] -- Up-to-date symlink: /home/robolab/clearpath_ws/install/clearpath_platform_msgs/include/clearpath_platform_msgs/clearpath_platform_msgs/msg/display_status.hpp
[0.961s] -- Up-to-date symlink: /home/robolab/clearpath_ws/install/clearpath_platform_msgs/include/clearpath_platform_msgs/clearpath_platform_msgs/msg/drive.hpp
[0.961s] -- Up-to-date symlink: /home/robolab/clearpath_ws/install/clearpath_platform_msgs/include/clearpath_platform_msgs/clearpath_platform_msgs/msg/drive_feedback.hpp
[0.961s] -- Up-to-date symlink: /home/robolab/clearpath_ws/install/clearpath_platform_msgs/include/clearpath_platform_msgs/clearpath_platform_msgs/msg/fans.hpp
[0.961s] -- Up-to-date symlink: /home/robolab/clearpath_ws/install/clearpath_platform_msgs/include/clearpath_platform_msgs/clearpath_platform_msgs/msg/feedback.hpp
[0.961s] -- Up-to-date symlink: /home/robolab/clearpath_ws/install/clearpath_platform_msgs/include/clearpath_platform_msgs/clearpath_platform_msgs/msg/lights.hpp
[0.961s] -- Up-to-date symlink: /home/robolab/clearpath_ws/install/clearpath_platform_msgs/include/clearpath_platform_msgs/clearpath_platform_msgs/msg/pinout_command.hpp
[0.961s] -- Up-to-date symlink: /home/robolab/clearpath_ws/install/clearpath_platform_msgs/include/clearpath_platform_msgs/clearpath_platform_msgs/msg/pinout_state.hpp
[0.961s] -- Up-to-date symlink: /home/robolab/clearpath_ws/install/clearpath_platform_msgs/include/clearpath_platform_msgs/clearpath_platform_msgs/msg/power.hpp
[0.961s] -- Up-to-date symlink: /home/robolab/clearpath_ws/install/clearpath_platform_msgs/include/clearpath_platform_msgs/clearpath_platform_msgs/msg/rgb.hpp
[0.961s] -- Up-to-date symlink: /home/robolab/clearpath_ws/install/clearpath_platform_msgs/include/clearpath_platform_msgs/clearpath_platform_msgs/msg/rosidl_generator_cpp__visibility_control.hpp
[0.962s] -- Up-to-date symlink: /home/robolab/clearpath_ws/install/clearpath_platform_msgs/include/clearpath_platform_msgs/clearpath_platform_msgs/msg/status.hpp
[0.962s] -- Up-to-date symlink: /home/robolab/clearpath_ws/install/clearpath_platform_msgs/include/clearpath_platform_msgs/clearpath_platform_msgs/msg/stop_status.hpp
[0.962s] -- Up-to-date symlink: /home/robolab/clearpath_ws/install/clearpath_platform_msgs/include/clearpath_platform_msgs/clearpath_platform_msgs/msg/temperature.hpp
[0.962s] -- Up-to-date symlink: /home/robolab/clearpath_ws/install/clearpath_platform_msgs/include/clearpath_platform_msgs/clearpath_platform_msgs/srv/configure_mcu.hpp
[0.962s] -- Up-to-date symlink: /home/robolab/clearpath_ws/install/clearpath_platform_msgs/include/clearpath_platform_msgs/clearpath_platform_msgs/srv/detail/configure_mcu__builder.hpp
[0.962s] -- Up-to-date symlink: /home/robolab/clearpath_ws/install/clearpath_platform_msgs/include/clearpath_platform_msgs/clearpath_platform_msgs/srv/detail/configure_mcu__struct.hpp
[0.962s] -- Up-to-date symlink: /home/robolab/clearpath_ws/install/clearpath_platform_msgs/include/clearpath_platform_msgs/clearpath_platform_msgs/srv/detail/configure_mcu__traits.hpp
[0.962s] -- Up-to-date symlink: /home/robolab/clearpath_ws/install/clearpath_platform_msgs/include/clearpath_platform_msgs/clearpath_platform_msgs/srv/detail/configure_mcu__type_support.hpp
[0.962s] -- Up-to-date symlink: /home/robolab/clearpath_ws/install/clearpath_platform_msgs/include/clearpath_platform_msgs/clearpath_platform_msgs/srv/detail/set_pinout__builder.hpp
[0.962s] -- Up-to-date symlink: /home/robolab/clearpath_ws/install/clearpath_platform_msgs/include/clearpath_platform_msgs/clearpath_platform_msgs/srv/detail/set_pinout__struct.hpp
[0.962s] -- Up-to-date symlink: /home/robolab/clearpath_ws/install/clearpath_platform_msgs/include/clearpath_platform_msgs/clearpath_platform_msgs/srv/detail/set_pinout__traits.hpp
[0.962s] -- Up-to-date symlink: /home/robolab/clearpath_ws/install/clearpath_platform_msgs/include/clearpath_platform_msgs/clearpath_platform_msgs/srv/detail/set_pinout__type_support.hpp
[0.963s] -- Up-to-date symlink: /home/robolab/clearpath_ws/install/clearpath_platform_msgs/include/clearpath_platform_msgs/clearpath_platform_msgs/srv/set_pinout.hpp
[0.964s] -- Up-to-date symlink: /home/robolab/clearpath_ws/install/clearpath_platform_msgs/include/clearpath_platform_msgs/clearpath_platform_msgs/msg/detail/display_status__rosidl_typesupport_fastrtps_cpp.hpp
[0.964s] -- Up-to-date symlink: /home/robolab/clearpath_ws/install/clearpath_platform_msgs/include/clearpath_platform_msgs/clearpath_platform_msgs/msg/detail/drive__rosidl_typesupport_fastrtps_cpp.hpp
[0.965s] -- Up-to-date symlink: /home/robolab/clearpath_ws/install/clearpath_platform_msgs/include/clearpath_platform_msgs/clearpath_platform_msgs/msg/detail/drive_feedback__rosidl_typesupport_fastrtps_cpp.hpp
[0.965s] -- Up-to-date symlink: /home/robolab/clearpath_ws/install/clearpath_platform_msgs/include/clearpath_platform_msgs/clearpath_platform_msgs/msg/detail/fans__rosidl_typesupport_fastrtps_cpp.hpp
[0.965s] -- Up-to-date symlink: /home/robolab/clearpath_ws/install/clearpath_platform_msgs/include/clearpath_platform_msgs/clearpath_platform_msgs/msg/detail/feedback__rosidl_typesupport_fastrtps_cpp.hpp
[0.966s] -- Up-to-date symlink: /home/robolab/clearpath_ws/install/clearpath_platform_msgs/include/clearpath_platform_msgs/clearpath_platform_msgs/msg/detail/lights__rosidl_typesupport_fastrtps_cpp.hpp
[0.966s] -- Up-to-date symlink: /home/robolab/clearpath_ws/install/clearpath_platform_msgs/include/clearpath_platform_msgs/clearpath_platform_msgs/msg/detail/pinout_command__rosidl_typesupport_fastrtps_cpp.hpp
[0.966s] -- Up-to-date symlink: /home/robolab/clearpath_ws/install/clearpath_platform_msgs/include/clearpath_platform_msgs/clearpath_platform_msgs/msg/detail/pinout_state__rosidl_typesupport_fastrtps_cpp.hpp
[0.967s] -- Up-to-date symlink: /home/robolab/clearpath_ws/install/clearpath_platform_msgs/include/clearpath_platform_msgs/clearpath_platform_msgs/msg/detail/power__rosidl_typesupport_fastrtps_cpp.hpp
[0.969s] -- Up-to-date symlink: /home/robolab/clearpath_ws/install/clearpath_platform_msgs/include/clearpath_platform_msgs/clearpath_platform_msgs/msg/detail/rgb__rosidl_typesupport_fastrtps_cpp.hpp
[0.969s] -- Up-to-date symlink: /home/robolab/clearpath_ws/install/clearpath_platform_msgs/include/clearpath_platform_msgs/clearpath_platform_msgs/msg/detail/status__rosidl_typesupport_fastrtps_cpp.hpp
[0.969s] -- Up-to-date symlink: /home/robolab/clearpath_ws/install/clearpath_platform_msgs/include/clearpath_platform_msgs/clearpath_platform_msgs/msg/detail/stop_status__rosidl_typesupport_fastrtps_cpp.hpp
[0.969s] -- Up-to-date symlink: /home/robolab/clearpath_ws/install/clearpath_platform_msgs/include/clearpath_platform_msgs/clearpath_platform_msgs/msg/detail/temperature__rosidl_typesupport_fastrtps_cpp.hpp
[0.969s] -- Up-to-date symlink: /home/robolab/clearpath_ws/install/clearpath_platform_msgs/include/clearpath_platform_msgs/clearpath_platform_msgs/msg/rosidl_typesupport_fastrtps_cpp__visibility_control.h
[0.969s] -- Up-to-date symlink: /home/robolab/clearpath_ws/install/clearpath_platform_msgs/include/clearpath_platform_msgs/clearpath_platform_msgs/srv/detail/configure_mcu__rosidl_typesupport_fastrtps_cpp.hpp
[0.969s] -- Up-to-date symlink: /home/robolab/clearpath_ws/install/clearpath_platform_msgs/include/clearpath_platform_msgs/clearpath_platform_msgs/srv/detail/set_pinout__rosidl_typesupport_fastrtps_cpp.hpp
[0.969s] -- Up-to-date symlink: /home/robolab/clearpath_ws/install/clearpath_platform_msgs/include/clearpath_platform_msgs/clearpath_platform_msgs/msg/detail/display_status__rosidl_typesupport_introspection_c.h
[0.970s] -- Up-to-date symlink: /home/robolab/clearpath_ws/install/clearpath_platform_msgs/include/clearpath_platform_msgs/clearpath_platform_msgs/msg/detail/drive__rosidl_typesupport_introspection_c.h
[0.970s] -- Up-to-date symlink: /home/robolab/clearpath_ws/install/clearpath_platform_msgs/include/clearpath_platform_msgs/clearpath_platform_msgs/msg/detail/drive_feedback__rosidl_typesupport_introspection_c.h
[0.971s] -- Up-to-date symlink: /home/robolab/clearpath_ws/install/clearpath_platform_msgs/include/clearpath_platform_msgs/clearpath_platform_msgs/msg/detail/fans__rosidl_typesupport_introspection_c.h
[0.971s] -- Up-to-date symlink: /home/robolab/clearpath_ws/install/clearpath_platform_msgs/include/clearpath_platform_msgs/clearpath_platform_msgs/msg/detail/feedback__rosidl_typesupport_introspection_c.h
[0.973s] -- Up-to-date symlink: /home/robolab/clearpath_ws/install/clearpath_platform_msgs/include/clearpath_platform_msgs/clearpath_platform_msgs/msg/detail/lights__rosidl_typesupport_introspection_c.h
[0.974s] -- Up-to-date symlink: /home/robolab/clearpath_ws/install/clearpath_platform_msgs/include/clearpath_platform_msgs/clearpath_platform_msgs/msg/detail/pinout_command__rosidl_typesupport_introspection_c.h
[0.974s] -- Up-to-date symlink: /home/robolab/clearpath_ws/install/clearpath_platform_msgs/include/clearpath_platform_msgs/clearpath_platform_msgs/msg/detail/pinout_state__rosidl_typesupport_introspection_c.h
[0.974s] -- Up-to-date symlink: /home/robolab/clearpath_ws/install/clearpath_platform_msgs/include/clearpath_platform_msgs/clearpath_platform_msgs/msg/detail/power__rosidl_typesupport_introspection_c.h
[0.974s] -- Up-to-date symlink: /home/robolab/clearpath_ws/install/clearpath_platform_msgs/include/clearpath_platform_msgs/clearpath_platform_msgs/msg/detail/rgb__rosidl_typesupport_introspection_c.h
[0.974s] -- Up-to-date symlink: /home/robolab/clearpath_ws/install/clearpath_platform_msgs/include/clearpath_platform_msgs/clearpath_platform_msgs/msg/detail/status__rosidl_typesupport_introspection_c.h
[0.974s] -- Up-to-date symlink: /home/robolab/clearpath_ws/install/clearpath_platform_msgs/include/clearpath_platform_msgs/clearpath_platform_msgs/msg/detail/stop_status__rosidl_typesupport_introspection_c.h
[0.974s] -- Up-to-date symlink: /home/robolab/clearpath_ws/install/clearpath_platform_msgs/include/clearpath_platform_msgs/clearpath_platform_msgs/msg/detail/temperature__rosidl_typesupport_introspection_c.h
[0.974s] -- Up-to-date symlink: /home/robolab/clearpath_ws/install/clearpath_platform_msgs/include/clearpath_platform_msgs/clearpath_platform_msgs/msg/rosidl_typesupport_introspection_c__visibility_control.h
[0.974s] -- Up-to-date symlink: /home/robolab/clearpath_ws/install/clearpath_platform_msgs/include/clearpath_platform_msgs/clearpath_platform_msgs/srv/detail/configure_mcu__rosidl_typesupport_introspection_c.h
[0.974s] -- Up-to-date symlink: /home/robolab/clearpath_ws/install/clearpath_platform_msgs/include/clearpath_platform_msgs/clearpath_platform_msgs/srv/detail/set_pinout__rosidl_typesupport_introspection_c.h
[0.975s] -- Up-to-date symlink: /home/robolab/clearpath_ws/install/clearpath_platform_msgs/include/clearpath_platform_msgs/clearpath_platform_msgs/msg/detail/display_status__rosidl_typesupport_introspection_cpp.hpp
[0.975s] -- Up-to-date symlink: /home/robolab/clearpath_ws/install/clearpath_platform_msgs/include/clearpath_platform_msgs/clearpath_platform_msgs/msg/detail/drive__rosidl_typesupport_introspection_cpp.hpp
[0.975s] -- Up-to-date symlink: /home/robolab/clearpath_ws/install/clearpath_platform_msgs/include/clearpath_platform_msgs/clearpath_platform_msgs/msg/detail/drive_feedback__rosidl_typesupport_introspection_cpp.hpp
[0.976s] -- Up-to-date symlink: /home/robolab/clearpath_ws/install/clearpath_platform_msgs/include/clearpath_platform_msgs/clearpath_platform_msgs/msg/detail/fans__rosidl_typesupport_introspection_cpp.hpp
[0.976s] -- Up-to-date symlink: /home/robolab/clearpath_ws/install/clearpath_platform_msgs/include/clearpath_platform_msgs/clearpath_platform_msgs/msg/detail/feedback__rosidl_typesupport_introspection_cpp.hpp
[0.976s] -- Up-to-date symlink: /home/robolab/clearpath_ws/install/clearpath_platform_msgs/include/clearpath_platform_msgs/clearpath_platform_msgs/msg/detail/lights__rosidl_typesupport_introspection_cpp.hpp
[0.976s] -- Up-to-date symlink: /home/robolab/clearpath_ws/install/clearpath_platform_msgs/include/clearpath_platform_msgs/clearpath_platform_msgs/msg/detail/pinout_command__rosidl_typesupport_introspection_cpp.hpp
[0.977s] -- Up-to-date symlink: /home/robolab/clearpath_ws/install/clearpath_platform_msgs/include/clearpath_platform_msgs/clearpath_platform_msgs/msg/detail/pinout_state__rosidl_typesupport_introspection_cpp.hpp
[0.979s] -- Up-to-date symlink: /home/robolab/clearpath_ws/install/clearpath_platform_msgs/include/clearpath_platform_msgs/clearpath_platform_msgs/msg/detail/power__rosidl_typesupport_introspection_cpp.hpp
[0.979s] -- Up-to-date symlink: /home/robolab/clearpath_ws/install/clearpath_platform_msgs/include/clearpath_platform_msgs/clearpath_platform_msgs/msg/detail/rgb__rosidl_typesupport_introspection_cpp.hpp
[0.979s] -- Up-to-date symlink: /home/robolab/clearpath_ws/install/clearpath_platform_msgs/include/clearpath_platform_msgs/clearpath_platform_msgs/msg/detail/status__rosidl_typesupport_introspection_cpp.hpp
[0.979s] -- Up-to-date symlink: /home/robolab/clearpath_ws/install/clearpath_platform_msgs/include/clearpath_platform_msgs/clearpath_platform_msgs/msg/detail/stop_status__rosidl_typesupport_introspection_cpp.hpp
[0.979s] -- Up-to-date symlink: /home/robolab/clearpath_ws/install/clearpath_platform_msgs/include/clearpath_platform_msgs/clearpath_platform_msgs/msg/detail/temperature__rosidl_typesupport_introspection_cpp.hpp
[0.979s] -- Up-to-date symlink: /home/robolab/clearpath_ws/install/clearpath_platform_msgs/include/clearpath_platform_msgs/clearpath_platform_msgs/srv/detail/configure_mcu__rosidl_typesupport_introspection_cpp.hpp
[0.979s] -- Up-to-date symlink: /home/robolab/clearpath_ws/install/clearpath_platform_msgs/include/clearpath_platform_msgs/clearpath_platform_msgs/srv/detail/set_pinout__rosidl_typesupport_introspection_cpp.hpp
[0.979s] -- Up-to-date symlink: /home/robolab/clearpath_ws/install/clearpath_platform_msgs/share/clearpath_platform_msgs/environment/pythonpath.sh
[0.979s] -- Up-to-date symlink: /home/robolab/clearpath_ws/install/clearpath_platform_msgs/share/clearpath_platform_msgs/environment/pythonpath.dsv
[0.980s] -- Up-to-date symlink: /home/robolab/clearpath_ws/install/clearpath_platform_msgs/lib/python3.12/site-packages/clearpath_platform_msgs-2.7.0-py3.12.egg-info/PKG-INFO
[0.980s] -- Up-to-date symlink: /home/robolab/clearpath_ws/install/clearpath_platform_msgs/lib/python3.12/site-packages/clearpath_platform_msgs-2.7.0-py3.12.egg-info/SOURCES.txt
[0.980s] -- Up-to-date symlink: /home/robolab/clearpath_ws/install/clearpath_platform_msgs/lib/python3.12/site-packages/clearpath_platform_msgs-2.7.0-py3.12.egg-info/dependency_links.txt
[0.981s] -- Up-to-date symlink: /home/robolab/clearpath_ws/install/clearpath_platform_msgs/lib/python3.12/site-packages/clearpath_platform_msgs-2.7.0-py3.12.egg-info/top_level.txt
[0.982s] -- Up-to-date symlink: /home/robolab/clearpath_ws/install/clearpath_platform_msgs/lib/python3.12/site-packages/clearpath_platform_msgs/__init__.py
[0.982s] -- Up-to-date symlink: /home/robolab/clearpath_ws/install/clearpath_platform_msgs/lib/python3.12/site-packages/clearpath_platform_msgs/_clearpath_platform_msgs_s.ep.rosidl_typesupport_c.c
[0.982s] -- Up-to-date symlink: /home/robolab/clearpath_ws/install/clearpath_platform_msgs/lib/python3.12/site-packages/clearpath_platform_msgs/_clearpath_platform_msgs_s.ep.rosidl_typesupport_fastrtps_c.c
[0.983s] -- Up-to-date symlink: /home/robolab/clearpath_ws/install/clearpath_platform_msgs/lib/python3.12/site-packages/clearpath_platform_msgs/_clearpath_platform_msgs_s.ep.rosidl_typesupport_introspection_c.c
[0.984s] -- Up-to-date symlink: /home/robolab/clearpath_ws/install/clearpath_platform_msgs/lib/python3.12/site-packages/clearpath_platform_msgs/clearpath_platform_msgs_s__rosidl_typesupport_c.so
[0.984s] -- Up-to-date symlink: /home/robolab/clearpath_ws/install/clearpath_platform_msgs/lib/python3.12/site-packages/clearpath_platform_msgs/clearpath_platform_msgs_s__rosidl_typesupport_fastrtps_c.so
[0.984s] -- Up-to-date symlink: /home/robolab/clearpath_ws/install/clearpath_platform_msgs/lib/python3.12/site-packages/clearpath_platform_msgs/clearpath_platform_msgs_s__rosidl_typesupport_introspection_c.so
[0.984s] -- Up-to-date symlink: /home/robolab/clearpath_ws/install/clearpath_platform_msgs/lib/python3.12/site-packages/clearpath_platform_msgs/msg/__init__.py
[0.984s] -- Up-to-date symlink: /home/robolab/clearpath_ws/install/clearpath_platform_msgs/lib/python3.12/site-packages/clearpath_platform_msgs/msg/_display_status.py
[0.984s] -- Up-to-date symlink: /home/robolab/clearpath_ws/install/clearpath_platform_msgs/lib/python3.12/site-packages/clearpath_platform_msgs/msg/_display_status_s.c
[0.985s] -- Up-to-date symlink: /home/robolab/clearpath_ws/install/clearpath_platform_msgs/lib/python3.12/site-packages/clearpath_platform_msgs/msg/_drive.py
[0.987s] -- Up-to-date symlink: /home/robolab/clearpath_ws/install/clearpath_platform_msgs/lib/python3.12/site-packages/clearpath_platform_msgs/msg/_drive_feedback.py
[0.987s] -- Up-to-date symlink: /home/robolab/clearpath_ws/install/clearpath_platform_msgs/lib/python3.12/site-packages/clearpath_platform_msgs/msg/_drive_feedback_s.c
[0.987s] -- Up-to-date symlink: /home/robolab/clearpath_ws/install/clearpath_platform_msgs/lib/python3.12/site-packages/clearpath_platform_msgs/msg/_drive_s.c
[0.987s] -- Up-to-date symlink: /home/robolab/clearpath_ws/install/clearpath_platform_msgs/lib/python3.12/site-packages/clearpath_platform_msgs/msg/_fans.py
[0.987s] -- Up-to-date symlink: /home/robolab/clearpath_ws/install/clearpath_platform_msgs/lib/python3.12/site-packages/clearpath_platform_msgs/msg/_fans_s.c
[0.987s] -- Up-to-date symlink: /home/robolab/clearpath_ws/install/clearpath_platform_msgs/lib/python3.12/site-packages/clearpath_platform_msgs/msg/_feedback.py
[0.987s] -- Up-to-date symlink: /home/robolab/clearpath_ws/install/clearpath_platform_msgs/lib/python3.12/site-packages/clearpath_platform_msgs/msg/_feedback_s.c
[0.987s] -- Up-to-date symlink: /home/robolab/clearpath_ws/install/clearpath_platform_msgs/lib/python3.12/site-packages/clearpath_platform_msgs/msg/_lights.py
[0.987s] -- Up-to-date symlink: /home/robolab/clearpath_ws/install/clearpath_platform_msgs/lib/python3.12/site-packages/clearpath_platform_msgs/msg/_lights_s.c
[0.987s] -- Up-to-date symlink: /home/robolab/clearpath_ws/install/clearpath_platform_msgs/lib/python3.12/site-packages/clearpath_platform_msgs/msg/_pinout_command.py
[0.987s] -- Up-to-date symlink: /home/robolab/clearpath_ws/install/clearpath_platform_msgs/lib/python3.12/site-packages/clearpath_platform_msgs/msg/_pinout_command_s.c
[0.988s] -- Up-to-date symlink: /home/robolab/clearpath_ws/install/clearpath_platform_msgs/lib/python3.12/site-packages/clearpath_platform_msgs/msg/_pinout_state.py
[0.988s] -- Up-to-date symlink: /home/robolab/clearpath_ws/install/clearpath_platform_msgs/lib/python3.12/site-packages/clearpath_platform_msgs/msg/_pinout_state_s.c
[0.989s] -- Up-to-date symlink: /home/robolab/clearpath_ws/install/clearpath_platform_msgs/lib/python3.12/site-packages/clearpath_platform_msgs/msg/_power.py
[0.990s] -- Up-to-date symlink: /home/robolab/clearpath_ws/install/clearpath_platform_msgs/lib/python3.12/site-packages/clearpath_platform_msgs/msg/_power_s.c
[0.990s] -- Up-to-date symlink: /home/robolab/clearpath_ws/install/clearpath_platform_msgs/lib/python3.12/site-packages/clearpath_platform_msgs/msg/_rgb.py
[0.990s] -- Up-to-date symlink: /home/robolab/clearpath_ws/install/clearpath_platform_msgs/lib/python3.12/site-packages/clearpath_platform_msgs/msg/_rgb_s.c
[0.990s] -- Up-to-date symlink: /home/robolab/clearpath_ws/install/clearpath_platform_msgs/lib/python3.12/site-packages/clearpath_platform_msgs/msg/_status.py
[0.990s] -- Up-to-date symlink: /home/robolab/clearpath_ws/install/clearpath_platform_msgs/lib/python3.12/site-packages/clearpath_platform_msgs/msg/_status_s.c
[0.990s] -- Up-to-date symlink: /home/robolab/clearpath_ws/install/clearpath_platform_msgs/lib/python3.12/site-packages/clearpath_platform_msgs/msg/_stop_status.py
[0.990s] -- Up-to-date symlink: /home/robolab/clearpath_ws/install/clearpath_platform_msgs/lib/python3.12/site-packages/clearpath_platform_msgs/msg/_stop_status_s.c
[0.990s] -- Up-to-date symlink: /home/robolab/clearpath_ws/install/clearpath_platform_msgs/lib/python3.12/site-packages/clearpath_platform_msgs/msg/_temperature.py
[0.991s] -- Up-to-date symlink: /home/robolab/clearpath_ws/install/clearpath_platform_msgs/lib/python3.12/site-packages/clearpath_platform_msgs/msg/_temperature_s.c
[0.992s] -- Up-to-date symlink: /home/robolab/clearpath_ws/install/clearpath_platform_msgs/lib/python3.12/site-packages/clearpath_platform_msgs/srv/__init__.py
[0.992s] -- Up-to-date symlink: /home/robolab/clearpath_ws/install/clearpath_platform_msgs/lib/python3.12/site-packages/clearpath_platform_msgs/srv/_configure_mcu.py
[0.992s] -- Up-to-date symlink: /home/robolab/clearpath_ws/install/clearpath_platform_msgs/lib/python3.12/site-packages/clearpath_platform_msgs/srv/_configure_mcu_s.c
[0.992s] -- Up-to-date symlink: /home/robolab/clearpath_ws/install/clearpath_platform_msgs/lib/python3.12/site-packages/clearpath_platform_msgs/srv/_set_pinout.py
[0.992s] -- Up-to-date symlink: /home/robolab/clearpath_ws/install/clearpath_platform_msgs/lib/python3.12/site-packages/clearpath_platform_msgs/srv/_set_pinout_s.c
[0.992s] -- Up-to-date symlink: /home/robolab/clearpath_ws/install/clearpath_platform_msgs/lib/python3.12/site-packages/clearpath_platform_msgs/clearpath_platform_msgs_s__rosidl_typesupport_fastrtps_c.so
[0.993s] -- Up-to-date symlink: /home/robolab/clearpath_ws/install/clearpath_platform_msgs/lib/python3.12/site-packages/clearpath_platform_msgs/clearpath_platform_msgs_s__rosidl_typesupport_introspection_c.so
[0.994s] -- Up-to-date symlink: /home/robolab/clearpath_ws/install/clearpath_platform_msgs/lib/python3.12/site-packages/clearpath_platform_msgs/clearpath_platform_msgs_s__rosidl_typesupport_c.so
[0.995s] -- Up-to-date symlink: /home/robolab/clearpath_ws/install/clearpath_platform_msgs/share/clearpath_platform_msgs/msg/DisplayStatus.idl
[0.995s] -- Up-to-date symlink: /home/robolab/clearpath_ws/install/clearpath_platform_msgs/share/clearpath_platform_msgs/msg/Drive.idl
[1.000s] -- Up-to-date symlink: /home/robolab/clearpath_ws/install/clearpath_platform_msgs/share/clearpath_platform_msgs/msg/DriveFeedback.idl
[1.000s] -- Up-to-date symlink: /home/robolab/clearpath_ws/install/clearpath_platform_msgs/share/clearpath_platform_msgs/msg/Fans.idl
[1.000s] -- Up-to-date symlink: /home/robolab/clearpath_ws/install/clearpath_platform_msgs/share/clearpath_platform_msgs/msg/Feedback.idl
[1.000s] -- Up-to-date symlink: /home/robolab/clearpath_ws/install/clearpath_platform_msgs/share/clearpath_platform_msgs/msg/Lights.idl
[1.000s] -- Up-to-date symlink: /home/robolab/clearpath_ws/install/clearpath_platform_msgs/share/clearpath_platform_msgs/msg/PinoutCommand.idl
[1.000s] -- Up-to-date symlink: /home/robolab/clearpath_ws/install/clearpath_platform_msgs/share/clearpath_platform_msgs/msg/PinoutState.idl
[1.001s] -- Up-to-date symlink: /home/robolab/clearpath_ws/install/clearpath_platform_msgs/share/clearpath_platform_msgs/msg/Power.idl
[1.001s] -- Up-to-date symlink: /home/robolab/clearpath_ws/install/clearpath_platform_msgs/share/clearpath_platform_msgs/msg/RGB.idl
[1.001s] -- Up-to-date symlink: /home/robolab/clearpath_ws/install/clearpath_platform_msgs/share/clearpath_platform_msgs/msg/Status.idl
[1.001s] -- Up-to-date symlink: /home/robolab/clearpath_ws/install/clearpath_platform_msgs/share/clearpath_platform_msgs/msg/StopStatus.idl
[1.001s] -- Up-to-date symlink: /home/robolab/clearpath_ws/install/clearpath_platform_msgs/share/clearpath_platform_msgs/msg/Temperature.idl
[1.001s] -- Up-to-date symlink: /home/robolab/clearpath_ws/install/clearpath_platform_msgs/share/clearpath_platform_msgs/srv/ConfigureMcu.idl
[1.001s] -- Up-to-date symlink: /home/robolab/clearpath_ws/install/clearpath_platform_msgs/share/clearpath_platform_msgs/srv/SetPinout.idl
[1.001s] -- Up-to-date symlink: /home/robolab/clearpath_ws/install/clearpath_platform_msgs/share/clearpath_platform_msgs/msg/DisplayStatus.msg
[1.002s] -- Up-to-date symlink: /home/robolab/clearpath_ws/install/clearpath_platform_msgs/share/clearpath_platform_msgs/msg/Drive.msg
[1.002s] -- Up-to-date symlink: /home/robolab/clearpath_ws/install/clearpath_platform_msgs/share/clearpath_platform_msgs/msg/DriveFeedback.msg
[1.002s] -- Up-to-date symlink: /home/robolab/clearpath_ws/install/clearpath_platform_msgs/share/clearpath_platform_msgs/msg/Fans.msg
[1.004s] -- Up-to-date symlink: /home/robolab/clearpath_ws/install/clearpath_platform_msgs/share/clearpath_platform_msgs/msg/Feedback.msg
[1.005s] -- Up-to-date symlink: /home/robolab/clearpath_ws/install/clearpath_platform_msgs/share/clearpath_platform_msgs/msg/Lights.msg
[1.005s] -- Up-to-date symlink: /home/robolab/clearpath_ws/install/clearpath_platform_msgs/share/clearpath_platform_msgs/msg/PinoutCommand.msg
[1.005s] -- Up-to-date symlink: /home/robolab/clearpath_ws/install/clearpath_platform_msgs/share/clearpath_platform_msgs/msg/PinoutState.msg
[1.005s] -- Up-to-date symlink: /home/robolab/clearpath_ws/install/clearpath_platform_msgs/share/clearpath_platform_msgs/msg/Power.msg
[1.005s] -- Up-to-date symlink: /home/robolab/clearpath_ws/install/clearpath_platform_msgs/share/clearpath_platform_msgs/msg/RGB.msg
[1.005s] -- Up-to-date symlink: /home/robolab/clearpath_ws/install/clearpath_platform_msgs/share/clearpath_platform_msgs/msg/Status.msg
[1.005s] -- Up-to-date symlink: /home/robolab/clearpath_ws/install/clearpath_platform_msgs/share/clearpath_platform_msgs/msg/StopStatus.msg
[1.005s] -- Up-to-date symlink: /home/robolab/clearpath_ws/install/clearpath_platform_msgs/share/clearpath_platform_msgs/msg/Temperature.msg
[1.006s] -- Up-to-date symlink: /home/robolab/clearpath_ws/install/clearpath_platform_msgs/share/clearpath_platform_msgs/srv/ConfigureMcu.srv
[1.006s] -- Up-to-date symlink: /home/robolab/clearpath_ws/install/clearpath_platform_msgs/share/clearpath_platform_msgs/srv/SetPinout.srv
[1.006s] -- Up-to-date symlink: /home/robolab/clearpath_ws/install/clearpath_platform_msgs/share/ament_index/resource_index/package_run_dependencies/clearpath_platform_msgs
[1.007s] -- Up-to-date symlink: /home/robolab/clearpath_ws/install/clearpath_platform_msgs/share/ament_index/resource_index/parent_prefix_path/clearpath_platform_msgs
[1.007s] -- Up-to-date symlink: /home/robolab/clearpath_ws/install/clearpath_platform_msgs/share/clearpath_platform_msgs/environment/ament_prefix_path.sh
[1.008s] -- Up-to-date symlink: /home/robolab/clearpath_ws/install/clearpath_platform_msgs/share/clearpath_platform_msgs/environment/ament_prefix_path.dsv
[1.008s] -- Up-to-date symlink: /home/robolab/clearpath_ws/install/clearpath_platform_msgs/share/clearpath_platform_msgs/environment/path.sh
[1.008s] -- Up-to-date symlink: /home/robolab/clearpath_ws/install/clearpath_platform_msgs/share/clearpath_platform_msgs/environment/path.dsv
[1.009s] -- Up-to-date symlink: /home/robolab/clearpath_ws/install/clearpath_platform_msgs/share/clearpath_platform_msgs/local_setup.bash
[1.009s] -- Up-to-date symlink: /home/robolab/clearpath_ws/install/clearpath_platform_msgs/share/clearpath_platform_msgs/local_setup.sh
[1.009s] -- Up-to-date symlink: /home/robolab/clearpath_ws/install/clearpath_platform_msgs/share/clearpath_platform_msgs/local_setup.zsh
[1.010s] -- Up-to-date symlink: /home/robolab/clearpath_ws/install/clearpath_platform_msgs/share/clearpath_platform_msgs/local_setup.dsv
[1.011s] -- Symlinking: /home/robolab/clearpath_ws/install/clearpath_platform_msgs/share/clearpath_platform_msgs/package.dsv
[1.022s] -- Up-to-date symlink: /home/robolab/clearpath_ws/install/clearpath_platform_msgs/share/ament_index/resource_index/packages/clearpath_platform_msgs
[1.023s] -- Up-to-date symlink: /home/robolab/clearpath_ws/install/clearpath_platform_msgs/share/clearpath_platform_msgs/cmake/rosidl_cmake-extras.cmake
[1.023s] -- Up-to-date symlink: /home/robolab/clearpath_ws/install/clearpath_platform_msgs/share/clearpath_platform_msgs/cmake/ament_cmake_export_dependencies-extras.cmake
[1.025s] -- Up-to-date symlink: /home/robolab/clearpath_ws/install/clearpath_platform_msgs/share/clearpath_platform_msgs/cmake/ament_cmake_export_include_directories-extras.cmake
[1.025s] -- Up-to-date symlink: /home/robolab/clearpath_ws/install/clearpath_platform_msgs/share/clearpath_platform_msgs/cmake/ament_cmake_export_libraries-extras.cmake
[1.025s] -- Up-to-date symlink: /home/robolab/clearpath_ws/install/clearpath_platform_msgs/share/clearpath_platform_msgs/cmake/ament_cmake_export_targets-extras.cmake
[1.025s] -- Up-to-date symlink: /home/robolab/clearpath_ws/install/clearpath_platform_msgs/share/clearpath_platform_msgs/cmake/rosidl_cmake_export_typesupport_targets-extras.cmake
[1.025s] -- Up-to-date symlink: /home/robolab/clearpath_ws/install/clearpath_platform_msgs/share/clearpath_platform_msgs/cmake/rosidl_cmake_export_typesupport_libraries-extras.cmake
[1.025s] -- Up-to-date symlink: /home/robolab/clearpath_ws/install/clearpath_platform_msgs/share/clearpath_platform_msgs/cmake/clearpath_platform_msgsConfig.cmake
[1.025s] -- Up-to-date symlink: /home/robolab/clearpath_ws/install/clearpath_platform_msgs/share/clearpath_platform_msgs/cmake/clearpath_platform_msgsConfig-version.cmake
[1.025s] -- Up-to-date symlink: /home/robolab/clearpath_ws/install/clearpath_platform_msgs/share/clearpath_platform_msgs/package.xml
[1.026s] -- Up-to-date: /home/robolab/clearpath_ws/install/clearpath_platform_msgs/lib/libclearpath_platform_msgs__rosidl_generator_c.so
[1.026s] -- Up-to-date: /home/robolab/clearpath_ws/install/clearpath_platform_msgs/lib/libclearpath_platform_msgs__rosidl_typesupport_fastrtps_c.so
[1.027s] -- Up-to-date: /home/robolab/clearpath_ws/install/clearpath_platform_msgs/lib/libclearpath_platform_msgs__rosidl_typesupport_fastrtps_cpp.so
[1.027s] -- Up-to-date: /home/robolab/clearpath_ws/install/clearpath_platform_msgs/lib/libclearpath_platform_msgs__rosidl_typesupport_introspection_c.so
[1.028s] -- Up-to-date: /home/robolab/clearpath_ws/install/clearpath_platform_msgs/lib/libclearpath_platform_msgs__rosidl_typesupport_c.so
[1.028s] -- Up-to-date: /home/robolab/clearpath_ws/install/clearpath_platform_msgs/lib/libclearpath_platform_msgs__rosidl_typesupport_introspection_cpp.so
[1.029s] -- Up-to-date: /home/robolab/clearpath_ws/install/clearpath_platform_msgs/lib/libclearpath_platform_msgs__rosidl_typesupport_cpp.so
[1.080s] Listing '/home/robolab/clearpath_ws/install/clearpath_platform_msgs/lib/python3.12/site-packages/clearpath_platform_msgs'...
[1.080s] Listing '/home/robolab/clearpath_ws/install/clearpath_platform_msgs/lib/python3.12/site-packages/clearpath_platform_msgs/msg'...
[1.080s] Listing '/home/robolab/clearpath_ws/install/clearpath_platform_msgs/lib/python3.12/site-packages/clearpath_platform_msgs/srv'...
[1.090s] -- Up-to-date: /home/robolab/clearpath_ws/install/clearpath_platform_msgs/lib/libclearpath_platform_msgs__rosidl_generator_py.so
[1.091s] -- Up-to-date: /home/robolab/clearpath_ws/install/clearpath_platform_msgs/share/clearpath_platform_msgs/cmake/export_clearpath_platform_msgs__rosidl_generator_cExport.cmake
[1.091s] -- Up-to-date: /home/robolab/clearpath_ws/install/clearpath_platform_msgs/share/clearpath_platform_msgs/cmake/export_clearpath_platform_msgs__rosidl_generator_cExport-noconfig.cmake
[1.092s] -- Up-to-date: /home/robolab/clearpath_ws/install/clearpath_platform_msgs/share/clearpath_platform_msgs/cmake/export_clearpath_platform_msgs__rosidl_typesupport_fastrtps_cExport.cmake
[1.092s] -- Up-to-date: /home/robolab/clearpath_ws/install/clearpath_platform_msgs/share/clearpath_platform_msgs/cmake/export_clearpath_platform_msgs__rosidl_typesupport_fastrtps_cExport-noconfig.cmake
[1.092s] -- Up-to-date: /home/robolab/clearpath_ws/install/clearpath_platform_msgs/share/clearpath_platform_msgs/cmake/export_clearpath_platform_msgs__rosidl_generator_cppExport.cmake
[1.093s] -- Up-to-date: /home/robolab/clearpath_ws/install/clearpath_platform_msgs/share/clearpath_platform_msgs/cmake/export_clearpath_platform_msgs__rosidl_typesupport_fastrtps_cppExport.cmake
[1.093s] -- Up-to-date: /home/robolab/clearpath_ws/install/clearpath_platform_msgs/share/clearpath_platform_msgs/cmake/export_clearpath_platform_msgs__rosidl_typesupport_fastrtps_cppExport-noconfig.cmake
[1.093s] -- Up-to-date: /home/robolab/clearpath_ws/install/clearpath_platform_msgs/share/clearpath_platform_msgs/cmake/clearpath_platform_msgs__rosidl_typesupport_introspection_cExport.cmake
[1.093s] -- Up-to-date: /home/robolab/clearpath_ws/install/clearpath_platform_msgs/share/clearpath_platform_msgs/cmake/clearpath_platform_msgs__rosidl_typesupport_introspection_cExport-noconfig.cmake
[1.094s] -- Up-to-date: /home/robolab/clearpath_ws/install/clearpath_platform_msgs/share/clearpath_platform_msgs/cmake/clearpath_platform_msgs__rosidl_typesupport_cExport.cmake
[1.094s] -- Up-to-date: /home/robolab/clearpath_ws/install/clearpath_platform_msgs/share/clearpath_platform_msgs/cmake/clearpath_platform_msgs__rosidl_typesupport_cExport-noconfig.cmake
[1.094s] -- Up-to-date: /home/robolab/clearpath_ws/install/clearpath_platform_msgs/share/clearpath_platform_msgs/cmake/clearpath_platform_msgs__rosidl_typesupport_introspection_cppExport.cmake
[1.095s] -- Up-to-date: /home/robolab/clearpath_ws/install/clearpath_platform_msgs/share/clearpath_platform_msgs/cmake/clearpath_platform_msgs__rosidl_typesupport_introspection_cppExport-noconfig.cmake
[1.095s] -- Up-to-date: /home/robolab/clearpath_ws/install/clearpath_platform_msgs/share/clearpath_platform_msgs/cmake/clearpath_platform_msgs__rosidl_typesupport_cppExport.cmake
[1.096s] -- Up-to-date: /home/robolab/clearpath_ws/install/clearpath_platform_msgs/share/clearpath_platform_msgs/cmake/clearpath_platform_msgs__rosidl_typesupport_cppExport-noconfig.cmake
[1.096s] -- Up-to-date: /home/robolab/clearpath_ws/install/clearpath_platform_msgs/share/clearpath_platform_msgs/cmake/export_clearpath_platform_msgs__rosidl_generator_pyExport.cmake
[1.096s] -- Up-to-date: /home/robolab/clearpath_ws/install/clearpath_platform_msgs/share/clearpath_platform_msgs/cmake/export_clearpath_platform_msgs__rosidl_generator_pyExport-noconfig.cmake
[1.276s] Invoked command in '/home/robolab/clearpath_ws/build/clearpath_platform_msgs' returned '0': CMAKE_PREFIX_PATH=${CMAKE_PREFIX_PATH}:/home/robolab/clearpath_ws/install/clearpath_config:/home/robolab/clearpath_ws/install/clearpath_bt_joy:/opt/ros/jazzy DEBUGINFOD_URLS=https://debuginfod.ubuntu.com /usr/bin/cmake --install /home/robolab/clearpath_ws/build/clearpath_platform_msgs
