[0.020s] Invoking command in '/home/robolab/clearpath_ws/build/clearpath_generator_common': AMENT_PREFIX_PATH=/home/robolab/clearpath_ws/install/clearpath_manipulators:/home/robolab/clearpath_ws/install/clearpath_diagnostics:/home/robolab/clearpath_ws/install/clearpath_description:/home/robolab/clearpath_ws/install/clearpath_control:/home/robolab/clearpath_ws/install/clearpath_sensors_description:/home/robolab/clearpath_ws/install/clearpath_platform_msgs:/home/robolab/clearpath_ws/install/clearpath_platform_description:/home/robolab/clearpath_ws/install/clearpath_mounts_description:/home/robolab/clearpath_ws/install/clearpath_manipulators_description:/home/robolab/clearpath_ws/install/clearpath_config:/home/robolab/clearpath_ws/install/clearpath_bt_joy:${AMENT_PREFIX_PATH} CMAKE_PREFIX_PATH=/home/robolab/clearpath_ws/install/clearpath_manipulators:/home/robolab/clearpath_ws/install/clearpath_diagnostics:/home/robolab/clearpath_ws/install/clearpath_description:/home/robolab/clearpath_ws/install/clearpath_control:/home/robolab/clearpath_ws/install/clearpath_sensors_description:/home/robolab/clearpath_ws/install/clearpath_platform_msgs:/home/robolab/clearpath_ws/install/clearpath_platform_description:/home/robolab/clearpath_ws/install/clearpath_mounts_description:/home/robolab/clearpath_ws/install/clearpath_manipulators_description:/opt/ros/jazzy/opt/gz_sim_vendor:/opt/ros/jazzy/opt/gz_sensors_vendor:/opt/ros/jazzy/opt/gz_physics_vendor:/opt/ros/jazzy/opt/sdformat_vendor:/opt/ros/jazzy/opt/gz_gui_vendor:/opt/ros/jazzy/opt/gz_transport_vendor:/opt/ros/jazzy/opt/gz_rendering_vendor:/opt/ros/jazzy/opt/gz_plugin_vendor:/opt/ros/jazzy/opt/gz_fuel_tools_vendor:/opt/ros/jazzy/opt/gz_msgs_vendor:/opt/ros/jazzy/opt/gz_common_vendor:/opt/ros/jazzy/opt/gz_math_vendor:/opt/ros/jazzy/opt/gz_utils_vendor:/opt/ros/jazzy/opt/gz_tools_vendor:/opt/ros/jazzy/opt/gz_ogre_next_vendor:/opt/ros/jazzy/opt/gz_dartsim_vendor:/opt/ros/jazzy/opt/gz_cmake_vendor:/opt/ros/jazzy DEBUGINFOD_URLS=https://debuginfod.ubuntu.com LD_LIBRARY_PATH=/home/robolab/clearpath_ws/install/clearpath_platform_msgs/lib:${LD_LIBRARY_PATH} PYTHONPATH=/home/robolab/clearpath_ws/install/clearpath_platform_msgs/lib/python3.12/site-packages:/home/robolab/clearpath_ws/install/clearpath_config/lib/python3.12/site-packages:/home/robolab/clearpath_ws/install/clearpath_bt_joy/lib/python3.12/site-packages:${PYTHONPATH} /usr/bin/cmake --build /home/robolab/clearpath_ws/build/clearpath_generator_common -- -j4 -l4
[0.106s] [  0%] Built target ament_cmake_python_symlink_clearpath_generator_common
[0.112s] [100%] Built target moveit_collision_updater
[0.404s] running egg_info
[0.433s] writing clearpath_generator_common.egg-info/PKG-INFO
[0.434s] writing dependency_links to clearpath_generator_common.egg-info/dependency_links.txt
[0.434s] writing top-level names to clearpath_generator_common.egg-info/top_level.txt
[0.522s] reading manifest file 'clearpath_generator_common.egg-info/SOURCES.txt'
[0.523s] writing manifest file 'clearpath_generator_common.egg-info/SOURCES.txt'
[0.573s] [100%] Built target ament_cmake_python_build_clearpath_generator_common_egg
[0.587s] Invoked command in '/home/robolab/clearpath_ws/build/clearpath_generator_common' returned '0': AMENT_PREFIX_PATH=/home/robolab/clearpath_ws/install/clearpath_manipulators:/home/robolab/clearpath_ws/install/clearpath_diagnostics:/home/robolab/clearpath_ws/install/clearpath_description:/home/robolab/clearpath_ws/install/clearpath_control:/home/robolab/clearpath_ws/install/clearpath_sensors_description:/home/robolab/clearpath_ws/install/clearpath_platform_msgs:/home/robolab/clearpath_ws/install/clearpath_platform_description:/home/robolab/clearpath_ws/install/clearpath_mounts_description:/home/robolab/clearpath_ws/install/clearpath_manipulators_description:/home/robolab/clearpath_ws/install/clearpath_config:/home/robolab/clearpath_ws/install/clearpath_bt_joy:${AMENT_PREFIX_PATH} CMAKE_PREFIX_PATH=/home/robolab/clearpath_ws/install/clearpath_manipulators:/home/robolab/clearpath_ws/install/clearpath_diagnostics:/home/robolab/clearpath_ws/install/clearpath_description:/home/robolab/clearpath_ws/install/clearpath_control:/home/robolab/clearpath_ws/install/clearpath_sensors_description:/home/robolab/clearpath_ws/install/clearpath_platform_msgs:/home/robolab/clearpath_ws/install/clearpath_platform_description:/home/robolab/clearpath_ws/install/clearpath_mounts_description:/home/robolab/clearpath_ws/install/clearpath_manipulators_description:/opt/ros/jazzy/opt/gz_sim_vendor:/opt/ros/jazzy/opt/gz_sensors_vendor:/opt/ros/jazzy/opt/gz_physics_vendor:/opt/ros/jazzy/opt/sdformat_vendor:/opt/ros/jazzy/opt/gz_gui_vendor:/opt/ros/jazzy/opt/gz_transport_vendor:/opt/ros/jazzy/opt/gz_rendering_vendor:/opt/ros/jazzy/opt/gz_plugin_vendor:/opt/ros/jazzy/opt/gz_fuel_tools_vendor:/opt/ros/jazzy/opt/gz_msgs_vendor:/opt/ros/jazzy/opt/gz_common_vendor:/opt/ros/jazzy/opt/gz_math_vendor:/opt/ros/jazzy/opt/gz_utils_vendor:/opt/ros/jazzy/opt/gz_tools_vendor:/opt/ros/jazzy/opt/gz_ogre_next_vendor:/opt/ros/jazzy/opt/gz_dartsim_vendor:/opt/ros/jazzy/opt/gz_cmake_vendor:/opt/ros/jazzy DEBUGINFOD_URLS=https://debuginfod.ubuntu.com LD_LIBRARY_PATH=/home/robolab/clearpath_ws/install/clearpath_platform_msgs/lib:${LD_LIBRARY_PATH} PYTHONPATH=/home/robolab/clearpath_ws/install/clearpath_platform_msgs/lib/python3.12/site-packages:/home/robolab/clearpath_ws/install/clearpath_config/lib/python3.12/site-packages:/home/robolab/clearpath_ws/install/clearpath_bt_joy/lib/python3.12/site-packages:${PYTHONPATH} /usr/bin/cmake --build /home/robolab/clearpath_ws/build/clearpath_generator_common -- -j4 -l4
[0.589s] Invoking command in '/home/robolab/clearpath_ws/build/clearpath_generator_common': AMENT_PREFIX_PATH=/home/robolab/clearpath_ws/install/clearpath_manipulators:/home/robolab/clearpath_ws/install/clearpath_diagnostics:/home/robolab/clearpath_ws/install/clearpath_description:/home/robolab/clearpath_ws/install/clearpath_control:/home/robolab/clearpath_ws/install/clearpath_sensors_description:/home/robolab/clearpath_ws/install/clearpath_platform_msgs:/home/robolab/clearpath_ws/install/clearpath_platform_description:/home/robolab/clearpath_ws/install/clearpath_mounts_description:/home/robolab/clearpath_ws/install/clearpath_manipulators_description:/home/robolab/clearpath_ws/install/clearpath_config:/home/robolab/clearpath_ws/install/clearpath_bt_joy:${AMENT_PREFIX_PATH} CMAKE_PREFIX_PATH=/home/robolab/clearpath_ws/install/clearpath_manipulators:/home/robolab/clearpath_ws/install/clearpath_diagnostics:/home/robolab/clearpath_ws/install/clearpath_description:/home/robolab/clearpath_ws/install/clearpath_control:/home/robolab/clearpath_ws/install/clearpath_sensors_description:/home/robolab/clearpath_ws/install/clearpath_platform_msgs:/home/robolab/clearpath_ws/install/clearpath_platform_description:/home/robolab/clearpath_ws/install/clearpath_mounts_description:/home/robolab/clearpath_ws/install/clearpath_manipulators_description:/opt/ros/jazzy/opt/gz_sim_vendor:/opt/ros/jazzy/opt/gz_sensors_vendor:/opt/ros/jazzy/opt/gz_physics_vendor:/opt/ros/jazzy/opt/sdformat_vendor:/opt/ros/jazzy/opt/gz_gui_vendor:/opt/ros/jazzy/opt/gz_transport_vendor:/opt/ros/jazzy/opt/gz_rendering_vendor:/opt/ros/jazzy/opt/gz_plugin_vendor:/opt/ros/jazzy/opt/gz_fuel_tools_vendor:/opt/ros/jazzy/opt/gz_msgs_vendor:/opt/ros/jazzy/opt/gz_common_vendor:/opt/ros/jazzy/opt/gz_math_vendor:/opt/ros/jazzy/opt/gz_utils_vendor:/opt/ros/jazzy/opt/gz_tools_vendor:/opt/ros/jazzy/opt/gz_ogre_next_vendor:/opt/ros/jazzy/opt/gz_dartsim_vendor:/opt/ros/jazzy/opt/gz_cmake_vendor:/opt/ros/jazzy DEBUGINFOD_URLS=https://debuginfod.ubuntu.com LD_LIBRARY_PATH=/home/robolab/clearpath_ws/install/clearpath_platform_msgs/lib:${LD_LIBRARY_PATH} PYTHONPATH=/home/robolab/clearpath_ws/install/clearpath_platform_msgs/lib/python3.12/site-packages:/home/robolab/clearpath_ws/install/clearpath_config/lib/python3.12/site-packages:/home/robolab/clearpath_ws/install/clearpath_bt_joy/lib/python3.12/site-packages:${PYTHONPATH} /usr/bin/cmake --install /home/robolab/clearpath_ws/build/clearpath_generator_common
[0.600s] -- Install configuration: ""
[0.600s] -- Execute custom install script
[0.601s] -- Up-to-date symlink: /home/robolab/clearpath_ws/install/clearpath_generator_common/lib/clearpath_generator_common/generate_description
[0.601s] -- Up-to-date symlink: /home/robolab/clearpath_ws/install/clearpath_generator_common/lib/clearpath_generator_common/generate_discovery_server
[0.601s] -- Up-to-date symlink: /home/robolab/clearpath_ws/install/clearpath_generator_common/lib/clearpath_generator_common/generate_bash
[0.601s] -- Up-to-date symlink: /home/robolab/clearpath_ws/install/clearpath_generator_common/lib/clearpath_generator_common/generate_semantic_description
[0.601s] -- Up-to-date symlink: /home/robolab/clearpath_ws/install/clearpath_generator_common/lib/clearpath_generator_common/generate_vcan
[0.601s] -- Up-to-date symlink: /home/robolab/clearpath_ws/install/clearpath_generator_common/lib/clearpath_generator_common/generate_zenoh_router
[0.601s] -- Up-to-date symlink: /home/robolab/clearpath_ws/install/clearpath_generator_common/share/clearpath_generator_common/environment/pythonpath.sh
[0.602s] -- Up-to-date symlink: /home/robolab/clearpath_ws/install/clearpath_generator_common/share/clearpath_generator_common/environment/pythonpath.dsv
[0.602s] -- Up-to-date symlink: /home/robolab/clearpath_ws/install/clearpath_generator_common/lib/python3.12/site-packages/clearpath_generator_common-2.9.4-py3.12.egg-info/PKG-INFO
[0.602s] -- Up-to-date symlink: /home/robolab/clearpath_ws/install/clearpath_generator_common/lib/python3.12/site-packages/clearpath_generator_common-2.9.4-py3.12.egg-info/SOURCES.txt
[0.602s] -- Up-to-date symlink: /home/robolab/clearpath_ws/install/clearpath_generator_common/lib/python3.12/site-packages/clearpath_generator_common-2.9.4-py3.12.egg-info/dependency_links.txt
[0.603s] -- Up-to-date symlink: /home/robolab/clearpath_ws/install/clearpath_generator_common/lib/python3.12/site-packages/clearpath_generator_common-2.9.4-py3.12.egg-info/top_level.txt
[0.604s] -- Up-to-date symlink: /home/robolab/clearpath_ws/install/clearpath_generator_common/lib/python3.12/site-packages/clearpath_generator_common/__init__.py
[0.604s] -- Up-to-date symlink: /home/robolab/clearpath_ws/install/clearpath_generator_common/lib/python3.12/site-packages/clearpath_generator_common/bash/__init__.py
[0.604s] -- Up-to-date symlink: /home/robolab/clearpath_ws/install/clearpath_generator_common/lib/python3.12/site-packages/clearpath_generator_common/bash/generate_bash
[0.604s] -- Up-to-date symlink: /home/robolab/clearpath_ws/install/clearpath_generator_common/lib/python3.12/site-packages/clearpath_generator_common/bash/generator.py
[0.604s] -- Up-to-date symlink: /home/robolab/clearpath_ws/install/clearpath_generator_common/lib/python3.12/site-packages/clearpath_generator_common/bash/writer.py
[0.604s] -- Up-to-date symlink: /home/robolab/clearpath_ws/install/clearpath_generator_common/lib/python3.12/site-packages/clearpath_generator_common/common.py
[0.605s] -- Up-to-date symlink: /home/robolab/clearpath_ws/install/clearpath_generator_common/lib/python3.12/site-packages/clearpath_generator_common/description/__init__.py
[0.605s] -- Up-to-date symlink: /home/robolab/clearpath_ws/install/clearpath_generator_common/lib/python3.12/site-packages/clearpath_generator_common/description/attachments.py
[0.605s] -- Up-to-date symlink: /home/robolab/clearpath_ws/install/clearpath_generator_common/lib/python3.12/site-packages/clearpath_generator_common/description/generate_description
[0.605s] -- Up-to-date symlink: /home/robolab/clearpath_ws/install/clearpath_generator_common/lib/python3.12/site-packages/clearpath_generator_common/description/generator.py
[0.605s] -- Up-to-date symlink: /home/robolab/clearpath_ws/install/clearpath_generator_common/lib/python3.12/site-packages/clearpath_generator_common/description/links.py
[0.605s] -- Up-to-date symlink: /home/robolab/clearpath_ws/install/clearpath_generator_common/lib/python3.12/site-packages/clearpath_generator_common/description/manipulators.py
[0.605s] -- Up-to-date symlink: /home/robolab/clearpath_ws/install/clearpath_generator_common/lib/python3.12/site-packages/clearpath_generator_common/description/mounts.py
[0.605s] -- Up-to-date symlink: /home/robolab/clearpath_ws/install/clearpath_generator_common/lib/python3.12/site-packages/clearpath_generator_common/description/platform.py
[0.606s] -- Up-to-date symlink: /home/robolab/clearpath_ws/install/clearpath_generator_common/lib/python3.12/site-packages/clearpath_generator_common/description/sensors.py
[0.606s] -- Up-to-date symlink: /home/robolab/clearpath_ws/install/clearpath_generator_common/lib/python3.12/site-packages/clearpath_generator_common/description/writer.py
[0.606s] -- Up-to-date symlink: /home/robolab/clearpath_ws/install/clearpath_generator_common/lib/python3.12/site-packages/clearpath_generator_common/discovery_server/generate_discovery_server
[0.606s] -- Up-to-date symlink: /home/robolab/clearpath_ws/install/clearpath_generator_common/lib/python3.12/site-packages/clearpath_generator_common/discovery_server/generator.py
[0.606s] -- Up-to-date symlink: /home/robolab/clearpath_ws/install/clearpath_generator_common/lib/python3.12/site-packages/clearpath_generator_common/launch/__init__.py
[0.606s] -- Up-to-date symlink: /home/robolab/clearpath_ws/install/clearpath_generator_common/lib/python3.12/site-packages/clearpath_generator_common/launch/generator.py
[0.606s] -- Up-to-date symlink: /home/robolab/clearpath_ws/install/clearpath_generator_common/lib/python3.12/site-packages/clearpath_generator_common/launch/writer.py
[0.606s] -- Up-to-date symlink: /home/robolab/clearpath_ws/install/clearpath_generator_common/lib/python3.12/site-packages/clearpath_generator_common/package/__init__.py
[0.607s] -- Up-to-date symlink: /home/robolab/clearpath_ws/install/clearpath_generator_common/lib/python3.12/site-packages/clearpath_generator_common/package/writer.py
[0.607s] -- Up-to-date symlink: /home/robolab/clearpath_ws/install/clearpath_generator_common/lib/python3.12/site-packages/clearpath_generator_common/param/__init__.py
[0.607s] -- Up-to-date symlink: /home/robolab/clearpath_ws/install/clearpath_generator_common/lib/python3.12/site-packages/clearpath_generator_common/param/generator.py
[0.607s] -- Up-to-date symlink: /home/robolab/clearpath_ws/install/clearpath_generator_common/lib/python3.12/site-packages/clearpath_generator_common/param/manipulators.py
[0.607s] -- Up-to-date symlink: /home/robolab/clearpath_ws/install/clearpath_generator_common/lib/python3.12/site-packages/clearpath_generator_common/param/platform.py
[0.607s] -- Up-to-date symlink: /home/robolab/clearpath_ws/install/clearpath_generator_common/lib/python3.12/site-packages/clearpath_generator_common/param/writer.py
[0.607s] -- Up-to-date symlink: /home/robolab/clearpath_ws/install/clearpath_generator_common/lib/python3.12/site-packages/clearpath_generator_common/ros.py
[0.608s] -- Up-to-date symlink: /home/robolab/clearpath_ws/install/clearpath_generator_common/lib/python3.12/site-packages/clearpath_generator_common/semantic_description/__init__.py
[0.608s] -- Up-to-date symlink: /home/robolab/clearpath_ws/install/clearpath_generator_common/lib/python3.12/site-packages/clearpath_generator_common/semantic_description/generate_semantic_description
[0.608s] -- Up-to-date symlink: /home/robolab/clearpath_ws/install/clearpath_generator_common/lib/python3.12/site-packages/clearpath_generator_common/semantic_description/generator.py
[0.608s] -- Up-to-date symlink: /home/robolab/clearpath_ws/install/clearpath_generator_common/lib/python3.12/site-packages/clearpath_generator_common/semantic_description/manipulators.py
[0.608s] -- Up-to-date symlink: /home/robolab/clearpath_ws/install/clearpath_generator_common/lib/python3.12/site-packages/clearpath_generator_common/vcan/generate_vcan
[0.608s] -- Up-to-date symlink: /home/robolab/clearpath_ws/install/clearpath_generator_common/lib/python3.12/site-packages/clearpath_generator_common/vcan/generator.py
[0.608s] -- Up-to-date symlink: /home/robolab/clearpath_ws/install/clearpath_generator_common/lib/python3.12/site-packages/clearpath_generator_common/zenoh_router/generate_zenoh_router
[0.608s] -- Up-to-date symlink: /home/robolab/clearpath_ws/install/clearpath_generator_common/lib/python3.12/site-packages/clearpath_generator_common/zenoh_router/generator.py
[0.609s] -- Up-to-date symlink: /home/robolab/clearpath_ws/install/clearpath_generator_common/share/ament_index/resource_index/package_run_dependencies/clearpath_generator_common
[0.609s] -- Up-to-date symlink: /home/robolab/clearpath_ws/install/clearpath_generator_common/share/ament_index/resource_index/parent_prefix_path/clearpath_generator_common
[0.609s] -- Up-to-date symlink: /home/robolab/clearpath_ws/install/clearpath_generator_common/share/clearpath_generator_common/environment/ament_prefix_path.sh
[0.609s] -- Up-to-date symlink: /home/robolab/clearpath_ws/install/clearpath_generator_common/share/clearpath_generator_common/environment/ament_prefix_path.dsv
[0.609s] -- Up-to-date symlink: /home/robolab/clearpath_ws/install/clearpath_generator_common/share/clearpath_generator_common/environment/path.sh
[0.610s] -- Up-to-date symlink: /home/robolab/clearpath_ws/install/clearpath_generator_common/share/clearpath_generator_common/environment/path.dsv
[0.610s] -- Up-to-date symlink: /home/robolab/clearpath_ws/install/clearpath_generator_common/share/clearpath_generator_common/local_setup.bash
[0.610s] -- Up-to-date symlink: /home/robolab/clearpath_ws/install/clearpath_generator_common/share/clearpath_generator_common/local_setup.sh
[0.610s] -- Up-to-date symlink: /home/robolab/clearpath_ws/install/clearpath_generator_common/share/clearpath_generator_common/local_setup.zsh
[0.610s] -- Up-to-date symlink: /home/robolab/clearpath_ws/install/clearpath_generator_common/share/clearpath_generator_common/local_setup.dsv
[0.610s] -- Symlinking: /home/robolab/clearpath_ws/install/clearpath_generator_common/share/clearpath_generator_common/package.dsv
[0.622s] -- Up-to-date symlink: /home/robolab/clearpath_ws/install/clearpath_generator_common/share/ament_index/resource_index/packages/clearpath_generator_common
[0.622s] -- Up-to-date symlink: /home/robolab/clearpath_ws/install/clearpath_generator_common/share/clearpath_generator_common/cmake/clearpath_generator_commonConfig.cmake
[0.623s] -- Up-to-date symlink: /home/robolab/clearpath_ws/install/clearpath_generator_common/share/clearpath_generator_common/cmake/clearpath_generator_commonConfig-version.cmake
[0.623s] -- Up-to-date symlink: /home/robolab/clearpath_ws/install/clearpath_generator_common/share/clearpath_generator_common/package.xml
[0.623s] -- Up-to-date: /home/robolab/clearpath_ws/install/clearpath_generator_common/lib/clearpath_generator_common/moveit_collision_updater
[0.667s] Listing '/home/robolab/clearpath_ws/install/clearpath_generator_common/lib/python3.12/site-packages/clearpath_generator_common'...
[0.667s] Listing '/home/robolab/clearpath_ws/install/clearpath_generator_common/lib/python3.12/site-packages/clearpath_generator_common/bash'...
[0.667s] Listing '/home/robolab/clearpath_ws/install/clearpath_generator_common/lib/python3.12/site-packages/clearpath_generator_common/description'...
[0.667s] Listing '/home/robolab/clearpath_ws/install/clearpath_generator_common/lib/python3.12/site-packages/clearpath_generator_common/discovery_server'...
[0.667s] Listing '/home/robolab/clearpath_ws/install/clearpath_generator_common/lib/python3.12/site-packages/clearpath_generator_common/launch'...
[0.667s] Listing '/home/robolab/clearpath_ws/install/clearpath_generator_common/lib/python3.12/site-packages/clearpath_generator_common/package'...
[0.668s] Listing '/home/robolab/clearpath_ws/install/clearpath_generator_common/lib/python3.12/site-packages/clearpath_generator_common/param'...
[0.668s] Listing '/home/robolab/clearpath_ws/install/clearpath_generator_common/lib/python3.12/site-packages/clearpath_generator_common/semantic_description'...
[0.668s] Listing '/home/robolab/clearpath_ws/install/clearpath_generator_common/lib/python3.12/site-packages/clearpath_generator_common/vcan'...
[0.668s] Listing '/home/robolab/clearpath_ws/install/clearpath_generator_common/lib/python3.12/site-packages/clearpath_generator_common/zenoh_router'...
[0.678s] Invoked command in '/home/robolab/clearpath_ws/build/clearpath_generator_common' returned '0': AMENT_PREFIX_PATH=/home/robolab/clearpath_ws/install/clearpath_manipulators:/home/robolab/clearpath_ws/install/clearpath_diagnostics:/home/robolab/clearpath_ws/install/clearpath_description:/home/robolab/clearpath_ws/install/clearpath_control:/home/robolab/clearpath_ws/install/clearpath_sensors_description:/home/robolab/clearpath_ws/install/clearpath_platform_msgs:/home/robolab/clearpath_ws/install/clearpath_platform_description:/home/robolab/clearpath_ws/install/clearpath_mounts_description:/home/robolab/clearpath_ws/install/clearpath_manipulators_description:/home/robolab/clearpath_ws/install/clearpath_config:/home/robolab/clearpath_ws/install/clearpath_bt_joy:${AMENT_PREFIX_PATH} CMAKE_PREFIX_PATH=/home/robolab/clearpath_ws/install/clearpath_manipulators:/home/robolab/clearpath_ws/install/clearpath_diagnostics:/home/robolab/clearpath_ws/install/clearpath_description:/home/robolab/clearpath_ws/install/clearpath_control:/home/robolab/clearpath_ws/install/clearpath_sensors_description:/home/robolab/clearpath_ws/install/clearpath_platform_msgs:/home/robolab/clearpath_ws/install/clearpath_platform_description:/home/robolab/clearpath_ws/install/clearpath_mounts_description:/home/robolab/clearpath_ws/install/clearpath_manipulators_description:/opt/ros/jazzy/opt/gz_sim_vendor:/opt/ros/jazzy/opt/gz_sensors_vendor:/opt/ros/jazzy/opt/gz_physics_vendor:/opt/ros/jazzy/opt/sdformat_vendor:/opt/ros/jazzy/opt/gz_gui_vendor:/opt/ros/jazzy/opt/gz_transport_vendor:/opt/ros/jazzy/opt/gz_rendering_vendor:/opt/ros/jazzy/opt/gz_plugin_vendor:/opt/ros/jazzy/opt/gz_fuel_tools_vendor:/opt/ros/jazzy/opt/gz_msgs_vendor:/opt/ros/jazzy/opt/gz_common_vendor:/opt/ros/jazzy/opt/gz_math_vendor:/opt/ros/jazzy/opt/gz_utils_vendor:/opt/ros/jazzy/opt/gz_tools_vendor:/opt/ros/jazzy/opt/gz_ogre_next_vendor:/opt/ros/jazzy/opt/gz_dartsim_vendor:/opt/ros/jazzy/opt/gz_cmake_vendor:/opt/ros/jazzy DEBUGINFOD_URLS=https://debuginfod.ubuntu.com LD_LIBRARY_PATH=/home/robolab/clearpath_ws/install/clearpath_platform_msgs/lib:${LD_LIBRARY_PATH} PYTHONPATH=/home/robolab/clearpath_ws/install/clearpath_platform_msgs/lib/python3.12/site-packages:/home/robolab/clearpath_ws/install/clearpath_config/lib/python3.12/site-packages:/home/robolab/clearpath_ws/install/clearpath_bt_joy/lib/python3.12/site-packages:${PYTHONPATH} /usr/bin/cmake --install /home/robolab/clearpath_ws/build/clearpath_generator_common
