[0.012s] Invoking command in '/home/robolab/clearpath_ws/build/clearpath_motor_msgs': CMAKE_PREFIX_PATH=${CMAKE_PREFIX_PATH}:/opt/ros/jazzy DEBUGINFOD_URLS=https://debuginfod.ubuntu.com /usr/bin/cmake /home/robolab/clearpath_ws/src/clearpath_msgs/clearpath_motor_msgs -DCMAKE_INSTALL_PREFIX=/home/robolab/clearpath_ws/install/clearpath_motor_msgs
[0.032s] -- Found action_msgs: 2.0.3 (/opt/ros/jazzy/share/action_msgs/cmake)
[0.069s] -- Found Python3: /usr/bin/python3 (found version "3.12.3") found components: Interpreter 
[0.222s] -- Override CMake install command with custom implementation using symlinks instead of copying resources
[0.278s] -- Found rosidl_generator_c: 4.6.7 (/opt/ros/jazzy/share/rosidl_generator_c/cmake)
[0.291s] -- Found rosidl_generator_cpp: 4.6.7 (/opt/ros/jazzy/share/rosidl_generator_cpp/cmake)
[0.314s] -- Using all available rosidl_typesupport_c: rosidl_typesupport_fastrtps_c;rosidl_typesupport_introspection_c
[0.329s] -- Using all available rosidl_typesupport_cpp: rosidl_typesupport_fastrtps_cpp;rosidl_typesupport_introspection_cpp
[0.446s] -- Found rosidl_default_generators: 1.6.0 (/opt/ros/jazzy/share/rosidl_default_generators/cmake)
[0.453s] -- Found rosidl_adapter: 4.6.7 (/opt/ros/jazzy/share/rosidl_adapter/cmake)
[0.455s] -- Found std_msgs: 5.3.6 (/opt/ros/jazzy/share/std_msgs/cmake)
[1.101s] -- Found ament_cmake_ros: 0.12.0 (/opt/ros/jazzy/share/ament_cmake_ros/cmake)
[1.434s] -- Using all available rosidl_typesupport_c: rosidl_typesupport_fastrtps_c;rosidl_typesupport_introspection_c
[1.629s] -- Using all available rosidl_typesupport_cpp: rosidl_typesupport_fastrtps_cpp;rosidl_typesupport_introspection_cpp
[1.631s] -- Found python_cmake_module: 0.11.1 (/opt/ros/jazzy/share/python_cmake_module/cmake)
[2.090s] -- Found Python3: /usr/bin/python3 (found version "3.12.3") found components: Interpreter Development NumPy Development.Module Development.Embed 
[2.161s] -- Configuring done (2.1s)
[2.249s] -- Generating done (0.1s)
[2.271s] -- Build files have been written to: /home/robolab/clearpath_ws/build/clearpath_motor_msgs
[2.287s] Invoked command in '/home/robolab/clearpath_ws/build/clearpath_motor_msgs' returned '0': CMAKE_PREFIX_PATH=${CMAKE_PREFIX_PATH}:/opt/ros/jazzy DEBUGINFOD_URLS=https://debuginfod.ubuntu.com /usr/bin/cmake /home/robolab/clearpath_ws/src/clearpath_msgs/clearpath_motor_msgs -DCMAKE_INSTALL_PREFIX=/home/robolab/clearpath_ws/install/clearpath_motor_msgs
[2.291s] Invoking command in '/home/robolab/clearpath_ws/build/clearpath_motor_msgs': CMAKE_PREFIX_PATH=${CMAKE_PREFIX_PATH}:/opt/ros/jazzy DEBUGINFOD_URLS=https://debuginfod.ubuntu.com /usr/bin/cmake --build /home/robolab/clearpath_ws/build/clearpath_motor_msgs -- -j4 -l4
[2.381s] [  0%] Built target clearpath_motor_msgs__rosidl_generator_type_description
[2.420s] [  0%] Built target ament_cmake_python_symlink_clearpath_motor_msgs
[2.493s] [ 27%] Built target clearpath_motor_msgs__rosidl_generator_c
[2.857s] running egg_info
[2.889s] writing clearpath_motor_msgs.egg-info/PKG-INFO
[2.889s] writing dependency_links to clearpath_motor_msgs.egg-info/dependency_links.txt
[2.889s] writing top-level names to clearpath_motor_msgs.egg-info/top_level.txt
[2.990s] reading manifest file 'clearpath_motor_msgs.egg-info/SOURCES.txt'
[2.990s] writing manifest file 'clearpath_motor_msgs.egg-info/SOURCES.txt'
[3.056s] [ 27%] Built target ament_cmake_python_build_clearpath_motor_msgs_egg
[3.094s] [ 37%] Built target clearpath_motor_msgs__rosidl_typesupport_introspection_c
[3.146s] [ 47%] Built target clearpath_motor_msgs__rosidl_typesupport_c
[3.196s] [ 57%] Built target clearpath_motor_msgs__rosidl_typesupport_fastrtps_c
[3.233s] [ 57%] Built target clearpath_motor_msgs__cpp
[3.279s] [ 67%] Built target clearpath_motor_msgs__rosidl_typesupport_cpp
[3.330s] [ 77%] Built target clearpath_motor_msgs__rosidl_typesupport_introspection_cpp
[3.380s] [ 86%] Built target clearpath_motor_msgs__rosidl_typesupport_fastrtps_cpp
[3.410s] [ 86%] Built target clearpath_motor_msgs
[3.452s] [ 87%] Built target clearpath_motor_msgs__py
[3.517s] [ 96%] Built target clearpath_motor_msgs__rosidl_generator_py
[3.557s] [ 97%] Built target clearpath_motor_msgs_s__rosidl_typesupport_fastrtps_c
[3.600s] [ 98%] Built target clearpath_motor_msgs_s__rosidl_typesupport_c
[3.652s] [100%] Built target clearpath_motor_msgs_s__rosidl_typesupport_introspection_c
[3.678s] Invoked command in '/home/robolab/clearpath_ws/build/clearpath_motor_msgs' returned '0': CMAKE_PREFIX_PATH=${CMAKE_PREFIX_PATH}:/opt/ros/jazzy DEBUGINFOD_URLS=https://debuginfod.ubuntu.com /usr/bin/cmake --build /home/robolab/clearpath_ws/build/clearpath_motor_msgs -- -j4 -l4
[3.679s] Invoking command in '/home/robolab/clearpath_ws/build/clearpath_motor_msgs': CMAKE_PREFIX_PATH=${CMAKE_PREFIX_PATH}:/opt/ros/jazzy DEBUGINFOD_URLS=https://debuginfod.ubuntu.com /usr/bin/cmake --install /home/robolab/clearpath_ws/build/clearpath_motor_msgs
[3.695s] -- Install configuration: ""
[3.696s] -- Execute custom install script
[3.699s] -- Up-to-date symlink: /home/robolab/clearpath_ws/install/clearpath_motor_msgs/share/ament_index/resource_index/rosidl_interfaces/clearpath_motor_msgs
[3.700s] -- Up-to-date symlink: /home/robolab/clearpath_ws/install/clearpath_motor_msgs/share/clearpath_motor_msgs/action/LynxCalibrate.json
[3.700s] -- Up-to-date symlink: /home/robolab/clearpath_ws/install/clearpath_motor_msgs/share/clearpath_motor_msgs/action/LynxUpdate.json
[3.700s] -- Up-to-date symlink: /home/robolab/clearpath_ws/install/clearpath_motor_msgs/share/clearpath_motor_msgs/msg/LynxDebug.json
[3.700s] -- Up-to-date symlink: /home/robolab/clearpath_ws/install/clearpath_motor_msgs/share/clearpath_motor_msgs/msg/LynxFeedback.json
[3.700s] -- Up-to-date symlink: /home/robolab/clearpath_ws/install/clearpath_motor_msgs/share/clearpath_motor_msgs/msg/LynxMotorProtection.json
[3.700s] -- Up-to-date symlink: /home/robolab/clearpath_ws/install/clearpath_motor_msgs/share/clearpath_motor_msgs/msg/LynxMultiDebug.json
[3.701s] -- Up-to-date symlink: /home/robolab/clearpath_ws/install/clearpath_motor_msgs/share/clearpath_motor_msgs/msg/LynxMultiFeedback.json
[3.701s] -- Up-to-date symlink: /home/robolab/clearpath_ws/install/clearpath_motor_msgs/share/clearpath_motor_msgs/msg/LynxMultiStatus.json
[3.701s] -- Up-to-date symlink: /home/robolab/clearpath_ws/install/clearpath_motor_msgs/share/clearpath_motor_msgs/msg/LynxStatus.json
[3.701s] -- Up-to-date symlink: /home/robolab/clearpath_ws/install/clearpath_motor_msgs/share/clearpath_motor_msgs/msg/LynxSystemProtection.json
[3.701s] -- Up-to-date symlink: /home/robolab/clearpath_ws/install/clearpath_motor_msgs/share/clearpath_motor_msgs/msg/PumaFeedback.json
[3.701s] -- Up-to-date symlink: /home/robolab/clearpath_ws/install/clearpath_motor_msgs/share/clearpath_motor_msgs/msg/PumaStatus.json
[3.701s] -- Up-to-date symlink: /home/robolab/clearpath_ws/install/clearpath_motor_msgs/share/clearpath_motor_msgs/msg/PumaMultiFeedback.json
[3.701s] -- Up-to-date symlink: /home/robolab/clearpath_ws/install/clearpath_motor_msgs/share/clearpath_motor_msgs/msg/PumaMultiStatus.json
[3.712s] -- Up-to-date symlink: /home/robolab/clearpath_ws/install/clearpath_motor_msgs/include/clearpath_motor_msgs/clearpath_motor_msgs/action/detail/lynx_calibrate__functions.h
[3.713s] -- Up-to-date symlink: /home/robolab/clearpath_ws/install/clearpath_motor_msgs/include/clearpath_motor_msgs/clearpath_motor_msgs/action/detail/lynx_calibrate__struct.h
[3.714s] -- Up-to-date symlink: /home/robolab/clearpath_ws/install/clearpath_motor_msgs/include/clearpath_motor_msgs/clearpath_motor_msgs/action/detail/lynx_calibrate__type_support.h
[3.714s] -- Up-to-date symlink: /home/robolab/clearpath_ws/install/clearpath_motor_msgs/include/clearpath_motor_msgs/clearpath_motor_msgs/action/detail/lynx_update__functions.h
[3.714s] -- Up-to-date symlink: /home/robolab/clearpath_ws/install/clearpath_motor_msgs/include/clearpath_motor_msgs/clearpath_motor_msgs/action/detail/lynx_update__struct.h
[3.714s] -- Up-to-date symlink: /home/robolab/clearpath_ws/install/clearpath_motor_msgs/include/clearpath_motor_msgs/clearpath_motor_msgs/action/detail/lynx_update__type_support.h
[3.714s] -- Up-to-date symlink: /home/robolab/clearpath_ws/install/clearpath_motor_msgs/include/clearpath_motor_msgs/clearpath_motor_msgs/action/lynx_calibrate.h
[3.714s] -- Up-to-date symlink: /home/robolab/clearpath_ws/install/clearpath_motor_msgs/include/clearpath_motor_msgs/clearpath_motor_msgs/action/lynx_update.h
[3.714s] -- Up-to-date symlink: /home/robolab/clearpath_ws/install/clearpath_motor_msgs/include/clearpath_motor_msgs/clearpath_motor_msgs/msg/detail/lynx_debug__functions.h
[3.715s] -- Up-to-date symlink: /home/robolab/clearpath_ws/install/clearpath_motor_msgs/include/clearpath_motor_msgs/clearpath_motor_msgs/msg/detail/lynx_debug__struct.h
[3.715s] -- Up-to-date symlink: /home/robolab/clearpath_ws/install/clearpath_motor_msgs/include/clearpath_motor_msgs/clearpath_motor_msgs/msg/detail/lynx_debug__type_support.h
[3.715s] -- Up-to-date symlink: /home/robolab/clearpath_ws/install/clearpath_motor_msgs/include/clearpath_motor_msgs/clearpath_motor_msgs/msg/detail/lynx_feedback__functions.h
[3.715s] -- Up-to-date symlink: /home/robolab/clearpath_ws/install/clearpath_motor_msgs/include/clearpath_motor_msgs/clearpath_motor_msgs/msg/detail/lynx_feedback__struct.h
[3.715s] -- Up-to-date symlink: /home/robolab/clearpath_ws/install/clearpath_motor_msgs/include/clearpath_motor_msgs/clearpath_motor_msgs/msg/detail/lynx_feedback__type_support.h
[3.715s] -- Up-to-date symlink: /home/robolab/clearpath_ws/install/clearpath_motor_msgs/include/clearpath_motor_msgs/clearpath_motor_msgs/msg/detail/lynx_motor_protection__functions.h
[3.716s] -- Up-to-date symlink: /home/robolab/clearpath_ws/install/clearpath_motor_msgs/include/clearpath_motor_msgs/clearpath_motor_msgs/msg/detail/lynx_motor_protection__struct.h
[3.716s] -- Up-to-date symlink: /home/robolab/clearpath_ws/install/clearpath_motor_msgs/include/clearpath_motor_msgs/clearpath_motor_msgs/msg/detail/lynx_motor_protection__type_support.h
[3.716s] -- Up-to-date symlink: /home/robolab/clearpath_ws/install/clearpath_motor_msgs/include/clearpath_motor_msgs/clearpath_motor_msgs/msg/detail/lynx_multi_debug__functions.h
[3.716s] -- Up-to-date symlink: /home/robolab/clearpath_ws/install/clearpath_motor_msgs/include/clearpath_motor_msgs/clearpath_motor_msgs/msg/detail/lynx_multi_debug__struct.h
[3.716s] -- Up-to-date symlink: /home/robolab/clearpath_ws/install/clearpath_motor_msgs/include/clearpath_motor_msgs/clearpath_motor_msgs/msg/detail/lynx_multi_debug__type_support.h
[3.716s] -- Up-to-date symlink: /home/robolab/clearpath_ws/install/clearpath_motor_msgs/include/clearpath_motor_msgs/clearpath_motor_msgs/msg/detail/lynx_multi_feedback__functions.h
[3.716s] -- Up-to-date symlink: /home/robolab/clearpath_ws/install/clearpath_motor_msgs/include/clearpath_motor_msgs/clearpath_motor_msgs/msg/detail/lynx_multi_feedback__struct.h
[3.716s] -- Up-to-date symlink: /home/robolab/clearpath_ws/install/clearpath_motor_msgs/include/clearpath_motor_msgs/clearpath_motor_msgs/msg/detail/lynx_multi_feedback__type_support.h
[3.716s] -- Up-to-date symlink: /home/robolab/clearpath_ws/install/clearpath_motor_msgs/include/clearpath_motor_msgs/clearpath_motor_msgs/msg/detail/lynx_multi_status__functions.h
[3.717s] -- Up-to-date symlink: /home/robolab/clearpath_ws/install/clearpath_motor_msgs/include/clearpath_motor_msgs/clearpath_motor_msgs/msg/detail/lynx_multi_status__struct.h
[3.717s] -- Up-to-date symlink: /home/robolab/clearpath_ws/install/clearpath_motor_msgs/include/clearpath_motor_msgs/clearpath_motor_msgs/msg/detail/lynx_multi_status__type_support.h
[3.717s] -- Up-to-date symlink: /home/robolab/clearpath_ws/install/clearpath_motor_msgs/include/clearpath_motor_msgs/clearpath_motor_msgs/msg/detail/lynx_status__functions.h
[3.717s] -- Up-to-date symlink: /home/robolab/clearpath_ws/install/clearpath_motor_msgs/include/clearpath_motor_msgs/clearpath_motor_msgs/msg/detail/lynx_status__struct.h
[3.717s] -- Up-to-date symlink: /home/robolab/clearpath_ws/install/clearpath_motor_msgs/include/clearpath_motor_msgs/clearpath_motor_msgs/msg/detail/lynx_status__type_support.h
[3.717s] -- Up-to-date symlink: /home/robolab/clearpath_ws/install/clearpath_motor_msgs/include/clearpath_motor_msgs/clearpath_motor_msgs/msg/detail/lynx_system_protection__functions.h
[3.717s] -- Up-to-date symlink: /home/robolab/clearpath_ws/install/clearpath_motor_msgs/include/clearpath_motor_msgs/clearpath_motor_msgs/msg/detail/lynx_system_protection__struct.h
[3.717s] -- Up-to-date symlink: /home/robolab/clearpath_ws/install/clearpath_motor_msgs/include/clearpath_motor_msgs/clearpath_motor_msgs/msg/detail/lynx_system_protection__type_support.h
[3.718s] -- Up-to-date symlink: /home/robolab/clearpath_ws/install/clearpath_motor_msgs/include/clearpath_motor_msgs/clearpath_motor_msgs/msg/detail/puma_feedback__functions.h
[3.718s] -- Up-to-date symlink: /home/robolab/clearpath_ws/install/clearpath_motor_msgs/include/clearpath_motor_msgs/clearpath_motor_msgs/msg/detail/puma_feedback__struct.h
[3.718s] -- Up-to-date symlink: /home/robolab/clearpath_ws/install/clearpath_motor_msgs/include/clearpath_motor_msgs/clearpath_motor_msgs/msg/detail/puma_feedback__type_support.h
[3.718s] -- Up-to-date symlink: /home/robolab/clearpath_ws/install/clearpath_motor_msgs/include/clearpath_motor_msgs/clearpath_motor_msgs/msg/detail/puma_multi_feedback__functions.h
[3.718s] -- Up-to-date symlink: /home/robolab/clearpath_ws/install/clearpath_motor_msgs/include/clearpath_motor_msgs/clearpath_motor_msgs/msg/detail/puma_multi_feedback__struct.h
[3.718s] -- Up-to-date symlink: /home/robolab/clearpath_ws/install/clearpath_motor_msgs/include/clearpath_motor_msgs/clearpath_motor_msgs/msg/detail/puma_multi_feedback__type_support.h
[3.718s] -- Up-to-date symlink: /home/robolab/clearpath_ws/install/clearpath_motor_msgs/include/clearpath_motor_msgs/clearpath_motor_msgs/msg/detail/puma_multi_status__functions.h
[3.718s] -- Up-to-date symlink: /home/robolab/clearpath_ws/install/clearpath_motor_msgs/include/clearpath_motor_msgs/clearpath_motor_msgs/msg/detail/puma_multi_status__struct.h
[3.719s] -- Up-to-date symlink: /home/robolab/clearpath_ws/install/clearpath_motor_msgs/include/clearpath_motor_msgs/clearpath_motor_msgs/msg/detail/puma_multi_status__type_support.h
[3.719s] -- Up-to-date symlink: /home/robolab/clearpath_ws/install/clearpath_motor_msgs/include/clearpath_motor_msgs/clearpath_motor_msgs/msg/detail/puma_status__functions.h
[3.719s] -- Up-to-date symlink: /home/robolab/clearpath_ws/install/clearpath_motor_msgs/include/clearpath_motor_msgs/clearpath_motor_msgs/msg/detail/puma_status__struct.h
[3.719s] -- Up-to-date symlink: /home/robolab/clearpath_ws/install/clearpath_motor_msgs/include/clearpath_motor_msgs/clearpath_motor_msgs/msg/detail/puma_status__type_support.h
[3.719s] -- Up-to-date symlink: /home/robolab/clearpath_ws/install/clearpath_motor_msgs/include/clearpath_motor_msgs/clearpath_motor_msgs/msg/lynx_debug.h
[3.719s] -- Up-to-date symlink: /home/robolab/clearpath_ws/install/clearpath_motor_msgs/include/clearpath_motor_msgs/clearpath_motor_msgs/msg/lynx_feedback.h
[3.719s] -- Up-to-date symlink: /home/robolab/clearpath_ws/install/clearpath_motor_msgs/include/clearpath_motor_msgs/clearpath_motor_msgs/msg/lynx_motor_protection.h
[3.720s] -- Up-to-date symlink: /home/robolab/clearpath_ws/install/clearpath_motor_msgs/include/clearpath_motor_msgs/clearpath_motor_msgs/msg/lynx_multi_debug.h
[3.720s] -- Up-to-date symlink: /home/robolab/clearpath_ws/install/clearpath_motor_msgs/include/clearpath_motor_msgs/clearpath_motor_msgs/msg/lynx_multi_feedback.h
[3.720s] -- Up-to-date symlink: /home/robolab/clearpath_ws/install/clearpath_motor_msgs/include/clearpath_motor_msgs/clearpath_motor_msgs/msg/lynx_multi_status.h
[3.720s] -- Up-to-date symlink: /home/robolab/clearpath_ws/install/clearpath_motor_msgs/include/clearpath_motor_msgs/clearpath_motor_msgs/msg/lynx_status.h
[3.720s] -- Up-to-date symlink: /home/robolab/clearpath_ws/install/clearpath_motor_msgs/include/clearpath_motor_msgs/clearpath_motor_msgs/msg/lynx_system_protection.h
[3.720s] -- Up-to-date symlink: /home/robolab/clearpath_ws/install/clearpath_motor_msgs/include/clearpath_motor_msgs/clearpath_motor_msgs/msg/puma_feedback.h
[3.720s] -- Up-to-date symlink: /home/robolab/clearpath_ws/install/clearpath_motor_msgs/include/clearpath_motor_msgs/clearpath_motor_msgs/msg/puma_multi_feedback.h
[3.720s] -- Up-to-date symlink: /home/robolab/clearpath_ws/install/clearpath_motor_msgs/include/clearpath_motor_msgs/clearpath_motor_msgs/msg/puma_multi_status.h
[3.721s] -- Up-to-date symlink: /home/robolab/clearpath_ws/install/clearpath_motor_msgs/include/clearpath_motor_msgs/clearpath_motor_msgs/msg/puma_status.h
[3.721s] -- Up-to-date symlink: /home/robolab/clearpath_ws/install/clearpath_motor_msgs/include/clearpath_motor_msgs/clearpath_motor_msgs/msg/rosidl_generator_c__visibility_control.h
[3.721s] -- Up-to-date symlink: /home/robolab/clearpath_ws/install/clearpath_motor_msgs/share/clearpath_motor_msgs/environment/library_path.sh
[3.721s] -- Up-to-date symlink: /home/robolab/clearpath_ws/install/clearpath_motor_msgs/share/clearpath_motor_msgs/environment/library_path.dsv
[3.721s] -- Up-to-date symlink: /home/robolab/clearpath_ws/install/clearpath_motor_msgs/include/clearpath_motor_msgs/clearpath_motor_msgs/action/detail/lynx_calibrate__rosidl_typesupport_fastrtps_c.h
[3.721s] -- Up-to-date symlink: /home/robolab/clearpath_ws/install/clearpath_motor_msgs/include/clearpath_motor_msgs/clearpath_motor_msgs/action/detail/lynx_update__rosidl_typesupport_fastrtps_c.h
[3.721s] -- Up-to-date symlink: /home/robolab/clearpath_ws/install/clearpath_motor_msgs/include/clearpath_motor_msgs/clearpath_motor_msgs/msg/detail/lynx_debug__rosidl_typesupport_fastrtps_c.h
[3.721s] -- Up-to-date symlink: /home/robolab/clearpath_ws/install/clearpath_motor_msgs/include/clearpath_motor_msgs/clearpath_motor_msgs/msg/detail/lynx_feedback__rosidl_typesupport_fastrtps_c.h
[3.722s] -- Up-to-date symlink: /home/robolab/clearpath_ws/install/clearpath_motor_msgs/include/clearpath_motor_msgs/clearpath_motor_msgs/msg/detail/lynx_motor_protection__rosidl_typesupport_fastrtps_c.h
[3.722s] -- Up-to-date symlink: /home/robolab/clearpath_ws/install/clearpath_motor_msgs/include/clearpath_motor_msgs/clearpath_motor_msgs/msg/detail/lynx_multi_debug__rosidl_typesupport_fastrtps_c.h
[3.722s] -- Up-to-date symlink: /home/robolab/clearpath_ws/install/clearpath_motor_msgs/include/clearpath_motor_msgs/clearpath_motor_msgs/msg/detail/lynx_multi_feedback__rosidl_typesupport_fastrtps_c.h
[3.722s] -- Up-to-date symlink: /home/robolab/clearpath_ws/install/clearpath_motor_msgs/include/clearpath_motor_msgs/clearpath_motor_msgs/msg/detail/lynx_multi_status__rosidl_typesupport_fastrtps_c.h
[3.722s] -- Up-to-date symlink: /home/robolab/clearpath_ws/install/clearpath_motor_msgs/include/clearpath_motor_msgs/clearpath_motor_msgs/msg/detail/lynx_status__rosidl_typesupport_fastrtps_c.h
[3.722s] -- Up-to-date symlink: /home/robolab/clearpath_ws/install/clearpath_motor_msgs/include/clearpath_motor_msgs/clearpath_motor_msgs/msg/detail/lynx_system_protection__rosidl_typesupport_fastrtps_c.h
[3.722s] -- Up-to-date symlink: /home/robolab/clearpath_ws/install/clearpath_motor_msgs/include/clearpath_motor_msgs/clearpath_motor_msgs/msg/detail/puma_feedback__rosidl_typesupport_fastrtps_c.h
[3.722s] -- Up-to-date symlink: /home/robolab/clearpath_ws/install/clearpath_motor_msgs/include/clearpath_motor_msgs/clearpath_motor_msgs/msg/detail/puma_multi_feedback__rosidl_typesupport_fastrtps_c.h
[3.723s] -- Up-to-date symlink: /home/robolab/clearpath_ws/install/clearpath_motor_msgs/include/clearpath_motor_msgs/clearpath_motor_msgs/msg/detail/puma_multi_status__rosidl_typesupport_fastrtps_c.h
[3.723s] -- Up-to-date symlink: /home/robolab/clearpath_ws/install/clearpath_motor_msgs/include/clearpath_motor_msgs/clearpath_motor_msgs/msg/detail/puma_status__rosidl_typesupport_fastrtps_c.h
[3.723s] -- Up-to-date symlink: /home/robolab/clearpath_ws/install/clearpath_motor_msgs/include/clearpath_motor_msgs/clearpath_motor_msgs/msg/rosidl_typesupport_fastrtps_c__visibility_control.h
[3.723s] -- Up-to-date symlink: /home/robolab/clearpath_ws/install/clearpath_motor_msgs/include/clearpath_motor_msgs/clearpath_motor_msgs/action/detail/lynx_calibrate__builder.hpp
[3.723s] -- Up-to-date symlink: /home/robolab/clearpath_ws/install/clearpath_motor_msgs/include/clearpath_motor_msgs/clearpath_motor_msgs/action/detail/lynx_calibrate__struct.hpp
[3.723s] -- Up-to-date symlink: /home/robolab/clearpath_ws/install/clearpath_motor_msgs/include/clearpath_motor_msgs/clearpath_motor_msgs/action/detail/lynx_calibrate__traits.hpp
[3.723s] -- Up-to-date symlink: /home/robolab/clearpath_ws/install/clearpath_motor_msgs/include/clearpath_motor_msgs/clearpath_motor_msgs/action/detail/lynx_calibrate__type_support.hpp
[3.724s] -- Up-to-date symlink: /home/robolab/clearpath_ws/install/clearpath_motor_msgs/include/clearpath_motor_msgs/clearpath_motor_msgs/action/detail/lynx_update__builder.hpp
[3.724s] -- Up-to-date symlink: /home/robolab/clearpath_ws/install/clearpath_motor_msgs/include/clearpath_motor_msgs/clearpath_motor_msgs/action/detail/lynx_update__struct.hpp
[3.724s] -- Up-to-date symlink: /home/robolab/clearpath_ws/install/clearpath_motor_msgs/include/clearpath_motor_msgs/clearpath_motor_msgs/action/detail/lynx_update__traits.hpp
[3.724s] -- Up-to-date symlink: /home/robolab/clearpath_ws/install/clearpath_motor_msgs/include/clearpath_motor_msgs/clearpath_motor_msgs/action/detail/lynx_update__type_support.hpp
[3.724s] -- Up-to-date symlink: /home/robolab/clearpath_ws/install/clearpath_motor_msgs/include/clearpath_motor_msgs/clearpath_motor_msgs/action/lynx_calibrate.hpp
[3.724s] -- Up-to-date symlink: /home/robolab/clearpath_ws/install/clearpath_motor_msgs/include/clearpath_motor_msgs/clearpath_motor_msgs/action/lynx_update.hpp
[3.724s] -- Up-to-date symlink: /home/robolab/clearpath_ws/install/clearpath_motor_msgs/include/clearpath_motor_msgs/clearpath_motor_msgs/msg/detail/lynx_debug__builder.hpp
[3.726s] -- Up-to-date symlink: /home/robolab/clearpath_ws/install/clearpath_motor_msgs/include/clearpath_motor_msgs/clearpath_motor_msgs/msg/detail/lynx_debug__struct.hpp
[3.727s] -- Up-to-date symlink: /home/robolab/clearpath_ws/install/clearpath_motor_msgs/include/clearpath_motor_msgs/clearpath_motor_msgs/msg/detail/lynx_debug__traits.hpp
[3.727s] -- Up-to-date symlink: /home/robolab/clearpath_ws/install/clearpath_motor_msgs/include/clearpath_motor_msgs/clearpath_motor_msgs/msg/detail/lynx_debug__type_support.hpp
[3.727s] -- Up-to-date symlink: /home/robolab/clearpath_ws/install/clearpath_motor_msgs/include/clearpath_motor_msgs/clearpath_motor_msgs/msg/detail/lynx_feedback__builder.hpp
[3.727s] -- Up-to-date symlink: /home/robolab/clearpath_ws/install/clearpath_motor_msgs/include/clearpath_motor_msgs/clearpath_motor_msgs/msg/detail/lynx_feedback__struct.hpp
[3.727s] -- Up-to-date symlink: /home/robolab/clearpath_ws/install/clearpath_motor_msgs/include/clearpath_motor_msgs/clearpath_motor_msgs/msg/detail/lynx_feedback__traits.hpp
[3.727s] -- Up-to-date symlink: /home/robolab/clearpath_ws/install/clearpath_motor_msgs/include/clearpath_motor_msgs/clearpath_motor_msgs/msg/detail/lynx_feedback__type_support.hpp
[3.727s] -- Up-to-date symlink: /home/robolab/clearpath_ws/install/clearpath_motor_msgs/include/clearpath_motor_msgs/clearpath_motor_msgs/msg/detail/lynx_motor_protection__builder.hpp
[3.728s] -- Up-to-date symlink: /home/robolab/clearpath_ws/install/clearpath_motor_msgs/include/clearpath_motor_msgs/clearpath_motor_msgs/msg/detail/lynx_motor_protection__struct.hpp
[3.728s] -- Up-to-date symlink: /home/robolab/clearpath_ws/install/clearpath_motor_msgs/include/clearpath_motor_msgs/clearpath_motor_msgs/msg/detail/lynx_motor_protection__traits.hpp
[3.728s] -- Up-to-date symlink: /home/robolab/clearpath_ws/install/clearpath_motor_msgs/include/clearpath_motor_msgs/clearpath_motor_msgs/msg/detail/lynx_motor_protection__type_support.hpp
[3.728s] -- Up-to-date symlink: /home/robolab/clearpath_ws/install/clearpath_motor_msgs/include/clearpath_motor_msgs/clearpath_motor_msgs/msg/detail/lynx_multi_debug__builder.hpp
[3.728s] -- Up-to-date symlink: /home/robolab/clearpath_ws/install/clearpath_motor_msgs/include/clearpath_motor_msgs/clearpath_motor_msgs/msg/detail/lynx_multi_debug__struct.hpp
[3.728s] -- Up-to-date symlink: /home/robolab/clearpath_ws/install/clearpath_motor_msgs/include/clearpath_motor_msgs/clearpath_motor_msgs/msg/detail/lynx_multi_debug__traits.hpp
[3.728s] -- Up-to-date symlink: /home/robolab/clearpath_ws/install/clearpath_motor_msgs/include/clearpath_motor_msgs/clearpath_motor_msgs/msg/detail/lynx_multi_debug__type_support.hpp
[3.728s] -- Up-to-date symlink: /home/robolab/clearpath_ws/install/clearpath_motor_msgs/include/clearpath_motor_msgs/clearpath_motor_msgs/msg/detail/lynx_multi_feedback__builder.hpp
[3.728s] -- Up-to-date symlink: /home/robolab/clearpath_ws/install/clearpath_motor_msgs/include/clearpath_motor_msgs/clearpath_motor_msgs/msg/detail/lynx_multi_feedback__struct.hpp
[3.728s] -- Up-to-date symlink: /home/robolab/clearpath_ws/install/clearpath_motor_msgs/include/clearpath_motor_msgs/clearpath_motor_msgs/msg/detail/lynx_multi_feedback__traits.hpp
[3.729s] -- Up-to-date symlink: /home/robolab/clearpath_ws/install/clearpath_motor_msgs/include/clearpath_motor_msgs/clearpath_motor_msgs/msg/detail/lynx_multi_feedback__type_support.hpp
[3.729s] -- Up-to-date symlink: /home/robolab/clearpath_ws/install/clearpath_motor_msgs/include/clearpath_motor_msgs/clearpath_motor_msgs/msg/detail/lynx_multi_status__builder.hpp
[3.729s] -- Up-to-date symlink: /home/robolab/clearpath_ws/install/clearpath_motor_msgs/include/clearpath_motor_msgs/clearpath_motor_msgs/msg/detail/lynx_multi_status__struct.hpp
[3.729s] -- Up-to-date symlink: /home/robolab/clearpath_ws/install/clearpath_motor_msgs/include/clearpath_motor_msgs/clearpath_motor_msgs/msg/detail/lynx_multi_status__traits.hpp
[3.729s] -- Up-to-date symlink: /home/robolab/clearpath_ws/install/clearpath_motor_msgs/include/clearpath_motor_msgs/clearpath_motor_msgs/msg/detail/lynx_multi_status__type_support.hpp
[3.730s] -- Up-to-date symlink: /home/robolab/clearpath_ws/install/clearpath_motor_msgs/include/clearpath_motor_msgs/clearpath_motor_msgs/msg/detail/lynx_status__builder.hpp
[3.730s] -- Up-to-date symlink: /home/robolab/clearpath_ws/install/clearpath_motor_msgs/include/clearpath_motor_msgs/clearpath_motor_msgs/msg/detail/lynx_status__struct.hpp
[3.730s] -- Up-to-date symlink: /home/robolab/clearpath_ws/install/clearpath_motor_msgs/include/clearpath_motor_msgs/clearpath_motor_msgs/msg/detail/lynx_status__traits.hpp
[3.730s] -- Up-to-date symlink: /home/robolab/clearpath_ws/install/clearpath_motor_msgs/include/clearpath_motor_msgs/clearpath_motor_msgs/msg/detail/lynx_status__type_support.hpp
[3.732s] -- Up-to-date symlink: /home/robolab/clearpath_ws/install/clearpath_motor_msgs/include/clearpath_motor_msgs/clearpath_motor_msgs/msg/detail/lynx_system_protection__builder.hpp
[3.732s] -- Up-to-date symlink: /home/robolab/clearpath_ws/install/clearpath_motor_msgs/include/clearpath_motor_msgs/clearpath_motor_msgs/msg/detail/lynx_system_protection__struct.hpp
[3.732s] -- Up-to-date symlink: /home/robolab/clearpath_ws/install/clearpath_motor_msgs/include/clearpath_motor_msgs/clearpath_motor_msgs/msg/detail/lynx_system_protection__traits.hpp
[3.732s] -- Up-to-date symlink: /home/robolab/clearpath_ws/install/clearpath_motor_msgs/include/clearpath_motor_msgs/clearpath_motor_msgs/msg/detail/lynx_system_protection__type_support.hpp
[3.733s] -- Up-to-date symlink: /home/robolab/clearpath_ws/install/clearpath_motor_msgs/include/clearpath_motor_msgs/clearpath_motor_msgs/msg/detail/puma_feedback__builder.hpp
[3.733s] -- Up-to-date symlink: /home/robolab/clearpath_ws/install/clearpath_motor_msgs/include/clearpath_motor_msgs/clearpath_motor_msgs/msg/detail/puma_feedback__struct.hpp
[3.733s] -- Up-to-date symlink: /home/robolab/clearpath_ws/install/clearpath_motor_msgs/include/clearpath_motor_msgs/clearpath_motor_msgs/msg/detail/puma_feedback__traits.hpp
[3.733s] -- Up-to-date symlink: /home/robolab/clearpath_ws/install/clearpath_motor_msgs/include/clearpath_motor_msgs/clearpath_motor_msgs/msg/detail/puma_feedback__type_support.hpp
[3.733s] -- Up-to-date symlink: /home/robolab/clearpath_ws/install/clearpath_motor_msgs/include/clearpath_motor_msgs/clearpath_motor_msgs/msg/detail/puma_multi_feedback__builder.hpp
[3.733s] -- Up-to-date symlink: /home/robolab/clearpath_ws/install/clearpath_motor_msgs/include/clearpath_motor_msgs/clearpath_motor_msgs/msg/detail/puma_multi_feedback__struct.hpp
[3.733s] -- Up-to-date symlink: /home/robolab/clearpath_ws/install/clearpath_motor_msgs/include/clearpath_motor_msgs/clearpath_motor_msgs/msg/detail/puma_multi_feedback__traits.hpp
[3.733s] -- Up-to-date symlink: /home/robolab/clearpath_ws/install/clearpath_motor_msgs/include/clearpath_motor_msgs/clearpath_motor_msgs/msg/detail/puma_multi_feedback__type_support.hpp
[3.733s] -- Up-to-date symlink: /home/robolab/clearpath_ws/install/clearpath_motor_msgs/include/clearpath_motor_msgs/clearpath_motor_msgs/msg/detail/puma_multi_status__builder.hpp
[3.733s] -- Up-to-date symlink: /home/robolab/clearpath_ws/install/clearpath_motor_msgs/include/clearpath_motor_msgs/clearpath_motor_msgs/msg/detail/puma_multi_status__struct.hpp
[3.733s] -- Up-to-date symlink: /home/robolab/clearpath_ws/install/clearpath_motor_msgs/include/clearpath_motor_msgs/clearpath_motor_msgs/msg/detail/puma_multi_status__traits.hpp
[3.734s] -- Up-to-date symlink: /home/robolab/clearpath_ws/install/clearpath_motor_msgs/include/clearpath_motor_msgs/clearpath_motor_msgs/msg/detail/puma_multi_status__type_support.hpp
[3.735s] -- Up-to-date symlink: /home/robolab/clearpath_ws/install/clearpath_motor_msgs/include/clearpath_motor_msgs/clearpath_motor_msgs/msg/detail/puma_status__builder.hpp
[3.735s] -- Up-to-date symlink: /home/robolab/clearpath_ws/install/clearpath_motor_msgs/include/clearpath_motor_msgs/clearpath_motor_msgs/msg/detail/puma_status__struct.hpp
[3.736s] -- Up-to-date symlink: /home/robolab/clearpath_ws/install/clearpath_motor_msgs/include/clearpath_motor_msgs/clearpath_motor_msgs/msg/detail/puma_status__traits.hpp
[3.736s] -- Up-to-date symlink: /home/robolab/clearpath_ws/install/clearpath_motor_msgs/include/clearpath_motor_msgs/clearpath_motor_msgs/msg/detail/puma_status__type_support.hpp
[3.736s] -- Up-to-date symlink: /home/robolab/clearpath_ws/install/clearpath_motor_msgs/include/clearpath_motor_msgs/clearpath_motor_msgs/msg/lynx_debug.hpp
[3.736s] -- Up-to-date symlink: /home/robolab/clearpath_ws/install/clearpath_motor_msgs/include/clearpath_motor_msgs/clearpath_motor_msgs/msg/lynx_feedback.hpp
[3.737s] -- Up-to-date symlink: /home/robolab/clearpath_ws/install/clearpath_motor_msgs/include/clearpath_motor_msgs/clearpath_motor_msgs/msg/lynx_motor_protection.hpp
[3.737s] -- Up-to-date symlink: /home/robolab/clearpath_ws/install/clearpath_motor_msgs/include/clearpath_motor_msgs/clearpath_motor_msgs/msg/lynx_multi_debug.hpp
[3.737s] -- Up-to-date symlink: /home/robolab/clearpath_ws/install/clearpath_motor_msgs/include/clearpath_motor_msgs/clearpath_motor_msgs/msg/lynx_multi_feedback.hpp
[3.737s] -- Up-to-date symlink: /home/robolab/clearpath_ws/install/clearpath_motor_msgs/include/clearpath_motor_msgs/clearpath_motor_msgs/msg/lynx_multi_status.hpp
[3.738s] -- Up-to-date symlink: /home/robolab/clearpath_ws/install/clearpath_motor_msgs/include/clearpath_motor_msgs/clearpath_motor_msgs/msg/lynx_status.hpp
[3.738s] -- Up-to-date symlink: /home/robolab/clearpath_ws/install/clearpath_motor_msgs/include/clearpath_motor_msgs/clearpath_motor_msgs/msg/lynx_system_protection.hpp
[3.738s] -- Up-to-date symlink: /home/robolab/clearpath_ws/install/clearpath_motor_msgs/include/clearpath_motor_msgs/clearpath_motor_msgs/msg/puma_feedback.hpp
[3.738s] -- Up-to-date symlink: /home/robolab/clearpath_ws/install/clearpath_motor_msgs/include/clearpath_motor_msgs/clearpath_motor_msgs/msg/puma_multi_feedback.hpp
[3.738s] -- Up-to-date symlink: /home/robolab/clearpath_ws/install/clearpath_motor_msgs/include/clearpath_motor_msgs/clearpath_motor_msgs/msg/puma_multi_status.hpp
[3.738s] -- Up-to-date symlink: /home/robolab/clearpath_ws/install/clearpath_motor_msgs/include/clearpath_motor_msgs/clearpath_motor_msgs/msg/puma_status.hpp
[3.739s] -- Up-to-date symlink: /home/robolab/clearpath_ws/install/clearpath_motor_msgs/include/clearpath_motor_msgs/clearpath_motor_msgs/msg/rosidl_generator_cpp__visibility_control.hpp
[3.740s] -- Up-to-date symlink: /home/robolab/clearpath_ws/install/clearpath_motor_msgs/include/clearpath_motor_msgs/clearpath_motor_msgs/action/detail/lynx_calibrate__rosidl_typesupport_fastrtps_cpp.hpp
[3.740s] -- Up-to-date symlink: /home/robolab/clearpath_ws/install/clearpath_motor_msgs/include/clearpath_motor_msgs/clearpath_motor_msgs/action/detail/lynx_update__rosidl_typesupport_fastrtps_cpp.hpp
[3.741s] -- Up-to-date symlink: /home/robolab/clearpath_ws/install/clearpath_motor_msgs/include/clearpath_motor_msgs/clearpath_motor_msgs/msg/detail/lynx_debug__rosidl_typesupport_fastrtps_cpp.hpp
[3.742s] -- Up-to-date symlink: /home/robolab/clearpath_ws/install/clearpath_motor_msgs/include/clearpath_motor_msgs/clearpath_motor_msgs/msg/detail/lynx_feedback__rosidl_typesupport_fastrtps_cpp.hpp
[3.743s] -- Up-to-date symlink: /home/robolab/clearpath_ws/install/clearpath_motor_msgs/include/clearpath_motor_msgs/clearpath_motor_msgs/msg/detail/lynx_motor_protection__rosidl_typesupport_fastrtps_cpp.hpp
[3.743s] -- Up-to-date symlink: /home/robolab/clearpath_ws/install/clearpath_motor_msgs/include/clearpath_motor_msgs/clearpath_motor_msgs/msg/detail/lynx_multi_debug__rosidl_typesupport_fastrtps_cpp.hpp
[3.743s] -- Up-to-date symlink: /home/robolab/clearpath_ws/install/clearpath_motor_msgs/include/clearpath_motor_msgs/clearpath_motor_msgs/msg/detail/lynx_multi_feedback__rosidl_typesupport_fastrtps_cpp.hpp
[3.743s] -- Up-to-date symlink: /home/robolab/clearpath_ws/install/clearpath_motor_msgs/include/clearpath_motor_msgs/clearpath_motor_msgs/msg/detail/lynx_multi_status__rosidl_typesupport_fastrtps_cpp.hpp
[3.743s] -- Up-to-date symlink: /home/robolab/clearpath_ws/install/clearpath_motor_msgs/include/clearpath_motor_msgs/clearpath_motor_msgs/msg/detail/lynx_status__rosidl_typesupport_fastrtps_cpp.hpp
[3.743s] -- Up-to-date symlink: /home/robolab/clearpath_ws/install/clearpath_motor_msgs/include/clearpath_motor_msgs/clearpath_motor_msgs/msg/detail/lynx_system_protection__rosidl_typesupport_fastrtps_cpp.hpp
[3.743s] -- Up-to-date symlink: /home/robolab/clearpath_ws/install/clearpath_motor_msgs/include/clearpath_motor_msgs/clearpath_motor_msgs/msg/detail/puma_feedback__rosidl_typesupport_fastrtps_cpp.hpp
[3.743s] -- Up-to-date symlink: /home/robolab/clearpath_ws/install/clearpath_motor_msgs/include/clearpath_motor_msgs/clearpath_motor_msgs/msg/detail/puma_multi_feedback__rosidl_typesupport_fastrtps_cpp.hpp
[3.744s] -- Up-to-date symlink: /home/robolab/clearpath_ws/install/clearpath_motor_msgs/include/clearpath_motor_msgs/clearpath_motor_msgs/msg/detail/puma_multi_status__rosidl_typesupport_fastrtps_cpp.hpp
[3.744s] -- Up-to-date symlink: /home/robolab/clearpath_ws/install/clearpath_motor_msgs/include/clearpath_motor_msgs/clearpath_motor_msgs/msg/detail/puma_status__rosidl_typesupport_fastrtps_cpp.hpp
[3.744s] -- Up-to-date symlink: /home/robolab/clearpath_ws/install/clearpath_motor_msgs/include/clearpath_motor_msgs/clearpath_motor_msgs/msg/rosidl_typesupport_fastrtps_cpp__visibility_control.h
[3.744s] -- Up-to-date symlink: /home/robolab/clearpath_ws/install/clearpath_motor_msgs/include/clearpath_motor_msgs/clearpath_motor_msgs/action/detail/lynx_calibrate__rosidl_typesupport_introspection_c.h
[3.744s] -- Up-to-date symlink: /home/robolab/clearpath_ws/install/clearpath_motor_msgs/include/clearpath_motor_msgs/clearpath_motor_msgs/action/detail/lynx_update__rosidl_typesupport_introspection_c.h
[3.744s] -- Up-to-date symlink: /home/robolab/clearpath_ws/install/clearpath_motor_msgs/include/clearpath_motor_msgs/clearpath_motor_msgs/msg/detail/lynx_debug__rosidl_typesupport_introspection_c.h
[3.744s] -- Up-to-date symlink: /home/robolab/clearpath_ws/install/clearpath_motor_msgs/include/clearpath_motor_msgs/clearpath_motor_msgs/msg/detail/lynx_feedback__rosidl_typesupport_introspection_c.h
[3.744s] -- Up-to-date symlink: /home/robolab/clearpath_ws/install/clearpath_motor_msgs/include/clearpath_motor_msgs/clearpath_motor_msgs/msg/detail/lynx_motor_protection__rosidl_typesupport_introspection_c.h
[3.745s] -- Up-to-date symlink: /home/robolab/clearpath_ws/install/clearpath_motor_msgs/include/clearpath_motor_msgs/clearpath_motor_msgs/msg/detail/lynx_multi_debug__rosidl_typesupport_introspection_c.h
[3.745s] -- Up-to-date symlink: /home/robolab/clearpath_ws/install/clearpath_motor_msgs/include/clearpath_motor_msgs/clearpath_motor_msgs/msg/detail/lynx_multi_feedback__rosidl_typesupport_introspection_c.h
[3.747s] -- Up-to-date symlink: /home/robolab/clearpath_ws/install/clearpath_motor_msgs/include/clearpath_motor_msgs/clearpath_motor_msgs/msg/detail/lynx_multi_status__rosidl_typesupport_introspection_c.h
[3.747s] -- Up-to-date symlink: /home/robolab/clearpath_ws/install/clearpath_motor_msgs/include/clearpath_motor_msgs/clearpath_motor_msgs/msg/detail/lynx_status__rosidl_typesupport_introspection_c.h
[3.747s] -- Up-to-date symlink: /home/robolab/clearpath_ws/install/clearpath_motor_msgs/include/clearpath_motor_msgs/clearpath_motor_msgs/msg/detail/lynx_system_protection__rosidl_typesupport_introspection_c.h
[3.747s] -- Up-to-date symlink: /home/robolab/clearpath_ws/install/clearpath_motor_msgs/include/clearpath_motor_msgs/clearpath_motor_msgs/msg/detail/puma_feedback__rosidl_typesupport_introspection_c.h
[3.747s] -- Up-to-date symlink: /home/robolab/clearpath_ws/install/clearpath_motor_msgs/include/clearpath_motor_msgs/clearpath_motor_msgs/msg/detail/puma_multi_feedback__rosidl_typesupport_introspection_c.h
[3.747s] -- Up-to-date symlink: /home/robolab/clearpath_ws/install/clearpath_motor_msgs/include/clearpath_motor_msgs/clearpath_motor_msgs/msg/detail/puma_multi_status__rosidl_typesupport_introspection_c.h
[3.748s] -- Up-to-date symlink: /home/robolab/clearpath_ws/install/clearpath_motor_msgs/include/clearpath_motor_msgs/clearpath_motor_msgs/msg/detail/puma_status__rosidl_typesupport_introspection_c.h
[3.748s] -- Up-to-date symlink: /home/robolab/clearpath_ws/install/clearpath_motor_msgs/include/clearpath_motor_msgs/clearpath_motor_msgs/msg/rosidl_typesupport_introspection_c__visibility_control.h
[3.748s] -- Up-to-date symlink: /home/robolab/clearpath_ws/install/clearpath_motor_msgs/include/clearpath_motor_msgs/clearpath_motor_msgs/action/detail/lynx_calibrate__rosidl_typesupport_introspection_cpp.hpp
[3.748s] -- Up-to-date symlink: /home/robolab/clearpath_ws/install/clearpath_motor_msgs/include/clearpath_motor_msgs/clearpath_motor_msgs/action/detail/lynx_update__rosidl_typesupport_introspection_cpp.hpp
[3.748s] -- Up-to-date symlink: /home/robolab/clearpath_ws/install/clearpath_motor_msgs/include/clearpath_motor_msgs/clearpath_motor_msgs/msg/detail/lynx_debug__rosidl_typesupport_introspection_cpp.hpp
[3.748s] -- Up-to-date symlink: /home/robolab/clearpath_ws/install/clearpath_motor_msgs/include/clearpath_motor_msgs/clearpath_motor_msgs/msg/detail/lynx_feedback__rosidl_typesupport_introspection_cpp.hpp
[3.748s] -- Up-to-date symlink: /home/robolab/clearpath_ws/install/clearpath_motor_msgs/include/clearpath_motor_msgs/clearpath_motor_msgs/msg/detail/lynx_motor_protection__rosidl_typesupport_introspection_cpp.hpp
[3.748s] -- Up-to-date symlink: /home/robolab/clearpath_ws/install/clearpath_motor_msgs/include/clearpath_motor_msgs/clearpath_motor_msgs/msg/detail/lynx_multi_debug__rosidl_typesupport_introspection_cpp.hpp
[3.748s] -- Up-to-date symlink: /home/robolab/clearpath_ws/install/clearpath_motor_msgs/include/clearpath_motor_msgs/clearpath_motor_msgs/msg/detail/lynx_multi_feedback__rosidl_typesupport_introspection_cpp.hpp
[3.749s] -- Up-to-date symlink: /home/robolab/clearpath_ws/install/clearpath_motor_msgs/include/clearpath_motor_msgs/clearpath_motor_msgs/msg/detail/lynx_multi_status__rosidl_typesupport_introspection_cpp.hpp
[3.749s] -- Up-to-date symlink: /home/robolab/clearpath_ws/install/clearpath_motor_msgs/include/clearpath_motor_msgs/clearpath_motor_msgs/msg/detail/lynx_status__rosidl_typesupport_introspection_cpp.hpp
[3.749s] -- Up-to-date symlink: /home/robolab/clearpath_ws/install/clearpath_motor_msgs/include/clearpath_motor_msgs/clearpath_motor_msgs/msg/detail/lynx_system_protection__rosidl_typesupport_introspection_cpp.hpp
[3.749s] -- Up-to-date symlink: /home/robolab/clearpath_ws/install/clearpath_motor_msgs/include/clearpath_motor_msgs/clearpath_motor_msgs/msg/detail/puma_feedback__rosidl_typesupport_introspection_cpp.hpp
[3.749s] -- Up-to-date symlink: /home/robolab/clearpath_ws/install/clearpath_motor_msgs/include/clearpath_motor_msgs/clearpath_motor_msgs/msg/detail/puma_multi_feedback__rosidl_typesupport_introspection_cpp.hpp
[3.749s] -- Up-to-date symlink: /home/robolab/clearpath_ws/install/clearpath_motor_msgs/include/clearpath_motor_msgs/clearpath_motor_msgs/msg/detail/puma_multi_status__rosidl_typesupport_introspection_cpp.hpp
[3.750s] -- Up-to-date symlink: /home/robolab/clearpath_ws/install/clearpath_motor_msgs/include/clearpath_motor_msgs/clearpath_motor_msgs/msg/detail/puma_status__rosidl_typesupport_introspection_cpp.hpp
[3.750s] -- Up-to-date symlink: /home/robolab/clearpath_ws/install/clearpath_motor_msgs/share/clearpath_motor_msgs/environment/pythonpath.sh
[3.750s] -- Up-to-date symlink: /home/robolab/clearpath_ws/install/clearpath_motor_msgs/share/clearpath_motor_msgs/environment/pythonpath.dsv
[3.751s] -- Up-to-date symlink: /home/robolab/clearpath_ws/install/clearpath_motor_msgs/lib/python3.12/site-packages/clearpath_motor_msgs-2.7.0-py3.12.egg-info/PKG-INFO
[3.751s] -- Up-to-date symlink: /home/robolab/clearpath_ws/install/clearpath_motor_msgs/lib/python3.12/site-packages/clearpath_motor_msgs-2.7.0-py3.12.egg-info/SOURCES.txt
[3.751s] -- Up-to-date symlink: /home/robolab/clearpath_ws/install/clearpath_motor_msgs/lib/python3.12/site-packages/clearpath_motor_msgs-2.7.0-py3.12.egg-info/dependency_links.txt
[3.751s] -- Up-to-date symlink: /home/robolab/clearpath_ws/install/clearpath_motor_msgs/lib/python3.12/site-packages/clearpath_motor_msgs-2.7.0-py3.12.egg-info/top_level.txt
[3.752s] -- Up-to-date symlink: /home/robolab/clearpath_ws/install/clearpath_motor_msgs/lib/python3.12/site-packages/clearpath_motor_msgs/__init__.py
[3.752s] -- Up-to-date symlink: /home/robolab/clearpath_ws/install/clearpath_motor_msgs/lib/python3.12/site-packages/clearpath_motor_msgs/_clearpath_motor_msgs_s.ep.rosidl_typesupport_c.c
[3.753s] -- Up-to-date symlink: /home/robolab/clearpath_ws/install/clearpath_motor_msgs/lib/python3.12/site-packages/clearpath_motor_msgs/_clearpath_motor_msgs_s.ep.rosidl_typesupport_fastrtps_c.c
[3.753s] -- Up-to-date symlink: /home/robolab/clearpath_ws/install/clearpath_motor_msgs/lib/python3.12/site-packages/clearpath_motor_msgs/_clearpath_motor_msgs_s.ep.rosidl_typesupport_introspection_c.c
[3.753s] -- Up-to-date symlink: /home/robolab/clearpath_ws/install/clearpath_motor_msgs/lib/python3.12/site-packages/clearpath_motor_msgs/action/__init__.py
[3.753s] -- Up-to-date symlink: /home/robolab/clearpath_ws/install/clearpath_motor_msgs/lib/python3.12/site-packages/clearpath_motor_msgs/action/_lynx_calibrate.py
[3.753s] -- Up-to-date symlink: /home/robolab/clearpath_ws/install/clearpath_motor_msgs/lib/python3.12/site-packages/clearpath_motor_msgs/action/_lynx_calibrate_s.c
[3.754s] -- Up-to-date symlink: /home/robolab/clearpath_ws/install/clearpath_motor_msgs/lib/python3.12/site-packages/clearpath_motor_msgs/action/_lynx_update.py
[3.754s] -- Up-to-date symlink: /home/robolab/clearpath_ws/install/clearpath_motor_msgs/lib/python3.12/site-packages/clearpath_motor_msgs/action/_lynx_update_s.c
[3.754s] -- Up-to-date symlink: /home/robolab/clearpath_ws/install/clearpath_motor_msgs/lib/python3.12/site-packages/clearpath_motor_msgs/clearpath_motor_msgs_s__rosidl_typesupport_c.so
[3.754s] -- Up-to-date symlink: /home/robolab/clearpath_ws/install/clearpath_motor_msgs/lib/python3.12/site-packages/clearpath_motor_msgs/clearpath_motor_msgs_s__rosidl_typesupport_fastrtps_c.so
[3.754s] -- Up-to-date symlink: /home/robolab/clearpath_ws/install/clearpath_motor_msgs/lib/python3.12/site-packages/clearpath_motor_msgs/clearpath_motor_msgs_s__rosidl_typesupport_introspection_c.so
[3.754s] -- Up-to-date symlink: /home/robolab/clearpath_ws/install/clearpath_motor_msgs/lib/python3.12/site-packages/clearpath_motor_msgs/msg/__init__.py
[3.754s] -- Up-to-date symlink: /home/robolab/clearpath_ws/install/clearpath_motor_msgs/lib/python3.12/site-packages/clearpath_motor_msgs/msg/_lynx_debug.py
[3.754s] -- Up-to-date symlink: /home/robolab/clearpath_ws/install/clearpath_motor_msgs/lib/python3.12/site-packages/clearpath_motor_msgs/msg/_lynx_debug_s.c
[3.755s] -- Up-to-date symlink: /home/robolab/clearpath_ws/install/clearpath_motor_msgs/lib/python3.12/site-packages/clearpath_motor_msgs/msg/_lynx_feedback.py
[3.757s] -- Up-to-date symlink: /home/robolab/clearpath_ws/install/clearpath_motor_msgs/lib/python3.12/site-packages/clearpath_motor_msgs/msg/_lynx_feedback_s.c
[3.757s] -- Up-to-date symlink: /home/robolab/clearpath_ws/install/clearpath_motor_msgs/lib/python3.12/site-packages/clearpath_motor_msgs/msg/_lynx_motor_protection.py
[3.757s] -- Up-to-date symlink: /home/robolab/clearpath_ws/install/clearpath_motor_msgs/lib/python3.12/site-packages/clearpath_motor_msgs/msg/_lynx_motor_protection_s.c
[3.757s] -- Up-to-date symlink: /home/robolab/clearpath_ws/install/clearpath_motor_msgs/lib/python3.12/site-packages/clearpath_motor_msgs/msg/_lynx_multi_debug.py
[3.757s] -- Up-to-date symlink: /home/robolab/clearpath_ws/install/clearpath_motor_msgs/lib/python3.12/site-packages/clearpath_motor_msgs/msg/_lynx_multi_debug_s.c
[3.757s] -- Up-to-date symlink: /home/robolab/clearpath_ws/install/clearpath_motor_msgs/lib/python3.12/site-packages/clearpath_motor_msgs/msg/_lynx_multi_feedback.py
[3.757s] -- Up-to-date symlink: /home/robolab/clearpath_ws/install/clearpath_motor_msgs/lib/python3.12/site-packages/clearpath_motor_msgs/msg/_lynx_multi_feedback_s.c
[3.757s] -- Up-to-date symlink: /home/robolab/clearpath_ws/install/clearpath_motor_msgs/lib/python3.12/site-packages/clearpath_motor_msgs/msg/_lynx_multi_status.py
[3.757s] -- Up-to-date symlink: /home/robolab/clearpath_ws/install/clearpath_motor_msgs/lib/python3.12/site-packages/clearpath_motor_msgs/msg/_lynx_multi_status_s.c
[3.758s] -- Up-to-date symlink: /home/robolab/clearpath_ws/install/clearpath_motor_msgs/lib/python3.12/site-packages/clearpath_motor_msgs/msg/_lynx_status.py
[3.758s] -- Up-to-date symlink: /home/robolab/clearpath_ws/install/clearpath_motor_msgs/lib/python3.12/site-packages/clearpath_motor_msgs/msg/_lynx_status_s.c
[3.758s] -- Up-to-date symlink: /home/robolab/clearpath_ws/install/clearpath_motor_msgs/lib/python3.12/site-packages/clearpath_motor_msgs/msg/_lynx_system_protection.py
[3.758s] -- Up-to-date symlink: /home/robolab/clearpath_ws/install/clearpath_motor_msgs/lib/python3.12/site-packages/clearpath_motor_msgs/msg/_lynx_system_protection_s.c
[3.758s] -- Up-to-date symlink: /home/robolab/clearpath_ws/install/clearpath_motor_msgs/lib/python3.12/site-packages/clearpath_motor_msgs/msg/_puma_feedback.py
[3.758s] -- Up-to-date symlink: /home/robolab/clearpath_ws/install/clearpath_motor_msgs/lib/python3.12/site-packages/clearpath_motor_msgs/msg/_puma_feedback_s.c
[3.758s] -- Up-to-date symlink: /home/robolab/clearpath_ws/install/clearpath_motor_msgs/lib/python3.12/site-packages/clearpath_motor_msgs/msg/_puma_multi_feedback.py
[3.758s] -- Up-to-date symlink: /home/robolab/clearpath_ws/install/clearpath_motor_msgs/lib/python3.12/site-packages/clearpath_motor_msgs/msg/_puma_multi_feedback_s.c
[3.758s] -- Up-to-date symlink: /home/robolab/clearpath_ws/install/clearpath_motor_msgs/lib/python3.12/site-packages/clearpath_motor_msgs/msg/_puma_multi_status.py
[3.758s] -- Up-to-date symlink: /home/robolab/clearpath_ws/install/clearpath_motor_msgs/lib/python3.12/site-packages/clearpath_motor_msgs/msg/_puma_multi_status_s.c
[3.758s] -- Up-to-date symlink: /home/robolab/clearpath_ws/install/clearpath_motor_msgs/lib/python3.12/site-packages/clearpath_motor_msgs/msg/_puma_status.py
[3.758s] -- Up-to-date symlink: /home/robolab/clearpath_ws/install/clearpath_motor_msgs/lib/python3.12/site-packages/clearpath_motor_msgs/msg/_puma_status_s.c
[3.759s] -- Up-to-date symlink: /home/robolab/clearpath_ws/install/clearpath_motor_msgs/lib/python3.12/site-packages/clearpath_motor_msgs/clearpath_motor_msgs_s__rosidl_typesupport_fastrtps_c.so
[3.759s] -- Up-to-date symlink: /home/robolab/clearpath_ws/install/clearpath_motor_msgs/lib/python3.12/site-packages/clearpath_motor_msgs/clearpath_motor_msgs_s__rosidl_typesupport_introspection_c.so
[3.759s] -- Up-to-date symlink: /home/robolab/clearpath_ws/install/clearpath_motor_msgs/lib/python3.12/site-packages/clearpath_motor_msgs/clearpath_motor_msgs_s__rosidl_typesupport_c.so
[3.759s] -- Up-to-date symlink: /home/robolab/clearpath_ws/install/clearpath_motor_msgs/share/clearpath_motor_msgs/action/LynxCalibrate.idl
[3.759s] -- Up-to-date symlink: /home/robolab/clearpath_ws/install/clearpath_motor_msgs/share/clearpath_motor_msgs/action/LynxUpdate.idl
[3.759s] -- Up-to-date symlink: /home/robolab/clearpath_ws/install/clearpath_motor_msgs/share/clearpath_motor_msgs/msg/LynxDebug.idl
[3.759s] -- Up-to-date symlink: /home/robolab/clearpath_ws/install/clearpath_motor_msgs/share/clearpath_motor_msgs/msg/LynxFeedback.idl
[3.760s] -- Up-to-date symlink: /home/robolab/clearpath_ws/install/clearpath_motor_msgs/share/clearpath_motor_msgs/msg/LynxMotorProtection.idl
[3.760s] -- Up-to-date symlink: /home/robolab/clearpath_ws/install/clearpath_motor_msgs/share/clearpath_motor_msgs/msg/LynxMultiDebug.idl
[3.760s] -- Up-to-date symlink: /home/robolab/clearpath_ws/install/clearpath_motor_msgs/share/clearpath_motor_msgs/msg/LynxMultiFeedback.idl
[3.760s] -- Up-to-date symlink: /home/robolab/clearpath_ws/install/clearpath_motor_msgs/share/clearpath_motor_msgs/msg/LynxMultiStatus.idl
[3.760s] -- Up-to-date symlink: /home/robolab/clearpath_ws/install/clearpath_motor_msgs/share/clearpath_motor_msgs/msg/LynxStatus.idl
[3.760s] -- Up-to-date symlink: /home/robolab/clearpath_ws/install/clearpath_motor_msgs/share/clearpath_motor_msgs/msg/LynxSystemProtection.idl
[3.760s] -- Up-to-date symlink: /home/robolab/clearpath_ws/install/clearpath_motor_msgs/share/clearpath_motor_msgs/msg/PumaFeedback.idl
[3.760s] -- Up-to-date symlink: /home/robolab/clearpath_ws/install/clearpath_motor_msgs/share/clearpath_motor_msgs/msg/PumaStatus.idl
[3.760s] -- Up-to-date symlink: /home/robolab/clearpath_ws/install/clearpath_motor_msgs/share/clearpath_motor_msgs/msg/PumaMultiFeedback.idl
[3.760s] -- Up-to-date symlink: /home/robolab/clearpath_ws/install/clearpath_motor_msgs/share/clearpath_motor_msgs/msg/PumaMultiStatus.idl
[3.760s] -- Up-to-date symlink: /home/robolab/clearpath_ws/install/clearpath_motor_msgs/share/clearpath_motor_msgs/action/LynxCalibrate.action
[3.760s] -- Up-to-date symlink: /home/robolab/clearpath_ws/install/clearpath_motor_msgs/share/clearpath_motor_msgs/action/LynxUpdate.action
[3.760s] -- Up-to-date symlink: /home/robolab/clearpath_ws/install/clearpath_motor_msgs/share/clearpath_motor_msgs/msg/LynxDebug.msg
[3.761s] -- Up-to-date symlink: /home/robolab/clearpath_ws/install/clearpath_motor_msgs/share/clearpath_motor_msgs/msg/LynxFeedback.msg
[3.761s] -- Up-to-date symlink: /home/robolab/clearpath_ws/install/clearpath_motor_msgs/share/clearpath_motor_msgs/msg/LynxMotorProtection.msg
[3.761s] -- Up-to-date symlink: /home/robolab/clearpath_ws/install/clearpath_motor_msgs/share/clearpath_motor_msgs/msg/LynxMultiDebug.msg
[3.761s] -- Up-to-date symlink: /home/robolab/clearpath_ws/install/clearpath_motor_msgs/share/clearpath_motor_msgs/msg/LynxMultiFeedback.msg
[3.761s] -- Up-to-date symlink: /home/robolab/clearpath_ws/install/clearpath_motor_msgs/share/clearpath_motor_msgs/msg/LynxMultiStatus.msg
[3.761s] -- Up-to-date symlink: /home/robolab/clearpath_ws/install/clearpath_motor_msgs/share/clearpath_motor_msgs/msg/LynxStatus.msg
[3.761s] -- Up-to-date symlink: /home/robolab/clearpath_ws/install/clearpath_motor_msgs/share/clearpath_motor_msgs/msg/LynxSystemProtection.msg
[3.761s] -- Up-to-date symlink: /home/robolab/clearpath_ws/install/clearpath_motor_msgs/share/clearpath_motor_msgs/msg/PumaFeedback.msg
[3.761s] -- Up-to-date symlink: /home/robolab/clearpath_ws/install/clearpath_motor_msgs/share/clearpath_motor_msgs/msg/PumaStatus.msg
[3.761s] -- Up-to-date symlink: /home/robolab/clearpath_ws/install/clearpath_motor_msgs/share/clearpath_motor_msgs/msg/PumaMultiFeedback.msg
[3.761s] -- Up-to-date symlink: /home/robolab/clearpath_ws/install/clearpath_motor_msgs/share/clearpath_motor_msgs/msg/PumaMultiStatus.msg
[3.761s] -- Up-to-date symlink: /home/robolab/clearpath_ws/install/clearpath_motor_msgs/share/ament_index/resource_index/package_run_dependencies/clearpath_motor_msgs
[3.761s] -- Up-to-date symlink: /home/robolab/clearpath_ws/install/clearpath_motor_msgs/share/ament_index/resource_index/parent_prefix_path/clearpath_motor_msgs
[3.762s] -- Up-to-date symlink: /home/robolab/clearpath_ws/install/clearpath_motor_msgs/share/clearpath_motor_msgs/environment/ament_prefix_path.sh
[3.762s] -- Up-to-date symlink: /home/robolab/clearpath_ws/install/clearpath_motor_msgs/share/clearpath_motor_msgs/environment/ament_prefix_path.dsv
[3.763s] -- Up-to-date symlink: /home/robolab/clearpath_ws/install/clearpath_motor_msgs/share/clearpath_motor_msgs/environment/path.sh
[3.763s] -- Up-to-date symlink: /home/robolab/clearpath_ws/install/clearpath_motor_msgs/share/clearpath_motor_msgs/environment/path.dsv
[3.763s] -- Up-to-date symlink: /home/robolab/clearpath_ws/install/clearpath_motor_msgs/share/clearpath_motor_msgs/local_setup.bash
[3.763s] -- Up-to-date symlink: /home/robolab/clearpath_ws/install/clearpath_motor_msgs/share/clearpath_motor_msgs/local_setup.sh
[3.763s] -- Up-to-date symlink: /home/robolab/clearpath_ws/install/clearpath_motor_msgs/share/clearpath_motor_msgs/local_setup.zsh
[3.764s] -- Up-to-date symlink: /home/robolab/clearpath_ws/install/clearpath_motor_msgs/share/clearpath_motor_msgs/local_setup.dsv
[3.764s] -- Symlinking: /home/robolab/clearpath_ws/install/clearpath_motor_msgs/share/clearpath_motor_msgs/package.dsv
[3.772s] -- Up-to-date symlink: /home/robolab/clearpath_ws/install/clearpath_motor_msgs/share/ament_index/resource_index/packages/clearpath_motor_msgs
[3.772s] -- Up-to-date symlink: /home/robolab/clearpath_ws/install/clearpath_motor_msgs/share/clearpath_motor_msgs/cmake/rosidl_cmake-extras.cmake
[3.772s] -- Up-to-date symlink: /home/robolab/clearpath_ws/install/clearpath_motor_msgs/share/clearpath_motor_msgs/cmake/ament_cmake_export_dependencies-extras.cmake
[3.773s] -- Up-to-date symlink: /home/robolab/clearpath_ws/install/clearpath_motor_msgs/share/clearpath_motor_msgs/cmake/ament_cmake_export_include_directories-extras.cmake
[3.773s] -- Up-to-date symlink: /home/robolab/clearpath_ws/install/clearpath_motor_msgs/share/clearpath_motor_msgs/cmake/ament_cmake_export_libraries-extras.cmake
[3.773s] -- Up-to-date symlink: /home/robolab/clearpath_ws/install/clearpath_motor_msgs/share/clearpath_motor_msgs/cmake/ament_cmake_export_targets-extras.cmake
[3.773s] -- Up-to-date symlink: /home/robolab/clearpath_ws/install/clearpath_motor_msgs/share/clearpath_motor_msgs/cmake/rosidl_cmake_export_typesupport_targets-extras.cmake
[3.774s] -- Up-to-date symlink: /home/robolab/clearpath_ws/install/clearpath_motor_msgs/share/clearpath_motor_msgs/cmake/rosidl_cmake_export_typesupport_libraries-extras.cmake
[3.774s] -- Up-to-date symlink: /home/robolab/clearpath_ws/install/clearpath_motor_msgs/share/clearpath_motor_msgs/cmake/clearpath_motor_msgsConfig.cmake
[3.774s] -- Up-to-date symlink: /home/robolab/clearpath_ws/install/clearpath_motor_msgs/share/clearpath_motor_msgs/cmake/clearpath_motor_msgsConfig-version.cmake
[3.774s] -- Up-to-date symlink: /home/robolab/clearpath_ws/install/clearpath_motor_msgs/share/clearpath_motor_msgs/package.xml
[3.775s] -- Up-to-date: /home/robolab/clearpath_ws/install/clearpath_motor_msgs/lib/libclearpath_motor_msgs__rosidl_generator_c.so
[3.778s] -- Up-to-date: /home/robolab/clearpath_ws/install/clearpath_motor_msgs/lib/libclearpath_motor_msgs__rosidl_typesupport_fastrtps_c.so
[3.778s] -- Up-to-date: /home/robolab/clearpath_ws/install/clearpath_motor_msgs/lib/libclearpath_motor_msgs__rosidl_typesupport_fastrtps_cpp.so
[3.779s] -- Up-to-date: /home/robolab/clearpath_ws/install/clearpath_motor_msgs/lib/libclearpath_motor_msgs__rosidl_typesupport_introspection_c.so
[3.779s] -- Up-to-date: /home/robolab/clearpath_ws/install/clearpath_motor_msgs/lib/libclearpath_motor_msgs__rosidl_typesupport_c.so
[3.780s] -- Up-to-date: /home/robolab/clearpath_ws/install/clearpath_motor_msgs/lib/libclearpath_motor_msgs__rosidl_typesupport_introspection_cpp.so
[3.780s] -- Up-to-date: /home/robolab/clearpath_ws/install/clearpath_motor_msgs/lib/libclearpath_motor_msgs__rosidl_typesupport_cpp.so
[3.836s] Listing '/home/robolab/clearpath_ws/install/clearpath_motor_msgs/lib/python3.12/site-packages/clearpath_motor_msgs'...
[3.837s] Compiling '/home/robolab/clearpath_ws/install/clearpath_motor_msgs/lib/python3.12/site-packages/clearpath_motor_msgs/__init__.py'...
[3.837s] Listing '/home/robolab/clearpath_ws/install/clearpath_motor_msgs/lib/python3.12/site-packages/clearpath_motor_msgs/action'...
[3.837s] Listing '/home/robolab/clearpath_ws/install/clearpath_motor_msgs/lib/python3.12/site-packages/clearpath_motor_msgs/msg'...
[3.848s] -- Up-to-date: /home/robolab/clearpath_ws/install/clearpath_motor_msgs/lib/libclearpath_motor_msgs__rosidl_generator_py.so
[3.849s] -- Up-to-date: /home/robolab/clearpath_ws/install/clearpath_motor_msgs/share/clearpath_motor_msgs/cmake/export_clearpath_motor_msgs__rosidl_generator_cExport.cmake
[3.849s] -- Up-to-date: /home/robolab/clearpath_ws/install/clearpath_motor_msgs/share/clearpath_motor_msgs/cmake/export_clearpath_motor_msgs__rosidl_generator_cExport-noconfig.cmake
[3.850s] -- Up-to-date: /home/robolab/clearpath_ws/install/clearpath_motor_msgs/share/clearpath_motor_msgs/cmake/export_clearpath_motor_msgs__rosidl_typesupport_fastrtps_cExport.cmake
[3.850s] -- Up-to-date: /home/robolab/clearpath_ws/install/clearpath_motor_msgs/share/clearpath_motor_msgs/cmake/export_clearpath_motor_msgs__rosidl_typesupport_fastrtps_cExport-noconfig.cmake
[3.850s] -- Up-to-date: /home/robolab/clearpath_ws/install/clearpath_motor_msgs/share/clearpath_motor_msgs/cmake/export_clearpath_motor_msgs__rosidl_generator_cppExport.cmake
[3.851s] -- Up-to-date: /home/robolab/clearpath_ws/install/clearpath_motor_msgs/share/clearpath_motor_msgs/cmake/export_clearpath_motor_msgs__rosidl_typesupport_fastrtps_cppExport.cmake
[3.851s] -- Up-to-date: /home/robolab/clearpath_ws/install/clearpath_motor_msgs/share/clearpath_motor_msgs/cmake/export_clearpath_motor_msgs__rosidl_typesupport_fastrtps_cppExport-noconfig.cmake
[3.851s] -- Up-to-date: /home/robolab/clearpath_ws/install/clearpath_motor_msgs/share/clearpath_motor_msgs/cmake/clearpath_motor_msgs__rosidl_typesupport_introspection_cExport.cmake
[3.851s] -- Up-to-date: /home/robolab/clearpath_ws/install/clearpath_motor_msgs/share/clearpath_motor_msgs/cmake/clearpath_motor_msgs__rosidl_typesupport_introspection_cExport-noconfig.cmake
[3.851s] -- Up-to-date: /home/robolab/clearpath_ws/install/clearpath_motor_msgs/share/clearpath_motor_msgs/cmake/clearpath_motor_msgs__rosidl_typesupport_cExport.cmake
[3.852s] -- Up-to-date: /home/robolab/clearpath_ws/install/clearpath_motor_msgs/share/clearpath_motor_msgs/cmake/clearpath_motor_msgs__rosidl_typesupport_cExport-noconfig.cmake
[3.852s] -- Up-to-date: /home/robolab/clearpath_ws/install/clearpath_motor_msgs/share/clearpath_motor_msgs/cmake/clearpath_motor_msgs__rosidl_typesupport_introspection_cppExport.cmake
[3.852s] -- Up-to-date: /home/robolab/clearpath_ws/install/clearpath_motor_msgs/share/clearpath_motor_msgs/cmake/clearpath_motor_msgs__rosidl_typesupport_introspection_cppExport-noconfig.cmake
[3.852s] -- Up-to-date: /home/robolab/clearpath_ws/install/clearpath_motor_msgs/share/clearpath_motor_msgs/cmake/clearpath_motor_msgs__rosidl_typesupport_cppExport.cmake
[3.852s] -- Up-to-date: /home/robolab/clearpath_ws/install/clearpath_motor_msgs/share/clearpath_motor_msgs/cmake/clearpath_motor_msgs__rosidl_typesupport_cppExport-noconfig.cmake
[3.852s] -- Up-to-date: /home/robolab/clearpath_ws/install/clearpath_motor_msgs/share/clearpath_motor_msgs/cmake/export_clearpath_motor_msgs__rosidl_generator_pyExport.cmake
[3.852s] -- Up-to-date: /home/robolab/clearpath_ws/install/clearpath_motor_msgs/share/clearpath_motor_msgs/cmake/export_clearpath_motor_msgs__rosidl_generator_pyExport-noconfig.cmake
[3.854s] Invoked command in '/home/robolab/clearpath_ws/build/clearpath_motor_msgs' returned '0': CMAKE_PREFIX_PATH=${CMAKE_PREFIX_PATH}:/opt/ros/jazzy DEBUGINFOD_URLS=https://debuginfod.ubuntu.com /usr/bin/cmake --install /home/robolab/clearpath_ws/build/clearpath_motor_msgs
