[0.011s] Invoking command in '/home/robolab/clearpath_ws/build/clearpath_diagnostics': AMENT_PREFIX_PATH=/home/robolab/clearpath_ws/install/clearpath_platform_msgs:${AMENT_PREFIX_PATH} CMAKE_PREFIX_PATH=/home/robolab/clearpath_ws/install/clearpath_platform_msgs:/opt/ros/jazzy/opt/gz_sim_vendor:/opt/ros/jazzy/opt/gz_sensors_vendor:/opt/ros/jazzy/opt/gz_physics_vendor:/opt/ros/jazzy/opt/gz_gui_vendor:/opt/ros/jazzy/opt/gz_transport_vendor:/opt/ros/jazzy/opt/gz_rendering_vendor:/opt/ros/jazzy/opt/gz_plugin_vendor:/opt/ros/jazzy/opt/gz_fuel_tools_vendor:/opt/ros/jazzy/opt/gz_msgs_vendor:/opt/ros/jazzy/opt/gz_common_vendor:/opt/ros/jazzy/opt/gz_ogre_next_vendor:/opt/ros/jazzy/opt/gz_dartsim_vendor:/opt/ros/jazzy/opt/sdformat_vendor:/opt/ros/jazzy/opt/gz_tools_vendor:/opt/ros/jazzy/opt/gz_math_vendor:/opt/ros/jazzy/opt/gz_utils_vendor:/opt/ros/jazzy/opt/gz_cmake_vendor:/opt/ros/jazzy DEBUGINFOD_URLS=https://debuginfod.ubuntu.com LD_LIBRARY_PATH=/home/robolab/clearpath_ws/install/clearpath_platform_msgs/lib:${LD_LIBRARY_PATH} PYTHONPATH=/home/robolab/clearpath_ws/install/clearpath_platform_msgs/lib/python3.12/site-packages:${PYTHONPATH} /usr/bin/cmake /home/robolab/clearpath_ws/src/clearpath_common/clearpath_diagnostics -DAMENT_CMAKE_SYMLINK_INSTALL=1 -DCMAKE_INSTALL_PREFIX=/home/robolab/clearpath_ws/install/clearpath_diagnostics
[0.077s] -- The C compiler identification is GNU 13.3.0
[0.142s] -- The CXX compiler identification is GNU 13.3.0
[0.159s] -- Detecting C compiler ABI info
[0.256s] -- Detecting C compiler ABI info - done
[0.266s] -- Check for working C compiler: /usr/bin/cc - skipped
[0.266s] -- Detecting C compile features
[0.267s] -- Detecting C compile features - done
[0.276s] -- Detecting CXX compiler ABI info
[0.379s] -- Detecting CXX compiler ABI info - done
[0.390s] -- Check for working CXX compiler: /usr/bin/c++ - skipped
[0.390s] -- Detecting CXX compile features
[0.391s] -- Detecting CXX compile features - done
[0.395s] -- Found ament_cmake: 2.5.5 (/opt/ros/jazzy/share/ament_cmake/cmake)
[0.563s] -- Found Python3: /usr/bin/python3 (found version "3.12.3") found components: Interpreter 
[0.643s] -- Override CMake install command with custom implementation using symlinks instead of copying resources
[0.704s] -- Found clearpath_platform_msgs: 2.7.0 (/home/robolab/clearpath_ws/install/clearpath_platform_msgs/share/clearpath_platform_msgs/cmake)
[0.770s] -- Found rosidl_generator_c: 4.6.7 (/opt/ros/jazzy/share/rosidl_generator_c/cmake)
[0.790s] -- Found rosidl_generator_cpp: 4.6.7 (/opt/ros/jazzy/share/rosidl_generator_cpp/cmake)
[0.814s] -- Using all available rosidl_typesupport_c: rosidl_typesupport_fastrtps_c;rosidl_typesupport_introspection_c
[0.842s] -- Using all available rosidl_typesupport_cpp: rosidl_typesupport_fastrtps_cpp;rosidl_typesupport_introspection_cpp
[0.932s] -- Found diagnostic_updater: 4.2.6 (/opt/ros/jazzy/share/diagnostic_updater/cmake)
[1.038s] -- Found rmw_implementation_cmake: 7.3.3 (/opt/ros/jazzy/share/rmw_implementation_cmake/cmake)
[1.043s] -- Found rmw_fastrtps_cpp: 8.4.3 (/opt/ros/jazzy/share/rmw_fastrtps_cpp/cmake)
[1.146s] -- Found OpenSSL: /usr/lib/x86_64-linux-gnu/libcrypto.so (found version "3.0.13")  
[1.173s] -- Found FastRTPS: /opt/ros/jazzy/include (Required is at least version "2.13") 
[1.202s] -- Using RMW implementation 'rmw_fastrtps_cpp' as default
[1.311s] -- Found sensor_msgs: 5.3.6 (/opt/ros/jazzy/share/sensor_msgs/cmake)
[1.368s] -- Found ament_lint_auto: 0.17.4 (/opt/ros/jazzy/share/ament_lint_auto/cmake)
[1.499s] -- Added test 'cppcheck' to perform static code analysis on C / C++ code
[1.499s] -- Configured cppcheck include dirs: $<BUILD_INTERFACE:/home/robolab/clearpath_ws/src/clearpath_common/clearpath_diagnostics/include>
[1.499s] -- Configured cppcheck exclude dirs and/or files: 
[1.500s] -- Added test 'flake8' to check Python code syntax and style conventions
[1.500s] -- Configured 'flake8' exclude dirs and/or files: 
[1.501s] -- Added test 'lint_cmake' to check CMake code style
[1.502s] -- Added test 'pep257' to check Python code against some of the docstring style conventions in PEP 257
[1.504s] -- Added test 'uncrustify' to check C / C++ code style
[1.504s] -- Configured uncrustify additional arguments: 
[1.505s] -- Added test 'xmllint' to check XML markup files
[1.507s] -- Configuring done (1.5s)
[1.520s] -- Generating done (0.0s)
[1.526s] -- Build files have been written to: /home/robolab/clearpath_ws/build/clearpath_diagnostics
[1.539s] Invoked command in '/home/robolab/clearpath_ws/build/clearpath_diagnostics' returned '0': AMENT_PREFIX_PATH=/home/robolab/clearpath_ws/install/clearpath_platform_msgs:${AMENT_PREFIX_PATH} CMAKE_PREFIX_PATH=/home/robolab/clearpath_ws/install/clearpath_platform_msgs:/opt/ros/jazzy/opt/gz_sim_vendor:/opt/ros/jazzy/opt/gz_sensors_vendor:/opt/ros/jazzy/opt/gz_physics_vendor:/opt/ros/jazzy/opt/gz_gui_vendor:/opt/ros/jazzy/opt/gz_transport_vendor:/opt/ros/jazzy/opt/gz_rendering_vendor:/opt/ros/jazzy/opt/gz_plugin_vendor:/opt/ros/jazzy/opt/gz_fuel_tools_vendor:/opt/ros/jazzy/opt/gz_msgs_vendor:/opt/ros/jazzy/opt/gz_common_vendor:/opt/ros/jazzy/opt/gz_ogre_next_vendor:/opt/ros/jazzy/opt/gz_dartsim_vendor:/opt/ros/jazzy/opt/sdformat_vendor:/opt/ros/jazzy/opt/gz_tools_vendor:/opt/ros/jazzy/opt/gz_math_vendor:/opt/ros/jazzy/opt/gz_utils_vendor:/opt/ros/jazzy/opt/gz_cmake_vendor:/opt/ros/jazzy DEBUGINFOD_URLS=https://debuginfod.ubuntu.com LD_LIBRARY_PATH=/home/robolab/clearpath_ws/install/clearpath_platform_msgs/lib:${LD_LIBRARY_PATH} PYTHONPATH=/home/robolab/clearpath_ws/install/clearpath_platform_msgs/lib/python3.12/site-packages:${PYTHONPATH} /usr/bin/cmake /home/robolab/clearpath_ws/src/clearpath_common/clearpath_diagnostics -DAMENT_CMAKE_SYMLINK_INSTALL=1 -DCMAKE_INSTALL_PREFIX=/home/robolab/clearpath_ws/install/clearpath_diagnostics
[1.540s] Invoking command in '/home/robolab/clearpath_ws/build/clearpath_diagnostics': AMENT_PREFIX_PATH=/home/robolab/clearpath_ws/install/clearpath_platform_msgs:${AMENT_PREFIX_PATH} CMAKE_PREFIX_PATH=/home/robolab/clearpath_ws/install/clearpath_platform_msgs:/opt/ros/jazzy/opt/gz_sim_vendor:/opt/ros/jazzy/opt/gz_sensors_vendor:/opt/ros/jazzy/opt/gz_physics_vendor:/opt/ros/jazzy/opt/gz_gui_vendor:/opt/ros/jazzy/opt/gz_transport_vendor:/opt/ros/jazzy/opt/gz_rendering_vendor:/opt/ros/jazzy/opt/gz_plugin_vendor:/opt/ros/jazzy/opt/gz_fuel_tools_vendor:/opt/ros/jazzy/opt/gz_msgs_vendor:/opt/ros/jazzy/opt/gz_common_vendor:/opt/ros/jazzy/opt/gz_ogre_next_vendor:/opt/ros/jazzy/opt/gz_dartsim_vendor:/opt/ros/jazzy/opt/sdformat_vendor:/opt/ros/jazzy/opt/gz_tools_vendor:/opt/ros/jazzy/opt/gz_math_vendor:/opt/ros/jazzy/opt/gz_utils_vendor:/opt/ros/jazzy/opt/gz_cmake_vendor:/opt/ros/jazzy DEBUGINFOD_URLS=https://debuginfod.ubuntu.com LD_LIBRARY_PATH=/home/robolab/clearpath_ws/install/clearpath_platform_msgs/lib:${LD_LIBRARY_PATH} PYTHONPATH=/home/robolab/clearpath_ws/install/clearpath_platform_msgs/lib/python3.12/site-packages:${PYTHONPATH} /usr/bin/cmake --build /home/robolab/clearpath_ws/build/clearpath_diagnostics -- -j4 -l4
[1.595s] [ 50%] [32mBuilding CXX object CMakeFiles/clearpath_diagnostic_updater.dir/src/clearpath_diagnostic_updater.cpp.o[0m
[39.397s] [100%] [32m[1mLinking CXX executable clearpath_diagnostic_updater[0m
[41.353s] [100%] Built target clearpath_diagnostic_updater
[41.366s] Invoked command in '/home/robolab/clearpath_ws/build/clearpath_diagnostics' returned '0': AMENT_PREFIX_PATH=/home/robolab/clearpath_ws/install/clearpath_platform_msgs:${AMENT_PREFIX_PATH} CMAKE_PREFIX_PATH=/home/robolab/clearpath_ws/install/clearpath_platform_msgs:/opt/ros/jazzy/opt/gz_sim_vendor:/opt/ros/jazzy/opt/gz_sensors_vendor:/opt/ros/jazzy/opt/gz_physics_vendor:/opt/ros/jazzy/opt/gz_gui_vendor:/opt/ros/jazzy/opt/gz_transport_vendor:/opt/ros/jazzy/opt/gz_rendering_vendor:/opt/ros/jazzy/opt/gz_plugin_vendor:/opt/ros/jazzy/opt/gz_fuel_tools_vendor:/opt/ros/jazzy/opt/gz_msgs_vendor:/opt/ros/jazzy/opt/gz_common_vendor:/opt/ros/jazzy/opt/gz_ogre_next_vendor:/opt/ros/jazzy/opt/gz_dartsim_vendor:/opt/ros/jazzy/opt/sdformat_vendor:/opt/ros/jazzy/opt/gz_tools_vendor:/opt/ros/jazzy/opt/gz_math_vendor:/opt/ros/jazzy/opt/gz_utils_vendor:/opt/ros/jazzy/opt/gz_cmake_vendor:/opt/ros/jazzy DEBUGINFOD_URLS=https://debuginfod.ubuntu.com LD_LIBRARY_PATH=/home/robolab/clearpath_ws/install/clearpath_platform_msgs/lib:${LD_LIBRARY_PATH} PYTHONPATH=/home/robolab/clearpath_ws/install/clearpath_platform_msgs/lib/python3.12/site-packages:${PYTHONPATH} /usr/bin/cmake --build /home/robolab/clearpath_ws/build/clearpath_diagnostics -- -j4 -l4
[41.367s] Invoking command in '/home/robolab/clearpath_ws/build/clearpath_diagnostics': AMENT_PREFIX_PATH=/home/robolab/clearpath_ws/install/clearpath_platform_msgs:${AMENT_PREFIX_PATH} CMAKE_PREFIX_PATH=/home/robolab/clearpath_ws/install/clearpath_platform_msgs:/opt/ros/jazzy/opt/gz_sim_vendor:/opt/ros/jazzy/opt/gz_sensors_vendor:/opt/ros/jazzy/opt/gz_physics_vendor:/opt/ros/jazzy/opt/gz_gui_vendor:/opt/ros/jazzy/opt/gz_transport_vendor:/opt/ros/jazzy/opt/gz_rendering_vendor:/opt/ros/jazzy/opt/gz_plugin_vendor:/opt/ros/jazzy/opt/gz_fuel_tools_vendor:/opt/ros/jazzy/opt/gz_msgs_vendor:/opt/ros/jazzy/opt/gz_common_vendor:/opt/ros/jazzy/opt/gz_ogre_next_vendor:/opt/ros/jazzy/opt/gz_dartsim_vendor:/opt/ros/jazzy/opt/sdformat_vendor:/opt/ros/jazzy/opt/gz_tools_vendor:/opt/ros/jazzy/opt/gz_math_vendor:/opt/ros/jazzy/opt/gz_utils_vendor:/opt/ros/jazzy/opt/gz_cmake_vendor:/opt/ros/jazzy DEBUGINFOD_URLS=https://debuginfod.ubuntu.com LD_LIBRARY_PATH=/home/robolab/clearpath_ws/install/clearpath_platform_msgs/lib:${LD_LIBRARY_PATH} PYTHONPATH=/home/robolab/clearpath_ws/install/clearpath_platform_msgs/lib/python3.12/site-packages:${PYTHONPATH} /usr/bin/cmake --install /home/robolab/clearpath_ws/build/clearpath_diagnostics
[41.375s] -- Install configuration: ""
[41.376s] -- Execute custom install script
[41.376s] -- Symlinking: /home/robolab/clearpath_ws/install/clearpath_diagnostics/lib/clearpath_diagnostics/clearpath_diagnostic_updater
[41.386s] -- Symlinking: /home/robolab/clearpath_ws/install/clearpath_diagnostics/share/clearpath_diagnostics/config/diagnostic_aggregator.yaml
[41.396s] -- Symlinking: /home/robolab/clearpath_ws/install/clearpath_diagnostics/share/clearpath_diagnostics/config/diagnostic_updater.yaml
[41.405s] -- Symlinking: /home/robolab/clearpath_ws/install/clearpath_diagnostics/share/clearpath_diagnostics/config/foxglove_bridge.yaml
[41.415s] -- Symlinking: /home/robolab/clearpath_ws/install/clearpath_diagnostics/share/clearpath_diagnostics/launch/diagnostics.launch.py
[41.424s] -- Symlinking: /home/robolab/clearpath_ws/install/clearpath_diagnostics/share/clearpath_diagnostics/launch/foxglove_bridge.launch.py
[41.435s] -- Symlinking: /home/robolab/clearpath_ws/install/clearpath_diagnostics/share/ament_index/resource_index/package_run_dependencies/clearpath_diagnostics
[41.445s] -- Symlinking: /home/robolab/clearpath_ws/install/clearpath_diagnostics/share/ament_index/resource_index/parent_prefix_path/clearpath_diagnostics
[41.455s] -- Symlinking: /home/robolab/clearpath_ws/install/clearpath_diagnostics/share/clearpath_diagnostics/environment/ament_prefix_path.sh
[41.465s] -- Symlinking: /home/robolab/clearpath_ws/install/clearpath_diagnostics/share/clearpath_diagnostics/environment/ament_prefix_path.dsv
[41.474s] -- Symlinking: /home/robolab/clearpath_ws/install/clearpath_diagnostics/share/clearpath_diagnostics/environment/path.sh
[41.484s] -- Symlinking: /home/robolab/clearpath_ws/install/clearpath_diagnostics/share/clearpath_diagnostics/environment/path.dsv
[41.493s] -- Symlinking: /home/robolab/clearpath_ws/install/clearpath_diagnostics/share/clearpath_diagnostics/local_setup.bash
[41.503s] -- Symlinking: /home/robolab/clearpath_ws/install/clearpath_diagnostics/share/clearpath_diagnostics/local_setup.sh
[41.512s] -- Symlinking: /home/robolab/clearpath_ws/install/clearpath_diagnostics/share/clearpath_diagnostics/local_setup.zsh
[41.522s] -- Symlinking: /home/robolab/clearpath_ws/install/clearpath_diagnostics/share/clearpath_diagnostics/local_setup.dsv
[41.531s] -- Symlinking: /home/robolab/clearpath_ws/install/clearpath_diagnostics/share/clearpath_diagnostics/package.dsv
[41.543s] -- Symlinking: /home/robolab/clearpath_ws/install/clearpath_diagnostics/share/ament_index/resource_index/packages/clearpath_diagnostics
[41.554s] -- Symlinking: /home/robolab/clearpath_ws/install/clearpath_diagnostics/share/clearpath_diagnostics/cmake/clearpath_diagnosticsConfig.cmake
[41.564s] -- Symlinking: /home/robolab/clearpath_ws/install/clearpath_diagnostics/share/clearpath_diagnostics/cmake/clearpath_diagnosticsConfig-version.cmake
[41.574s] -- Symlinking: /home/robolab/clearpath_ws/install/clearpath_diagnostics/share/clearpath_diagnostics/package.xml
[41.585s] Invoked command in '/home/robolab/clearpath_ws/build/clearpath_diagnostics' returned '0': AMENT_PREFIX_PATH=/home/robolab/clearpath_ws/install/clearpath_platform_msgs:${AMENT_PREFIX_PATH} CMAKE_PREFIX_PATH=/home/robolab/clearpath_ws/install/clearpath_platform_msgs:/opt/ros/jazzy/opt/gz_sim_vendor:/opt/ros/jazzy/opt/gz_sensors_vendor:/opt/ros/jazzy/opt/gz_physics_vendor:/opt/ros/jazzy/opt/gz_gui_vendor:/opt/ros/jazzy/opt/gz_transport_vendor:/opt/ros/jazzy/opt/gz_rendering_vendor:/opt/ros/jazzy/opt/gz_plugin_vendor:/opt/ros/jazzy/opt/gz_fuel_tools_vendor:/opt/ros/jazzy/opt/gz_msgs_vendor:/opt/ros/jazzy/opt/gz_common_vendor:/opt/ros/jazzy/opt/gz_ogre_next_vendor:/opt/ros/jazzy/opt/gz_dartsim_vendor:/opt/ros/jazzy/opt/sdformat_vendor:/opt/ros/jazzy/opt/gz_tools_vendor:/opt/ros/jazzy/opt/gz_math_vendor:/opt/ros/jazzy/opt/gz_utils_vendor:/opt/ros/jazzy/opt/gz_cmake_vendor:/opt/ros/jazzy DEBUGINFOD_URLS=https://debuginfod.ubuntu.com LD_LIBRARY_PATH=/home/robolab/clearpath_ws/install/clearpath_platform_msgs/lib:${LD_LIBRARY_PATH} PYTHONPATH=/home/robolab/clearpath_ws/install/clearpath_platform_msgs/lib/python3.12/site-packages:${PYTHONPATH} /usr/bin/cmake --install /home/robolab/clearpath_ws/build/clearpath_diagnostics
