running egg_info
writing ../../../build/clearpath_bt_joy/clearpath_bt_joy.egg-info/PKG-INFO
writing dependency_links to ../../../build/clearpath_bt_joy/clearpath_bt_joy.egg-info/dependency_links.txt
writing entry points to ../../../build/clearpath_bt_joy/clearpath_bt_joy.egg-info/entry_points.txt
writing requirements to ../../../build/clearpath_bt_joy/clearpath_bt_joy.egg-info/requires.txt
writing top-level names to ../../../build/clearpath_bt_joy/clearpath_bt_joy.egg-info/top_level.txt
reading manifest file '../../../build/clearpath_bt_joy/clearpath_bt_joy.egg-info/SOURCES.txt'
adding license file 'LICENSE'
writing manifest file '../../../build/clearpath_bt_joy/clearpath_bt_joy.egg-info/SOURCES.txt'
running build
running build_py
running install
running install_lib
running install_data
running install_egg_info
removing '/home/robolab/clearpath_ws/install/clearpath_bt_joy/lib/python3.12/site-packages/clearpath_bt_joy-2.9.4-py3.12.egg-info' (and everything under it)
Copying ../../../build/clearpath_bt_joy/clearpath_bt_joy.egg-info to /home/robolab/clearpath_ws/install/clearpath_bt_joy/lib/python3.12/site-packages/clearpath_bt_joy-2.9.4-py3.12.egg-info
running install_scripts
Installing clearpath_bt_joy_cutoff_node script to /home/robolab/clearpath_ws/install/clearpath_bt_joy/lib/clearpath_bt_joy
writing list of installed files to '/home/robolab/clearpath_ws/build/clearpath_bt_joy/install.log'
