[2.007s] Invoking command in '/home/robolab/clearpath_ws/src/clearpath_config': DEBUGINFOD_URLS=https://debuginfod.ubuntu.com PYTHONPATH=/home/robolab/clearpath_ws/build/clearpath_config/prefix_override:/usr/lib/python3/dist-packages/colcon_core/task/python/colcon_distutils_commands:/home/robolab/clearpath_ws/install/clearpath_config/lib/python3.12/site-packages:${PYTHONPATH} /usr/bin/python3 -W ignore:setup.py install is deprecated -W ignore:easy_install command is deprecated setup.py egg_info --egg-base ../../build/clearpath_config build --build-base /home/robolab/clearpath_ws/build/clearpath_config/build install --record /home/robolab/clearpath_ws/build/clearpath_config/install.log --single-version-externally-managed install_data
[2.494s] running egg_info
[2.524s] writing ../../build/clearpath_config/clearpath_config.egg-info/PKG-INFO
[2.524s] writing dependency_links to ../../build/clearpath_config/clearpath_config.egg-info/dependency_links.txt
[2.524s] writing requirements to ../../build/clearpath_config/clearpath_config.egg-info/requires.txt
[2.525s] writing top-level names to ../../build/clearpath_config/clearpath_config.egg-info/top_level.txt
[2.589s] reading manifest file '../../build/clearpath_config/clearpath_config.egg-info/SOURCES.txt'
[2.590s] adding license file 'LICENSE'
[2.593s] writing manifest file '../../build/clearpath_config/clearpath_config.egg-info/SOURCES.txt'
[2.593s] running build
[2.593s] running build_py
[2.598s] running install
[2.605s] running install_lib
[2.639s] running install_data
[2.641s] running install_egg_info
[2.675s] removing '/home/robolab/clearpath_ws/install/clearpath_config/lib/python3.12/site-packages/clearpath_config-2.9.1-py3.12.egg-info' (and everything under it)
[2.676s] Copying ../../build/clearpath_config/clearpath_config.egg-info to /home/robolab/clearpath_ws/install/clearpath_config/lib/python3.12/site-packages/clearpath_config-2.9.1-py3.12.egg-info
[2.678s] running install_scripts
[2.878s] writing list of installed files to '/home/robolab/clearpath_ws/build/clearpath_config/install.log'
[2.929s] Invoked command in '/home/robolab/clearpath_ws/src/clearpath_config' returned '0': DEBUGINFOD_URLS=https://debuginfod.ubuntu.com PYTHONPATH=/home/robolab/clearpath_ws/build/clearpath_config/prefix_override:/usr/lib/python3/dist-packages/colcon_core/task/python/colcon_distutils_commands:/home/robolab/clearpath_ws/install/clearpath_config/lib/python3.12/site-packages:${PYTHONPATH} /usr/bin/python3 -W ignore:setup.py install is deprecated -W ignore:easy_install command is deprecated setup.py egg_info --egg-base ../../build/clearpath_config build --build-base /home/robolab/clearpath_ws/build/clearpath_config/build install --record /home/robolab/clearpath_ws/build/clearpath_config/install.log --single-version-externally-managed install_data
