[  0%] Built target clearpath_motor_msgs__rosidl_generator_type_description
[  0%] Built target ament_cmake_python_symlink_clearpath_motor_msgs
[  0%] Built target clearpath_motor_msgs__cpp
[ 27%] Built target clearpath_motor_msgs__rosidl_generator_c
[ 37%] Built target clearpath_motor_msgs__rosidl_typesupport_fastrtps_c
[ 46%] Built target clearpath_motor_msgs__rosidl_typesupport_fastrtps_cpp
[ 56%] Built target clearpath_motor_msgs__rosidl_typesupport_cpp
[ 66%] Built target clearpath_motor_msgs__rosidl_typesupport_introspection_c
[ 76%] Built target clearpath_motor_msgs__rosidl_typesupport_c
[ 86%] Built target clearpath_motor_msgs__rosidl_typesupport_introspection_cpp
[ 86%] Built target clearpath_motor_msgs
[ 87%] Built target clearpath_motor_msgs__py
[ 96%] Built target clearpath_motor_msgs__rosidl_generator_py
[ 98%] Built target clearpath_motor_msgs_s__rosidl_typesupport_introspection_c
[ 99%] Built target clearpath_motor_msgs_s__rosidl_typesupport_fastrtps_c
[100%] Built target clearpath_motor_msgs_s__rosidl_typesupport_c
running egg_info
writing clearpath_motor_msgs.egg-info/PKG-INFO
writing dependency_links to clearpath_motor_msgs.egg-info/dependency_links.txt
writing top-level names to clearpath_motor_msgs.egg-info/top_level.txt
reading manifest file 'clearpath_motor_msgs.egg-info/SOURCES.txt'
writing manifest file 'clearpath_motor_msgs.egg-info/SOURCES.txt'
[100%] Built target ament_cmake_python_build_clearpath_motor_msgs_egg
-- Install configuration: ""
-- Execute custom install script
-- Up-to-date symlink: /home/robolab/clearpath_ws/install/clearpath_motor_msgs/share/ament_index/resource_index/rosidl_interfaces/clearpath_motor_msgs
-- Up-to-date symlink: /home/robolab/clearpath_ws/install/clearpath_motor_msgs/share/clearpath_motor_msgs/action/LynxCalibrate.json
-- Up-to-date symlink: /home/robolab/clearpath_ws/install/clearpath_motor_msgs/share/clearpath_motor_msgs/action/LynxUpdate.json
-- Up-to-date symlink: /home/robolab/clearpath_ws/install/clearpath_motor_msgs/share/clearpath_motor_msgs/msg/LynxDebug.json
-- Up-to-date symlink: /home/robolab/clearpath_ws/install/clearpath_motor_msgs/share/clearpath_motor_msgs/msg/LynxFeedback.json
-- Up-to-date symlink: /home/robolab/clearpath_ws/install/clearpath_motor_msgs/share/clearpath_motor_msgs/msg/LynxMotorProtection.json
-- Up-to-date symlink: /home/robolab/clearpath_ws/install/clearpath_motor_msgs/share/clearpath_motor_msgs/msg/LynxMultiDebug.json
-- Up-to-date symlink: /home/robolab/clearpath_ws/install/clearpath_motor_msgs/share/clearpath_motor_msgs/msg/LynxMultiFeedback.json
-- Up-to-date symlink: /home/robolab/clearpath_ws/install/clearpath_motor_msgs/share/clearpath_motor_msgs/msg/LynxMultiStatus.json
-- Up-to-date symlink: /home/robolab/clearpath_ws/install/clearpath_motor_msgs/share/clearpath_motor_msgs/msg/LynxStatus.json
-- Up-to-date symlink: /home/robolab/clearpath_ws/install/clearpath_motor_msgs/share/clearpath_motor_msgs/msg/LynxSystemProtection.json
-- Up-to-date symlink: /home/robolab/clearpath_ws/install/clearpath_motor_msgs/share/clearpath_motor_msgs/msg/PumaFeedback.json
-- Up-to-date symlink: /home/robolab/clearpath_ws/install/clearpath_motor_msgs/share/clearpath_motor_msgs/msg/PumaStatus.json
-- Up-to-date symlink: /home/robolab/clearpath_ws/install/clearpath_motor_msgs/share/clearpath_motor_msgs/msg/PumaMultiFeedback.json
-- Up-to-date symlink: /home/robolab/clearpath_ws/install/clearpath_motor_msgs/share/clearpath_motor_msgs/msg/PumaMultiStatus.json
-- Up-to-date symlink: /home/robolab/clearpath_ws/install/clearpath_motor_msgs/include/clearpath_motor_msgs/clearpath_motor_msgs/action/detail/lynx_calibrate__functions.h
-- Up-to-date symlink: /home/robolab/clearpath_ws/install/clearpath_motor_msgs/include/clearpath_motor_msgs/clearpath_motor_msgs/action/detail/lynx_calibrate__struct.h
-- Up-to-date symlink: /home/robolab/clearpath_ws/install/clearpath_motor_msgs/include/clearpath_motor_msgs/clearpath_motor_msgs/action/detail/lynx_calibrate__type_support.h
-- Up-to-date symlink: /home/robolab/clearpath_ws/install/clearpath_motor_msgs/include/clearpath_motor_msgs/clearpath_motor_msgs/action/detail/lynx_update__functions.h
-- Up-to-date symlink: /home/robolab/clearpath_ws/install/clearpath_motor_msgs/include/clearpath_motor_msgs/clearpath_motor_msgs/action/detail/lynx_update__struct.h
-- Up-to-date symlink: /home/robolab/clearpath_ws/install/clearpath_motor_msgs/include/clearpath_motor_msgs/clearpath_motor_msgs/action/detail/lynx_update__type_support.h
-- Up-to-date symlink: /home/robolab/clearpath_ws/install/clearpath_motor_msgs/include/clearpath_motor_msgs/clearpath_motor_msgs/action/lynx_calibrate.h
-- Up-to-date symlink: /home/robolab/clearpath_ws/install/clearpath_motor_msgs/include/clearpath_motor_msgs/clearpath_motor_msgs/action/lynx_update.h
-- Up-to-date symlink: /home/robolab/clearpath_ws/install/clearpath_motor_msgs/include/clearpath_motor_msgs/clearpath_motor_msgs/msg/detail/lynx_debug__functions.h
-- Up-to-date symlink: /home/robolab/clearpath_ws/install/clearpath_motor_msgs/include/clearpath_motor_msgs/clearpath_motor_msgs/msg/detail/lynx_debug__struct.h
-- Up-to-date symlink: /home/robolab/clearpath_ws/install/clearpath_motor_msgs/include/clearpath_motor_msgs/clearpath_motor_msgs/msg/detail/lynx_debug__type_support.h
-- Up-to-date symlink: /home/robolab/clearpath_ws/install/clearpath_motor_msgs/include/clearpath_motor_msgs/clearpath_motor_msgs/msg/detail/lynx_feedback__functions.h
-- Up-to-date symlink: /home/robolab/clearpath_ws/install/clearpath_motor_msgs/include/clearpath_motor_msgs/clearpath_motor_msgs/msg/detail/lynx_feedback__struct.h
-- Up-to-date symlink: /home/robolab/clearpath_ws/install/clearpath_motor_msgs/include/clearpath_motor_msgs/clearpath_motor_msgs/msg/detail/lynx_feedback__type_support.h
-- Up-to-date symlink: /home/robolab/clearpath_ws/install/clearpath_motor_msgs/include/clearpath_motor_msgs/clearpath_motor_msgs/msg/detail/lynx_motor_protection__functions.h
-- Up-to-date symlink: /home/robolab/clearpath_ws/install/clearpath_motor_msgs/include/clearpath_motor_msgs/clearpath_motor_msgs/msg/detail/lynx_motor_protection__struct.h
-- Up-to-date symlink: /home/robolab/clearpath_ws/install/clearpath_motor_msgs/include/clearpath_motor_msgs/clearpath_motor_msgs/msg/detail/lynx_motor_protection__type_support.h
-- Up-to-date symlink: /home/robolab/clearpath_ws/install/clearpath_motor_msgs/include/clearpath_motor_msgs/clearpath_motor_msgs/msg/detail/lynx_multi_debug__functions.h
-- Up-to-date symlink: /home/robolab/clearpath_ws/install/clearpath_motor_msgs/include/clearpath_motor_msgs/clearpath_motor_msgs/msg/detail/lynx_multi_debug__struct.h
-- Up-to-date symlink: /home/robolab/clearpath_ws/install/clearpath_motor_msgs/include/clearpath_motor_msgs/clearpath_motor_msgs/msg/detail/lynx_multi_debug__type_support.h
-- Up-to-date symlink: /home/robolab/clearpath_ws/install/clearpath_motor_msgs/include/clearpath_motor_msgs/clearpath_motor_msgs/msg/detail/lynx_multi_feedback__functions.h
-- Up-to-date symlink: /home/robolab/clearpath_ws/install/clearpath_motor_msgs/include/clearpath_motor_msgs/clearpath_motor_msgs/msg/detail/lynx_multi_feedback__struct.h
-- Up-to-date symlink: /home/robolab/clearpath_ws/install/clearpath_motor_msgs/include/clearpath_motor_msgs/clearpath_motor_msgs/msg/detail/lynx_multi_feedback__type_support.h
-- Up-to-date symlink: /home/robolab/clearpath_ws/install/clearpath_motor_msgs/include/clearpath_motor_msgs/clearpath_motor_msgs/msg/detail/lynx_multi_status__functions.h
-- Up-to-date symlink: /home/robolab/clearpath_ws/install/clearpath_motor_msgs/include/clearpath_motor_msgs/clearpath_motor_msgs/msg/detail/lynx_multi_status__struct.h
-- Up-to-date symlink: /home/robolab/clearpath_ws/install/clearpath_motor_msgs/include/clearpath_motor_msgs/clearpath_motor_msgs/msg/detail/lynx_multi_status__type_support.h
-- Up-to-date symlink: /home/robolab/clearpath_ws/install/clearpath_motor_msgs/include/clearpath_motor_msgs/clearpath_motor_msgs/msg/detail/lynx_status__functions.h
-- Up-to-date symlink: /home/robolab/clearpath_ws/install/clearpath_motor_msgs/include/clearpath_motor_msgs/clearpath_motor_msgs/msg/detail/lynx_status__struct.h
-- Up-to-date symlink: /home/robolab/clearpath_ws/install/clearpath_motor_msgs/include/clearpath_motor_msgs/clearpath_motor_msgs/msg/detail/lynx_status__type_support.h
-- Up-to-date symlink: /home/robolab/clearpath_ws/install/clearpath_motor_msgs/include/clearpath_motor_msgs/clearpath_motor_msgs/msg/detail/lynx_system_protection__functions.h
-- Up-to-date symlink: /home/robolab/clearpath_ws/install/clearpath_motor_msgs/include/clearpath_motor_msgs/clearpath_motor_msgs/msg/detail/lynx_system_protection__struct.h
-- Up-to-date symlink: /home/robolab/clearpath_ws/install/clearpath_motor_msgs/include/clearpath_motor_msgs/clearpath_motor_msgs/msg/detail/lynx_system_protection__type_support.h
-- Up-to-date symlink: /home/robolab/clearpath_ws/install/clearpath_motor_msgs/include/clearpath_motor_msgs/clearpath_motor_msgs/msg/detail/puma_feedback__functions.h
-- Up-to-date symlink: /home/robolab/clearpath_ws/install/clearpath_motor_msgs/include/clearpath_motor_msgs/clearpath_motor_msgs/msg/detail/puma_feedback__struct.h
-- Up-to-date symlink: /home/robolab/clearpath_ws/install/clearpath_motor_msgs/include/clearpath_motor_msgs/clearpath_motor_msgs/msg/detail/puma_feedback__type_support.h
-- Up-to-date symlink: /home/robolab/clearpath_ws/install/clearpath_motor_msgs/include/clearpath_motor_msgs/clearpath_motor_msgs/msg/detail/puma_multi_feedback__functions.h
-- Up-to-date symlink: /home/robolab/clearpath_ws/install/clearpath_motor_msgs/include/clearpath_motor_msgs/clearpath_motor_msgs/msg/detail/puma_multi_feedback__struct.h
-- Up-to-date symlink: /home/robolab/clearpath_ws/install/clearpath_motor_msgs/include/clearpath_motor_msgs/clearpath_motor_msgs/msg/detail/puma_multi_feedback__type_support.h
-- Up-to-date symlink: /home/robolab/clearpath_ws/install/clearpath_motor_msgs/include/clearpath_motor_msgs/clearpath_motor_msgs/msg/detail/puma_multi_status__functions.h
-- Up-to-date symlink: /home/robolab/clearpath_ws/install/clearpath_motor_msgs/include/clearpath_motor_msgs/clearpath_motor_msgs/msg/detail/puma_multi_status__struct.h
-- Up-to-date symlink: /home/robolab/clearpath_ws/install/clearpath_motor_msgs/include/clearpath_motor_msgs/clearpath_motor_msgs/msg/detail/puma_multi_status__type_support.h
-- Up-to-date symlink: /home/robolab/clearpath_ws/install/clearpath_motor_msgs/include/clearpath_motor_msgs/clearpath_motor_msgs/msg/detail/puma_status__functions.h
-- Up-to-date symlink: /home/robolab/clearpath_ws/install/clearpath_motor_msgs/include/clearpath_motor_msgs/clearpath_motor_msgs/msg/detail/puma_status__struct.h
-- Up-to-date symlink: /home/robolab/clearpath_ws/install/clearpath_motor_msgs/include/clearpath_motor_msgs/clearpath_motor_msgs/msg/detail/puma_status__type_support.h
-- Up-to-date symlink: /home/robolab/clearpath_ws/install/clearpath_motor_msgs/include/clearpath_motor_msgs/clearpath_motor_msgs/msg/lynx_debug.h
-- Up-to-date symlink: /home/robolab/clearpath_ws/install/clearpath_motor_msgs/include/clearpath_motor_msgs/clearpath_motor_msgs/msg/lynx_feedback.h
-- Up-to-date symlink: /home/robolab/clearpath_ws/install/clearpath_motor_msgs/include/clearpath_motor_msgs/clearpath_motor_msgs/msg/lynx_motor_protection.h
-- Up-to-date symlink: /home/robolab/clearpath_ws/install/clearpath_motor_msgs/include/clearpath_motor_msgs/clearpath_motor_msgs/msg/lynx_multi_debug.h
-- Up-to-date symlink: /home/robolab/clearpath_ws/install/clearpath_motor_msgs/include/clearpath_motor_msgs/clearpath_motor_msgs/msg/lynx_multi_feedback.h
-- Up-to-date symlink: /home/robolab/clearpath_ws/install/clearpath_motor_msgs/include/clearpath_motor_msgs/clearpath_motor_msgs/msg/lynx_multi_status.h
-- Up-to-date symlink: /home/robolab/clearpath_ws/install/clearpath_motor_msgs/include/clearpath_motor_msgs/clearpath_motor_msgs/msg/lynx_status.h
-- Up-to-date symlink: /home/robolab/clearpath_ws/install/clearpath_motor_msgs/include/clearpath_motor_msgs/clearpath_motor_msgs/msg/lynx_system_protection.h
-- Up-to-date symlink: /home/robolab/clearpath_ws/install/clearpath_motor_msgs/include/clearpath_motor_msgs/clearpath_motor_msgs/msg/puma_feedback.h
-- Up-to-date symlink: /home/robolab/clearpath_ws/install/clearpath_motor_msgs/include/clearpath_motor_msgs/clearpath_motor_msgs/msg/puma_multi_feedback.h
-- Up-to-date symlink: /home/robolab/clearpath_ws/install/clearpath_motor_msgs/include/clearpath_motor_msgs/clearpath_motor_msgs/msg/puma_multi_status.h
-- Up-to-date symlink: /home/robolab/clearpath_ws/install/clearpath_motor_msgs/include/clearpath_motor_msgs/clearpath_motor_msgs/msg/puma_status.h
-- Up-to-date symlink: /home/robolab/clearpath_ws/install/clearpath_motor_msgs/include/clearpath_motor_msgs/clearpath_motor_msgs/msg/rosidl_generator_c__visibility_control.h
-- Up-to-date symlink: /home/robolab/clearpath_ws/install/clearpath_motor_msgs/share/clearpath_motor_msgs/environment/library_path.sh
-- Up-to-date symlink: /home/robolab/clearpath_ws/install/clearpath_motor_msgs/share/clearpath_motor_msgs/environment/library_path.dsv
-- Up-to-date symlink: /home/robolab/clearpath_ws/install/clearpath_motor_msgs/include/clearpath_motor_msgs/clearpath_motor_msgs/action/detail/lynx_calibrate__rosidl_typesupport_fastrtps_c.h
-- Up-to-date symlink: /home/robolab/clearpath_ws/install/clearpath_motor_msgs/include/clearpath_motor_msgs/clearpath_motor_msgs/action/detail/lynx_update__rosidl_typesupport_fastrtps_c.h
-- Up-to-date symlink: /home/robolab/clearpath_ws/install/clearpath_motor_msgs/include/clearpath_motor_msgs/clearpath_motor_msgs/msg/detail/lynx_debug__rosidl_typesupport_fastrtps_c.h
-- Up-to-date symlink: /home/robolab/clearpath_ws/install/clearpath_motor_msgs/include/clearpath_motor_msgs/clearpath_motor_msgs/msg/detail/lynx_feedback__rosidl_typesupport_fastrtps_c.h
-- Up-to-date symlink: /home/robolab/clearpath_ws/install/clearpath_motor_msgs/include/clearpath_motor_msgs/clearpath_motor_msgs/msg/detail/lynx_motor_protection__rosidl_typesupport_fastrtps_c.h
-- Up-to-date symlink: /home/robolab/clearpath_ws/install/clearpath_motor_msgs/include/clearpath_motor_msgs/clearpath_motor_msgs/msg/detail/lynx_multi_debug__rosidl_typesupport_fastrtps_c.h
-- Up-to-date symlink: /home/robolab/clearpath_ws/install/clearpath_motor_msgs/include/clearpath_motor_msgs/clearpath_motor_msgs/msg/detail/lynx_multi_feedback__rosidl_typesupport_fastrtps_c.h
-- Up-to-date symlink: /home/robolab/clearpath_ws/install/clearpath_motor_msgs/include/clearpath_motor_msgs/clearpath_motor_msgs/msg/detail/lynx_multi_status__rosidl_typesupport_fastrtps_c.h
-- Up-to-date symlink: /home/robolab/clearpath_ws/install/clearpath_motor_msgs/include/clearpath_motor_msgs/clearpath_motor_msgs/msg/detail/lynx_status__rosidl_typesupport_fastrtps_c.h
-- Up-to-date symlink: /home/robolab/clearpath_ws/install/clearpath_motor_msgs/include/clearpath_motor_msgs/clearpath_motor_msgs/msg/detail/lynx_system_protection__rosidl_typesupport_fastrtps_c.h
-- Up-to-date symlink: /home/robolab/clearpath_ws/install/clearpath_motor_msgs/include/clearpath_motor_msgs/clearpath_motor_msgs/msg/detail/puma_feedback__rosidl_typesupport_fastrtps_c.h
-- Up-to-date symlink: /home/robolab/clearpath_ws/install/clearpath_motor_msgs/include/clearpath_motor_msgs/clearpath_motor_msgs/msg/detail/puma_multi_feedback__rosidl_typesupport_fastrtps_c.h
-- Up-to-date symlink: /home/robolab/clearpath_ws/install/clearpath_motor_msgs/include/clearpath_motor_msgs/clearpath_motor_msgs/msg/detail/puma_multi_status__rosidl_typesupport_fastrtps_c.h
-- Up-to-date symlink: /home/robolab/clearpath_ws/install/clearpath_motor_msgs/include/clearpath_motor_msgs/clearpath_motor_msgs/msg/detail/puma_status__rosidl_typesupport_fastrtps_c.h
-- Up-to-date symlink: /home/robolab/clearpath_ws/install/clearpath_motor_msgs/include/clearpath_motor_msgs/clearpath_motor_msgs/msg/rosidl_typesupport_fastrtps_c__visibility_control.h
-- Up-to-date symlink: /home/robolab/clearpath_ws/install/clearpath_motor_msgs/include/clearpath_motor_msgs/clearpath_motor_msgs/action/detail/lynx_calibrate__builder.hpp
-- Up-to-date symlink: /home/robolab/clearpath_ws/install/clearpath_motor_msgs/include/clearpath_motor_msgs/clearpath_motor_msgs/action/detail/lynx_calibrate__struct.hpp
-- Up-to-date symlink: /home/robolab/clearpath_ws/install/clearpath_motor_msgs/include/clearpath_motor_msgs/clearpath_motor_msgs/action/detail/lynx_calibrate__traits.hpp
-- Up-to-date symlink: /home/robolab/clearpath_ws/install/clearpath_motor_msgs/include/clearpath_motor_msgs/clearpath_motor_msgs/action/detail/lynx_calibrate__type_support.hpp
-- Up-to-date symlink: /home/robolab/clearpath_ws/install/clearpath_motor_msgs/include/clearpath_motor_msgs/clearpath_motor_msgs/action/detail/lynx_update__builder.hpp
-- Up-to-date symlink: /home/robolab/clearpath_ws/install/clearpath_motor_msgs/include/clearpath_motor_msgs/clearpath_motor_msgs/action/detail/lynx_update__struct.hpp
-- Up-to-date symlink: /home/robolab/clearpath_ws/install/clearpath_motor_msgs/include/clearpath_motor_msgs/clearpath_motor_msgs/action/detail/lynx_update__traits.hpp
-- Up-to-date symlink: /home/robolab/clearpath_ws/install/clearpath_motor_msgs/include/clearpath_motor_msgs/clearpath_motor_msgs/action/detail/lynx_update__type_support.hpp
-- Up-to-date symlink: /home/robolab/clearpath_ws/install/clearpath_motor_msgs/include/clearpath_motor_msgs/clearpath_motor_msgs/action/lynx_calibrate.hpp
-- Up-to-date symlink: /home/robolab/clearpath_ws/install/clearpath_motor_msgs/include/clearpath_motor_msgs/clearpath_motor_msgs/action/lynx_update.hpp
-- Up-to-date symlink: /home/robolab/clearpath_ws/install/clearpath_motor_msgs/include/clearpath_motor_msgs/clearpath_motor_msgs/msg/detail/lynx_debug__builder.hpp
-- Up-to-date symlink: /home/robolab/clearpath_ws/install/clearpath_motor_msgs/include/clearpath_motor_msgs/clearpath_motor_msgs/msg/detail/lynx_debug__struct.hpp
-- Up-to-date symlink: /home/robolab/clearpath_ws/install/clearpath_motor_msgs/include/clearpath_motor_msgs/clearpath_motor_msgs/msg/detail/lynx_debug__traits.hpp
-- Up-to-date symlink: /home/robolab/clearpath_ws/install/clearpath_motor_msgs/include/clearpath_motor_msgs/clearpath_motor_msgs/msg/detail/lynx_debug__type_support.hpp
-- Up-to-date symlink: /home/robolab/clearpath_ws/install/clearpath_motor_msgs/include/clearpath_motor_msgs/clearpath_motor_msgs/msg/detail/lynx_feedback__builder.hpp
-- Up-to-date symlink: /home/robolab/clearpath_ws/install/clearpath_motor_msgs/include/clearpath_motor_msgs/clearpath_motor_msgs/msg/detail/lynx_feedback__struct.hpp
-- Up-to-date symlink: /home/robolab/clearpath_ws/install/clearpath_motor_msgs/include/clearpath_motor_msgs/clearpath_motor_msgs/msg/detail/lynx_feedback__traits.hpp
-- Up-to-date symlink: /home/robolab/clearpath_ws/install/clearpath_motor_msgs/include/clearpath_motor_msgs/clearpath_motor_msgs/msg/detail/lynx_feedback__type_support.hpp
-- Up-to-date symlink: /home/robolab/clearpath_ws/install/clearpath_motor_msgs/include/clearpath_motor_msgs/clearpath_motor_msgs/msg/detail/lynx_motor_protection__builder.hpp
-- Up-to-date symlink: /home/robolab/clearpath_ws/install/clearpath_motor_msgs/include/clearpath_motor_msgs/clearpath_motor_msgs/msg/detail/lynx_motor_protection__struct.hpp
-- Up-to-date symlink: /home/robolab/clearpath_ws/install/clearpath_motor_msgs/include/clearpath_motor_msgs/clearpath_motor_msgs/msg/detail/lynx_motor_protection__traits.hpp
-- Up-to-date symlink: /home/robolab/clearpath_ws/install/clearpath_motor_msgs/include/clearpath_motor_msgs/clearpath_motor_msgs/msg/detail/lynx_motor_protection__type_support.hpp
-- Up-to-date symlink: /home/robolab/clearpath_ws/install/clearpath_motor_msgs/include/clearpath_motor_msgs/clearpath_motor_msgs/msg/detail/lynx_multi_debug__builder.hpp
-- Up-to-date symlink: /home/robolab/clearpath_ws/install/clearpath_motor_msgs/include/clearpath_motor_msgs/clearpath_motor_msgs/msg/detail/lynx_multi_debug__struct.hpp
-- Up-to-date symlink: /home/robolab/clearpath_ws/install/clearpath_motor_msgs/include/clearpath_motor_msgs/clearpath_motor_msgs/msg/detail/lynx_multi_debug__traits.hpp
-- Up-to-date symlink: /home/robolab/clearpath_ws/install/clearpath_motor_msgs/include/clearpath_motor_msgs/clearpath_motor_msgs/msg/detail/lynx_multi_debug__type_support.hpp
-- Up-to-date symlink: /home/robolab/clearpath_ws/install/clearpath_motor_msgs/include/clearpath_motor_msgs/clearpath_motor_msgs/msg/detail/lynx_multi_feedback__builder.hpp
-- Up-to-date symlink: /home/robolab/clearpath_ws/install/clearpath_motor_msgs/include/clearpath_motor_msgs/clearpath_motor_msgs/msg/detail/lynx_multi_feedback__struct.hpp
-- Up-to-date symlink: /home/robolab/clearpath_ws/install/clearpath_motor_msgs/include/clearpath_motor_msgs/clearpath_motor_msgs/msg/detail/lynx_multi_feedback__traits.hpp
-- Up-to-date symlink: /home/robolab/clearpath_ws/install/clearpath_motor_msgs/include/clearpath_motor_msgs/clearpath_motor_msgs/msg/detail/lynx_multi_feedback__type_support.hpp
-- Up-to-date symlink: /home/robolab/clearpath_ws/install/clearpath_motor_msgs/include/clearpath_motor_msgs/clearpath_motor_msgs/msg/detail/lynx_multi_status__builder.hpp
-- Up-to-date symlink: /home/robolab/clearpath_ws/install/clearpath_motor_msgs/include/clearpath_motor_msgs/clearpath_motor_msgs/msg/detail/lynx_multi_status__struct.hpp
-- Up-to-date symlink: /home/robolab/clearpath_ws/install/clearpath_motor_msgs/include/clearpath_motor_msgs/clearpath_motor_msgs/msg/detail/lynx_multi_status__traits.hpp
-- Up-to-date symlink: /home/robolab/clearpath_ws/install/clearpath_motor_msgs/include/clearpath_motor_msgs/clearpath_motor_msgs/msg/detail/lynx_multi_status__type_support.hpp
-- Up-to-date symlink: /home/robolab/clearpath_ws/install/clearpath_motor_msgs/include/clearpath_motor_msgs/clearpath_motor_msgs/msg/detail/lynx_status__builder.hpp
-- Up-to-date symlink: /home/robolab/clearpath_ws/install/clearpath_motor_msgs/include/clearpath_motor_msgs/clearpath_motor_msgs/msg/detail/lynx_status__struct.hpp
-- Up-to-date symlink: /home/robolab/clearpath_ws/install/clearpath_motor_msgs/include/clearpath_motor_msgs/clearpath_motor_msgs/msg/detail/lynx_status__traits.hpp
-- Up-to-date symlink: /home/robolab/clearpath_ws/install/clearpath_motor_msgs/include/clearpath_motor_msgs/clearpath_motor_msgs/msg/detail/lynx_status__type_support.hpp
-- Up-to-date symlink: /home/robolab/clearpath_ws/install/clearpath_motor_msgs/include/clearpath_motor_msgs/clearpath_motor_msgs/msg/detail/lynx_system_protection__builder.hpp
-- Up-to-date symlink: /home/robolab/clearpath_ws/install/clearpath_motor_msgs/include/clearpath_motor_msgs/clearpath_motor_msgs/msg/detail/lynx_system_protection__struct.hpp
-- Up-to-date symlink: /home/robolab/clearpath_ws/install/clearpath_motor_msgs/include/clearpath_motor_msgs/clearpath_motor_msgs/msg/detail/lynx_system_protection__traits.hpp
-- Up-to-date symlink: /home/robolab/clearpath_ws/install/clearpath_motor_msgs/include/clearpath_motor_msgs/clearpath_motor_msgs/msg/detail/lynx_system_protection__type_support.hpp
-- Up-to-date symlink: /home/robolab/clearpath_ws/install/clearpath_motor_msgs/include/clearpath_motor_msgs/clearpath_motor_msgs/msg/detail/puma_feedback__builder.hpp
-- Up-to-date symlink: /home/robolab/clearpath_ws/install/clearpath_motor_msgs/include/clearpath_motor_msgs/clearpath_motor_msgs/msg/detail/puma_feedback__struct.hpp
-- Up-to-date symlink: /home/robolab/clearpath_ws/install/clearpath_motor_msgs/include/clearpath_motor_msgs/clearpath_motor_msgs/msg/detail/puma_feedback__traits.hpp
-- Up-to-date symlink: /home/robolab/clearpath_ws/install/clearpath_motor_msgs/include/clearpath_motor_msgs/clearpath_motor_msgs/msg/detail/puma_feedback__type_support.hpp
-- Up-to-date symlink: /home/robolab/clearpath_ws/install/clearpath_motor_msgs/include/clearpath_motor_msgs/clearpath_motor_msgs/msg/detail/puma_multi_feedback__builder.hpp
-- Up-to-date symlink: /home/robolab/clearpath_ws/install/clearpath_motor_msgs/include/clearpath_motor_msgs/clearpath_motor_msgs/msg/detail/puma_multi_feedback__struct.hpp
-- Up-to-date symlink: /home/robolab/clearpath_ws/install/clearpath_motor_msgs/include/clearpath_motor_msgs/clearpath_motor_msgs/msg/detail/puma_multi_feedback__traits.hpp
-- Up-to-date symlink: /home/robolab/clearpath_ws/install/clearpath_motor_msgs/include/clearpath_motor_msgs/clearpath_motor_msgs/msg/detail/puma_multi_feedback__type_support.hpp
-- Up-to-date symlink: /home/robolab/clearpath_ws/install/clearpath_motor_msgs/include/clearpath_motor_msgs/clearpath_motor_msgs/msg/detail/puma_multi_status__builder.hpp
-- Up-to-date symlink: /home/robolab/clearpath_ws/install/clearpath_motor_msgs/include/clearpath_motor_msgs/clearpath_motor_msgs/msg/detail/puma_multi_status__struct.hpp
-- Up-to-date symlink: /home/robolab/clearpath_ws/install/clearpath_motor_msgs/include/clearpath_motor_msgs/clearpath_motor_msgs/msg/detail/puma_multi_status__traits.hpp
-- Up-to-date symlink: /home/robolab/clearpath_ws/install/clearpath_motor_msgs/include/clearpath_motor_msgs/clearpath_motor_msgs/msg/detail/puma_multi_status__type_support.hpp
-- Up-to-date symlink: /home/robolab/clearpath_ws/install/clearpath_motor_msgs/include/clearpath_motor_msgs/clearpath_motor_msgs/msg/detail/puma_status__builder.hpp
-- Up-to-date symlink: /home/robolab/clearpath_ws/install/clearpath_motor_msgs/include/clearpath_motor_msgs/clearpath_motor_msgs/msg/detail/puma_status__struct.hpp
-- Up-to-date symlink: /home/robolab/clearpath_ws/install/clearpath_motor_msgs/include/clearpath_motor_msgs/clearpath_motor_msgs/msg/detail/puma_status__traits.hpp
-- Up-to-date symlink: /home/robolab/clearpath_ws/install/clearpath_motor_msgs/include/clearpath_motor_msgs/clearpath_motor_msgs/msg/detail/puma_status__type_support.hpp
-- Up-to-date symlink: /home/robolab/clearpath_ws/install/clearpath_motor_msgs/include/clearpath_motor_msgs/clearpath_motor_msgs/msg/lynx_debug.hpp
-- Up-to-date symlink: /home/robolab/clearpath_ws/install/clearpath_motor_msgs/include/clearpath_motor_msgs/clearpath_motor_msgs/msg/lynx_feedback.hpp
-- Up-to-date symlink: /home/robolab/clearpath_ws/install/clearpath_motor_msgs/include/clearpath_motor_msgs/clearpath_motor_msgs/msg/lynx_motor_protection.hpp
-- Up-to-date symlink: /home/robolab/clearpath_ws/install/clearpath_motor_msgs/include/clearpath_motor_msgs/clearpath_motor_msgs/msg/lynx_multi_debug.hpp
-- Up-to-date symlink: /home/robolab/clearpath_ws/install/clearpath_motor_msgs/include/clearpath_motor_msgs/clearpath_motor_msgs/msg/lynx_multi_feedback.hpp
-- Up-to-date symlink: /home/robolab/clearpath_ws/install/clearpath_motor_msgs/include/clearpath_motor_msgs/clearpath_motor_msgs/msg/lynx_multi_status.hpp
-- Up-to-date symlink: /home/robolab/clearpath_ws/install/clearpath_motor_msgs/include/clearpath_motor_msgs/clearpath_motor_msgs/msg/lynx_status.hpp
-- Up-to-date symlink: /home/robolab/clearpath_ws/install/clearpath_motor_msgs/include/clearpath_motor_msgs/clearpath_motor_msgs/msg/lynx_system_protection.hpp
-- Up-to-date symlink: /home/robolab/clearpath_ws/install/clearpath_motor_msgs/include/clearpath_motor_msgs/clearpath_motor_msgs/msg/puma_feedback.hpp
-- Up-to-date symlink: /home/robolab/clearpath_ws/install/clearpath_motor_msgs/include/clearpath_motor_msgs/clearpath_motor_msgs/msg/puma_multi_feedback.hpp
-- Up-to-date symlink: /home/robolab/clearpath_ws/install/clearpath_motor_msgs/include/clearpath_motor_msgs/clearpath_motor_msgs/msg/puma_multi_status.hpp
-- Up-to-date symlink: /home/robolab/clearpath_ws/install/clearpath_motor_msgs/include/clearpath_motor_msgs/clearpath_motor_msgs/msg/puma_status.hpp
-- Up-to-date symlink: /home/robolab/clearpath_ws/install/clearpath_motor_msgs/include/clearpath_motor_msgs/clearpath_motor_msgs/msg/rosidl_generator_cpp__visibility_control.hpp
-- Up-to-date symlink: /home/robolab/clearpath_ws/install/clearpath_motor_msgs/include/clearpath_motor_msgs/clearpath_motor_msgs/action/detail/lynx_calibrate__rosidl_typesupport_fastrtps_cpp.hpp
-- Up-to-date symlink: /home/robolab/clearpath_ws/install/clearpath_motor_msgs/include/clearpath_motor_msgs/clearpath_motor_msgs/action/detail/lynx_update__rosidl_typesupport_fastrtps_cpp.hpp
-- Up-to-date symlink: /home/robolab/clearpath_ws/install/clearpath_motor_msgs/include/clearpath_motor_msgs/clearpath_motor_msgs/msg/detail/lynx_debug__rosidl_typesupport_fastrtps_cpp.hpp
-- Up-to-date symlink: /home/robolab/clearpath_ws/install/clearpath_motor_msgs/include/clearpath_motor_msgs/clearpath_motor_msgs/msg/detail/lynx_feedback__rosidl_typesupport_fastrtps_cpp.hpp
-- Up-to-date symlink: /home/robolab/clearpath_ws/install/clearpath_motor_msgs/include/clearpath_motor_msgs/clearpath_motor_msgs/msg/detail/lynx_motor_protection__rosidl_typesupport_fastrtps_cpp.hpp
-- Up-to-date symlink: /home/robolab/clearpath_ws/install/clearpath_motor_msgs/include/clearpath_motor_msgs/clearpath_motor_msgs/msg/detail/lynx_multi_debug__rosidl_typesupport_fastrtps_cpp.hpp
-- Up-to-date symlink: /home/robolab/clearpath_ws/install/clearpath_motor_msgs/include/clearpath_motor_msgs/clearpath_motor_msgs/msg/detail/lynx_multi_feedback__rosidl_typesupport_fastrtps_cpp.hpp
-- Up-to-date symlink: /home/robolab/clearpath_ws/install/clearpath_motor_msgs/include/clearpath_motor_msgs/clearpath_motor_msgs/msg/detail/lynx_multi_status__rosidl_typesupport_fastrtps_cpp.hpp
-- Up-to-date symlink: /home/robolab/clearpath_ws/install/clearpath_motor_msgs/include/clearpath_motor_msgs/clearpath_motor_msgs/msg/detail/lynx_status__rosidl_typesupport_fastrtps_cpp.hpp
-- Up-to-date symlink: /home/robolab/clearpath_ws/install/clearpath_motor_msgs/include/clearpath_motor_msgs/clearpath_motor_msgs/msg/detail/lynx_system_protection__rosidl_typesupport_fastrtps_cpp.hpp
-- Up-to-date symlink: /home/robolab/clearpath_ws/install/clearpath_motor_msgs/include/clearpath_motor_msgs/clearpath_motor_msgs/msg/detail/puma_feedback__rosidl_typesupport_fastrtps_cpp.hpp
-- Up-to-date symlink: /home/robolab/clearpath_ws/install/clearpath_motor_msgs/include/clearpath_motor_msgs/clearpath_motor_msgs/msg/detail/puma_multi_feedback__rosidl_typesupport_fastrtps_cpp.hpp
-- Up-to-date symlink: /home/robolab/clearpath_ws/install/clearpath_motor_msgs/include/clearpath_motor_msgs/clearpath_motor_msgs/msg/detail/puma_multi_status__rosidl_typesupport_fastrtps_cpp.hpp
-- Up-to-date symlink: /home/robolab/clearpath_ws/install/clearpath_motor_msgs/include/clearpath_motor_msgs/clearpath_motor_msgs/msg/detail/puma_status__rosidl_typesupport_fastrtps_cpp.hpp
-- Up-to-date symlink: /home/robolab/clearpath_ws/install/clearpath_motor_msgs/include/clearpath_motor_msgs/clearpath_motor_msgs/msg/rosidl_typesupport_fastrtps_cpp__visibility_control.h
-- Up-to-date symlink: /home/robolab/clearpath_ws/install/clearpath_motor_msgs/include/clearpath_motor_msgs/clearpath_motor_msgs/action/detail/lynx_calibrate__rosidl_typesupport_introspection_c.h
-- Up-to-date symlink: /home/robolab/clearpath_ws/install/clearpath_motor_msgs/include/clearpath_motor_msgs/clearpath_motor_msgs/action/detail/lynx_update__rosidl_typesupport_introspection_c.h
-- Up-to-date symlink: /home/robolab/clearpath_ws/install/clearpath_motor_msgs/include/clearpath_motor_msgs/clearpath_motor_msgs/msg/detail/lynx_debug__rosidl_typesupport_introspection_c.h
-- Up-to-date symlink: /home/robolab/clearpath_ws/install/clearpath_motor_msgs/include/clearpath_motor_msgs/clearpath_motor_msgs/msg/detail/lynx_feedback__rosidl_typesupport_introspection_c.h
-- Up-to-date symlink: /home/robolab/clearpath_ws/install/clearpath_motor_msgs/include/clearpath_motor_msgs/clearpath_motor_msgs/msg/detail/lynx_motor_protection__rosidl_typesupport_introspection_c.h
-- Up-to-date symlink: /home/robolab/clearpath_ws/install/clearpath_motor_msgs/include/clearpath_motor_msgs/clearpath_motor_msgs/msg/detail/lynx_multi_debug__rosidl_typesupport_introspection_c.h
-- Up-to-date symlink: /home/robolab/clearpath_ws/install/clearpath_motor_msgs/include/clearpath_motor_msgs/clearpath_motor_msgs/msg/detail/lynx_multi_feedback__rosidl_typesupport_introspection_c.h
-- Up-to-date symlink: /home/robolab/clearpath_ws/install/clearpath_motor_msgs/include/clearpath_motor_msgs/clearpath_motor_msgs/msg/detail/lynx_multi_status__rosidl_typesupport_introspection_c.h
-- Up-to-date symlink: /home/robolab/clearpath_ws/install/clearpath_motor_msgs/include/clearpath_motor_msgs/clearpath_motor_msgs/msg/detail/lynx_status__rosidl_typesupport_introspection_c.h
-- Up-to-date symlink: /home/robolab/clearpath_ws/install/clearpath_motor_msgs/include/clearpath_motor_msgs/clearpath_motor_msgs/msg/detail/lynx_system_protection__rosidl_typesupport_introspection_c.h
-- Up-to-date symlink: /home/robolab/clearpath_ws/install/clearpath_motor_msgs/include/clearpath_motor_msgs/clearpath_motor_msgs/msg/detail/puma_feedback__rosidl_typesupport_introspection_c.h
-- Up-to-date symlink: /home/robolab/clearpath_ws/install/clearpath_motor_msgs/include/clearpath_motor_msgs/clearpath_motor_msgs/msg/detail/puma_multi_feedback__rosidl_typesupport_introspection_c.h
-- Up-to-date symlink: /home/robolab/clearpath_ws/install/clearpath_motor_msgs/include/clearpath_motor_msgs/clearpath_motor_msgs/msg/detail/puma_multi_status__rosidl_typesupport_introspection_c.h
-- Up-to-date symlink: /home/robolab/clearpath_ws/install/clearpath_motor_msgs/include/clearpath_motor_msgs/clearpath_motor_msgs/msg/detail/puma_status__rosidl_typesupport_introspection_c.h
-- Up-to-date symlink: /home/robolab/clearpath_ws/install/clearpath_motor_msgs/include/clearpath_motor_msgs/clearpath_motor_msgs/msg/rosidl_typesupport_introspection_c__visibility_control.h
-- Up-to-date symlink: /home/robolab/clearpath_ws/install/clearpath_motor_msgs/include/clearpath_motor_msgs/clearpath_motor_msgs/action/detail/lynx_calibrate__rosidl_typesupport_introspection_cpp.hpp
-- Up-to-date symlink: /home/robolab/clearpath_ws/install/clearpath_motor_msgs/include/clearpath_motor_msgs/clearpath_motor_msgs/action/detail/lynx_update__rosidl_typesupport_introspection_cpp.hpp
-- Up-to-date symlink: /home/robolab/clearpath_ws/install/clearpath_motor_msgs/include/clearpath_motor_msgs/clearpath_motor_msgs/msg/detail/lynx_debug__rosidl_typesupport_introspection_cpp.hpp
-- Up-to-date symlink: /home/robolab/clearpath_ws/install/clearpath_motor_msgs/include/clearpath_motor_msgs/clearpath_motor_msgs/msg/detail/lynx_feedback__rosidl_typesupport_introspection_cpp.hpp
-- Up-to-date symlink: /home/robolab/clearpath_ws/install/clearpath_motor_msgs/include/clearpath_motor_msgs/clearpath_motor_msgs/msg/detail/lynx_motor_protection__rosidl_typesupport_introspection_cpp.hpp
-- Up-to-date symlink: /home/robolab/clearpath_ws/install/clearpath_motor_msgs/include/clearpath_motor_msgs/clearpath_motor_msgs/msg/detail/lynx_multi_debug__rosidl_typesupport_introspection_cpp.hpp
-- Up-to-date symlink: /home/robolab/clearpath_ws/install/clearpath_motor_msgs/include/clearpath_motor_msgs/clearpath_motor_msgs/msg/detail/lynx_multi_feedback__rosidl_typesupport_introspection_cpp.hpp
-- Up-to-date symlink: /home/robolab/clearpath_ws/install/clearpath_motor_msgs/include/clearpath_motor_msgs/clearpath_motor_msgs/msg/detail/lynx_multi_status__rosidl_typesupport_introspection_cpp.hpp
-- Up-to-date symlink: /home/robolab/clearpath_ws/install/clearpath_motor_msgs/include/clearpath_motor_msgs/clearpath_motor_msgs/msg/detail/lynx_status__rosidl_typesupport_introspection_cpp.hpp
-- Up-to-date symlink: /home/robolab/clearpath_ws/install/clearpath_motor_msgs/include/clearpath_motor_msgs/clearpath_motor_msgs/msg/detail/lynx_system_protection__rosidl_typesupport_introspection_cpp.hpp
-- Up-to-date symlink: /home/robolab/clearpath_ws/install/clearpath_motor_msgs/include/clearpath_motor_msgs/clearpath_motor_msgs/msg/detail/puma_feedback__rosidl_typesupport_introspection_cpp.hpp
-- Up-to-date symlink: /home/robolab/clearpath_ws/install/clearpath_motor_msgs/include/clearpath_motor_msgs/clearpath_motor_msgs/msg/detail/puma_multi_feedback__rosidl_typesupport_introspection_cpp.hpp
-- Up-to-date symlink: /home/robolab/clearpath_ws/install/clearpath_motor_msgs/include/clearpath_motor_msgs/clearpath_motor_msgs/msg/detail/puma_multi_status__rosidl_typesupport_introspection_cpp.hpp
-- Up-to-date symlink: /home/robolab/clearpath_ws/install/clearpath_motor_msgs/include/clearpath_motor_msgs/clearpath_motor_msgs/msg/detail/puma_status__rosidl_typesupport_introspection_cpp.hpp
-- Up-to-date symlink: /home/robolab/clearpath_ws/install/clearpath_motor_msgs/share/clearpath_motor_msgs/environment/pythonpath.sh
-- Up-to-date symlink: /home/robolab/clearpath_ws/install/clearpath_motor_msgs/share/clearpath_motor_msgs/environment/pythonpath.dsv
-- Up-to-date symlink: /home/robolab/clearpath_ws/install/clearpath_motor_msgs/lib/python3.12/site-packages/clearpath_motor_msgs-2.7.0-py3.12.egg-info/PKG-INFO
-- Up-to-date symlink: /home/robolab/clearpath_ws/install/clearpath_motor_msgs/lib/python3.12/site-packages/clearpath_motor_msgs-2.7.0-py3.12.egg-info/SOURCES.txt
-- Up-to-date symlink: /home/robolab/clearpath_ws/install/clearpath_motor_msgs/lib/python3.12/site-packages/clearpath_motor_msgs-2.7.0-py3.12.egg-info/dependency_links.txt
-- Up-to-date symlink: /home/robolab/clearpath_ws/install/clearpath_motor_msgs/lib/python3.12/site-packages/clearpath_motor_msgs-2.7.0-py3.12.egg-info/top_level.txt
-- Up-to-date symlink: /home/robolab/clearpath_ws/install/clearpath_motor_msgs/lib/python3.12/site-packages/clearpath_motor_msgs/__init__.py
-- Up-to-date symlink: /home/robolab/clearpath_ws/install/clearpath_motor_msgs/lib/python3.12/site-packages/clearpath_motor_msgs/_clearpath_motor_msgs_s.ep.rosidl_typesupport_c.c
-- Up-to-date symlink: /home/robolab/clearpath_ws/install/clearpath_motor_msgs/lib/python3.12/site-packages/clearpath_motor_msgs/_clearpath_motor_msgs_s.ep.rosidl_typesupport_fastrtps_c.c
-- Up-to-date symlink: /home/robolab/clearpath_ws/install/clearpath_motor_msgs/lib/python3.12/site-packages/clearpath_motor_msgs/_clearpath_motor_msgs_s.ep.rosidl_typesupport_introspection_c.c
-- Up-to-date symlink: /home/robolab/clearpath_ws/install/clearpath_motor_msgs/lib/python3.12/site-packages/clearpath_motor_msgs/action/__init__.py
-- Up-to-date symlink: /home/robolab/clearpath_ws/install/clearpath_motor_msgs/lib/python3.12/site-packages/clearpath_motor_msgs/action/_lynx_calibrate.py
-- Up-to-date symlink: /home/robolab/clearpath_ws/install/clearpath_motor_msgs/lib/python3.12/site-packages/clearpath_motor_msgs/action/_lynx_calibrate_s.c
-- Up-to-date symlink: /home/robolab/clearpath_ws/install/clearpath_motor_msgs/lib/python3.12/site-packages/clearpath_motor_msgs/action/_lynx_update.py
-- Up-to-date symlink: /home/robolab/clearpath_ws/install/clearpath_motor_msgs/lib/python3.12/site-packages/clearpath_motor_msgs/action/_lynx_update_s.c
-- Up-to-date symlink: /home/robolab/clearpath_ws/install/clearpath_motor_msgs/lib/python3.12/site-packages/clearpath_motor_msgs/clearpath_motor_msgs_s__rosidl_typesupport_c.so
-- Up-to-date symlink: /home/robolab/clearpath_ws/install/clearpath_motor_msgs/lib/python3.12/site-packages/clearpath_motor_msgs/clearpath_motor_msgs_s__rosidl_typesupport_fastrtps_c.so
-- Up-to-date symlink: /home/robolab/clearpath_ws/install/clearpath_motor_msgs/lib/python3.12/site-packages/clearpath_motor_msgs/clearpath_motor_msgs_s__rosidl_typesupport_introspection_c.so
-- Up-to-date symlink: /home/robolab/clearpath_ws/install/clearpath_motor_msgs/lib/python3.12/site-packages/clearpath_motor_msgs/msg/__init__.py
-- Up-to-date symlink: /home/robolab/clearpath_ws/install/clearpath_motor_msgs/lib/python3.12/site-packages/clearpath_motor_msgs/msg/_lynx_debug.py
-- Up-to-date symlink: /home/robolab/clearpath_ws/install/clearpath_motor_msgs/lib/python3.12/site-packages/clearpath_motor_msgs/msg/_lynx_debug_s.c
-- Up-to-date symlink: /home/robolab/clearpath_ws/install/clearpath_motor_msgs/lib/python3.12/site-packages/clearpath_motor_msgs/msg/_lynx_feedback.py
-- Up-to-date symlink: /home/robolab/clearpath_ws/install/clearpath_motor_msgs/lib/python3.12/site-packages/clearpath_motor_msgs/msg/_lynx_feedback_s.c
-- Up-to-date symlink: /home/robolab/clearpath_ws/install/clearpath_motor_msgs/lib/python3.12/site-packages/clearpath_motor_msgs/msg/_lynx_motor_protection.py
-- Up-to-date symlink: /home/robolab/clearpath_ws/install/clearpath_motor_msgs/lib/python3.12/site-packages/clearpath_motor_msgs/msg/_lynx_motor_protection_s.c
-- Up-to-date symlink: /home/robolab/clearpath_ws/install/clearpath_motor_msgs/lib/python3.12/site-packages/clearpath_motor_msgs/msg/_lynx_multi_debug.py
-- Up-to-date symlink: /home/robolab/clearpath_ws/install/clearpath_motor_msgs/lib/python3.12/site-packages/clearpath_motor_msgs/msg/_lynx_multi_debug_s.c
-- Up-to-date symlink: /home/robolab/clearpath_ws/install/clearpath_motor_msgs/lib/python3.12/site-packages/clearpath_motor_msgs/msg/_lynx_multi_feedback.py
-- Up-to-date symlink: /home/robolab/clearpath_ws/install/clearpath_motor_msgs/lib/python3.12/site-packages/clearpath_motor_msgs/msg/_lynx_multi_feedback_s.c
-- Up-to-date symlink: /home/robolab/clearpath_ws/install/clearpath_motor_msgs/lib/python3.12/site-packages/clearpath_motor_msgs/msg/_lynx_multi_status.py
-- Up-to-date symlink: /home/robolab/clearpath_ws/install/clearpath_motor_msgs/lib/python3.12/site-packages/clearpath_motor_msgs/msg/_lynx_multi_status_s.c
-- Up-to-date symlink: /home/robolab/clearpath_ws/install/clearpath_motor_msgs/lib/python3.12/site-packages/clearpath_motor_msgs/msg/_lynx_status.py
-- Up-to-date symlink: /home/robolab/clearpath_ws/install/clearpath_motor_msgs/lib/python3.12/site-packages/clearpath_motor_msgs/msg/_lynx_status_s.c
-- Up-to-date symlink: /home/robolab/clearpath_ws/install/clearpath_motor_msgs/lib/python3.12/site-packages/clearpath_motor_msgs/msg/_lynx_system_protection.py
-- Up-to-date symlink: /home/robolab/clearpath_ws/install/clearpath_motor_msgs/lib/python3.12/site-packages/clearpath_motor_msgs/msg/_lynx_system_protection_s.c
-- Up-to-date symlink: /home/robolab/clearpath_ws/install/clearpath_motor_msgs/lib/python3.12/site-packages/clearpath_motor_msgs/msg/_puma_feedback.py
-- Up-to-date symlink: /home/robolab/clearpath_ws/install/clearpath_motor_msgs/lib/python3.12/site-packages/clearpath_motor_msgs/msg/_puma_feedback_s.c
-- Up-to-date symlink: /home/robolab/clearpath_ws/install/clearpath_motor_msgs/lib/python3.12/site-packages/clearpath_motor_msgs/msg/_puma_multi_feedback.py
-- Up-to-date symlink: /home/robolab/clearpath_ws/install/clearpath_motor_msgs/lib/python3.12/site-packages/clearpath_motor_msgs/msg/_puma_multi_feedback_s.c
-- Up-to-date symlink: /home/robolab/clearpath_ws/install/clearpath_motor_msgs/lib/python3.12/site-packages/clearpath_motor_msgs/msg/_puma_multi_status.py
-- Up-to-date symlink: /home/robolab/clearpath_ws/install/clearpath_motor_msgs/lib/python3.12/site-packages/clearpath_motor_msgs/msg/_puma_multi_status_s.c
-- Up-to-date symlink: /home/robolab/clearpath_ws/install/clearpath_motor_msgs/lib/python3.12/site-packages/clearpath_motor_msgs/msg/_puma_status.py
-- Up-to-date symlink: /home/robolab/clearpath_ws/install/clearpath_motor_msgs/lib/python3.12/site-packages/clearpath_motor_msgs/msg/_puma_status_s.c
-- Up-to-date symlink: /home/robolab/clearpath_ws/install/clearpath_motor_msgs/lib/python3.12/site-packages/clearpath_motor_msgs/clearpath_motor_msgs_s__rosidl_typesupport_fastrtps_c.so
-- Up-to-date symlink: /home/robolab/clearpath_ws/install/clearpath_motor_msgs/lib/python3.12/site-packages/clearpath_motor_msgs/clearpath_motor_msgs_s__rosidl_typesupport_introspection_c.so
-- Up-to-date symlink: /home/robolab/clearpath_ws/install/clearpath_motor_msgs/lib/python3.12/site-packages/clearpath_motor_msgs/clearpath_motor_msgs_s__rosidl_typesupport_c.so
-- Up-to-date symlink: /home/robolab/clearpath_ws/install/clearpath_motor_msgs/share/clearpath_motor_msgs/action/LynxCalibrate.idl
-- Up-to-date symlink: /home/robolab/clearpath_ws/install/clearpath_motor_msgs/share/clearpath_motor_msgs/action/LynxUpdate.idl
-- Up-to-date symlink: /home/robolab/clearpath_ws/install/clearpath_motor_msgs/share/clearpath_motor_msgs/msg/LynxDebug.idl
-- Up-to-date symlink: /home/robolab/clearpath_ws/install/clearpath_motor_msgs/share/clearpath_motor_msgs/msg/LynxFeedback.idl
-- Up-to-date symlink: /home/robolab/clearpath_ws/install/clearpath_motor_msgs/share/clearpath_motor_msgs/msg/LynxMotorProtection.idl
-- Up-to-date symlink: /home/robolab/clearpath_ws/install/clearpath_motor_msgs/share/clearpath_motor_msgs/msg/LynxMultiDebug.idl
-- Up-to-date symlink: /home/robolab/clearpath_ws/install/clearpath_motor_msgs/share/clearpath_motor_msgs/msg/LynxMultiFeedback.idl
-- Up-to-date symlink: /home/robolab/clearpath_ws/install/clearpath_motor_msgs/share/clearpath_motor_msgs/msg/LynxMultiStatus.idl
-- Up-to-date symlink: /home/robolab/clearpath_ws/install/clearpath_motor_msgs/share/clearpath_motor_msgs/msg/LynxStatus.idl
-- Up-to-date symlink: /home/robolab/clearpath_ws/install/clearpath_motor_msgs/share/clearpath_motor_msgs/msg/LynxSystemProtection.idl
-- Up-to-date symlink: /home/robolab/clearpath_ws/install/clearpath_motor_msgs/share/clearpath_motor_msgs/msg/PumaFeedback.idl
-- Up-to-date symlink: /home/robolab/clearpath_ws/install/clearpath_motor_msgs/share/clearpath_motor_msgs/msg/PumaStatus.idl
-- Up-to-date symlink: /home/robolab/clearpath_ws/install/clearpath_motor_msgs/share/clearpath_motor_msgs/msg/PumaMultiFeedback.idl
-- Up-to-date symlink: /home/robolab/clearpath_ws/install/clearpath_motor_msgs/share/clearpath_motor_msgs/msg/PumaMultiStatus.idl
-- Up-to-date symlink: /home/robolab/clearpath_ws/install/clearpath_motor_msgs/share/clearpath_motor_msgs/action/LynxCalibrate.action
-- Up-to-date symlink: /home/robolab/clearpath_ws/install/clearpath_motor_msgs/share/clearpath_motor_msgs/action/LynxUpdate.action
-- Up-to-date symlink: /home/robolab/clearpath_ws/install/clearpath_motor_msgs/share/clearpath_motor_msgs/msg/LynxDebug.msg
-- Up-to-date symlink: /home/robolab/clearpath_ws/install/clearpath_motor_msgs/share/clearpath_motor_msgs/msg/LynxFeedback.msg
-- Up-to-date symlink: /home/robolab/clearpath_ws/install/clearpath_motor_msgs/share/clearpath_motor_msgs/msg/LynxMotorProtection.msg
-- Up-to-date symlink: /home/robolab/clearpath_ws/install/clearpath_motor_msgs/share/clearpath_motor_msgs/msg/LynxMultiDebug.msg
-- Up-to-date symlink: /home/robolab/clearpath_ws/install/clearpath_motor_msgs/share/clearpath_motor_msgs/msg/LynxMultiFeedback.msg
-- Up-to-date symlink: /home/robolab/clearpath_ws/install/clearpath_motor_msgs/share/clearpath_motor_msgs/msg/LynxMultiStatus.msg
-- Up-to-date symlink: /home/robolab/clearpath_ws/install/clearpath_motor_msgs/share/clearpath_motor_msgs/msg/LynxStatus.msg
-- Up-to-date symlink: /home/robolab/clearpath_ws/install/clearpath_motor_msgs/share/clearpath_motor_msgs/msg/LynxSystemProtection.msg
-- Up-to-date symlink: /home/robolab/clearpath_ws/install/clearpath_motor_msgs/share/clearpath_motor_msgs/msg/PumaFeedback.msg
-- Up-to-date symlink: /home/robolab/clearpath_ws/install/clearpath_motor_msgs/share/clearpath_motor_msgs/msg/PumaStatus.msg
-- Up-to-date symlink: /home/robolab/clearpath_ws/install/clearpath_motor_msgs/share/clearpath_motor_msgs/msg/PumaMultiFeedback.msg
-- Up-to-date symlink: /home/robolab/clearpath_ws/install/clearpath_motor_msgs/share/clearpath_motor_msgs/msg/PumaMultiStatus.msg
-- Up-to-date symlink: /home/robolab/clearpath_ws/install/clearpath_motor_msgs/share/ament_index/resource_index/package_run_dependencies/clearpath_motor_msgs
-- Up-to-date symlink: /home/robolab/clearpath_ws/install/clearpath_motor_msgs/share/ament_index/resource_index/parent_prefix_path/clearpath_motor_msgs
-- Up-to-date symlink: /home/robolab/clearpath_ws/install/clearpath_motor_msgs/share/clearpath_motor_msgs/environment/ament_prefix_path.sh
-- Up-to-date symlink: /home/robolab/clearpath_ws/install/clearpath_motor_msgs/share/clearpath_motor_msgs/environment/ament_prefix_path.dsv
-- Up-to-date symlink: /home/robolab/clearpath_ws/install/clearpath_motor_msgs/share/clearpath_motor_msgs/environment/path.sh
-- Up-to-date symlink: /home/robolab/clearpath_ws/install/clearpath_motor_msgs/share/clearpath_motor_msgs/environment/path.dsv
-- Up-to-date symlink: /home/robolab/clearpath_ws/install/clearpath_motor_msgs/share/clearpath_motor_msgs/local_setup.bash
-- Up-to-date symlink: /home/robolab/clearpath_ws/install/clearpath_motor_msgs/share/clearpath_motor_msgs/local_setup.sh
-- Up-to-date symlink: /home/robolab/clearpath_ws/install/clearpath_motor_msgs/share/clearpath_motor_msgs/local_setup.zsh
-- Up-to-date symlink: /home/robolab/clearpath_ws/install/clearpath_motor_msgs/share/clearpath_motor_msgs/local_setup.dsv
-- Symlinking: /home/robolab/clearpath_ws/install/clearpath_motor_msgs/share/clearpath_motor_msgs/package.dsv
-- Up-to-date symlink: /home/robolab/clearpath_ws/install/clearpath_motor_msgs/share/ament_index/resource_index/packages/clearpath_motor_msgs
-- Up-to-date symlink: /home/robolab/clearpath_ws/install/clearpath_motor_msgs/share/clearpath_motor_msgs/cmake/rosidl_cmake-extras.cmake
-- Up-to-date symlink: /home/robolab/clearpath_ws/install/clearpath_motor_msgs/share/clearpath_motor_msgs/cmake/ament_cmake_export_dependencies-extras.cmake
-- Up-to-date symlink: /home/robolab/clearpath_ws/install/clearpath_motor_msgs/share/clearpath_motor_msgs/cmake/ament_cmake_export_include_directories-extras.cmake
-- Up-to-date symlink: /home/robolab/clearpath_ws/install/clearpath_motor_msgs/share/clearpath_motor_msgs/cmake/ament_cmake_export_libraries-extras.cmake
-- Up-to-date symlink: /home/robolab/clearpath_ws/install/clearpath_motor_msgs/share/clearpath_motor_msgs/cmake/ament_cmake_export_targets-extras.cmake
-- Up-to-date symlink: /home/robolab/clearpath_ws/install/clearpath_motor_msgs/share/clearpath_motor_msgs/cmake/rosidl_cmake_export_typesupport_targets-extras.cmake
-- Up-to-date symlink: /home/robolab/clearpath_ws/install/clearpath_motor_msgs/share/clearpath_motor_msgs/cmake/rosidl_cmake_export_typesupport_libraries-extras.cmake
-- Up-to-date symlink: /home/robolab/clearpath_ws/install/clearpath_motor_msgs/share/clearpath_motor_msgs/cmake/clearpath_motor_msgsConfig.cmake
-- Up-to-date symlink: /home/robolab/clearpath_ws/install/clearpath_motor_msgs/share/clearpath_motor_msgs/cmake/clearpath_motor_msgsConfig-version.cmake
-- Up-to-date symlink: /home/robolab/clearpath_ws/install/clearpath_motor_msgs/share/clearpath_motor_msgs/package.xml
-- Up-to-date: /home/robolab/clearpath_ws/install/clearpath_motor_msgs/lib/libclearpath_motor_msgs__rosidl_generator_c.so
-- Up-to-date: /home/robolab/clearpath_ws/install/clearpath_motor_msgs/lib/libclearpath_motor_msgs__rosidl_typesupport_fastrtps_c.so
-- Up-to-date: /home/robolab/clearpath_ws/install/clearpath_motor_msgs/lib/libclearpath_motor_msgs__rosidl_typesupport_fastrtps_cpp.so
-- Up-to-date: /home/robolab/clearpath_ws/install/clearpath_motor_msgs/lib/libclearpath_motor_msgs__rosidl_typesupport_introspection_c.so
-- Up-to-date: /home/robolab/clearpath_ws/install/clearpath_motor_msgs/lib/libclearpath_motor_msgs__rosidl_typesupport_c.so
-- Up-to-date: /home/robolab/clearpath_ws/install/clearpath_motor_msgs/lib/libclearpath_motor_msgs__rosidl_typesupport_introspection_cpp.so
-- Up-to-date: /home/robolab/clearpath_ws/install/clearpath_motor_msgs/lib/libclearpath_motor_msgs__rosidl_typesupport_cpp.so
Listing '/home/robolab/clearpath_ws/install/clearpath_motor_msgs/lib/python3.12/site-packages/clearpath_motor_msgs'...
Listing '/home/robolab/clearpath_ws/install/clearpath_motor_msgs/lib/python3.12/site-packages/clearpath_motor_msgs/action'...
Listing '/home/robolab/clearpath_ws/install/clearpath_motor_msgs/lib/python3.12/site-packages/clearpath_motor_msgs/msg'...
-- Up-to-date: /home/robolab/clearpath_ws/install/clearpath_motor_msgs/lib/libclearpath_motor_msgs__rosidl_generator_py.so
-- Up-to-date: /home/robolab/clearpath_ws/install/clearpath_motor_msgs/share/clearpath_motor_msgs/cmake/export_clearpath_motor_msgs__rosidl_generator_cExport.cmake
-- Up-to-date: /home/robolab/clearpath_ws/install/clearpath_motor_msgs/share/clearpath_motor_msgs/cmake/export_clearpath_motor_msgs__rosidl_generator_cExport-noconfig.cmake
-- Up-to-date: /home/robolab/clearpath_ws/install/clearpath_motor_msgs/share/clearpath_motor_msgs/cmake/export_clearpath_motor_msgs__rosidl_typesupport_fastrtps_cExport.cmake
-- Up-to-date: /home/robolab/clearpath_ws/install/clearpath_motor_msgs/share/clearpath_motor_msgs/cmake/export_clearpath_motor_msgs__rosidl_typesupport_fastrtps_cExport-noconfig.cmake
-- Up-to-date: /home/robolab/clearpath_ws/install/clearpath_motor_msgs/share/clearpath_motor_msgs/cmake/export_clearpath_motor_msgs__rosidl_generator_cppExport.cmake
-- Up-to-date: /home/robolab/clearpath_ws/install/clearpath_motor_msgs/share/clearpath_motor_msgs/cmake/export_clearpath_motor_msgs__rosidl_typesupport_fastrtps_cppExport.cmake
-- Up-to-date: /home/robolab/clearpath_ws/install/clearpath_motor_msgs/share/clearpath_motor_msgs/cmake/export_clearpath_motor_msgs__rosidl_typesupport_fastrtps_cppExport-noconfig.cmake
-- Up-to-date: /home/robolab/clearpath_ws/install/clearpath_motor_msgs/share/clearpath_motor_msgs/cmake/clearpath_motor_msgs__rosidl_typesupport_introspection_cExport.cmake
-- Up-to-date: /home/robolab/clearpath_ws/install/clearpath_motor_msgs/share/clearpath_motor_msgs/cmake/clearpath_motor_msgs__rosidl_typesupport_introspection_cExport-noconfig.cmake
-- Up-to-date: /home/robolab/clearpath_ws/install/clearpath_motor_msgs/share/clearpath_motor_msgs/cmake/clearpath_motor_msgs__rosidl_typesupport_cExport.cmake
-- Up-to-date: /home/robolab/clearpath_ws/install/clearpath_motor_msgs/share/clearpath_motor_msgs/cmake/clearpath_motor_msgs__rosidl_typesupport_cExport-noconfig.cmake
-- Up-to-date: /home/robolab/clearpath_ws/install/clearpath_motor_msgs/share/clearpath_motor_msgs/cmake/clearpath_motor_msgs__rosidl_typesupport_introspection_cppExport.cmake
-- Up-to-date: /home/robolab/clearpath_ws/install/clearpath_motor_msgs/share/clearpath_motor_msgs/cmake/clearpath_motor_msgs__rosidl_typesupport_introspection_cppExport-noconfig.cmake
-- Up-to-date: /home/robolab/clearpath_ws/install/clearpath_motor_msgs/share/clearpath_motor_msgs/cmake/clearpath_motor_msgs__rosidl_typesupport_cppExport.cmake
-- Up-to-date: /home/robolab/clearpath_ws/install/clearpath_motor_msgs/share/clearpath_motor_msgs/cmake/clearpath_motor_msgs__rosidl_typesupport_cppExport-noconfig.cmake
-- Up-to-date: /home/robolab/clearpath_ws/install/clearpath_motor_msgs/share/clearpath_motor_msgs/cmake/export_clearpath_motor_msgs__rosidl_generator_pyExport.cmake
-- Up-to-date: /home/robolab/clearpath_ws/install/clearpath_motor_msgs/share/clearpath_motor_msgs/cmake/export_clearpath_motor_msgs__rosidl_generator_pyExport-noconfig.cmake
