[0.010s] Invoking command in '/home/robolab/clearpath_ws/build/clearpath_motor_msgs': CMAKE_PREFIX_PATH=${CMAKE_PREFIX_PATH}:/opt/ros/jazzy DEBUGINFOD_URLS=https://debuginfod.ubuntu.com /usr/bin/cmake --build /home/robolab/clearpath_ws/build/clearpath_motor_msgs -- -j4 -l4
[0.130s] [  0%] Built target clearpath_motor_msgs__rosidl_generator_type_description
[0.141s] [  0%] Built target ament_cmake_python_symlink_clearpath_motor_msgs
[0.175s] [  0%] Built target clearpath_motor_msgs__cpp
[0.201s] [ 27%] Built target clearpath_motor_msgs__rosidl_generator_c
[0.248s] [ 37%] Built target clearpath_motor_msgs__rosidl_typesupport_fastrtps_c
[0.282s] [ 46%] Built target clearpath_motor_msgs__rosidl_typesupport_fastrtps_cpp
[0.285s] [ 56%] Built target clearpath_motor_msgs__rosidl_typesupport_cpp
[0.322s] [ 66%] Built target clearpath_motor_msgs__rosidl_typesupport_introspection_c
[0.348s] [ 76%] Built target clearpath_motor_msgs__rosidl_typesupport_c
[0.353s] [ 86%] Built target clearpath_motor_msgs__rosidl_typesupport_introspection_cpp
[0.379s] [ 86%] Built target clearpath_motor_msgs
[0.409s] [ 87%] Built target clearpath_motor_msgs__py
[0.486s] [ 96%] Built target clearpath_motor_msgs__rosidl_generator_py
[0.539s] [ 98%] Built target clearpath_motor_msgs_s__rosidl_typesupport_introspection_c
[0.539s] [ 99%] Built target clearpath_motor_msgs_s__rosidl_typesupport_fastrtps_c
[0.541s] [100%] Built target clearpath_motor_msgs_s__rosidl_typesupport_c
[0.675s] running egg_info
[0.705s] writing clearpath_motor_msgs.egg-info/PKG-INFO
[0.705s] writing dependency_links to clearpath_motor_msgs.egg-info/dependency_links.txt
[0.705s] writing top-level names to clearpath_motor_msgs.egg-info/top_level.txt
[0.792s] reading manifest file 'clearpath_motor_msgs.egg-info/SOURCES.txt'
[0.793s] writing manifest file 'clearpath_motor_msgs.egg-info/SOURCES.txt'
[0.856s] [100%] Built target ament_cmake_python_build_clearpath_motor_msgs_egg
[0.885s] Invoked command in '/home/robolab/clearpath_ws/build/clearpath_motor_msgs' returned '0': CMAKE_PREFIX_PATH=${CMAKE_PREFIX_PATH}:/opt/ros/jazzy DEBUGINFOD_URLS=https://debuginfod.ubuntu.com /usr/bin/cmake --build /home/robolab/clearpath_ws/build/clearpath_motor_msgs -- -j4 -l4
[0.887s] Invoking command in '/home/robolab/clearpath_ws/build/clearpath_motor_msgs': CMAKE_PREFIX_PATH=${CMAKE_PREFIX_PATH}:/opt/ros/jazzy DEBUGINFOD_URLS=https://debuginfod.ubuntu.com /usr/bin/cmake --install /home/robolab/clearpath_ws/build/clearpath_motor_msgs
[0.915s] -- Install configuration: ""
[0.916s] -- Execute custom install script
[0.916s] -- Up-to-date symlink: /home/robolab/clearpath_ws/install/clearpath_motor_msgs/share/ament_index/resource_index/rosidl_interfaces/clearpath_motor_msgs
[0.916s] -- Up-to-date symlink: /home/robolab/clearpath_ws/install/clearpath_motor_msgs/share/clearpath_motor_msgs/action/LynxCalibrate.json
[0.917s] -- Up-to-date symlink: /home/robolab/clearpath_ws/install/clearpath_motor_msgs/share/clearpath_motor_msgs/action/LynxUpdate.json
[0.917s] -- Up-to-date symlink: /home/robolab/clearpath_ws/install/clearpath_motor_msgs/share/clearpath_motor_msgs/msg/LynxDebug.json
[0.917s] -- Up-to-date symlink: /home/robolab/clearpath_ws/install/clearpath_motor_msgs/share/clearpath_motor_msgs/msg/LynxFeedback.json
[0.917s] -- Up-to-date symlink: /home/robolab/clearpath_ws/install/clearpath_motor_msgs/share/clearpath_motor_msgs/msg/LynxMotorProtection.json
[0.917s] -- Up-to-date symlink: /home/robolab/clearpath_ws/install/clearpath_motor_msgs/share/clearpath_motor_msgs/msg/LynxMultiDebug.json
[0.918s] -- Up-to-date symlink: /home/robolab/clearpath_ws/install/clearpath_motor_msgs/share/clearpath_motor_msgs/msg/LynxMultiFeedback.json
[0.918s] -- Up-to-date symlink: /home/robolab/clearpath_ws/install/clearpath_motor_msgs/share/clearpath_motor_msgs/msg/LynxMultiStatus.json
[0.918s] -- Up-to-date symlink: /home/robolab/clearpath_ws/install/clearpath_motor_msgs/share/clearpath_motor_msgs/msg/LynxStatus.json
[0.918s] -- Up-to-date symlink: /home/robolab/clearpath_ws/install/clearpath_motor_msgs/share/clearpath_motor_msgs/msg/LynxSystemProtection.json
[0.918s] -- Up-to-date symlink: /home/robolab/clearpath_ws/install/clearpath_motor_msgs/share/clearpath_motor_msgs/msg/PumaFeedback.json
[0.918s] -- Up-to-date symlink: /home/robolab/clearpath_ws/install/clearpath_motor_msgs/share/clearpath_motor_msgs/msg/PumaStatus.json
[0.918s] -- Up-to-date symlink: /home/robolab/clearpath_ws/install/clearpath_motor_msgs/share/clearpath_motor_msgs/msg/PumaMultiFeedback.json
[0.918s] -- Up-to-date symlink: /home/robolab/clearpath_ws/install/clearpath_motor_msgs/share/clearpath_motor_msgs/msg/PumaMultiStatus.json
[0.918s] -- Up-to-date symlink: /home/robolab/clearpath_ws/install/clearpath_motor_msgs/include/clearpath_motor_msgs/clearpath_motor_msgs/action/detail/lynx_calibrate__functions.h
[0.918s] -- Up-to-date symlink: /home/robolab/clearpath_ws/install/clearpath_motor_msgs/include/clearpath_motor_msgs/clearpath_motor_msgs/action/detail/lynx_calibrate__struct.h
[0.918s] -- Up-to-date symlink: /home/robolab/clearpath_ws/install/clearpath_motor_msgs/include/clearpath_motor_msgs/clearpath_motor_msgs/action/detail/lynx_calibrate__type_support.h
[0.918s] -- Up-to-date symlink: /home/robolab/clearpath_ws/install/clearpath_motor_msgs/include/clearpath_motor_msgs/clearpath_motor_msgs/action/detail/lynx_update__functions.h
[0.918s] -- Up-to-date symlink: /home/robolab/clearpath_ws/install/clearpath_motor_msgs/include/clearpath_motor_msgs/clearpath_motor_msgs/action/detail/lynx_update__struct.h
[0.918s] -- Up-to-date symlink: /home/robolab/clearpath_ws/install/clearpath_motor_msgs/include/clearpath_motor_msgs/clearpath_motor_msgs/action/detail/lynx_update__type_support.h
[0.919s] -- Up-to-date symlink: /home/robolab/clearpath_ws/install/clearpath_motor_msgs/include/clearpath_motor_msgs/clearpath_motor_msgs/action/lynx_calibrate.h
[0.919s] -- Up-to-date symlink: /home/robolab/clearpath_ws/install/clearpath_motor_msgs/include/clearpath_motor_msgs/clearpath_motor_msgs/action/lynx_update.h
[0.919s] -- Up-to-date symlink: /home/robolab/clearpath_ws/install/clearpath_motor_msgs/include/clearpath_motor_msgs/clearpath_motor_msgs/msg/detail/lynx_debug__functions.h
[0.919s] -- Up-to-date symlink: /home/robolab/clearpath_ws/install/clearpath_motor_msgs/include/clearpath_motor_msgs/clearpath_motor_msgs/msg/detail/lynx_debug__struct.h
[0.919s] -- Up-to-date symlink: /home/robolab/clearpath_ws/install/clearpath_motor_msgs/include/clearpath_motor_msgs/clearpath_motor_msgs/msg/detail/lynx_debug__type_support.h
[0.925s] -- Up-to-date symlink: /home/robolab/clearpath_ws/install/clearpath_motor_msgs/include/clearpath_motor_msgs/clearpath_motor_msgs/msg/detail/lynx_feedback__functions.h
[0.926s] -- Up-to-date symlink: /home/robolab/clearpath_ws/install/clearpath_motor_msgs/include/clearpath_motor_msgs/clearpath_motor_msgs/msg/detail/lynx_feedback__struct.h
[0.929s] -- Up-to-date symlink: /home/robolab/clearpath_ws/install/clearpath_motor_msgs/include/clearpath_motor_msgs/clearpath_motor_msgs/msg/detail/lynx_feedback__type_support.h
[0.929s] -- Up-to-date symlink: /home/robolab/clearpath_ws/install/clearpath_motor_msgs/include/clearpath_motor_msgs/clearpath_motor_msgs/msg/detail/lynx_motor_protection__functions.h
[0.929s] -- Up-to-date symlink: /home/robolab/clearpath_ws/install/clearpath_motor_msgs/include/clearpath_motor_msgs/clearpath_motor_msgs/msg/detail/lynx_motor_protection__struct.h
[0.929s] -- Up-to-date symlink: /home/robolab/clearpath_ws/install/clearpath_motor_msgs/include/clearpath_motor_msgs/clearpath_motor_msgs/msg/detail/lynx_motor_protection__type_support.h
[0.929s] -- Up-to-date symlink: /home/robolab/clearpath_ws/install/clearpath_motor_msgs/include/clearpath_motor_msgs/clearpath_motor_msgs/msg/detail/lynx_multi_debug__functions.h
[0.929s] -- Up-to-date symlink: /home/robolab/clearpath_ws/install/clearpath_motor_msgs/include/clearpath_motor_msgs/clearpath_motor_msgs/msg/detail/lynx_multi_debug__struct.h
[0.929s] -- Up-to-date symlink: /home/robolab/clearpath_ws/install/clearpath_motor_msgs/include/clearpath_motor_msgs/clearpath_motor_msgs/msg/detail/lynx_multi_debug__type_support.h
[0.929s] -- Up-to-date symlink: /home/robolab/clearpath_ws/install/clearpath_motor_msgs/include/clearpath_motor_msgs/clearpath_motor_msgs/msg/detail/lynx_multi_feedback__functions.h
[0.929s] -- Up-to-date symlink: /home/robolab/clearpath_ws/install/clearpath_motor_msgs/include/clearpath_motor_msgs/clearpath_motor_msgs/msg/detail/lynx_multi_feedback__struct.h
[0.929s] -- Up-to-date symlink: /home/robolab/clearpath_ws/install/clearpath_motor_msgs/include/clearpath_motor_msgs/clearpath_motor_msgs/msg/detail/lynx_multi_feedback__type_support.h
[0.929s] -- Up-to-date symlink: /home/robolab/clearpath_ws/install/clearpath_motor_msgs/include/clearpath_motor_msgs/clearpath_motor_msgs/msg/detail/lynx_multi_status__functions.h
[0.930s] -- Up-to-date symlink: /home/robolab/clearpath_ws/install/clearpath_motor_msgs/include/clearpath_motor_msgs/clearpath_motor_msgs/msg/detail/lynx_multi_status__struct.h
[0.932s] -- Up-to-date symlink: /home/robolab/clearpath_ws/install/clearpath_motor_msgs/include/clearpath_motor_msgs/clearpath_motor_msgs/msg/detail/lynx_multi_status__type_support.h
[0.933s] -- Up-to-date symlink: /home/robolab/clearpath_ws/install/clearpath_motor_msgs/include/clearpath_motor_msgs/clearpath_motor_msgs/msg/detail/lynx_status__functions.h
[0.933s] -- Up-to-date symlink: /home/robolab/clearpath_ws/install/clearpath_motor_msgs/include/clearpath_motor_msgs/clearpath_motor_msgs/msg/detail/lynx_status__struct.h
[0.933s] -- Up-to-date symlink: /home/robolab/clearpath_ws/install/clearpath_motor_msgs/include/clearpath_motor_msgs/clearpath_motor_msgs/msg/detail/lynx_status__type_support.h
[0.933s] -- Up-to-date symlink: /home/robolab/clearpath_ws/install/clearpath_motor_msgs/include/clearpath_motor_msgs/clearpath_motor_msgs/msg/detail/lynx_system_protection__functions.h
[0.933s] -- Up-to-date symlink: /home/robolab/clearpath_ws/install/clearpath_motor_msgs/include/clearpath_motor_msgs/clearpath_motor_msgs/msg/detail/lynx_system_protection__struct.h
[0.933s] -- Up-to-date symlink: /home/robolab/clearpath_ws/install/clearpath_motor_msgs/include/clearpath_motor_msgs/clearpath_motor_msgs/msg/detail/lynx_system_protection__type_support.h
[0.933s] -- Up-to-date symlink: /home/robolab/clearpath_ws/install/clearpath_motor_msgs/include/clearpath_motor_msgs/clearpath_motor_msgs/msg/detail/puma_feedback__functions.h
[0.933s] -- Up-to-date symlink: /home/robolab/clearpath_ws/install/clearpath_motor_msgs/include/clearpath_motor_msgs/clearpath_motor_msgs/msg/detail/puma_feedback__struct.h
[0.933s] -- Up-to-date symlink: /home/robolab/clearpath_ws/install/clearpath_motor_msgs/include/clearpath_motor_msgs/clearpath_motor_msgs/msg/detail/puma_feedback__type_support.h
[0.934s] -- Up-to-date symlink: /home/robolab/clearpath_ws/install/clearpath_motor_msgs/include/clearpath_motor_msgs/clearpath_motor_msgs/msg/detail/puma_multi_feedback__functions.h
[0.934s] -- Up-to-date symlink: /home/robolab/clearpath_ws/install/clearpath_motor_msgs/include/clearpath_motor_msgs/clearpath_motor_msgs/msg/detail/puma_multi_feedback__struct.h
[0.934s] -- Up-to-date symlink: /home/robolab/clearpath_ws/install/clearpath_motor_msgs/include/clearpath_motor_msgs/clearpath_motor_msgs/msg/detail/puma_multi_feedback__type_support.h
[0.934s] -- Up-to-date symlink: /home/robolab/clearpath_ws/install/clearpath_motor_msgs/include/clearpath_motor_msgs/clearpath_motor_msgs/msg/detail/puma_multi_status__functions.h
[0.934s] -- Up-to-date symlink: /home/robolab/clearpath_ws/install/clearpath_motor_msgs/include/clearpath_motor_msgs/clearpath_motor_msgs/msg/detail/puma_multi_status__struct.h
[0.934s] -- Up-to-date symlink: /home/robolab/clearpath_ws/install/clearpath_motor_msgs/include/clearpath_motor_msgs/clearpath_motor_msgs/msg/detail/puma_multi_status__type_support.h
[0.934s] -- Up-to-date symlink: /home/robolab/clearpath_ws/install/clearpath_motor_msgs/include/clearpath_motor_msgs/clearpath_motor_msgs/msg/detail/puma_status__functions.h
[0.934s] -- Up-to-date symlink: /home/robolab/clearpath_ws/install/clearpath_motor_msgs/include/clearpath_motor_msgs/clearpath_motor_msgs/msg/detail/puma_status__struct.h
[0.934s] -- Up-to-date symlink: /home/robolab/clearpath_ws/install/clearpath_motor_msgs/include/clearpath_motor_msgs/clearpath_motor_msgs/msg/detail/puma_status__type_support.h
[0.934s] -- Up-to-date symlink: /home/robolab/clearpath_ws/install/clearpath_motor_msgs/include/clearpath_motor_msgs/clearpath_motor_msgs/msg/lynx_debug.h
[0.934s] -- Up-to-date symlink: /home/robolab/clearpath_ws/install/clearpath_motor_msgs/include/clearpath_motor_msgs/clearpath_motor_msgs/msg/lynx_feedback.h
[0.934s] -- Up-to-date symlink: /home/robolab/clearpath_ws/install/clearpath_motor_msgs/include/clearpath_motor_msgs/clearpath_motor_msgs/msg/lynx_motor_protection.h
[0.935s] -- Up-to-date symlink: /home/robolab/clearpath_ws/install/clearpath_motor_msgs/include/clearpath_motor_msgs/clearpath_motor_msgs/msg/lynx_multi_debug.h
[0.935s] -- Up-to-date symlink: /home/robolab/clearpath_ws/install/clearpath_motor_msgs/include/clearpath_motor_msgs/clearpath_motor_msgs/msg/lynx_multi_feedback.h
[0.935s] -- Up-to-date symlink: /home/robolab/clearpath_ws/install/clearpath_motor_msgs/include/clearpath_motor_msgs/clearpath_motor_msgs/msg/lynx_multi_status.h
[0.935s] -- Up-to-date symlink: /home/robolab/clearpath_ws/install/clearpath_motor_msgs/include/clearpath_motor_msgs/clearpath_motor_msgs/msg/lynx_status.h
[0.935s] -- Up-to-date symlink: /home/robolab/clearpath_ws/install/clearpath_motor_msgs/include/clearpath_motor_msgs/clearpath_motor_msgs/msg/lynx_system_protection.h
[0.935s] -- Up-to-date symlink: /home/robolab/clearpath_ws/install/clearpath_motor_msgs/include/clearpath_motor_msgs/clearpath_motor_msgs/msg/puma_feedback.h
[0.935s] -- Up-to-date symlink: /home/robolab/clearpath_ws/install/clearpath_motor_msgs/include/clearpath_motor_msgs/clearpath_motor_msgs/msg/puma_multi_feedback.h
[0.935s] -- Up-to-date symlink: /home/robolab/clearpath_ws/install/clearpath_motor_msgs/include/clearpath_motor_msgs/clearpath_motor_msgs/msg/puma_multi_status.h
[0.935s] -- Up-to-date symlink: /home/robolab/clearpath_ws/install/clearpath_motor_msgs/include/clearpath_motor_msgs/clearpath_motor_msgs/msg/puma_status.h
[0.935s] -- Up-to-date symlink: /home/robolab/clearpath_ws/install/clearpath_motor_msgs/include/clearpath_motor_msgs/clearpath_motor_msgs/msg/rosidl_generator_c__visibility_control.h
[0.935s] -- Up-to-date symlink: /home/robolab/clearpath_ws/install/clearpath_motor_msgs/share/clearpath_motor_msgs/environment/library_path.sh
[0.935s] -- Up-to-date symlink: /home/robolab/clearpath_ws/install/clearpath_motor_msgs/share/clearpath_motor_msgs/environment/library_path.dsv
[0.935s] -- Up-to-date symlink: /home/robolab/clearpath_ws/install/clearpath_motor_msgs/include/clearpath_motor_msgs/clearpath_motor_msgs/action/detail/lynx_calibrate__rosidl_typesupport_fastrtps_c.h
[0.935s] -- Up-to-date symlink: /home/robolab/clearpath_ws/install/clearpath_motor_msgs/include/clearpath_motor_msgs/clearpath_motor_msgs/action/detail/lynx_update__rosidl_typesupport_fastrtps_c.h
[0.935s] -- Up-to-date symlink: /home/robolab/clearpath_ws/install/clearpath_motor_msgs/include/clearpath_motor_msgs/clearpath_motor_msgs/msg/detail/lynx_debug__rosidl_typesupport_fastrtps_c.h
[0.936s] -- Up-to-date symlink: /home/robolab/clearpath_ws/install/clearpath_motor_msgs/include/clearpath_motor_msgs/clearpath_motor_msgs/msg/detail/lynx_feedback__rosidl_typesupport_fastrtps_c.h
[0.938s] -- Up-to-date symlink: /home/robolab/clearpath_ws/install/clearpath_motor_msgs/include/clearpath_motor_msgs/clearpath_motor_msgs/msg/detail/lynx_motor_protection__rosidl_typesupport_fastrtps_c.h
[0.938s] -- Up-to-date symlink: /home/robolab/clearpath_ws/install/clearpath_motor_msgs/include/clearpath_motor_msgs/clearpath_motor_msgs/msg/detail/lynx_multi_debug__rosidl_typesupport_fastrtps_c.h
[0.938s] -- Up-to-date symlink: /home/robolab/clearpath_ws/install/clearpath_motor_msgs/include/clearpath_motor_msgs/clearpath_motor_msgs/msg/detail/lynx_multi_feedback__rosidl_typesupport_fastrtps_c.h
[0.939s] -- Up-to-date symlink: /home/robolab/clearpath_ws/install/clearpath_motor_msgs/include/clearpath_motor_msgs/clearpath_motor_msgs/msg/detail/lynx_multi_status__rosidl_typesupport_fastrtps_c.h
[0.939s] -- Up-to-date symlink: /home/robolab/clearpath_ws/install/clearpath_motor_msgs/include/clearpath_motor_msgs/clearpath_motor_msgs/msg/detail/lynx_status__rosidl_typesupport_fastrtps_c.h
[0.939s] -- Up-to-date symlink: /home/robolab/clearpath_ws/install/clearpath_motor_msgs/include/clearpath_motor_msgs/clearpath_motor_msgs/msg/detail/lynx_system_protection__rosidl_typesupport_fastrtps_c.h
[0.939s] -- Up-to-date symlink: /home/robolab/clearpath_ws/install/clearpath_motor_msgs/include/clearpath_motor_msgs/clearpath_motor_msgs/msg/detail/puma_feedback__rosidl_typesupport_fastrtps_c.h
[0.939s] -- Up-to-date symlink: /home/robolab/clearpath_ws/install/clearpath_motor_msgs/include/clearpath_motor_msgs/clearpath_motor_msgs/msg/detail/puma_multi_feedback__rosidl_typesupport_fastrtps_c.h
[0.939s] -- Up-to-date symlink: /home/robolab/clearpath_ws/install/clearpath_motor_msgs/include/clearpath_motor_msgs/clearpath_motor_msgs/msg/detail/puma_multi_status__rosidl_typesupport_fastrtps_c.h
[0.939s] -- Up-to-date symlink: /home/robolab/clearpath_ws/install/clearpath_motor_msgs/include/clearpath_motor_msgs/clearpath_motor_msgs/msg/detail/puma_status__rosidl_typesupport_fastrtps_c.h
[0.939s] -- Up-to-date symlink: /home/robolab/clearpath_ws/install/clearpath_motor_msgs/include/clearpath_motor_msgs/clearpath_motor_msgs/msg/rosidl_typesupport_fastrtps_c__visibility_control.h
[0.939s] -- Up-to-date symlink: /home/robolab/clearpath_ws/install/clearpath_motor_msgs/include/clearpath_motor_msgs/clearpath_motor_msgs/action/detail/lynx_calibrate__builder.hpp
[0.939s] -- Up-to-date symlink: /home/robolab/clearpath_ws/install/clearpath_motor_msgs/include/clearpath_motor_msgs/clearpath_motor_msgs/action/detail/lynx_calibrate__struct.hpp
[0.940s] -- Up-to-date symlink: /home/robolab/clearpath_ws/install/clearpath_motor_msgs/include/clearpath_motor_msgs/clearpath_motor_msgs/action/detail/lynx_calibrate__traits.hpp
[0.940s] -- Up-to-date symlink: /home/robolab/clearpath_ws/install/clearpath_motor_msgs/include/clearpath_motor_msgs/clearpath_motor_msgs/action/detail/lynx_calibrate__type_support.hpp
[0.940s] -- Up-to-date symlink: /home/robolab/clearpath_ws/install/clearpath_motor_msgs/include/clearpath_motor_msgs/clearpath_motor_msgs/action/detail/lynx_update__builder.hpp
[0.940s] -- Up-to-date symlink: /home/robolab/clearpath_ws/install/clearpath_motor_msgs/include/clearpath_motor_msgs/clearpath_motor_msgs/action/detail/lynx_update__struct.hpp
[0.940s] -- Up-to-date symlink: /home/robolab/clearpath_ws/install/clearpath_motor_msgs/include/clearpath_motor_msgs/clearpath_motor_msgs/action/detail/lynx_update__traits.hpp
[0.940s] -- Up-to-date symlink: /home/robolab/clearpath_ws/install/clearpath_motor_msgs/include/clearpath_motor_msgs/clearpath_motor_msgs/action/detail/lynx_update__type_support.hpp
[0.940s] -- Up-to-date symlink: /home/robolab/clearpath_ws/install/clearpath_motor_msgs/include/clearpath_motor_msgs/clearpath_motor_msgs/action/lynx_calibrate.hpp
[0.940s] -- Up-to-date symlink: /home/robolab/clearpath_ws/install/clearpath_motor_msgs/include/clearpath_motor_msgs/clearpath_motor_msgs/action/lynx_update.hpp
[0.940s] -- Up-to-date symlink: /home/robolab/clearpath_ws/install/clearpath_motor_msgs/include/clearpath_motor_msgs/clearpath_motor_msgs/msg/detail/lynx_debug__builder.hpp
[0.941s] -- Up-to-date symlink: /home/robolab/clearpath_ws/install/clearpath_motor_msgs/include/clearpath_motor_msgs/clearpath_motor_msgs/msg/detail/lynx_debug__struct.hpp
[0.941s] -- Up-to-date symlink: /home/robolab/clearpath_ws/install/clearpath_motor_msgs/include/clearpath_motor_msgs/clearpath_motor_msgs/msg/detail/lynx_debug__traits.hpp
[0.941s] -- Up-to-date symlink: /home/robolab/clearpath_ws/install/clearpath_motor_msgs/include/clearpath_motor_msgs/clearpath_motor_msgs/msg/detail/lynx_debug__type_support.hpp
[0.942s] -- Up-to-date symlink: /home/robolab/clearpath_ws/install/clearpath_motor_msgs/include/clearpath_motor_msgs/clearpath_motor_msgs/msg/detail/lynx_feedback__builder.hpp
[0.942s] -- Up-to-date symlink: /home/robolab/clearpath_ws/install/clearpath_motor_msgs/include/clearpath_motor_msgs/clearpath_motor_msgs/msg/detail/lynx_feedback__struct.hpp
[0.942s] -- Up-to-date symlink: /home/robolab/clearpath_ws/install/clearpath_motor_msgs/include/clearpath_motor_msgs/clearpath_motor_msgs/msg/detail/lynx_feedback__traits.hpp
[0.942s] -- Up-to-date symlink: /home/robolab/clearpath_ws/install/clearpath_motor_msgs/include/clearpath_motor_msgs/clearpath_motor_msgs/msg/detail/lynx_feedback__type_support.hpp
[0.942s] -- Up-to-date symlink: /home/robolab/clearpath_ws/install/clearpath_motor_msgs/include/clearpath_motor_msgs/clearpath_motor_msgs/msg/detail/lynx_motor_protection__builder.hpp
[0.942s] -- Up-to-date symlink: /home/robolab/clearpath_ws/install/clearpath_motor_msgs/include/clearpath_motor_msgs/clearpath_motor_msgs/msg/detail/lynx_motor_protection__struct.hpp
[0.942s] -- Up-to-date symlink: /home/robolab/clearpath_ws/install/clearpath_motor_msgs/include/clearpath_motor_msgs/clearpath_motor_msgs/msg/detail/lynx_motor_protection__traits.hpp
[0.942s] -- Up-to-date symlink: /home/robolab/clearpath_ws/install/clearpath_motor_msgs/include/clearpath_motor_msgs/clearpath_motor_msgs/msg/detail/lynx_motor_protection__type_support.hpp
[0.942s] -- Up-to-date symlink: /home/robolab/clearpath_ws/install/clearpath_motor_msgs/include/clearpath_motor_msgs/clearpath_motor_msgs/msg/detail/lynx_multi_debug__builder.hpp
[0.942s] -- Up-to-date symlink: /home/robolab/clearpath_ws/install/clearpath_motor_msgs/include/clearpath_motor_msgs/clearpath_motor_msgs/msg/detail/lynx_multi_debug__struct.hpp
[0.942s] -- Up-to-date symlink: /home/robolab/clearpath_ws/install/clearpath_motor_msgs/include/clearpath_motor_msgs/clearpath_motor_msgs/msg/detail/lynx_multi_debug__traits.hpp
[0.942s] -- Up-to-date symlink: /home/robolab/clearpath_ws/install/clearpath_motor_msgs/include/clearpath_motor_msgs/clearpath_motor_msgs/msg/detail/lynx_multi_debug__type_support.hpp
[0.942s] -- Up-to-date symlink: /home/robolab/clearpath_ws/install/clearpath_motor_msgs/include/clearpath_motor_msgs/clearpath_motor_msgs/msg/detail/lynx_multi_feedback__builder.hpp
[0.943s] -- Up-to-date symlink: /home/robolab/clearpath_ws/install/clearpath_motor_msgs/include/clearpath_motor_msgs/clearpath_motor_msgs/msg/detail/lynx_multi_feedback__struct.hpp
[0.943s] -- Up-to-date symlink: /home/robolab/clearpath_ws/install/clearpath_motor_msgs/include/clearpath_motor_msgs/clearpath_motor_msgs/msg/detail/lynx_multi_feedback__traits.hpp
[0.943s] -- Up-to-date symlink: /home/robolab/clearpath_ws/install/clearpath_motor_msgs/include/clearpath_motor_msgs/clearpath_motor_msgs/msg/detail/lynx_multi_feedback__type_support.hpp
[0.943s] -- Up-to-date symlink: /home/robolab/clearpath_ws/install/clearpath_motor_msgs/include/clearpath_motor_msgs/clearpath_motor_msgs/msg/detail/lynx_multi_status__builder.hpp
[0.943s] -- Up-to-date symlink: /home/robolab/clearpath_ws/install/clearpath_motor_msgs/include/clearpath_motor_msgs/clearpath_motor_msgs/msg/detail/lynx_multi_status__struct.hpp
[0.943s] -- Up-to-date symlink: /home/robolab/clearpath_ws/install/clearpath_motor_msgs/include/clearpath_motor_msgs/clearpath_motor_msgs/msg/detail/lynx_multi_status__traits.hpp
[0.943s] -- Up-to-date symlink: /home/robolab/clearpath_ws/install/clearpath_motor_msgs/include/clearpath_motor_msgs/clearpath_motor_msgs/msg/detail/lynx_multi_status__type_support.hpp
[0.943s] -- Up-to-date symlink: /home/robolab/clearpath_ws/install/clearpath_motor_msgs/include/clearpath_motor_msgs/clearpath_motor_msgs/msg/detail/lynx_status__builder.hpp
[0.943s] -- Up-to-date symlink: /home/robolab/clearpath_ws/install/clearpath_motor_msgs/include/clearpath_motor_msgs/clearpath_motor_msgs/msg/detail/lynx_status__struct.hpp
[0.943s] -- Up-to-date symlink: /home/robolab/clearpath_ws/install/clearpath_motor_msgs/include/clearpath_motor_msgs/clearpath_motor_msgs/msg/detail/lynx_status__traits.hpp
[0.943s] -- Up-to-date symlink: /home/robolab/clearpath_ws/install/clearpath_motor_msgs/include/clearpath_motor_msgs/clearpath_motor_msgs/msg/detail/lynx_status__type_support.hpp
[0.943s] -- Up-to-date symlink: /home/robolab/clearpath_ws/install/clearpath_motor_msgs/include/clearpath_motor_msgs/clearpath_motor_msgs/msg/detail/lynx_system_protection__builder.hpp
[0.944s] -- Up-to-date symlink: /home/robolab/clearpath_ws/install/clearpath_motor_msgs/include/clearpath_motor_msgs/clearpath_motor_msgs/msg/detail/lynx_system_protection__struct.hpp
[0.952s] -- Up-to-date symlink: /home/robolab/clearpath_ws/install/clearpath_motor_msgs/include/clearpath_motor_msgs/clearpath_motor_msgs/msg/detail/lynx_system_protection__traits.hpp
[0.953s] -- Up-to-date symlink: /home/robolab/clearpath_ws/install/clearpath_motor_msgs/include/clearpath_motor_msgs/clearpath_motor_msgs/msg/detail/lynx_system_protection__type_support.hpp
[0.953s] -- Up-to-date symlink: /home/robolab/clearpath_ws/install/clearpath_motor_msgs/include/clearpath_motor_msgs/clearpath_motor_msgs/msg/detail/puma_feedback__builder.hpp
[0.953s] -- Up-to-date symlink: /home/robolab/clearpath_ws/install/clearpath_motor_msgs/include/clearpath_motor_msgs/clearpath_motor_msgs/msg/detail/puma_feedback__struct.hpp
[0.953s] -- Up-to-date symlink: /home/robolab/clearpath_ws/install/clearpath_motor_msgs/include/clearpath_motor_msgs/clearpath_motor_msgs/msg/detail/puma_feedback__traits.hpp
[0.954s] -- Up-to-date symlink: /home/robolab/clearpath_ws/install/clearpath_motor_msgs/include/clearpath_motor_msgs/clearpath_motor_msgs/msg/detail/puma_feedback__type_support.hpp
[0.954s] -- Up-to-date symlink: /home/robolab/clearpath_ws/install/clearpath_motor_msgs/include/clearpath_motor_msgs/clearpath_motor_msgs/msg/detail/puma_multi_feedback__builder.hpp
[0.954s] -- Up-to-date symlink: /home/robolab/clearpath_ws/install/clearpath_motor_msgs/include/clearpath_motor_msgs/clearpath_motor_msgs/msg/detail/puma_multi_feedback__struct.hpp
[0.954s] -- Up-to-date symlink: /home/robolab/clearpath_ws/install/clearpath_motor_msgs/include/clearpath_motor_msgs/clearpath_motor_msgs/msg/detail/puma_multi_feedback__traits.hpp
[0.954s] -- Up-to-date symlink: /home/robolab/clearpath_ws/install/clearpath_motor_msgs/include/clearpath_motor_msgs/clearpath_motor_msgs/msg/detail/puma_multi_feedback__type_support.hpp
[0.954s] -- Up-to-date symlink: /home/robolab/clearpath_ws/install/clearpath_motor_msgs/include/clearpath_motor_msgs/clearpath_motor_msgs/msg/detail/puma_multi_status__builder.hpp
[0.955s] -- Up-to-date symlink: /home/robolab/clearpath_ws/install/clearpath_motor_msgs/include/clearpath_motor_msgs/clearpath_motor_msgs/msg/detail/puma_multi_status__struct.hpp
[0.955s] -- Up-to-date symlink: /home/robolab/clearpath_ws/install/clearpath_motor_msgs/include/clearpath_motor_msgs/clearpath_motor_msgs/msg/detail/puma_multi_status__traits.hpp
[0.955s] -- Up-to-date symlink: /home/robolab/clearpath_ws/install/clearpath_motor_msgs/include/clearpath_motor_msgs/clearpath_motor_msgs/msg/detail/puma_multi_status__type_support.hpp
[0.955s] -- Up-to-date symlink: /home/robolab/clearpath_ws/install/clearpath_motor_msgs/include/clearpath_motor_msgs/clearpath_motor_msgs/msg/detail/puma_status__builder.hpp
[0.955s] -- Up-to-date symlink: /home/robolab/clearpath_ws/install/clearpath_motor_msgs/include/clearpath_motor_msgs/clearpath_motor_msgs/msg/detail/puma_status__struct.hpp
[0.955s] -- Up-to-date symlink: /home/robolab/clearpath_ws/install/clearpath_motor_msgs/include/clearpath_motor_msgs/clearpath_motor_msgs/msg/detail/puma_status__traits.hpp
[0.959s] -- Up-to-date symlink: /home/robolab/clearpath_ws/install/clearpath_motor_msgs/include/clearpath_motor_msgs/clearpath_motor_msgs/msg/detail/puma_status__type_support.hpp
[0.959s] -- Up-to-date symlink: /home/robolab/clearpath_ws/install/clearpath_motor_msgs/include/clearpath_motor_msgs/clearpath_motor_msgs/msg/lynx_debug.hpp
[0.959s] -- Up-to-date symlink: /home/robolab/clearpath_ws/install/clearpath_motor_msgs/include/clearpath_motor_msgs/clearpath_motor_msgs/msg/lynx_feedback.hpp
[0.959s] -- Up-to-date symlink: /home/robolab/clearpath_ws/install/clearpath_motor_msgs/include/clearpath_motor_msgs/clearpath_motor_msgs/msg/lynx_motor_protection.hpp
[0.960s] -- Up-to-date symlink: /home/robolab/clearpath_ws/install/clearpath_motor_msgs/include/clearpath_motor_msgs/clearpath_motor_msgs/msg/lynx_multi_debug.hpp
[0.960s] -- Up-to-date symlink: /home/robolab/clearpath_ws/install/clearpath_motor_msgs/include/clearpath_motor_msgs/clearpath_motor_msgs/msg/lynx_multi_feedback.hpp
[0.960s] -- Up-to-date symlink: /home/robolab/clearpath_ws/install/clearpath_motor_msgs/include/clearpath_motor_msgs/clearpath_motor_msgs/msg/lynx_multi_status.hpp
[0.960s] -- Up-to-date symlink: /home/robolab/clearpath_ws/install/clearpath_motor_msgs/include/clearpath_motor_msgs/clearpath_motor_msgs/msg/lynx_status.hpp
[0.961s] -- Up-to-date symlink: /home/robolab/clearpath_ws/install/clearpath_motor_msgs/include/clearpath_motor_msgs/clearpath_motor_msgs/msg/lynx_system_protection.hpp
[0.961s] -- Up-to-date symlink: /home/robolab/clearpath_ws/install/clearpath_motor_msgs/include/clearpath_motor_msgs/clearpath_motor_msgs/msg/puma_feedback.hpp
[0.961s] -- Up-to-date symlink: /home/robolab/clearpath_ws/install/clearpath_motor_msgs/include/clearpath_motor_msgs/clearpath_motor_msgs/msg/puma_multi_feedback.hpp
[0.961s] -- Up-to-date symlink: /home/robolab/clearpath_ws/install/clearpath_motor_msgs/include/clearpath_motor_msgs/clearpath_motor_msgs/msg/puma_multi_status.hpp
[0.961s] -- Up-to-date symlink: /home/robolab/clearpath_ws/install/clearpath_motor_msgs/include/clearpath_motor_msgs/clearpath_motor_msgs/msg/puma_status.hpp
[0.961s] -- Up-to-date symlink: /home/robolab/clearpath_ws/install/clearpath_motor_msgs/include/clearpath_motor_msgs/clearpath_motor_msgs/msg/rosidl_generator_cpp__visibility_control.hpp
[0.961s] -- Up-to-date symlink: /home/robolab/clearpath_ws/install/clearpath_motor_msgs/include/clearpath_motor_msgs/clearpath_motor_msgs/action/detail/lynx_calibrate__rosidl_typesupport_fastrtps_cpp.hpp
[0.961s] -- Up-to-date symlink: /home/robolab/clearpath_ws/install/clearpath_motor_msgs/include/clearpath_motor_msgs/clearpath_motor_msgs/action/detail/lynx_update__rosidl_typesupport_fastrtps_cpp.hpp
[0.961s] -- Up-to-date symlink: /home/robolab/clearpath_ws/install/clearpath_motor_msgs/include/clearpath_motor_msgs/clearpath_motor_msgs/msg/detail/lynx_debug__rosidl_typesupport_fastrtps_cpp.hpp
[0.961s] -- Up-to-date symlink: /home/robolab/clearpath_ws/install/clearpath_motor_msgs/include/clearpath_motor_msgs/clearpath_motor_msgs/msg/detail/lynx_feedback__rosidl_typesupport_fastrtps_cpp.hpp
[0.962s] -- Up-to-date symlink: /home/robolab/clearpath_ws/install/clearpath_motor_msgs/include/clearpath_motor_msgs/clearpath_motor_msgs/msg/detail/lynx_motor_protection__rosidl_typesupport_fastrtps_cpp.hpp
[0.962s] -- Up-to-date symlink: /home/robolab/clearpath_ws/install/clearpath_motor_msgs/include/clearpath_motor_msgs/clearpath_motor_msgs/msg/detail/lynx_multi_debug__rosidl_typesupport_fastrtps_cpp.hpp
[0.962s] -- Up-to-date symlink: /home/robolab/clearpath_ws/install/clearpath_motor_msgs/include/clearpath_motor_msgs/clearpath_motor_msgs/msg/detail/lynx_multi_feedback__rosidl_typesupport_fastrtps_cpp.hpp
[0.962s] -- Up-to-date symlink: /home/robolab/clearpath_ws/install/clearpath_motor_msgs/include/clearpath_motor_msgs/clearpath_motor_msgs/msg/detail/lynx_multi_status__rosidl_typesupport_fastrtps_cpp.hpp
[0.962s] -- Up-to-date symlink: /home/robolab/clearpath_ws/install/clearpath_motor_msgs/include/clearpath_motor_msgs/clearpath_motor_msgs/msg/detail/lynx_status__rosidl_typesupport_fastrtps_cpp.hpp
[0.962s] -- Up-to-date symlink: /home/robolab/clearpath_ws/install/clearpath_motor_msgs/include/clearpath_motor_msgs/clearpath_motor_msgs/msg/detail/lynx_system_protection__rosidl_typesupport_fastrtps_cpp.hpp
[0.962s] -- Up-to-date symlink: /home/robolab/clearpath_ws/install/clearpath_motor_msgs/include/clearpath_motor_msgs/clearpath_motor_msgs/msg/detail/puma_feedback__rosidl_typesupport_fastrtps_cpp.hpp
[0.964s] -- Up-to-date symlink: /home/robolab/clearpath_ws/install/clearpath_motor_msgs/include/clearpath_motor_msgs/clearpath_motor_msgs/msg/detail/puma_multi_feedback__rosidl_typesupport_fastrtps_cpp.hpp
[0.964s] -- Up-to-date symlink: /home/robolab/clearpath_ws/install/clearpath_motor_msgs/include/clearpath_motor_msgs/clearpath_motor_msgs/msg/detail/puma_multi_status__rosidl_typesupport_fastrtps_cpp.hpp
[0.964s] -- Up-to-date symlink: /home/robolab/clearpath_ws/install/clearpath_motor_msgs/include/clearpath_motor_msgs/clearpath_motor_msgs/msg/detail/puma_status__rosidl_typesupport_fastrtps_cpp.hpp
[0.964s] -- Up-to-date symlink: /home/robolab/clearpath_ws/install/clearpath_motor_msgs/include/clearpath_motor_msgs/clearpath_motor_msgs/msg/rosidl_typesupport_fastrtps_cpp__visibility_control.h
[0.964s] -- Up-to-date symlink: /home/robolab/clearpath_ws/install/clearpath_motor_msgs/include/clearpath_motor_msgs/clearpath_motor_msgs/action/detail/lynx_calibrate__rosidl_typesupport_introspection_c.h
[0.964s] -- Up-to-date symlink: /home/robolab/clearpath_ws/install/clearpath_motor_msgs/include/clearpath_motor_msgs/clearpath_motor_msgs/action/detail/lynx_update__rosidl_typesupport_introspection_c.h
[0.964s] -- Up-to-date symlink: /home/robolab/clearpath_ws/install/clearpath_motor_msgs/include/clearpath_motor_msgs/clearpath_motor_msgs/msg/detail/lynx_debug__rosidl_typesupport_introspection_c.h
[0.964s] -- Up-to-date symlink: /home/robolab/clearpath_ws/install/clearpath_motor_msgs/include/clearpath_motor_msgs/clearpath_motor_msgs/msg/detail/lynx_feedback__rosidl_typesupport_introspection_c.h
[0.964s] -- Up-to-date symlink: /home/robolab/clearpath_ws/install/clearpath_motor_msgs/include/clearpath_motor_msgs/clearpath_motor_msgs/msg/detail/lynx_motor_protection__rosidl_typesupport_introspection_c.h
[0.965s] -- Up-to-date symlink: /home/robolab/clearpath_ws/install/clearpath_motor_msgs/include/clearpath_motor_msgs/clearpath_motor_msgs/msg/detail/lynx_multi_debug__rosidl_typesupport_introspection_c.h
[0.965s] -- Up-to-date symlink: /home/robolab/clearpath_ws/install/clearpath_motor_msgs/include/clearpath_motor_msgs/clearpath_motor_msgs/msg/detail/lynx_multi_feedback__rosidl_typesupport_introspection_c.h
[0.965s] -- Up-to-date symlink: /home/robolab/clearpath_ws/install/clearpath_motor_msgs/include/clearpath_motor_msgs/clearpath_motor_msgs/msg/detail/lynx_multi_status__rosidl_typesupport_introspection_c.h
[0.965s] -- Up-to-date symlink: /home/robolab/clearpath_ws/install/clearpath_motor_msgs/include/clearpath_motor_msgs/clearpath_motor_msgs/msg/detail/lynx_status__rosidl_typesupport_introspection_c.h
[0.965s] -- Up-to-date symlink: /home/robolab/clearpath_ws/install/clearpath_motor_msgs/include/clearpath_motor_msgs/clearpath_motor_msgs/msg/detail/lynx_system_protection__rosidl_typesupport_introspection_c.h
[0.965s] -- Up-to-date symlink: /home/robolab/clearpath_ws/install/clearpath_motor_msgs/include/clearpath_motor_msgs/clearpath_motor_msgs/msg/detail/puma_feedback__rosidl_typesupport_introspection_c.h
[0.965s] -- Up-to-date symlink: /home/robolab/clearpath_ws/install/clearpath_motor_msgs/include/clearpath_motor_msgs/clearpath_motor_msgs/msg/detail/puma_multi_feedback__rosidl_typesupport_introspection_c.h
[0.965s] -- Up-to-date symlink: /home/robolab/clearpath_ws/install/clearpath_motor_msgs/include/clearpath_motor_msgs/clearpath_motor_msgs/msg/detail/puma_multi_status__rosidl_typesupport_introspection_c.h
[0.965s] -- Up-to-date symlink: /home/robolab/clearpath_ws/install/clearpath_motor_msgs/include/clearpath_motor_msgs/clearpath_motor_msgs/msg/detail/puma_status__rosidl_typesupport_introspection_c.h
[0.965s] -- Up-to-date symlink: /home/robolab/clearpath_ws/install/clearpath_motor_msgs/include/clearpath_motor_msgs/clearpath_motor_msgs/msg/rosidl_typesupport_introspection_c__visibility_control.h
[0.965s] -- Up-to-date symlink: /home/robolab/clearpath_ws/install/clearpath_motor_msgs/include/clearpath_motor_msgs/clearpath_motor_msgs/action/detail/lynx_calibrate__rosidl_typesupport_introspection_cpp.hpp
[0.965s] -- Up-to-date symlink: /home/robolab/clearpath_ws/install/clearpath_motor_msgs/include/clearpath_motor_msgs/clearpath_motor_msgs/action/detail/lynx_update__rosidl_typesupport_introspection_cpp.hpp
[0.965s] -- Up-to-date symlink: /home/robolab/clearpath_ws/install/clearpath_motor_msgs/include/clearpath_motor_msgs/clearpath_motor_msgs/msg/detail/lynx_debug__rosidl_typesupport_introspection_cpp.hpp
[0.965s] -- Up-to-date symlink: /home/robolab/clearpath_ws/install/clearpath_motor_msgs/include/clearpath_motor_msgs/clearpath_motor_msgs/msg/detail/lynx_feedback__rosidl_typesupport_introspection_cpp.hpp
[0.966s] -- Up-to-date symlink: /home/robolab/clearpath_ws/install/clearpath_motor_msgs/include/clearpath_motor_msgs/clearpath_motor_msgs/msg/detail/lynx_motor_protection__rosidl_typesupport_introspection_cpp.hpp
[0.967s] -- Up-to-date symlink: /home/robolab/clearpath_ws/install/clearpath_motor_msgs/include/clearpath_motor_msgs/clearpath_motor_msgs/msg/detail/lynx_multi_debug__rosidl_typesupport_introspection_cpp.hpp
[0.967s] -- Up-to-date symlink: /home/robolab/clearpath_ws/install/clearpath_motor_msgs/include/clearpath_motor_msgs/clearpath_motor_msgs/msg/detail/lynx_multi_feedback__rosidl_typesupport_introspection_cpp.hpp
[0.967s] -- Up-to-date symlink: /home/robolab/clearpath_ws/install/clearpath_motor_msgs/include/clearpath_motor_msgs/clearpath_motor_msgs/msg/detail/lynx_multi_status__rosidl_typesupport_introspection_cpp.hpp
[0.967s] -- Up-to-date symlink: /home/robolab/clearpath_ws/install/clearpath_motor_msgs/include/clearpath_motor_msgs/clearpath_motor_msgs/msg/detail/lynx_status__rosidl_typesupport_introspection_cpp.hpp
[0.967s] -- Up-to-date symlink: /home/robolab/clearpath_ws/install/clearpath_motor_msgs/include/clearpath_motor_msgs/clearpath_motor_msgs/msg/detail/lynx_system_protection__rosidl_typesupport_introspection_cpp.hpp
[0.968s] -- Up-to-date symlink: /home/robolab/clearpath_ws/install/clearpath_motor_msgs/include/clearpath_motor_msgs/clearpath_motor_msgs/msg/detail/puma_feedback__rosidl_typesupport_introspection_cpp.hpp
[0.968s] -- Up-to-date symlink: /home/robolab/clearpath_ws/install/clearpath_motor_msgs/include/clearpath_motor_msgs/clearpath_motor_msgs/msg/detail/puma_multi_feedback__rosidl_typesupport_introspection_cpp.hpp
[0.968s] -- Up-to-date symlink: /home/robolab/clearpath_ws/install/clearpath_motor_msgs/include/clearpath_motor_msgs/clearpath_motor_msgs/msg/detail/puma_multi_status__rosidl_typesupport_introspection_cpp.hpp
[0.968s] -- Up-to-date symlink: /home/robolab/clearpath_ws/install/clearpath_motor_msgs/include/clearpath_motor_msgs/clearpath_motor_msgs/msg/detail/puma_status__rosidl_typesupport_introspection_cpp.hpp
[0.968s] -- Up-to-date symlink: /home/robolab/clearpath_ws/install/clearpath_motor_msgs/share/clearpath_motor_msgs/environment/pythonpath.sh
[0.968s] -- Up-to-date symlink: /home/robolab/clearpath_ws/install/clearpath_motor_msgs/share/clearpath_motor_msgs/environment/pythonpath.dsv
[0.971s] -- Up-to-date symlink: /home/robolab/clearpath_ws/install/clearpath_motor_msgs/lib/python3.12/site-packages/clearpath_motor_msgs-2.7.0-py3.12.egg-info/PKG-INFO
[0.971s] -- Up-to-date symlink: /home/robolab/clearpath_ws/install/clearpath_motor_msgs/lib/python3.12/site-packages/clearpath_motor_msgs-2.7.0-py3.12.egg-info/SOURCES.txt
[0.971s] -- Up-to-date symlink: /home/robolab/clearpath_ws/install/clearpath_motor_msgs/lib/python3.12/site-packages/clearpath_motor_msgs-2.7.0-py3.12.egg-info/dependency_links.txt
[0.971s] -- Up-to-date symlink: /home/robolab/clearpath_ws/install/clearpath_motor_msgs/lib/python3.12/site-packages/clearpath_motor_msgs-2.7.0-py3.12.egg-info/top_level.txt
[0.971s] -- Up-to-date symlink: /home/robolab/clearpath_ws/install/clearpath_motor_msgs/lib/python3.12/site-packages/clearpath_motor_msgs/__init__.py
[0.971s] -- Up-to-date symlink: /home/robolab/clearpath_ws/install/clearpath_motor_msgs/lib/python3.12/site-packages/clearpath_motor_msgs/_clearpath_motor_msgs_s.ep.rosidl_typesupport_c.c
[0.971s] -- Up-to-date symlink: /home/robolab/clearpath_ws/install/clearpath_motor_msgs/lib/python3.12/site-packages/clearpath_motor_msgs/_clearpath_motor_msgs_s.ep.rosidl_typesupport_fastrtps_c.c
[0.971s] -- Up-to-date symlink: /home/robolab/clearpath_ws/install/clearpath_motor_msgs/lib/python3.12/site-packages/clearpath_motor_msgs/_clearpath_motor_msgs_s.ep.rosidl_typesupport_introspection_c.c
[0.971s] -- Up-to-date symlink: /home/robolab/clearpath_ws/install/clearpath_motor_msgs/lib/python3.12/site-packages/clearpath_motor_msgs/action/__init__.py
[0.971s] -- Up-to-date symlink: /home/robolab/clearpath_ws/install/clearpath_motor_msgs/lib/python3.12/site-packages/clearpath_motor_msgs/action/_lynx_calibrate.py
[0.972s] -- Up-to-date symlink: /home/robolab/clearpath_ws/install/clearpath_motor_msgs/lib/python3.12/site-packages/clearpath_motor_msgs/action/_lynx_calibrate_s.c
[0.972s] -- Up-to-date symlink: /home/robolab/clearpath_ws/install/clearpath_motor_msgs/lib/python3.12/site-packages/clearpath_motor_msgs/action/_lynx_update.py
[0.972s] -- Up-to-date symlink: /home/robolab/clearpath_ws/install/clearpath_motor_msgs/lib/python3.12/site-packages/clearpath_motor_msgs/action/_lynx_update_s.c
[0.972s] -- Up-to-date symlink: /home/robolab/clearpath_ws/install/clearpath_motor_msgs/lib/python3.12/site-packages/clearpath_motor_msgs/clearpath_motor_msgs_s__rosidl_typesupport_c.so
[0.972s] -- Up-to-date symlink: /home/robolab/clearpath_ws/install/clearpath_motor_msgs/lib/python3.12/site-packages/clearpath_motor_msgs/clearpath_motor_msgs_s__rosidl_typesupport_fastrtps_c.so
[0.972s] -- Up-to-date symlink: /home/robolab/clearpath_ws/install/clearpath_motor_msgs/lib/python3.12/site-packages/clearpath_motor_msgs/clearpath_motor_msgs_s__rosidl_typesupport_introspection_c.so
[0.972s] -- Up-to-date symlink: /home/robolab/clearpath_ws/install/clearpath_motor_msgs/lib/python3.12/site-packages/clearpath_motor_msgs/msg/__init__.py
[0.972s] -- Up-to-date symlink: /home/robolab/clearpath_ws/install/clearpath_motor_msgs/lib/python3.12/site-packages/clearpath_motor_msgs/msg/_lynx_debug.py
[0.973s] -- Up-to-date symlink: /home/robolab/clearpath_ws/install/clearpath_motor_msgs/lib/python3.12/site-packages/clearpath_motor_msgs/msg/_lynx_debug_s.c
[0.973s] -- Up-to-date symlink: /home/robolab/clearpath_ws/install/clearpath_motor_msgs/lib/python3.12/site-packages/clearpath_motor_msgs/msg/_lynx_feedback.py
[0.973s] -- Up-to-date symlink: /home/robolab/clearpath_ws/install/clearpath_motor_msgs/lib/python3.12/site-packages/clearpath_motor_msgs/msg/_lynx_feedback_s.c
[0.973s] -- Up-to-date symlink: /home/robolab/clearpath_ws/install/clearpath_motor_msgs/lib/python3.12/site-packages/clearpath_motor_msgs/msg/_lynx_motor_protection.py
[0.973s] -- Up-to-date symlink: /home/robolab/clearpath_ws/install/clearpath_motor_msgs/lib/python3.12/site-packages/clearpath_motor_msgs/msg/_lynx_motor_protection_s.c
[0.973s] -- Up-to-date symlink: /home/robolab/clearpath_ws/install/clearpath_motor_msgs/lib/python3.12/site-packages/clearpath_motor_msgs/msg/_lynx_multi_debug.py
[0.973s] -- Up-to-date symlink: /home/robolab/clearpath_ws/install/clearpath_motor_msgs/lib/python3.12/site-packages/clearpath_motor_msgs/msg/_lynx_multi_debug_s.c
[0.973s] -- Up-to-date symlink: /home/robolab/clearpath_ws/install/clearpath_motor_msgs/lib/python3.12/site-packages/clearpath_motor_msgs/msg/_lynx_multi_feedback.py
[0.973s] -- Up-to-date symlink: /home/robolab/clearpath_ws/install/clearpath_motor_msgs/lib/python3.12/site-packages/clearpath_motor_msgs/msg/_lynx_multi_feedback_s.c
[0.975s] -- Up-to-date symlink: /home/robolab/clearpath_ws/install/clearpath_motor_msgs/lib/python3.12/site-packages/clearpath_motor_msgs/msg/_lynx_multi_status.py
[0.975s] -- Up-to-date symlink: /home/robolab/clearpath_ws/install/clearpath_motor_msgs/lib/python3.12/site-packages/clearpath_motor_msgs/msg/_lynx_multi_status_s.c
[0.975s] -- Up-to-date symlink: /home/robolab/clearpath_ws/install/clearpath_motor_msgs/lib/python3.12/site-packages/clearpath_motor_msgs/msg/_lynx_status.py
[0.975s] -- Up-to-date symlink: /home/robolab/clearpath_ws/install/clearpath_motor_msgs/lib/python3.12/site-packages/clearpath_motor_msgs/msg/_lynx_status_s.c
[0.975s] -- Up-to-date symlink: /home/robolab/clearpath_ws/install/clearpath_motor_msgs/lib/python3.12/site-packages/clearpath_motor_msgs/msg/_lynx_system_protection.py
[0.975s] -- Up-to-date symlink: /home/robolab/clearpath_ws/install/clearpath_motor_msgs/lib/python3.12/site-packages/clearpath_motor_msgs/msg/_lynx_system_protection_s.c
[0.975s] -- Up-to-date symlink: /home/robolab/clearpath_ws/install/clearpath_motor_msgs/lib/python3.12/site-packages/clearpath_motor_msgs/msg/_puma_feedback.py
[0.975s] -- Up-to-date symlink: /home/robolab/clearpath_ws/install/clearpath_motor_msgs/lib/python3.12/site-packages/clearpath_motor_msgs/msg/_puma_feedback_s.c
[0.975s] -- Up-to-date symlink: /home/robolab/clearpath_ws/install/clearpath_motor_msgs/lib/python3.12/site-packages/clearpath_motor_msgs/msg/_puma_multi_feedback.py
[0.975s] -- Up-to-date symlink: /home/robolab/clearpath_ws/install/clearpath_motor_msgs/lib/python3.12/site-packages/clearpath_motor_msgs/msg/_puma_multi_feedback_s.c
[0.976s] -- Up-to-date symlink: /home/robolab/clearpath_ws/install/clearpath_motor_msgs/lib/python3.12/site-packages/clearpath_motor_msgs/msg/_puma_multi_status.py
[0.976s] -- Up-to-date symlink: /home/robolab/clearpath_ws/install/clearpath_motor_msgs/lib/python3.12/site-packages/clearpath_motor_msgs/msg/_puma_multi_status_s.c
[0.976s] -- Up-to-date symlink: /home/robolab/clearpath_ws/install/clearpath_motor_msgs/lib/python3.12/site-packages/clearpath_motor_msgs/msg/_puma_status.py
[0.976s] -- Up-to-date symlink: /home/robolab/clearpath_ws/install/clearpath_motor_msgs/lib/python3.12/site-packages/clearpath_motor_msgs/msg/_puma_status_s.c
[0.976s] -- Up-to-date symlink: /home/robolab/clearpath_ws/install/clearpath_motor_msgs/lib/python3.12/site-packages/clearpath_motor_msgs/clearpath_motor_msgs_s__rosidl_typesupport_fastrtps_c.so
[0.976s] -- Up-to-date symlink: /home/robolab/clearpath_ws/install/clearpath_motor_msgs/lib/python3.12/site-packages/clearpath_motor_msgs/clearpath_motor_msgs_s__rosidl_typesupport_introspection_c.so
[0.976s] -- Up-to-date symlink: /home/robolab/clearpath_ws/install/clearpath_motor_msgs/lib/python3.12/site-packages/clearpath_motor_msgs/clearpath_motor_msgs_s__rosidl_typesupport_c.so
[0.976s] -- Up-to-date symlink: /home/robolab/clearpath_ws/install/clearpath_motor_msgs/share/clearpath_motor_msgs/action/LynxCalibrate.idl
[0.976s] -- Up-to-date symlink: /home/robolab/clearpath_ws/install/clearpath_motor_msgs/share/clearpath_motor_msgs/action/LynxUpdate.idl
[0.976s] -- Up-to-date symlink: /home/robolab/clearpath_ws/install/clearpath_motor_msgs/share/clearpath_motor_msgs/msg/LynxDebug.idl
[0.976s] -- Up-to-date symlink: /home/robolab/clearpath_ws/install/clearpath_motor_msgs/share/clearpath_motor_msgs/msg/LynxFeedback.idl
[0.976s] -- Up-to-date symlink: /home/robolab/clearpath_ws/install/clearpath_motor_msgs/share/clearpath_motor_msgs/msg/LynxMotorProtection.idl
[0.976s] -- Up-to-date symlink: /home/robolab/clearpath_ws/install/clearpath_motor_msgs/share/clearpath_motor_msgs/msg/LynxMultiDebug.idl
[0.976s] -- Up-to-date symlink: /home/robolab/clearpath_ws/install/clearpath_motor_msgs/share/clearpath_motor_msgs/msg/LynxMultiFeedback.idl
[0.976s] -- Up-to-date symlink: /home/robolab/clearpath_ws/install/clearpath_motor_msgs/share/clearpath_motor_msgs/msg/LynxMultiStatus.idl
[0.977s] -- Up-to-date symlink: /home/robolab/clearpath_ws/install/clearpath_motor_msgs/share/clearpath_motor_msgs/msg/LynxStatus.idl
[0.977s] -- Up-to-date symlink: /home/robolab/clearpath_ws/install/clearpath_motor_msgs/share/clearpath_motor_msgs/msg/LynxSystemProtection.idl
[0.977s] -- Up-to-date symlink: /home/robolab/clearpath_ws/install/clearpath_motor_msgs/share/clearpath_motor_msgs/msg/PumaFeedback.idl
[0.977s] -- Up-to-date symlink: /home/robolab/clearpath_ws/install/clearpath_motor_msgs/share/clearpath_motor_msgs/msg/PumaStatus.idl
[0.977s] -- Up-to-date symlink: /home/robolab/clearpath_ws/install/clearpath_motor_msgs/share/clearpath_motor_msgs/msg/PumaMultiFeedback.idl
[0.977s] -- Up-to-date symlink: /home/robolab/clearpath_ws/install/clearpath_motor_msgs/share/clearpath_motor_msgs/msg/PumaMultiStatus.idl
[0.977s] -- Up-to-date symlink: /home/robolab/clearpath_ws/install/clearpath_motor_msgs/share/clearpath_motor_msgs/action/LynxCalibrate.action
[0.977s] -- Up-to-date symlink: /home/robolab/clearpath_ws/install/clearpath_motor_msgs/share/clearpath_motor_msgs/action/LynxUpdate.action
[0.977s] -- Up-to-date symlink: /home/robolab/clearpath_ws/install/clearpath_motor_msgs/share/clearpath_motor_msgs/msg/LynxDebug.msg
[0.977s] -- Up-to-date symlink: /home/robolab/clearpath_ws/install/clearpath_motor_msgs/share/clearpath_motor_msgs/msg/LynxFeedback.msg
[0.977s] -- Up-to-date symlink: /home/robolab/clearpath_ws/install/clearpath_motor_msgs/share/clearpath_motor_msgs/msg/LynxMotorProtection.msg
[0.978s] -- Up-to-date symlink: /home/robolab/clearpath_ws/install/clearpath_motor_msgs/share/clearpath_motor_msgs/msg/LynxMultiDebug.msg
[0.978s] -- Up-to-date symlink: /home/robolab/clearpath_ws/install/clearpath_motor_msgs/share/clearpath_motor_msgs/msg/LynxMultiFeedback.msg
[0.978s] -- Up-to-date symlink: /home/robolab/clearpath_ws/install/clearpath_motor_msgs/share/clearpath_motor_msgs/msg/LynxMultiStatus.msg
[0.978s] -- Up-to-date symlink: /home/robolab/clearpath_ws/install/clearpath_motor_msgs/share/clearpath_motor_msgs/msg/LynxStatus.msg
[0.978s] -- Up-to-date symlink: /home/robolab/clearpath_ws/install/clearpath_motor_msgs/share/clearpath_motor_msgs/msg/LynxSystemProtection.msg
[0.978s] -- Up-to-date symlink: /home/robolab/clearpath_ws/install/clearpath_motor_msgs/share/clearpath_motor_msgs/msg/PumaFeedback.msg
[0.978s] -- Up-to-date symlink: /home/robolab/clearpath_ws/install/clearpath_motor_msgs/share/clearpath_motor_msgs/msg/PumaStatus.msg
[0.978s] -- Up-to-date symlink: /home/robolab/clearpath_ws/install/clearpath_motor_msgs/share/clearpath_motor_msgs/msg/PumaMultiFeedback.msg
[0.978s] -- Up-to-date symlink: /home/robolab/clearpath_ws/install/clearpath_motor_msgs/share/clearpath_motor_msgs/msg/PumaMultiStatus.msg
[0.978s] -- Up-to-date symlink: /home/robolab/clearpath_ws/install/clearpath_motor_msgs/share/ament_index/resource_index/package_run_dependencies/clearpath_motor_msgs
[0.979s] -- Up-to-date symlink: /home/robolab/clearpath_ws/install/clearpath_motor_msgs/share/ament_index/resource_index/parent_prefix_path/clearpath_motor_msgs
[0.979s] -- Up-to-date symlink: /home/robolab/clearpath_ws/install/clearpath_motor_msgs/share/clearpath_motor_msgs/environment/ament_prefix_path.sh
[0.979s] -- Up-to-date symlink: /home/robolab/clearpath_ws/install/clearpath_motor_msgs/share/clearpath_motor_msgs/environment/ament_prefix_path.dsv
[0.979s] -- Up-to-date symlink: /home/robolab/clearpath_ws/install/clearpath_motor_msgs/share/clearpath_motor_msgs/environment/path.sh
[0.979s] -- Up-to-date symlink: /home/robolab/clearpath_ws/install/clearpath_motor_msgs/share/clearpath_motor_msgs/environment/path.dsv
[0.979s] -- Up-to-date symlink: /home/robolab/clearpath_ws/install/clearpath_motor_msgs/share/clearpath_motor_msgs/local_setup.bash
[0.979s] -- Up-to-date symlink: /home/robolab/clearpath_ws/install/clearpath_motor_msgs/share/clearpath_motor_msgs/local_setup.sh
[0.979s] -- Up-to-date symlink: /home/robolab/clearpath_ws/install/clearpath_motor_msgs/share/clearpath_motor_msgs/local_setup.zsh
[0.979s] -- Up-to-date symlink: /home/robolab/clearpath_ws/install/clearpath_motor_msgs/share/clearpath_motor_msgs/local_setup.dsv
[0.979s] -- Symlinking: /home/robolab/clearpath_ws/install/clearpath_motor_msgs/share/clearpath_motor_msgs/package.dsv
[0.980s] -- Up-to-date symlink: /home/robolab/clearpath_ws/install/clearpath_motor_msgs/share/ament_index/resource_index/packages/clearpath_motor_msgs
[0.980s] -- Up-to-date symlink: /home/robolab/clearpath_ws/install/clearpath_motor_msgs/share/clearpath_motor_msgs/cmake/rosidl_cmake-extras.cmake
[0.980s] -- Up-to-date symlink: /home/robolab/clearpath_ws/install/clearpath_motor_msgs/share/clearpath_motor_msgs/cmake/ament_cmake_export_dependencies-extras.cmake
[0.980s] -- Up-to-date symlink: /home/robolab/clearpath_ws/install/clearpath_motor_msgs/share/clearpath_motor_msgs/cmake/ament_cmake_export_include_directories-extras.cmake
[0.980s] -- Up-to-date symlink: /home/robolab/clearpath_ws/install/clearpath_motor_msgs/share/clearpath_motor_msgs/cmake/ament_cmake_export_libraries-extras.cmake
[0.981s] -- Up-to-date symlink: /home/robolab/clearpath_ws/install/clearpath_motor_msgs/share/clearpath_motor_msgs/cmake/ament_cmake_export_targets-extras.cmake
[0.981s] -- Up-to-date symlink: /home/robolab/clearpath_ws/install/clearpath_motor_msgs/share/clearpath_motor_msgs/cmake/rosidl_cmake_export_typesupport_targets-extras.cmake
[0.981s] -- Up-to-date symlink: /home/robolab/clearpath_ws/install/clearpath_motor_msgs/share/clearpath_motor_msgs/cmake/rosidl_cmake_export_typesupport_libraries-extras.cmake
[0.981s] -- Up-to-date symlink: /home/robolab/clearpath_ws/install/clearpath_motor_msgs/share/clearpath_motor_msgs/cmake/clearpath_motor_msgsConfig.cmake
[0.981s] -- Up-to-date symlink: /home/robolab/clearpath_ws/install/clearpath_motor_msgs/share/clearpath_motor_msgs/cmake/clearpath_motor_msgsConfig-version.cmake
[0.981s] -- Up-to-date symlink: /home/robolab/clearpath_ws/install/clearpath_motor_msgs/share/clearpath_motor_msgs/package.xml
[0.981s] -- Up-to-date: /home/robolab/clearpath_ws/install/clearpath_motor_msgs/lib/libclearpath_motor_msgs__rosidl_generator_c.so
[0.981s] -- Up-to-date: /home/robolab/clearpath_ws/install/clearpath_motor_msgs/lib/libclearpath_motor_msgs__rosidl_typesupport_fastrtps_c.so
[0.981s] -- Up-to-date: /home/robolab/clearpath_ws/install/clearpath_motor_msgs/lib/libclearpath_motor_msgs__rosidl_typesupport_fastrtps_cpp.so
[0.981s] -- Up-to-date: /home/robolab/clearpath_ws/install/clearpath_motor_msgs/lib/libclearpath_motor_msgs__rosidl_typesupport_introspection_c.so
[0.981s] -- Up-to-date: /home/robolab/clearpath_ws/install/clearpath_motor_msgs/lib/libclearpath_motor_msgs__rosidl_typesupport_c.so
[0.981s] -- Up-to-date: /home/robolab/clearpath_ws/install/clearpath_motor_msgs/lib/libclearpath_motor_msgs__rosidl_typesupport_introspection_cpp.so
[0.981s] -- Up-to-date: /home/robolab/clearpath_ws/install/clearpath_motor_msgs/lib/libclearpath_motor_msgs__rosidl_typesupport_cpp.so
[1.029s] Listing '/home/robolab/clearpath_ws/install/clearpath_motor_msgs/lib/python3.12/site-packages/clearpath_motor_msgs'...
[1.029s] Listing '/home/robolab/clearpath_ws/install/clearpath_motor_msgs/lib/python3.12/site-packages/clearpath_motor_msgs/action'...
[1.030s] Listing '/home/robolab/clearpath_ws/install/clearpath_motor_msgs/lib/python3.12/site-packages/clearpath_motor_msgs/msg'...
[1.038s] -- Up-to-date: /home/robolab/clearpath_ws/install/clearpath_motor_msgs/lib/libclearpath_motor_msgs__rosidl_generator_py.so
[1.039s] -- Up-to-date: /home/robolab/clearpath_ws/install/clearpath_motor_msgs/share/clearpath_motor_msgs/cmake/export_clearpath_motor_msgs__rosidl_generator_cExport.cmake
[1.039s] -- Up-to-date: /home/robolab/clearpath_ws/install/clearpath_motor_msgs/share/clearpath_motor_msgs/cmake/export_clearpath_motor_msgs__rosidl_generator_cExport-noconfig.cmake
[1.039s] -- Up-to-date: /home/robolab/clearpath_ws/install/clearpath_motor_msgs/share/clearpath_motor_msgs/cmake/export_clearpath_motor_msgs__rosidl_typesupport_fastrtps_cExport.cmake
[1.039s] -- Up-to-date: /home/robolab/clearpath_ws/install/clearpath_motor_msgs/share/clearpath_motor_msgs/cmake/export_clearpath_motor_msgs__rosidl_typesupport_fastrtps_cExport-noconfig.cmake
[1.039s] -- Up-to-date: /home/robolab/clearpath_ws/install/clearpath_motor_msgs/share/clearpath_motor_msgs/cmake/export_clearpath_motor_msgs__rosidl_generator_cppExport.cmake
[1.042s] -- Up-to-date: /home/robolab/clearpath_ws/install/clearpath_motor_msgs/share/clearpath_motor_msgs/cmake/export_clearpath_motor_msgs__rosidl_typesupport_fastrtps_cppExport.cmake
[1.042s] -- Up-to-date: /home/robolab/clearpath_ws/install/clearpath_motor_msgs/share/clearpath_motor_msgs/cmake/export_clearpath_motor_msgs__rosidl_typesupport_fastrtps_cppExport-noconfig.cmake
[1.042s] -- Up-to-date: /home/robolab/clearpath_ws/install/clearpath_motor_msgs/share/clearpath_motor_msgs/cmake/clearpath_motor_msgs__rosidl_typesupport_introspection_cExport.cmake
[1.042s] -- Up-to-date: /home/robolab/clearpath_ws/install/clearpath_motor_msgs/share/clearpath_motor_msgs/cmake/clearpath_motor_msgs__rosidl_typesupport_introspection_cExport-noconfig.cmake
[1.042s] -- Up-to-date: /home/robolab/clearpath_ws/install/clearpath_motor_msgs/share/clearpath_motor_msgs/cmake/clearpath_motor_msgs__rosidl_typesupport_cExport.cmake
[1.042s] -- Up-to-date: /home/robolab/clearpath_ws/install/clearpath_motor_msgs/share/clearpath_motor_msgs/cmake/clearpath_motor_msgs__rosidl_typesupport_cExport-noconfig.cmake
[1.042s] -- Up-to-date: /home/robolab/clearpath_ws/install/clearpath_motor_msgs/share/clearpath_motor_msgs/cmake/clearpath_motor_msgs__rosidl_typesupport_introspection_cppExport.cmake
[1.042s] -- Up-to-date: /home/robolab/clearpath_ws/install/clearpath_motor_msgs/share/clearpath_motor_msgs/cmake/clearpath_motor_msgs__rosidl_typesupport_introspection_cppExport-noconfig.cmake
[1.043s] -- Up-to-date: /home/robolab/clearpath_ws/install/clearpath_motor_msgs/share/clearpath_motor_msgs/cmake/clearpath_motor_msgs__rosidl_typesupport_cppExport.cmake
[1.043s] -- Up-to-date: /home/robolab/clearpath_ws/install/clearpath_motor_msgs/share/clearpath_motor_msgs/cmake/clearpath_motor_msgs__rosidl_typesupport_cppExport-noconfig.cmake
[1.043s] -- Up-to-date: /home/robolab/clearpath_ws/install/clearpath_motor_msgs/share/clearpath_motor_msgs/cmake/export_clearpath_motor_msgs__rosidl_generator_pyExport.cmake
[1.043s] -- Up-to-date: /home/robolab/clearpath_ws/install/clearpath_motor_msgs/share/clearpath_motor_msgs/cmake/export_clearpath_motor_msgs__rosidl_generator_pyExport-noconfig.cmake
[1.058s] Invoked command in '/home/robolab/clearpath_ws/build/clearpath_motor_msgs' returned '0': CMAKE_PREFIX_PATH=${CMAKE_PREFIX_PATH}:/opt/ros/jazzy DEBUGINFOD_URLS=https://debuginfod.ubuntu.com /usr/bin/cmake --install /home/robolab/clearpath_ws/build/clearpath_motor_msgs
