[1.245s] Invoking command in '/home/robolab/clearpath_ws/build/clearpath_config': DEBUGINFOD_URLS=https://debuginfod.ubuntu.com PYTHONPATH=/home/robolab/clearpath_ws/build/clearpath_config/prefix_override:/usr/lib/python3/dist-packages/colcon_core/task/python/colcon_distutils_commands:/home/robolab/clearpath_ws/install/clearpath_config/lib/python3.12/site-packages:${PYTHONPATH} /usr/bin/python3 -W ignore:setup.py install is deprecated -W ignore:easy_install command is deprecated setup.py develop --editable --build-directory /home/robolab/clearpath_ws/build/clearpath_config/build --no-deps symlink_data
[1.733s] running develop
[2.028s] running egg_info
[2.028s] creating clearpath_config.egg-info
[2.064s] writing clearpath_config.egg-info/PKG-INFO
[2.064s] writing dependency_links to clearpath_config.egg-info/dependency_links.txt
[2.064s] writing requirements to clearpath_config.egg-info/requires.txt
[2.064s] writing top-level names to clearpath_config.egg-info/top_level.txt
[2.064s] writing manifest file 'clearpath_config.egg-info/SOURCES.txt'
[2.122s] reading manifest file 'clearpath_config.egg-info/SOURCES.txt'
[2.125s] writing manifest file 'clearpath_config.egg-info/SOURCES.txt'
[2.156s] running build_ext
[2.158s] Creating /home/robolab/clearpath_ws/install/clearpath_config/lib/python3.12/site-packages/clearpath-config.egg-link (link to .)
[2.158s] 
[2.158s] Installed /home/robolab/clearpath_ws/build/clearpath_config
[2.158s] running symlink_data
[2.158s] creating /home/robolab/clearpath_ws/install/clearpath_config/share/ament_index
[2.158s] creating /home/robolab/clearpath_ws/install/clearpath_config/share/ament_index/resource_index
[2.158s] creating /home/robolab/clearpath_ws/install/clearpath_config/share/ament_index/resource_index/packages
[2.158s] symbolically linking /home/robolab/clearpath_ws/build/clearpath_config/resource/clearpath_config -> /home/robolab/clearpath_ws/install/clearpath_config/share/ament_index/resource_index/packages
[2.158s] symbolically linking /home/robolab/clearpath_ws/build/clearpath_config/package.xml -> /home/robolab/clearpath_ws/install/clearpath_config/share/clearpath_config
[2.158s] creating /home/robolab/clearpath_ws/install/clearpath_config/share/clearpath_config/sample
[2.158s] symbolically linking /home/robolab/clearpath_ws/build/clearpath_config/clearpath_config/sample/do150/do150_outline.yaml -> /home/robolab/clearpath_ws/install/clearpath_config/share/clearpath_config/sample
[2.158s] symbolically linking /home/robolab/clearpath_ws/build/clearpath_config/clearpath_config/sample/do150/do150_dual_laser.yaml -> /home/robolab/clearpath_ws/install/clearpath_config/share/clearpath_config/sample
[2.158s] symbolically linking /home/robolab/clearpath_ws/build/clearpath_config/clearpath_config/sample/do150/do150_uros.yaml -> /home/robolab/clearpath_ws/install/clearpath_config/share/clearpath_config/sample
[2.159s] symbolically linking /home/robolab/clearpath_ws/build/clearpath_config/clearpath_config/sample/do150/do150_velodyne.yaml -> /home/robolab/clearpath_ws/install/clearpath_config/share/clearpath_config/sample
[2.159s] symbolically linking /home/robolab/clearpath_ws/build/clearpath_config/clearpath_config/sample/do150/do150_default.yaml -> /home/robolab/clearpath_ws/install/clearpath_config/share/clearpath_config/sample
[2.159s] symbolically linking /home/robolab/clearpath_ws/build/clearpath_config/clearpath_config/sample/sensors/fixposition_xvn.yaml -> /home/robolab/clearpath_ws/install/clearpath_config/share/clearpath_config/sample
[2.159s] symbolically linking /home/robolab/clearpath_ws/build/clearpath_config/clearpath_config/sample/sensors/sick_lms1xx.yaml -> /home/robolab/clearpath_ws/install/clearpath_config/share/clearpath_config/sample
[2.160s] symbolically linking /home/robolab/clearpath_ws/build/clearpath_config/clearpath_config/sample/sensors/microstrain_gv7.yaml -> /home/robolab/clearpath_ws/install/clearpath_config/share/clearpath_config/sample
[2.160s] symbolically linking /home/robolab/clearpath_ws/build/clearpath_config/clearpath_config/sample/sensors/novatel_smart7.yaml -> /home/robolab/clearpath_ws/install/clearpath_config/share/clearpath_config/sample
[2.160s] symbolically linking /home/robolab/clearpath_ws/build/clearpath_config/clearpath_config/sample/sensors/novatel_smart6.yaml -> /home/robolab/clearpath_ws/install/clearpath_config/share/clearpath_config/sample
[2.160s] symbolically linking /home/robolab/clearpath_ws/build/clearpath_config/clearpath_config/sample/sensors/hokuyo_ust.yaml -> /home/robolab/clearpath_ws/install/clearpath_config/share/clearpath_config/sample
[2.161s] symbolically linking /home/robolab/clearpath_ws/build/clearpath_config/clearpath_config/sample/sensors/intel_realsense.yaml -> /home/robolab/clearpath_ws/install/clearpath_config/share/clearpath_config/sample
[2.161s] symbolically linking /home/robolab/clearpath_ws/build/clearpath_config/clearpath_config/sample/sensors/chrobotics_um6.yaml -> /home/robolab/clearpath_ws/install/clearpath_config/share/clearpath_config/sample
[2.163s] symbolically linking /home/robolab/clearpath_ws/build/clearpath_config/clearpath_config/sample/sensors/axis_camera.yaml -> /home/robolab/clearpath_ws/install/clearpath_config/share/clearpath_config/sample
[2.163s] symbolically linking /home/robolab/clearpath_ws/build/clearpath_config/clearpath_config/sample/sensors/microstrain_gq7.yaml -> /home/robolab/clearpath_ws/install/clearpath_config/share/clearpath_config/sample
[2.163s] symbolically linking /home/robolab/clearpath_ws/build/clearpath_config/clearpath_config/sample/sensors/luxonis_oakd.yaml -> /home/robolab/clearpath_ws/install/clearpath_config/share/clearpath_config/sample
[2.163s] symbolically linking /home/robolab/clearpath_ws/build/clearpath_config/clearpath_config/sample/sensors/seyond_lidar.yaml -> /home/robolab/clearpath_ws/install/clearpath_config/share/clearpath_config/sample
[2.163s] symbolically linking /home/robolab/clearpath_ws/build/clearpath_config/clearpath_config/sample/sensors/velodyne_lidar.yaml -> /home/robolab/clearpath_ws/install/clearpath_config/share/clearpath_config/sample
[2.163s] symbolically linking /home/robolab/clearpath_ws/build/clearpath_config/clearpath_config/sample/sensors/ouster_os1.yaml -> /home/robolab/clearpath_ws/install/clearpath_config/share/clearpath_config/sample
[2.163s] symbolically linking /home/robolab/clearpath_ws/build/clearpath_config/clearpath_config/sample/sensors/redshift_um7.yaml -> /home/robolab/clearpath_ws/install/clearpath_config/share/clearpath_config/sample
[2.163s] symbolically linking /home/robolab/clearpath_ws/build/clearpath_config/clearpath_config/sample/sensors/flir_blackfly.yaml -> /home/robolab/clearpath_ws/install/clearpath_config/share/clearpath_config/sample
[2.163s] symbolically linking /home/robolab/clearpath_ws/build/clearpath_config/clearpath_config/sample/sensors/stereolabs_zed.yaml -> /home/robolab/clearpath_ws/install/clearpath_config/share/clearpath_config/sample
[2.163s] symbolically linking /home/robolab/clearpath_ws/build/clearpath_config/clearpath_config/sample/sensors/garmin_18x.yaml -> /home/robolab/clearpath_ws/install/clearpath_config/share/clearpath_config/sample
[2.163s] symbolically linking /home/robolab/clearpath_ws/build/clearpath_config/clearpath_config/sample/sensors/microstrain_imu.yaml -> /home/robolab/clearpath_ws/install/clearpath_config/share/clearpath_config/sample
[2.163s] symbolically linking /home/robolab/clearpath_ws/build/clearpath_config/clearpath_config/sample/sensors/swiftnav_duro.yaml -> /home/robolab/clearpath_ws/install/clearpath_config/share/clearpath_config/sample
[2.164s] symbolically linking /home/robolab/clearpath_ws/build/clearpath_config/clearpath_config/sample/sensors/phidgets_spatial.yaml -> /home/robolab/clearpath_ws/install/clearpath_config/share/clearpath_config/sample
[2.164s] symbolically linking /home/robolab/clearpath_ws/build/clearpath_config/clearpath_config/sample/dd150/dd150_velodyne.yaml -> /home/robolab/clearpath_ws/install/clearpath_config/share/clearpath_config/sample
[2.164s] symbolically linking /home/robolab/clearpath_ws/build/clearpath_config/clearpath_config/sample/dd150/dd150_default.yaml -> /home/robolab/clearpath_ws/install/clearpath_config/share/clearpath_config/sample
[2.164s] symbolically linking /home/robolab/clearpath_ws/build/clearpath_config/clearpath_config/sample/dd150/dd150_uros.yaml -> /home/robolab/clearpath_ws/install/clearpath_config/share/clearpath_config/sample
[2.164s] symbolically linking /home/robolab/clearpath_ws/build/clearpath_config/clearpath_config/sample/dd150/dd150_dual_laser.yaml -> /home/robolab/clearpath_ws/install/clearpath_config/share/clearpath_config/sample
[2.164s] symbolically linking /home/robolab/clearpath_ws/build/clearpath_config/clearpath_config/sample/dd150/dd150_outline.yaml -> /home/robolab/clearpath_ws/install/clearpath_config/share/clearpath_config/sample
[2.164s] symbolically linking /home/robolab/clearpath_ws/build/clearpath_config/clearpath_config/sample/manipulators/grippers/kinova_2f_lite.yaml -> /home/robolab/clearpath_ws/install/clearpath_config/share/clearpath_config/sample
[2.165s] symbolically linking /home/robolab/clearpath_ws/build/clearpath_config/clearpath_config/sample/manipulators/grippers/robotiq_2f_140.yaml -> /home/robolab/clearpath_ws/install/clearpath_config/share/clearpath_config/sample
[2.165s] symbolically linking /home/robolab/clearpath_ws/build/clearpath_config/clearpath_config/sample/manipulators/grippers/robotiq_2f_85.yaml -> /home/robolab/clearpath_ws/install/clearpath_config/share/clearpath_config/sample
[2.165s] symbolically linking /home/robolab/clearpath_ws/build/clearpath_config/clearpath_config/sample/manipulators/arms/kinova_gen3_7dof.yaml -> /home/robolab/clearpath_ws/install/clearpath_config/share/clearpath_config/sample
[2.165s] symbolically linking /home/robolab/clearpath_ws/build/clearpath_config/clearpath_config/sample/manipulators/arms/universal_robots.yaml -> /home/robolab/clearpath_ws/install/clearpath_config/share/clearpath_config/sample
[2.166s] symbolically linking /home/robolab/clearpath_ws/build/clearpath_config/clearpath_config/sample/manipulators/arms/kinova_gen3_6dof.yaml -> /home/robolab/clearpath_ws/install/clearpath_config/share/clearpath_config/sample
[2.168s] symbolically linking /home/robolab/clearpath_ws/build/clearpath_config/clearpath_config/sample/manipulators/arms/kinova_gen3_lite.yaml -> /home/robolab/clearpath_ws/install/clearpath_config/share/clearpath_config/sample
[2.168s] symbolically linking /home/robolab/clearpath_ws/build/clearpath_config/clearpath_config/sample/do100/do100_default.yaml -> /home/robolab/clearpath_ws/install/clearpath_config/share/clearpath_config/sample
[2.168s] symbolically linking /home/robolab/clearpath_ws/build/clearpath_config/clearpath_config/sample/do100/do100_dual_laser.yaml -> /home/robolab/clearpath_ws/install/clearpath_config/share/clearpath_config/sample
[2.168s] symbolically linking /home/robolab/clearpath_ws/build/clearpath_config/clearpath_config/sample/do100/do100_velodyne.yaml -> /home/robolab/clearpath_ws/install/clearpath_config/share/clearpath_config/sample
[2.168s] symbolically linking /home/robolab/clearpath_ws/build/clearpath_config/clearpath_config/sample/do100/do100_uros.yaml -> /home/robolab/clearpath_ws/install/clearpath_config/share/clearpath_config/sample
[2.168s] symbolically linking /home/robolab/clearpath_ws/build/clearpath_config/clearpath_config/sample/do100/do100_outline.yaml -> /home/robolab/clearpath_ws/install/clearpath_config/share/clearpath_config/sample
[2.168s] symbolically linking /home/robolab/clearpath_ws/build/clearpath_config/clearpath_config/sample/r100/r100_default.yaml -> /home/robolab/clearpath_ws/install/clearpath_config/share/clearpath_config/sample
[2.168s] symbolically linking /home/robolab/clearpath_ws/build/clearpath_config/clearpath_config/sample/r100/r100_outline.yaml -> /home/robolab/clearpath_ws/install/clearpath_config/share/clearpath_config/sample
[2.168s] symbolically linking /home/robolab/clearpath_ws/build/clearpath_config/clearpath_config/sample/r100/r100_dual_laser.yaml -> /home/robolab/clearpath_ws/install/clearpath_config/share/clearpath_config/sample
[2.168s] symbolically linking /home/robolab/clearpath_ws/build/clearpath_config/clearpath_config/sample/r100/r100_uros.yaml -> /home/robolab/clearpath_ws/install/clearpath_config/share/clearpath_config/sample
[2.168s] symbolically linking /home/robolab/clearpath_ws/build/clearpath_config/clearpath_config/sample/r100/r100_dual_laser_hokuyo.yaml -> /home/robolab/clearpath_ws/install/clearpath_config/share/clearpath_config/sample
[2.168s] symbolically linking /home/robolab/clearpath_ws/build/clearpath_config/clearpath_config/sample/a200/a200_sample.yaml -> /home/robolab/clearpath_ws/install/clearpath_config/share/clearpath_config/sample
[2.169s] symbolically linking /home/robolab/clearpath_ws/build/clearpath_config/clearpath_config/sample/a200/a200_dual_laser.yaml -> /home/robolab/clearpath_ws/install/clearpath_config/share/clearpath_config/sample
[2.169s] symbolically linking /home/robolab/clearpath_ws/build/clearpath_config/clearpath_config/sample/a200/a200_default.yaml -> /home/robolab/clearpath_ws/install/clearpath_config/share/clearpath_config/sample
[2.169s] symbolically linking /home/robolab/clearpath_ws/build/clearpath_config/clearpath_config/sample/a200/a200_observer.yaml -> /home/robolab/clearpath_ws/install/clearpath_config/share/clearpath_config/sample
[2.169s] symbolically linking /home/robolab/clearpath_ws/build/clearpath_config/clearpath_config/sample/a200/a200_outline.yaml -> /home/robolab/clearpath_ws/install/clearpath_config/share/clearpath_config/sample
[2.169s] symbolically linking /home/robolab/clearpath_ws/build/clearpath_config/clearpath_config/sample/a200/a200_velodyne.yaml -> /home/robolab/clearpath_ws/install/clearpath_config/share/clearpath_config/sample
[2.169s] symbolically linking /home/robolab/clearpath_ws/build/clearpath_config/clearpath_config/sample/dd100/dd100_dual_laser.yaml -> /home/robolab/clearpath_ws/install/clearpath_config/share/clearpath_config/sample
[2.169s] symbolically linking /home/robolab/clearpath_ws/build/clearpath_config/clearpath_config/sample/dd100/dd100_uros.yaml -> /home/robolab/clearpath_ws/install/clearpath_config/share/clearpath_config/sample
[2.169s] symbolically linking /home/robolab/clearpath_ws/build/clearpath_config/clearpath_config/sample/dd100/dd100_outline.yaml -> /home/robolab/clearpath_ws/install/clearpath_config/share/clearpath_config/sample
[2.169s] symbolically linking /home/robolab/clearpath_ws/build/clearpath_config/clearpath_config/sample/dd100/dd100_velodyne.yaml -> /home/robolab/clearpath_ws/install/clearpath_config/share/clearpath_config/sample
[2.169s] symbolically linking /home/robolab/clearpath_ws/build/clearpath_config/clearpath_config/sample/dd100/dd100_default.yaml -> /home/robolab/clearpath_ws/install/clearpath_config/share/clearpath_config/sample
[2.170s] symbolically linking /home/robolab/clearpath_ws/build/clearpath_config/clearpath_config/sample/j100/j100_outline.yaml -> /home/robolab/clearpath_ws/install/clearpath_config/share/clearpath_config/sample
[2.170s] symbolically linking /home/robolab/clearpath_ws/build/clearpath_config/clearpath_config/sample/j100/j100_dual_laser.yaml -> /home/robolab/clearpath_ws/install/clearpath_config/share/clearpath_config/sample
[2.170s] symbolically linking /home/robolab/clearpath_ws/build/clearpath_config/clearpath_config/sample/j100/j100_uros.yaml -> /home/robolab/clearpath_ws/install/clearpath_config/share/clearpath_config/sample
[2.170s] symbolically linking /home/robolab/clearpath_ws/build/clearpath_config/clearpath_config/sample/j100/j100_default.yaml -> /home/robolab/clearpath_ws/install/clearpath_config/share/clearpath_config/sample
[2.171s] symbolically linking /home/robolab/clearpath_ws/build/clearpath_config/clearpath_config/sample/j100/j100_microstrain_gq7.yaml -> /home/robolab/clearpath_ws/install/clearpath_config/share/clearpath_config/sample
[2.171s] symbolically linking /home/robolab/clearpath_ws/build/clearpath_config/clearpath_config/sample/j100/j100_velodyne.yaml -> /home/robolab/clearpath_ws/install/clearpath_config/share/clearpath_config/sample
[2.171s] symbolically linking /home/robolab/clearpath_ws/build/clearpath_config/clearpath_config/sample/j100/j100_sample.yaml -> /home/robolab/clearpath_ws/install/clearpath_config/share/clearpath_config/sample
[2.171s] symbolically linking /home/robolab/clearpath_ws/build/clearpath_config/clearpath_config/sample/a300/a300_dual_laser.yaml -> /home/robolab/clearpath_ws/install/clearpath_config/share/clearpath_config/sample
[2.172s] symbolically linking /home/robolab/clearpath_ws/build/clearpath_config/clearpath_config/sample/a300/a300_observer.yaml -> /home/robolab/clearpath_ws/install/clearpath_config/share/clearpath_config/sample
[2.172s] symbolically linking /home/robolab/clearpath_ws/build/clearpath_config/clearpath_config/sample/a300/a300_outline.yaml -> /home/robolab/clearpath_ws/install/clearpath_config/share/clearpath_config/sample
[2.172s] symbolically linking /home/robolab/clearpath_ws/build/clearpath_config/clearpath_config/sample/a300/a300_fwd.yaml -> /home/robolab/clearpath_ws/install/clearpath_config/share/clearpath_config/sample
[2.174s] symbolically linking /home/robolab/clearpath_ws/build/clearpath_config/clearpath_config/sample/a300/a300_omni.yaml -> /home/robolab/clearpath_ws/install/clearpath_config/share/clearpath_config/sample
[2.174s] symbolically linking /home/robolab/clearpath_ws/build/clearpath_config/clearpath_config/sample/a300/a300_rwd.yaml -> /home/robolab/clearpath_ws/install/clearpath_config/share/clearpath_config/sample
[2.174s] symbolically linking /home/robolab/clearpath_ws/build/clearpath_config/clearpath_config/sample/a300/a300_uros.yaml -> /home/robolab/clearpath_ws/install/clearpath_config/share/clearpath_config/sample
[2.174s] symbolically linking /home/robolab/clearpath_ws/build/clearpath_config/clearpath_config/sample/a300/a300_amp.yaml -> /home/robolab/clearpath_ws/install/clearpath_config/share/clearpath_config/sample
[2.174s] symbolically linking /home/robolab/clearpath_ws/build/clearpath_config/clearpath_config/sample/a300/a300_default.yaml -> /home/robolab/clearpath_ws/install/clearpath_config/share/clearpath_config/sample
[2.174s] symbolically linking /home/robolab/clearpath_ws/build/clearpath_config/clearpath_config/sample/middleware/fastrtps_server.yaml -> /home/robolab/clearpath_ws/install/clearpath_config/share/clearpath_config/sample
[2.174s] symbolically linking /home/robolab/clearpath_ws/build/clearpath_config/clearpath_config/sample/middleware/zenoh.yaml -> /home/robolab/clearpath_ws/install/clearpath_config/share/clearpath_config/sample
[2.174s] symbolically linking /home/robolab/clearpath_ws/build/clearpath_config/clearpath_config/sample/middleware/fastrtps_simple_w_peers.yaml -> /home/robolab/clearpath_ws/install/clearpath_config/share/clearpath_config/sample
[2.174s] symbolically linking /home/robolab/clearpath_ws/build/clearpath_config/clearpath_config/sample/middleware/fastrtps_simple.yaml -> /home/robolab/clearpath_ws/install/clearpath_config/share/clearpath_config/sample
[2.174s] symbolically linking /home/robolab/clearpath_ws/build/clearpath_config/clearpath_config/sample/w200/w200_dual_laser.yaml -> /home/robolab/clearpath_ws/install/clearpath_config/share/clearpath_config/sample
[2.174s] symbolically linking /home/robolab/clearpath_ws/build/clearpath_config/clearpath_config/sample/w200/w200_outline.yaml -> /home/robolab/clearpath_ws/install/clearpath_config/share/clearpath_config/sample
[2.174s] symbolically linking /home/robolab/clearpath_ws/build/clearpath_config/clearpath_config/sample/w200/w200_default.yaml -> /home/robolab/clearpath_ws/install/clearpath_config/share/clearpath_config/sample
[2.175s] symbolically linking /home/robolab/clearpath_ws/build/clearpath_config/clearpath_config/sample/w200/w200_velodyne.yaml -> /home/robolab/clearpath_ws/install/clearpath_config/share/clearpath_config/sample
[2.178s] symbolically linking /home/robolab/clearpath_ws/build/clearpath_config/clearpath_config/sample/w200/w200_uros.yaml -> /home/robolab/clearpath_ws/install/clearpath_config/share/clearpath_config/sample
[2.233s] Invoked command in '/home/robolab/clearpath_ws/build/clearpath_config' returned '0': DEBUGINFOD_URLS=https://debuginfod.ubuntu.com PYTHONPATH=/home/robolab/clearpath_ws/build/clearpath_config/prefix_override:/usr/lib/python3/dist-packages/colcon_core/task/python/colcon_distutils_commands:/home/robolab/clearpath_ws/install/clearpath_config/lib/python3.12/site-packages:${PYTHONPATH} /usr/bin/python3 -W ignore:setup.py install is deprecated -W ignore:easy_install command is deprecated setup.py develop --editable --build-directory /home/robolab/clearpath_ws/build/clearpath_config/build --no-deps symlink_data
