[1.515s] Invoking command in '/home/robolab/clearpath_ws/build/clearpath_config': DEBUGINFOD_URLS=https://debuginfod.ubuntu.com PYTHONPATH=/home/robolab/clearpath_ws/build/clearpath_config/prefix_override:/usr/lib/python3/dist-packages/colcon_core/task/python/colcon_distutils_commands:/home/robolab/clearpath_ws/install/clearpath_config/lib/python3.12/site-packages:${PYTHONPATH} /usr/bin/python3 -W ignore:setup.py install is deprecated -W ignore:easy_install command is deprecated setup.py develop --uninstall --editable --build-directory /home/robolab/clearpath_ws/build/clearpath_config/build
[2.010s] running develop
[2.365s] Removing /home/robolab/clearpath_ws/install/clearpath_config/lib/python3.12/site-packages/clearpath-config.egg-link (link to .)
[2.469s] Invoked command in '/home/robolab/clearpath_ws/build/clearpath_config' returned '0': DEBUGINFOD_URLS=https://debuginfod.ubuntu.com PYTHONPATH=/home/robolab/clearpath_ws/build/clearpath_config/prefix_override:/usr/lib/python3/dist-packages/colcon_core/task/python/colcon_distutils_commands:/home/robolab/clearpath_ws/install/clearpath_config/lib/python3.12/site-packages:${PYTHONPATH} /usr/bin/python3 -W ignore:setup.py install is deprecated -W ignore:easy_install command is deprecated setup.py develop --uninstall --editable --build-directory /home/robolab/clearpath_ws/build/clearpath_config/build
[2.471s] Invoking command in '/home/robolab/clearpath_ws/src/clearpath_config': DEBUGINFOD_URLS=https://debuginfod.ubuntu.com PYTHONPATH=/home/robolab/clearpath_ws/build/clearpath_config/prefix_override:/usr/lib/python3/dist-packages/colcon_core/task/python/colcon_distutils_commands:/home/robolab/clearpath_ws/install/clearpath_config/lib/python3.12/site-packages:${PYTHONPATH} /usr/bin/python3 -W ignore:setup.py install is deprecated -W ignore:easy_install command is deprecated setup.py egg_info --egg-base ../../build/clearpath_config build --build-base /home/robolab/clearpath_ws/build/clearpath_config/build install --record /home/robolab/clearpath_ws/build/clearpath_config/install.log --single-version-externally-managed install_data --force
[2.992s] running egg_info
[3.021s] writing ../../build/clearpath_config/clearpath_config.egg-info/PKG-INFO
[3.022s] writing dependency_links to ../../build/clearpath_config/clearpath_config.egg-info/dependency_links.txt
[3.022s] writing requirements to ../../build/clearpath_config/clearpath_config.egg-info/requires.txt
[3.024s] writing top-level names to ../../build/clearpath_config/clearpath_config.egg-info/top_level.txt
[3.094s] reading manifest file '../../build/clearpath_config/clearpath_config.egg-info/SOURCES.txt'
[3.096s] adding license file 'LICENSE'
[3.100s] writing manifest file '../../build/clearpath_config/clearpath_config.egg-info/SOURCES.txt'
[3.103s] running build
[3.103s] running build_py
[3.103s] creating /home/robolab/clearpath_ws/build/clearpath_config/build
[3.104s] creating /home/robolab/clearpath_ws/build/clearpath_config/build/lib
[3.104s] creating /home/robolab/clearpath_ws/build/clearpath_config/build/lib/clearpath_config
[3.104s] copying clearpath_config/__init__.py -> /home/robolab/clearpath_ws/build/clearpath_config/build/lib/clearpath_config
[3.105s] copying clearpath_config/clearpath_config.py -> /home/robolab/clearpath_ws/build/clearpath_config/build/lib/clearpath_config
[3.105s] creating /home/robolab/clearpath_ws/build/clearpath_config/build/lib/clearpath_config/common
[3.105s] copying clearpath_config/common/ros.py -> /home/robolab/clearpath_ws/build/clearpath_config/build/lib/clearpath_config/common
[3.105s] copying clearpath_config/common/__init__.py -> /home/robolab/clearpath_ws/build/clearpath_config/build/lib/clearpath_config/common
[3.106s] creating /home/robolab/clearpath_ws/build/clearpath_config/build/lib/clearpath_config/common/types
[3.106s] copying clearpath_config/common/types/domain_id.py -> /home/robolab/clearpath_ws/build/clearpath_config/build/lib/clearpath_config/common/types
[3.107s] copying clearpath_config/common/types/exception.py -> /home/robolab/clearpath_ws/build/clearpath_config/build/lib/clearpath_config/common/types
[3.107s] copying clearpath_config/common/types/package_path.py -> /home/robolab/clearpath_ws/build/clearpath_config/build/lib/clearpath_config/common/types
[3.108s] copying clearpath_config/common/types/file.py -> /home/robolab/clearpath_ws/build/clearpath_config/build/lib/clearpath_config/common/types
[3.108s] copying clearpath_config/common/types/port.py -> /home/robolab/clearpath_ws/build/clearpath_config/build/lib/clearpath_config/common/types
[3.108s] copying clearpath_config/common/types/hostname.py -> /home/robolab/clearpath_ws/build/clearpath_config/build/lib/clearpath_config/common/types
[3.109s] copying clearpath_config/common/types/accessory.py -> /home/robolab/clearpath_ws/build/clearpath_config/build/lib/clearpath_config/common/types
[3.109s] copying clearpath_config/common/types/platform.py -> /home/robolab/clearpath_ws/build/clearpath_config/build/lib/clearpath_config/common/types
[3.110s] copying clearpath_config/common/types/rmw_implementation.py -> /home/robolab/clearpath_ws/build/clearpath_config/build/lib/clearpath_config/common/types
[3.110s] copying clearpath_config/common/types/ip.py -> /home/robolab/clearpath_ws/build/clearpath_config/build/lib/clearpath_config/common/types
[3.110s] copying clearpath_config/common/types/discovery.py -> /home/robolab/clearpath_ws/build/clearpath_config/build/lib/clearpath_config/common/types
[3.110s] copying clearpath_config/common/types/username.py -> /home/robolab/clearpath_ws/build/clearpath_config/build/lib/clearpath_config/common/types
[3.111s] copying clearpath_config/common/types/serial_number.py -> /home/robolab/clearpath_ws/build/clearpath_config/build/lib/clearpath_config/common/types
[3.111s] copying clearpath_config/common/types/config.py -> /home/robolab/clearpath_ws/build/clearpath_config/build/lib/clearpath_config/common/types
[3.112s] copying clearpath_config/common/types/namespace.py -> /home/robolab/clearpath_ws/build/clearpath_config/build/lib/clearpath_config/common/types
[3.112s] copying clearpath_config/common/types/list.py -> /home/robolab/clearpath_ws/build/clearpath_config/build/lib/clearpath_config/common/types
[3.112s] copying clearpath_config/common/types/__init__.py -> /home/robolab/clearpath_ws/build/clearpath_config/build/lib/clearpath_config/common/types
[3.113s] creating /home/robolab/clearpath_ws/build/clearpath_config/build/lib/clearpath_config/common/utils
[3.113s] copying clearpath_config/common/utils/yaml.py -> /home/robolab/clearpath_ws/build/clearpath_config/build/lib/clearpath_config/common/utils
[3.114s] copying clearpath_config/common/utils/dictionary.py -> /home/robolab/clearpath_ws/build/clearpath_config/build/lib/clearpath_config/common/utils
[3.114s] copying clearpath_config/common/utils/__init__.py -> /home/robolab/clearpath_ws/build/clearpath_config/build/lib/clearpath_config/common/utils
[3.114s] creating /home/robolab/clearpath_ws/build/clearpath_config/build/lib/clearpath_config/links
[3.115s] copying clearpath_config/links/__init__.py -> /home/robolab/clearpath_ws/build/clearpath_config/build/lib/clearpath_config/links
[3.115s] copying clearpath_config/links/links.py -> /home/robolab/clearpath_ws/build/clearpath_config/build/lib/clearpath_config/links
[3.115s] creating /home/robolab/clearpath_ws/build/clearpath_config/build/lib/clearpath_config/links/types
[3.116s] copying clearpath_config/links/types/sphere.py -> /home/robolab/clearpath_ws/build/clearpath_config/build/lib/clearpath_config/links/types
[3.116s] copying clearpath_config/links/types/frame.py -> /home/robolab/clearpath_ws/build/clearpath_config/build/lib/clearpath_config/links/types
[3.116s] copying clearpath_config/links/types/link.py -> /home/robolab/clearpath_ws/build/clearpath_config/build/lib/clearpath_config/links/types
[3.117s] copying clearpath_config/links/types/cylinder.py -> /home/robolab/clearpath_ws/build/clearpath_config/build/lib/clearpath_config/links/types
[3.117s] copying clearpath_config/links/types/__init__.py -> /home/robolab/clearpath_ws/build/clearpath_config/build/lib/clearpath_config/links/types
[3.117s] copying clearpath_config/links/types/box.py -> /home/robolab/clearpath_ws/build/clearpath_config/build/lib/clearpath_config/links/types
[3.118s] copying clearpath_config/links/types/mesh.py -> /home/robolab/clearpath_ws/build/clearpath_config/build/lib/clearpath_config/links/types
[3.118s] creating /home/robolab/clearpath_ws/build/clearpath_config/build/lib/clearpath_config/manipulators
[3.118s] copying clearpath_config/manipulators/manipulators.py -> /home/robolab/clearpath_ws/build/clearpath_config/build/lib/clearpath_config/manipulators
[3.119s] copying clearpath_config/manipulators/__init__.py -> /home/robolab/clearpath_ws/build/clearpath_config/build/lib/clearpath_config/manipulators
[3.119s] creating /home/robolab/clearpath_ws/build/clearpath_config/build/lib/clearpath_config/manipulators/types
[3.119s] copying clearpath_config/manipulators/types/manipulator.py -> /home/robolab/clearpath_ws/build/clearpath_config/build/lib/clearpath_config/manipulators/types
[3.120s] copying clearpath_config/manipulators/types/lifts.py -> /home/robolab/clearpath_ws/build/clearpath_config/build/lib/clearpath_config/manipulators/types
[3.120s] copying clearpath_config/manipulators/types/grippers.py -> /home/robolab/clearpath_ws/build/clearpath_config/build/lib/clearpath_config/manipulators/types
[3.120s] copying clearpath_config/manipulators/types/__init__.py -> /home/robolab/clearpath_ws/build/clearpath_config/build/lib/clearpath_config/manipulators/types
[3.120s] copying clearpath_config/manipulators/types/arms.py -> /home/robolab/clearpath_ws/build/clearpath_config/build/lib/clearpath_config/manipulators/types
[3.121s] creating /home/robolab/clearpath_ws/build/clearpath_config/build/lib/clearpath_config/mounts
[3.121s] copying clearpath_config/mounts/mounts.py -> /home/robolab/clearpath_ws/build/clearpath_config/build/lib/clearpath_config/mounts
[3.122s] copying clearpath_config/mounts/__init__.py -> /home/robolab/clearpath_ws/build/clearpath_config/build/lib/clearpath_config/mounts
[3.122s] creating /home/robolab/clearpath_ws/build/clearpath_config/build/lib/clearpath_config/mounts/types
[3.122s] copying clearpath_config/mounts/types/post.py -> /home/robolab/clearpath_ws/build/clearpath_config/build/lib/clearpath_config/mounts/types
[3.122s] copying clearpath_config/mounts/types/disk.py -> /home/robolab/clearpath_ws/build/clearpath_config/build/lib/clearpath_config/mounts/types
[3.123s] copying clearpath_config/mounts/types/pacs.py -> /home/robolab/clearpath_ws/build/clearpath_config/build/lib/clearpath_config/mounts/types
[3.123s] copying clearpath_config/mounts/types/mount.py -> /home/robolab/clearpath_ws/build/clearpath_config/build/lib/clearpath_config/mounts/types
[3.123s] copying clearpath_config/mounts/types/flir_ptu.py -> /home/robolab/clearpath_ws/build/clearpath_config/build/lib/clearpath_config/mounts/types
[3.124s] copying clearpath_config/mounts/types/sick.py -> /home/robolab/clearpath_ws/build/clearpath_config/build/lib/clearpath_config/mounts/types
[3.124s] copying clearpath_config/mounts/types/fath_pivot.py -> /home/robolab/clearpath_ws/build/clearpath_config/build/lib/clearpath_config/mounts/types
[3.124s] copying clearpath_config/mounts/types/__init__.py -> /home/robolab/clearpath_ws/build/clearpath_config/build/lib/clearpath_config/mounts/types
[3.125s] creating /home/robolab/clearpath_ws/build/clearpath_config/build/lib/clearpath_config/platform
[3.125s] copying clearpath_config/platform/wireless.py -> /home/robolab/clearpath_ws/build/clearpath_config/build/lib/clearpath_config/platform
[3.125s] copying clearpath_config/platform/can.py -> /home/robolab/clearpath_ws/build/clearpath_config/build/lib/clearpath_config/platform
[3.125s] copying clearpath_config/platform/mcu.py -> /home/robolab/clearpath_ws/build/clearpath_config/build/lib/clearpath_config/platform
[3.126s] copying clearpath_config/platform/drivetrain.py -> /home/robolab/clearpath_ws/build/clearpath_config/build/lib/clearpath_config/platform
[3.126s] copying clearpath_config/platform/platform.py -> /home/robolab/clearpath_ws/build/clearpath_config/build/lib/clearpath_config/platform
[3.127s] copying clearpath_config/platform/launch.py -> /home/robolab/clearpath_ws/build/clearpath_config/build/lib/clearpath_config/platform
[3.127s] copying clearpath_config/platform/extras.py -> /home/robolab/clearpath_ws/build/clearpath_config/build/lib/clearpath_config/platform
[3.127s] copying clearpath_config/platform/battery.py -> /home/robolab/clearpath_ws/build/clearpath_config/build/lib/clearpath_config/platform
[3.128s] copying clearpath_config/platform/__init__.py -> /home/robolab/clearpath_ws/build/clearpath_config/build/lib/clearpath_config/platform
[3.128s] creating /home/robolab/clearpath_ws/build/clearpath_config/build/lib/clearpath_config/platform/attachments
[3.128s] copying clearpath_config/platform/attachments/do100.py -> /home/robolab/clearpath_ws/build/clearpath_config/build/lib/clearpath_config/platform/attachments
[3.129s] copying clearpath_config/platform/attachments/w200.py -> /home/robolab/clearpath_ws/build/clearpath_config/build/lib/clearpath_config/platform/attachments
[3.129s] copying clearpath_config/platform/attachments/r100.py -> /home/robolab/clearpath_ws/build/clearpath_config/build/lib/clearpath_config/platform/attachments
[3.129s] copying clearpath_config/platform/attachments/a300.py -> /home/robolab/clearpath_ws/build/clearpath_config/build/lib/clearpath_config/platform/attachments
[3.130s] copying clearpath_config/platform/attachments/mux.py -> /home/robolab/clearpath_ws/build/clearpath_config/build/lib/clearpath_config/platform/attachments
[3.130s] copying clearpath_config/platform/attachments/generic.py -> /home/robolab/clearpath_ws/build/clearpath_config/build/lib/clearpath_config/platform/attachments
[3.130s] copying clearpath_config/platform/attachments/do150.py -> /home/robolab/clearpath_ws/build/clearpath_config/build/lib/clearpath_config/platform/attachments
[3.131s] copying clearpath_config/platform/attachments/a200.py -> /home/robolab/clearpath_ws/build/clearpath_config/build/lib/clearpath_config/platform/attachments
[3.131s] copying clearpath_config/platform/attachments/config.py -> /home/robolab/clearpath_ws/build/clearpath_config/build/lib/clearpath_config/platform/attachments
[3.131s] copying clearpath_config/platform/attachments/dd100.py -> /home/robolab/clearpath_ws/build/clearpath_config/build/lib/clearpath_config/platform/attachments
[3.131s] copying clearpath_config/platform/attachments/__init__.py -> /home/robolab/clearpath_ws/build/clearpath_config/build/lib/clearpath_config/platform/attachments
[3.132s] copying clearpath_config/platform/attachments/dd150.py -> /home/robolab/clearpath_ws/build/clearpath_config/build/lib/clearpath_config/platform/attachments
[3.132s] copying clearpath_config/platform/attachments/j100.py -> /home/robolab/clearpath_ws/build/clearpath_config/build/lib/clearpath_config/platform/attachments
[3.132s] creating /home/robolab/clearpath_ws/build/clearpath_config/build/lib/clearpath_config/platform/types
[3.133s] copying clearpath_config/platform/types/attachment.py -> /home/robolab/clearpath_ws/build/clearpath_config/build/lib/clearpath_config/platform/types
[3.133s] copying clearpath_config/platform/types/bumper.py -> /home/robolab/clearpath_ws/build/clearpath_config/build/lib/clearpath_config/platform/types
[3.133s] copying clearpath_config/platform/types/__init__.py -> /home/robolab/clearpath_ws/build/clearpath_config/build/lib/clearpath_config/platform/types
[3.134s] creating /home/robolab/clearpath_ws/build/clearpath_config/build/lib/clearpath_config/sensors
[3.134s] copying clearpath_config/sensors/sensors.py -> /home/robolab/clearpath_ws/build/clearpath_config/build/lib/clearpath_config/sensors
[3.134s] copying clearpath_config/sensors/__init__.py -> /home/robolab/clearpath_ws/build/clearpath_config/build/lib/clearpath_config/sensors
[3.135s] creating /home/robolab/clearpath_ws/build/clearpath_config/build/lib/clearpath_config/sensors/types
[3.135s] copying clearpath_config/sensors/types/charger.py -> /home/robolab/clearpath_ws/build/clearpath_config/build/lib/clearpath_config/sensors/types
[3.135s] copying clearpath_config/sensors/types/gps.py -> /home/robolab/clearpath_ws/build/clearpath_config/build/lib/clearpath_config/sensors/types
[3.136s] copying clearpath_config/sensors/types/lidars_3d.py -> /home/robolab/clearpath_ws/build/clearpath_config/build/lib/clearpath_config/sensors/types
[3.136s] copying clearpath_config/sensors/types/sensor.py -> /home/robolab/clearpath_ws/build/clearpath_config/build/lib/clearpath_config/sensors/types
[3.136s] copying clearpath_config/sensors/types/ins.py -> /home/robolab/clearpath_ws/build/clearpath_config/build/lib/clearpath_config/sensors/types
[3.137s] copying clearpath_config/sensors/types/imu.py -> /home/robolab/clearpath_ws/build/clearpath_config/build/lib/clearpath_config/sensors/types
[3.137s] copying clearpath_config/sensors/types/lidars_2d.py -> /home/robolab/clearpath_ws/build/clearpath_config/build/lib/clearpath_config/sensors/types
[3.137s] copying clearpath_config/sensors/types/__init__.py -> /home/robolab/clearpath_ws/build/clearpath_config/build/lib/clearpath_config/sensors/types
[3.138s] copying clearpath_config/sensors/types/cameras.py -> /home/robolab/clearpath_ws/build/clearpath_config/build/lib/clearpath_config/sensors/types
[3.138s] creating /home/robolab/clearpath_ws/build/clearpath_config/build/lib/clearpath_config/system
[3.138s] copying clearpath_config/system/servers.py -> /home/robolab/clearpath_ws/build/clearpath_config/build/lib/clearpath_config/system
[3.139s] copying clearpath_config/system/bash.py -> /home/robolab/clearpath_ws/build/clearpath_config/build/lib/clearpath_config/system
[3.139s] copying clearpath_config/system/middleware.py -> /home/robolab/clearpath_ws/build/clearpath_config/build/lib/clearpath_config/system
[3.140s] copying clearpath_config/system/hosts.py -> /home/robolab/clearpath_ws/build/clearpath_config/build/lib/clearpath_config/system
[3.140s] copying clearpath_config/system/system.py -> /home/robolab/clearpath_ws/build/clearpath_config/build/lib/clearpath_config/system
[3.141s] copying clearpath_config/system/__init__.py -> /home/robolab/clearpath_ws/build/clearpath_config/build/lib/clearpath_config/system
[3.142s] running install
[3.163s] running install_lib
[3.201s] creating /home/robolab/clearpath_ws/install/clearpath_config/lib/python3.12/site-packages/clearpath_config
[3.201s] creating /home/robolab/clearpath_ws/install/clearpath_config/lib/python3.12/site-packages/clearpath_config/sensors
[3.205s] copying /home/robolab/clearpath_ws/build/clearpath_config/build/lib/clearpath_config/sensors/sensors.py -> /home/robolab/clearpath_ws/install/clearpath_config/lib/python3.12/site-packages/clearpath_config/sensors
[3.205s] creating /home/robolab/clearpath_ws/install/clearpath_config/lib/python3.12/site-packages/clearpath_config/sensors/types
[3.206s] copying /home/robolab/clearpath_ws/build/clearpath_config/build/lib/clearpath_config/sensors/types/charger.py -> /home/robolab/clearpath_ws/install/clearpath_config/lib/python3.12/site-packages/clearpath_config/sensors/types
[3.206s] copying /home/robolab/clearpath_ws/build/clearpath_config/build/lib/clearpath_config/sensors/types/gps.py -> /home/robolab/clearpath_ws/install/clearpath_config/lib/python3.12/site-packages/clearpath_config/sensors/types
[3.206s] copying /home/robolab/clearpath_ws/build/clearpath_config/build/lib/clearpath_config/sensors/types/lidars_3d.py -> /home/robolab/clearpath_ws/install/clearpath_config/lib/python3.12/site-packages/clearpath_config/sensors/types
[3.207s] copying /home/robolab/clearpath_ws/build/clearpath_config/build/lib/clearpath_config/sensors/types/sensor.py -> /home/robolab/clearpath_ws/install/clearpath_config/lib/python3.12/site-packages/clearpath_config/sensors/types
[3.208s] copying /home/robolab/clearpath_ws/build/clearpath_config/build/lib/clearpath_config/sensors/types/ins.py -> /home/robolab/clearpath_ws/install/clearpath_config/lib/python3.12/site-packages/clearpath_config/sensors/types
[3.208s] copying /home/robolab/clearpath_ws/build/clearpath_config/build/lib/clearpath_config/sensors/types/imu.py -> /home/robolab/clearpath_ws/install/clearpath_config/lib/python3.12/site-packages/clearpath_config/sensors/types
[3.208s] copying /home/robolab/clearpath_ws/build/clearpath_config/build/lib/clearpath_config/sensors/types/lidars_2d.py -> /home/robolab/clearpath_ws/install/clearpath_config/lib/python3.12/site-packages/clearpath_config/sensors/types
[3.208s] copying /home/robolab/clearpath_ws/build/clearpath_config/build/lib/clearpath_config/sensors/types/__init__.py -> /home/robolab/clearpath_ws/install/clearpath_config/lib/python3.12/site-packages/clearpath_config/sensors/types
[3.208s] copying /home/robolab/clearpath_ws/build/clearpath_config/build/lib/clearpath_config/sensors/types/cameras.py -> /home/robolab/clearpath_ws/install/clearpath_config/lib/python3.12/site-packages/clearpath_config/sensors/types
[3.208s] copying /home/robolab/clearpath_ws/build/clearpath_config/build/lib/clearpath_config/sensors/__init__.py -> /home/robolab/clearpath_ws/install/clearpath_config/lib/python3.12/site-packages/clearpath_config/sensors
[3.208s] creating /home/robolab/clearpath_ws/install/clearpath_config/lib/python3.12/site-packages/clearpath_config/manipulators
[3.208s] copying /home/robolab/clearpath_ws/build/clearpath_config/build/lib/clearpath_config/manipulators/manipulators.py -> /home/robolab/clearpath_ws/install/clearpath_config/lib/python3.12/site-packages/clearpath_config/manipulators
[3.209s] creating /home/robolab/clearpath_ws/install/clearpath_config/lib/python3.12/site-packages/clearpath_config/manipulators/types
[3.209s] copying /home/robolab/clearpath_ws/build/clearpath_config/build/lib/clearpath_config/manipulators/types/manipulator.py -> /home/robolab/clearpath_ws/install/clearpath_config/lib/python3.12/site-packages/clearpath_config/manipulators/types
[3.209s] copying /home/robolab/clearpath_ws/build/clearpath_config/build/lib/clearpath_config/manipulators/types/lifts.py -> /home/robolab/clearpath_ws/install/clearpath_config/lib/python3.12/site-packages/clearpath_config/manipulators/types
[3.209s] copying /home/robolab/clearpath_ws/build/clearpath_config/build/lib/clearpath_config/manipulators/types/grippers.py -> /home/robolab/clearpath_ws/install/clearpath_config/lib/python3.12/site-packages/clearpath_config/manipulators/types
[3.209s] copying /home/robolab/clearpath_ws/build/clearpath_config/build/lib/clearpath_config/manipulators/types/__init__.py -> /home/robolab/clearpath_ws/install/clearpath_config/lib/python3.12/site-packages/clearpath_config/manipulators/types
[3.210s] copying /home/robolab/clearpath_ws/build/clearpath_config/build/lib/clearpath_config/manipulators/types/arms.py -> /home/robolab/clearpath_ws/install/clearpath_config/lib/python3.12/site-packages/clearpath_config/manipulators/types
[3.210s] copying /home/robolab/clearpath_ws/build/clearpath_config/build/lib/clearpath_config/manipulators/__init__.py -> /home/robolab/clearpath_ws/install/clearpath_config/lib/python3.12/site-packages/clearpath_config/manipulators
[3.210s] creating /home/robolab/clearpath_ws/install/clearpath_config/lib/python3.12/site-packages/clearpath_config/links
[3.212s] creating /home/robolab/clearpath_ws/install/clearpath_config/lib/python3.12/site-packages/clearpath_config/links/types
[3.212s] copying /home/robolab/clearpath_ws/build/clearpath_config/build/lib/clearpath_config/links/types/sphere.py -> /home/robolab/clearpath_ws/install/clearpath_config/lib/python3.12/site-packages/clearpath_config/links/types
[3.213s] copying /home/robolab/clearpath_ws/build/clearpath_config/build/lib/clearpath_config/links/types/frame.py -> /home/robolab/clearpath_ws/install/clearpath_config/lib/python3.12/site-packages/clearpath_config/links/types
[3.214s] copying /home/robolab/clearpath_ws/build/clearpath_config/build/lib/clearpath_config/links/types/link.py -> /home/robolab/clearpath_ws/install/clearpath_config/lib/python3.12/site-packages/clearpath_config/links/types
[3.217s] copying /home/robolab/clearpath_ws/build/clearpath_config/build/lib/clearpath_config/links/types/cylinder.py -> /home/robolab/clearpath_ws/install/clearpath_config/lib/python3.12/site-packages/clearpath_config/links/types
[3.218s] copying /home/robolab/clearpath_ws/build/clearpath_config/build/lib/clearpath_config/links/types/__init__.py -> /home/robolab/clearpath_ws/install/clearpath_config/lib/python3.12/site-packages/clearpath_config/links/types
[3.218s] copying /home/robolab/clearpath_ws/build/clearpath_config/build/lib/clearpath_config/links/types/box.py -> /home/robolab/clearpath_ws/install/clearpath_config/lib/python3.12/site-packages/clearpath_config/links/types
[3.218s] copying /home/robolab/clearpath_ws/build/clearpath_config/build/lib/clearpath_config/links/types/mesh.py -> /home/robolab/clearpath_ws/install/clearpath_config/lib/python3.12/site-packages/clearpath_config/links/types
[3.218s] copying /home/robolab/clearpath_ws/build/clearpath_config/build/lib/clearpath_config/links/__init__.py -> /home/robolab/clearpath_ws/install/clearpath_config/lib/python3.12/site-packages/clearpath_config/links
[3.219s] copying /home/robolab/clearpath_ws/build/clearpath_config/build/lib/clearpath_config/links/links.py -> /home/robolab/clearpath_ws/install/clearpath_config/lib/python3.12/site-packages/clearpath_config/links
[3.219s] creating /home/robolab/clearpath_ws/install/clearpath_config/lib/python3.12/site-packages/clearpath_config/platform
[3.219s] creating /home/robolab/clearpath_ws/install/clearpath_config/lib/python3.12/site-packages/clearpath_config/platform/attachments
[3.219s] copying /home/robolab/clearpath_ws/build/clearpath_config/build/lib/clearpath_config/platform/attachments/do100.py -> /home/robolab/clearpath_ws/install/clearpath_config/lib/python3.12/site-packages/clearpath_config/platform/attachments
[3.219s] copying /home/robolab/clearpath_ws/build/clearpath_config/build/lib/clearpath_config/platform/attachments/w200.py -> /home/robolab/clearpath_ws/install/clearpath_config/lib/python3.12/site-packages/clearpath_config/platform/attachments
[3.219s] copying /home/robolab/clearpath_ws/build/clearpath_config/build/lib/clearpath_config/platform/attachments/r100.py -> /home/robolab/clearpath_ws/install/clearpath_config/lib/python3.12/site-packages/clearpath_config/platform/attachments
[3.219s] copying /home/robolab/clearpath_ws/build/clearpath_config/build/lib/clearpath_config/platform/attachments/a300.py -> /home/robolab/clearpath_ws/install/clearpath_config/lib/python3.12/site-packages/clearpath_config/platform/attachments
[3.220s] copying /home/robolab/clearpath_ws/build/clearpath_config/build/lib/clearpath_config/platform/attachments/mux.py -> /home/robolab/clearpath_ws/install/clearpath_config/lib/python3.12/site-packages/clearpath_config/platform/attachments
[3.220s] copying /home/robolab/clearpath_ws/build/clearpath_config/build/lib/clearpath_config/platform/attachments/generic.py -> /home/robolab/clearpath_ws/install/clearpath_config/lib/python3.12/site-packages/clearpath_config/platform/attachments
[3.220s] copying /home/robolab/clearpath_ws/build/clearpath_config/build/lib/clearpath_config/platform/attachments/do150.py -> /home/robolab/clearpath_ws/install/clearpath_config/lib/python3.12/site-packages/clearpath_config/platform/attachments
[3.220s] copying /home/robolab/clearpath_ws/build/clearpath_config/build/lib/clearpath_config/platform/attachments/a200.py -> /home/robolab/clearpath_ws/install/clearpath_config/lib/python3.12/site-packages/clearpath_config/platform/attachments
[3.220s] copying /home/robolab/clearpath_ws/build/clearpath_config/build/lib/clearpath_config/platform/attachments/config.py -> /home/robolab/clearpath_ws/install/clearpath_config/lib/python3.12/site-packages/clearpath_config/platform/attachments
[3.220s] copying /home/robolab/clearpath_ws/build/clearpath_config/build/lib/clearpath_config/platform/attachments/dd100.py -> /home/robolab/clearpath_ws/install/clearpath_config/lib/python3.12/site-packages/clearpath_config/platform/attachments
[3.221s] copying /home/robolab/clearpath_ws/build/clearpath_config/build/lib/clearpath_config/platform/attachments/__init__.py -> /home/robolab/clearpath_ws/install/clearpath_config/lib/python3.12/site-packages/clearpath_config/platform/attachments
[3.221s] copying /home/robolab/clearpath_ws/build/clearpath_config/build/lib/clearpath_config/platform/attachments/dd150.py -> /home/robolab/clearpath_ws/install/clearpath_config/lib/python3.12/site-packages/clearpath_config/platform/attachments
[3.221s] copying /home/robolab/clearpath_ws/build/clearpath_config/build/lib/clearpath_config/platform/attachments/j100.py -> /home/robolab/clearpath_ws/install/clearpath_config/lib/python3.12/site-packages/clearpath_config/platform/attachments
[3.221s] copying /home/robolab/clearpath_ws/build/clearpath_config/build/lib/clearpath_config/platform/wireless.py -> /home/robolab/clearpath_ws/install/clearpath_config/lib/python3.12/site-packages/clearpath_config/platform
[3.221s] copying /home/robolab/clearpath_ws/build/clearpath_config/build/lib/clearpath_config/platform/can.py -> /home/robolab/clearpath_ws/install/clearpath_config/lib/python3.12/site-packages/clearpath_config/platform
[3.227s] copying /home/robolab/clearpath_ws/build/clearpath_config/build/lib/clearpath_config/platform/mcu.py -> /home/robolab/clearpath_ws/install/clearpath_config/lib/python3.12/site-packages/clearpath_config/platform
[3.227s] copying /home/robolab/clearpath_ws/build/clearpath_config/build/lib/clearpath_config/platform/drivetrain.py -> /home/robolab/clearpath_ws/install/clearpath_config/lib/python3.12/site-packages/clearpath_config/platform
[3.227s] copying /home/robolab/clearpath_ws/build/clearpath_config/build/lib/clearpath_config/platform/platform.py -> /home/robolab/clearpath_ws/install/clearpath_config/lib/python3.12/site-packages/clearpath_config/platform
[3.227s] copying /home/robolab/clearpath_ws/build/clearpath_config/build/lib/clearpath_config/platform/launch.py -> /home/robolab/clearpath_ws/install/clearpath_config/lib/python3.12/site-packages/clearpath_config/platform
[3.227s] creating /home/robolab/clearpath_ws/install/clearpath_config/lib/python3.12/site-packages/clearpath_config/platform/types
[3.227s] copying /home/robolab/clearpath_ws/build/clearpath_config/build/lib/clearpath_config/platform/types/attachment.py -> /home/robolab/clearpath_ws/install/clearpath_config/lib/python3.12/site-packages/clearpath_config/platform/types
[3.228s] copying /home/robolab/clearpath_ws/build/clearpath_config/build/lib/clearpath_config/platform/types/bumper.py -> /home/robolab/clearpath_ws/install/clearpath_config/lib/python3.12/site-packages/clearpath_config/platform/types
[3.228s] copying /home/robolab/clearpath_ws/build/clearpath_config/build/lib/clearpath_config/platform/types/__init__.py -> /home/robolab/clearpath_ws/install/clearpath_config/lib/python3.12/site-packages/clearpath_config/platform/types
[3.228s] copying /home/robolab/clearpath_ws/build/clearpath_config/build/lib/clearpath_config/platform/extras.py -> /home/robolab/clearpath_ws/install/clearpath_config/lib/python3.12/site-packages/clearpath_config/platform
[3.228s] copying /home/robolab/clearpath_ws/build/clearpath_config/build/lib/clearpath_config/platform/battery.py -> /home/robolab/clearpath_ws/install/clearpath_config/lib/python3.12/site-packages/clearpath_config/platform
[3.228s] copying /home/robolab/clearpath_ws/build/clearpath_config/build/lib/clearpath_config/platform/__init__.py -> /home/robolab/clearpath_ws/install/clearpath_config/lib/python3.12/site-packages/clearpath_config/platform
[3.228s] creating /home/robolab/clearpath_ws/install/clearpath_config/lib/python3.12/site-packages/clearpath_config/common
[3.228s] copying /home/robolab/clearpath_ws/build/clearpath_config/build/lib/clearpath_config/common/ros.py -> /home/robolab/clearpath_ws/install/clearpath_config/lib/python3.12/site-packages/clearpath_config/common
[3.228s] creating /home/robolab/clearpath_ws/install/clearpath_config/lib/python3.12/site-packages/clearpath_config/common/utils
[3.228s] copying /home/robolab/clearpath_ws/build/clearpath_config/build/lib/clearpath_config/common/utils/yaml.py -> /home/robolab/clearpath_ws/install/clearpath_config/lib/python3.12/site-packages/clearpath_config/common/utils
[3.228s] copying /home/robolab/clearpath_ws/build/clearpath_config/build/lib/clearpath_config/common/utils/dictionary.py -> /home/robolab/clearpath_ws/install/clearpath_config/lib/python3.12/site-packages/clearpath_config/common/utils
[3.228s] copying /home/robolab/clearpath_ws/build/clearpath_config/build/lib/clearpath_config/common/utils/__init__.py -> /home/robolab/clearpath_ws/install/clearpath_config/lib/python3.12/site-packages/clearpath_config/common/utils
[3.228s] creating /home/robolab/clearpath_ws/install/clearpath_config/lib/python3.12/site-packages/clearpath_config/common/types
[3.228s] copying /home/robolab/clearpath_ws/build/clearpath_config/build/lib/clearpath_config/common/types/domain_id.py -> /home/robolab/clearpath_ws/install/clearpath_config/lib/python3.12/site-packages/clearpath_config/common/types
[3.229s] copying /home/robolab/clearpath_ws/build/clearpath_config/build/lib/clearpath_config/common/types/exception.py -> /home/robolab/clearpath_ws/install/clearpath_config/lib/python3.12/site-packages/clearpath_config/common/types
[3.229s] copying /home/robolab/clearpath_ws/build/clearpath_config/build/lib/clearpath_config/common/types/package_path.py -> /home/robolab/clearpath_ws/install/clearpath_config/lib/python3.12/site-packages/clearpath_config/common/types
[3.229s] copying /home/robolab/clearpath_ws/build/clearpath_config/build/lib/clearpath_config/common/types/file.py -> /home/robolab/clearpath_ws/install/clearpath_config/lib/python3.12/site-packages/clearpath_config/common/types
[3.229s] copying /home/robolab/clearpath_ws/build/clearpath_config/build/lib/clearpath_config/common/types/port.py -> /home/robolab/clearpath_ws/install/clearpath_config/lib/python3.12/site-packages/clearpath_config/common/types
[3.229s] copying /home/robolab/clearpath_ws/build/clearpath_config/build/lib/clearpath_config/common/types/hostname.py -> /home/robolab/clearpath_ws/install/clearpath_config/lib/python3.12/site-packages/clearpath_config/common/types
[3.229s] copying /home/robolab/clearpath_ws/build/clearpath_config/build/lib/clearpath_config/common/types/accessory.py -> /home/robolab/clearpath_ws/install/clearpath_config/lib/python3.12/site-packages/clearpath_config/common/types
[3.231s] copying /home/robolab/clearpath_ws/build/clearpath_config/build/lib/clearpath_config/common/types/platform.py -> /home/robolab/clearpath_ws/install/clearpath_config/lib/python3.12/site-packages/clearpath_config/common/types
[3.234s] copying /home/robolab/clearpath_ws/build/clearpath_config/build/lib/clearpath_config/common/types/rmw_implementation.py -> /home/robolab/clearpath_ws/install/clearpath_config/lib/python3.12/site-packages/clearpath_config/common/types
[3.234s] copying /home/robolab/clearpath_ws/build/clearpath_config/build/lib/clearpath_config/common/types/ip.py -> /home/robolab/clearpath_ws/install/clearpath_config/lib/python3.12/site-packages/clearpath_config/common/types
[3.234s] copying /home/robolab/clearpath_ws/build/clearpath_config/build/lib/clearpath_config/common/types/discovery.py -> /home/robolab/clearpath_ws/install/clearpath_config/lib/python3.12/site-packages/clearpath_config/common/types
[3.234s] copying /home/robolab/clearpath_ws/build/clearpath_config/build/lib/clearpath_config/common/types/username.py -> /home/robolab/clearpath_ws/install/clearpath_config/lib/python3.12/site-packages/clearpath_config/common/types
[3.234s] copying /home/robolab/clearpath_ws/build/clearpath_config/build/lib/clearpath_config/common/types/serial_number.py -> /home/robolab/clearpath_ws/install/clearpath_config/lib/python3.12/site-packages/clearpath_config/common/types
[3.234s] copying /home/robolab/clearpath_ws/build/clearpath_config/build/lib/clearpath_config/common/types/config.py -> /home/robolab/clearpath_ws/install/clearpath_config/lib/python3.12/site-packages/clearpath_config/common/types
[3.234s] copying /home/robolab/clearpath_ws/build/clearpath_config/build/lib/clearpath_config/common/types/namespace.py -> /home/robolab/clearpath_ws/install/clearpath_config/lib/python3.12/site-packages/clearpath_config/common/types
[3.234s] copying /home/robolab/clearpath_ws/build/clearpath_config/build/lib/clearpath_config/common/types/list.py -> /home/robolab/clearpath_ws/install/clearpath_config/lib/python3.12/site-packages/clearpath_config/common/types
[3.235s] copying /home/robolab/clearpath_ws/build/clearpath_config/build/lib/clearpath_config/common/types/__init__.py -> /home/robolab/clearpath_ws/install/clearpath_config/lib/python3.12/site-packages/clearpath_config/common/types
[3.235s] copying /home/robolab/clearpath_ws/build/clearpath_config/build/lib/clearpath_config/common/__init__.py -> /home/robolab/clearpath_ws/install/clearpath_config/lib/python3.12/site-packages/clearpath_config/common
[3.235s] creating /home/robolab/clearpath_ws/install/clearpath_config/lib/python3.12/site-packages/clearpath_config/system
[3.235s] copying /home/robolab/clearpath_ws/build/clearpath_config/build/lib/clearpath_config/system/servers.py -> /home/robolab/clearpath_ws/install/clearpath_config/lib/python3.12/site-packages/clearpath_config/system
[3.235s] copying /home/robolab/clearpath_ws/build/clearpath_config/build/lib/clearpath_config/system/bash.py -> /home/robolab/clearpath_ws/install/clearpath_config/lib/python3.12/site-packages/clearpath_config/system
[3.235s] copying /home/robolab/clearpath_ws/build/clearpath_config/build/lib/clearpath_config/system/middleware.py -> /home/robolab/clearpath_ws/install/clearpath_config/lib/python3.12/site-packages/clearpath_config/system
[3.235s] copying /home/robolab/clearpath_ws/build/clearpath_config/build/lib/clearpath_config/system/hosts.py -> /home/robolab/clearpath_ws/install/clearpath_config/lib/python3.12/site-packages/clearpath_config/system
[3.235s] copying /home/robolab/clearpath_ws/build/clearpath_config/build/lib/clearpath_config/system/system.py -> /home/robolab/clearpath_ws/install/clearpath_config/lib/python3.12/site-packages/clearpath_config/system
[3.235s] copying /home/robolab/clearpath_ws/build/clearpath_config/build/lib/clearpath_config/system/__init__.py -> /home/robolab/clearpath_ws/install/clearpath_config/lib/python3.12/site-packages/clearpath_config/system
[3.235s] creating /home/robolab/clearpath_ws/install/clearpath_config/lib/python3.12/site-packages/clearpath_config/mounts
[3.235s] creating /home/robolab/clearpath_ws/install/clearpath_config/lib/python3.12/site-packages/clearpath_config/mounts/types
[3.235s] copying /home/robolab/clearpath_ws/build/clearpath_config/build/lib/clearpath_config/mounts/types/post.py -> /home/robolab/clearpath_ws/install/clearpath_config/lib/python3.12/site-packages/clearpath_config/mounts/types
[3.236s] copying /home/robolab/clearpath_ws/build/clearpath_config/build/lib/clearpath_config/mounts/types/disk.py -> /home/robolab/clearpath_ws/install/clearpath_config/lib/python3.12/site-packages/clearpath_config/mounts/types
[3.236s] copying /home/robolab/clearpath_ws/build/clearpath_config/build/lib/clearpath_config/mounts/types/pacs.py -> /home/robolab/clearpath_ws/install/clearpath_config/lib/python3.12/site-packages/clearpath_config/mounts/types
[3.236s] copying /home/robolab/clearpath_ws/build/clearpath_config/build/lib/clearpath_config/mounts/types/mount.py -> /home/robolab/clearpath_ws/install/clearpath_config/lib/python3.12/site-packages/clearpath_config/mounts/types
[3.236s] copying /home/robolab/clearpath_ws/build/clearpath_config/build/lib/clearpath_config/mounts/types/flir_ptu.py -> /home/robolab/clearpath_ws/install/clearpath_config/lib/python3.12/site-packages/clearpath_config/mounts/types
[3.236s] copying /home/robolab/clearpath_ws/build/clearpath_config/build/lib/clearpath_config/mounts/types/sick.py -> /home/robolab/clearpath_ws/install/clearpath_config/lib/python3.12/site-packages/clearpath_config/mounts/types
[3.236s] copying /home/robolab/clearpath_ws/build/clearpath_config/build/lib/clearpath_config/mounts/types/fath_pivot.py -> /home/robolab/clearpath_ws/install/clearpath_config/lib/python3.12/site-packages/clearpath_config/mounts/types
[3.236s] copying /home/robolab/clearpath_ws/build/clearpath_config/build/lib/clearpath_config/mounts/types/__init__.py -> /home/robolab/clearpath_ws/install/clearpath_config/lib/python3.12/site-packages/clearpath_config/mounts/types
[3.236s] copying /home/robolab/clearpath_ws/build/clearpath_config/build/lib/clearpath_config/mounts/mounts.py -> /home/robolab/clearpath_ws/install/clearpath_config/lib/python3.12/site-packages/clearpath_config/mounts
[3.236s] copying /home/robolab/clearpath_ws/build/clearpath_config/build/lib/clearpath_config/mounts/__init__.py -> /home/robolab/clearpath_ws/install/clearpath_config/lib/python3.12/site-packages/clearpath_config/mounts
[3.236s] copying /home/robolab/clearpath_ws/build/clearpath_config/build/lib/clearpath_config/__init__.py -> /home/robolab/clearpath_ws/install/clearpath_config/lib/python3.12/site-packages/clearpath_config
[3.236s] copying /home/robolab/clearpath_ws/build/clearpath_config/build/lib/clearpath_config/clearpath_config.py -> /home/robolab/clearpath_ws/install/clearpath_config/lib/python3.12/site-packages/clearpath_config
[3.236s] byte-compiling /home/robolab/clearpath_ws/install/clearpath_config/lib/python3.12/site-packages/clearpath_config/sensors/sensors.py to sensors.cpython-312.pyc
[3.236s] byte-compiling /home/robolab/clearpath_ws/install/clearpath_config/lib/python3.12/site-packages/clearpath_config/sensors/types/charger.py to charger.cpython-312.pyc
[3.236s] byte-compiling /home/robolab/clearpath_ws/install/clearpath_config/lib/python3.12/site-packages/clearpath_config/sensors/types/gps.py to gps.cpython-312.pyc
[3.237s] byte-compiling /home/robolab/clearpath_ws/install/clearpath_config/lib/python3.12/site-packages/clearpath_config/sensors/types/lidars_3d.py to lidars_3d.cpython-312.pyc
[3.239s] byte-compiling /home/robolab/clearpath_ws/install/clearpath_config/lib/python3.12/site-packages/clearpath_config/sensors/types/sensor.py to sensor.cpython-312.pyc
[3.243s] byte-compiling /home/robolab/clearpath_ws/install/clearpath_config/lib/python3.12/site-packages/clearpath_config/sensors/types/ins.py to ins.cpython-312.pyc
[3.245s] byte-compiling /home/robolab/clearpath_ws/install/clearpath_config/lib/python3.12/site-packages/clearpath_config/sensors/types/imu.py to imu.cpython-312.pyc
[3.248s] byte-compiling /home/robolab/clearpath_ws/install/clearpath_config/lib/python3.12/site-packages/clearpath_config/sensors/types/lidars_2d.py to lidars_2d.cpython-312.pyc
[3.251s] byte-compiling /home/robolab/clearpath_ws/install/clearpath_config/lib/python3.12/site-packages/clearpath_config/sensors/types/__init__.py to __init__.cpython-312.pyc
[3.255s] byte-compiling /home/robolab/clearpath_ws/install/clearpath_config/lib/python3.12/site-packages/clearpath_config/sensors/types/cameras.py to cameras.cpython-312.pyc
[3.267s] byte-compiling /home/robolab/clearpath_ws/install/clearpath_config/lib/python3.12/site-packages/clearpath_config/sensors/__init__.py to __init__.cpython-312.pyc
[3.267s] byte-compiling /home/robolab/clearpath_ws/install/clearpath_config/lib/python3.12/site-packages/clearpath_config/manipulators/manipulators.py to manipulators.cpython-312.pyc
[3.271s] byte-compiling /home/robolab/clearpath_ws/install/clearpath_config/lib/python3.12/site-packages/clearpath_config/manipulators/types/manipulator.py to manipulator.cpython-312.pyc
[3.271s] byte-compiling /home/robolab/clearpath_ws/install/clearpath_config/lib/python3.12/site-packages/clearpath_config/manipulators/types/lifts.py to lifts.cpython-312.pyc
[3.272s] byte-compiling /home/robolab/clearpath_ws/install/clearpath_config/lib/python3.12/site-packages/clearpath_config/manipulators/types/grippers.py to grippers.cpython-312.pyc
[3.273s] byte-compiling /home/robolab/clearpath_ws/install/clearpath_config/lib/python3.12/site-packages/clearpath_config/manipulators/types/__init__.py to __init__.cpython-312.pyc
[3.274s] byte-compiling /home/robolab/clearpath_ws/install/clearpath_config/lib/python3.12/site-packages/clearpath_config/manipulators/types/arms.py to arms.cpython-312.pyc
[3.277s] byte-compiling /home/robolab/clearpath_ws/install/clearpath_config/lib/python3.12/site-packages/clearpath_config/manipulators/__init__.py to __init__.cpython-312.pyc
[3.278s] byte-compiling /home/robolab/clearpath_ws/install/clearpath_config/lib/python3.12/site-packages/clearpath_config/links/types/sphere.py to sphere.cpython-312.pyc
[3.278s] byte-compiling /home/robolab/clearpath_ws/install/clearpath_config/lib/python3.12/site-packages/clearpath_config/links/types/frame.py to frame.cpython-312.pyc
[3.279s] byte-compiling /home/robolab/clearpath_ws/install/clearpath_config/lib/python3.12/site-packages/clearpath_config/links/types/link.py to link.cpython-312.pyc
[3.280s] byte-compiling /home/robolab/clearpath_ws/install/clearpath_config/lib/python3.12/site-packages/clearpath_config/links/types/cylinder.py to cylinder.cpython-312.pyc
[3.280s] byte-compiling /home/robolab/clearpath_ws/install/clearpath_config/lib/python3.12/site-packages/clearpath_config/links/types/__init__.py to __init__.cpython-312.pyc
[3.281s] byte-compiling /home/robolab/clearpath_ws/install/clearpath_config/lib/python3.12/site-packages/clearpath_config/links/types/box.py to box.cpython-312.pyc
[3.281s] byte-compiling /home/robolab/clearpath_ws/install/clearpath_config/lib/python3.12/site-packages/clearpath_config/links/types/mesh.py to mesh.cpython-312.pyc
[3.281s] byte-compiling /home/robolab/clearpath_ws/install/clearpath_config/lib/python3.12/site-packages/clearpath_config/links/__init__.py to __init__.cpython-312.pyc
[3.281s] byte-compiling /home/robolab/clearpath_ws/install/clearpath_config/lib/python3.12/site-packages/clearpath_config/links/links.py to links.cpython-312.pyc
[3.285s] byte-compiling /home/robolab/clearpath_ws/install/clearpath_config/lib/python3.12/site-packages/clearpath_config/platform/attachments/do100.py to do100.cpython-312.pyc
[3.286s] byte-compiling /home/robolab/clearpath_ws/install/clearpath_config/lib/python3.12/site-packages/clearpath_config/platform/attachments/w200.py to w200.cpython-312.pyc
[3.287s] byte-compiling /home/robolab/clearpath_ws/install/clearpath_config/lib/python3.12/site-packages/clearpath_config/platform/attachments/r100.py to r100.cpython-312.pyc
[3.288s] byte-compiling /home/robolab/clearpath_ws/install/clearpath_config/lib/python3.12/site-packages/clearpath_config/platform/attachments/a300.py to a300.cpython-312.pyc
[3.289s] byte-compiling /home/robolab/clearpath_ws/install/clearpath_config/lib/python3.12/site-packages/clearpath_config/platform/attachments/mux.py to mux.cpython-312.pyc
[3.291s] byte-compiling /home/robolab/clearpath_ws/install/clearpath_config/lib/python3.12/site-packages/clearpath_config/platform/attachments/generic.py to generic.cpython-312.pyc
[3.291s] byte-compiling /home/robolab/clearpath_ws/install/clearpath_config/lib/python3.12/site-packages/clearpath_config/platform/attachments/do150.py to do150.cpython-312.pyc
[3.291s] byte-compiling /home/robolab/clearpath_ws/install/clearpath_config/lib/python3.12/site-packages/clearpath_config/platform/attachments/a200.py to a200.cpython-312.pyc
[3.292s] byte-compiling /home/robolab/clearpath_ws/install/clearpath_config/lib/python3.12/site-packages/clearpath_config/platform/attachments/config.py to config.cpython-312.pyc
[3.293s] byte-compiling /home/robolab/clearpath_ws/install/clearpath_config/lib/python3.12/site-packages/clearpath_config/platform/attachments/dd100.py to dd100.cpython-312.pyc
[3.293s] byte-compiling /home/robolab/clearpath_ws/install/clearpath_config/lib/python3.12/site-packages/clearpath_config/platform/attachments/__init__.py to __init__.cpython-312.pyc
[3.293s] byte-compiling /home/robolab/clearpath_ws/install/clearpath_config/lib/python3.12/site-packages/clearpath_config/platform/attachments/dd150.py to dd150.cpython-312.pyc
[3.294s] byte-compiling /home/robolab/clearpath_ws/install/clearpath_config/lib/python3.12/site-packages/clearpath_config/platform/attachments/j100.py to j100.cpython-312.pyc
[3.295s] byte-compiling /home/robolab/clearpath_ws/install/clearpath_config/lib/python3.12/site-packages/clearpath_config/platform/wireless.py to wireless.cpython-312.pyc
[3.302s] byte-compiling /home/robolab/clearpath_ws/install/clearpath_config/lib/python3.12/site-packages/clearpath_config/platform/can.py to can.cpython-312.pyc
[3.306s] byte-compiling /home/robolab/clearpath_ws/install/clearpath_config/lib/python3.12/site-packages/clearpath_config/platform/mcu.py to mcu.cpython-312.pyc
[3.311s] byte-compiling /home/robolab/clearpath_ws/install/clearpath_config/lib/python3.12/site-packages/clearpath_config/platform/drivetrain.py to drivetrain.cpython-312.pyc
[3.311s] byte-compiling /home/robolab/clearpath_ws/install/clearpath_config/lib/python3.12/site-packages/clearpath_config/platform/platform.py to platform.cpython-312.pyc
[3.314s] byte-compiling /home/robolab/clearpath_ws/install/clearpath_config/lib/python3.12/site-packages/clearpath_config/platform/launch.py to launch.cpython-312.pyc
[3.315s] byte-compiling /home/robolab/clearpath_ws/install/clearpath_config/lib/python3.12/site-packages/clearpath_config/platform/types/attachment.py to attachment.cpython-312.pyc
[3.316s] byte-compiling /home/robolab/clearpath_ws/install/clearpath_config/lib/python3.12/site-packages/clearpath_config/platform/types/bumper.py to bumper.cpython-312.pyc
[3.316s] byte-compiling /home/robolab/clearpath_ws/install/clearpath_config/lib/python3.12/site-packages/clearpath_config/platform/types/__init__.py to __init__.cpython-312.pyc
[3.316s] byte-compiling /home/robolab/clearpath_ws/install/clearpath_config/lib/python3.12/site-packages/clearpath_config/platform/extras.py to extras.cpython-312.pyc
[3.320s] byte-compiling /home/robolab/clearpath_ws/install/clearpath_config/lib/python3.12/site-packages/clearpath_config/platform/battery.py to battery.cpython-312.pyc
[3.323s] byte-compiling /home/robolab/clearpath_ws/install/clearpath_config/lib/python3.12/site-packages/clearpath_config/platform/__init__.py to __init__.cpython-312.pyc
[3.323s] byte-compiling /home/robolab/clearpath_ws/install/clearpath_config/lib/python3.12/site-packages/clearpath_config/common/ros.py to ros.cpython-312.pyc
[3.324s] byte-compiling /home/robolab/clearpath_ws/install/clearpath_config/lib/python3.12/site-packages/clearpath_config/common/utils/yaml.py to yaml.cpython-312.pyc
[3.324s] byte-compiling /home/robolab/clearpath_ws/install/clearpath_config/lib/python3.12/site-packages/clearpath_config/common/utils/dictionary.py to dictionary.cpython-312.pyc
[3.329s] byte-compiling /home/robolab/clearpath_ws/install/clearpath_config/lib/python3.12/site-packages/clearpath_config/common/utils/__init__.py to __init__.cpython-312.pyc
[3.329s] byte-compiling /home/robolab/clearpath_ws/install/clearpath_config/lib/python3.12/site-packages/clearpath_config/common/types/domain_id.py to domain_id.cpython-312.pyc
[3.329s] byte-compiling /home/robolab/clearpath_ws/install/clearpath_config/lib/python3.12/site-packages/clearpath_config/common/types/exception.py to exception.cpython-312.pyc
[3.329s] byte-compiling /home/robolab/clearpath_ws/install/clearpath_config/lib/python3.12/site-packages/clearpath_config/common/types/package_path.py to package_path.cpython-312.pyc
[3.329s] byte-compiling /home/robolab/clearpath_ws/install/clearpath_config/lib/python3.12/site-packages/clearpath_config/common/types/file.py to file.cpython-312.pyc
[3.329s] byte-compiling /home/robolab/clearpath_ws/install/clearpath_config/lib/python3.12/site-packages/clearpath_config/common/types/port.py to port.cpython-312.pyc
[3.329s] byte-compiling /home/robolab/clearpath_ws/install/clearpath_config/lib/python3.12/site-packages/clearpath_config/common/types/hostname.py to hostname.cpython-312.pyc
[3.330s] byte-compiling /home/robolab/clearpath_ws/install/clearpath_config/lib/python3.12/site-packages/clearpath_config/common/types/accessory.py to accessory.cpython-312.pyc
[3.332s] byte-compiling /home/robolab/clearpath_ws/install/clearpath_config/lib/python3.12/site-packages/clearpath_config/common/types/platform.py to platform.cpython-312.pyc
[3.332s] byte-compiling /home/robolab/clearpath_ws/install/clearpath_config/lib/python3.12/site-packages/clearpath_config/common/types/rmw_implementation.py to rmw_implementation.cpython-312.pyc
[3.333s] byte-compiling /home/robolab/clearpath_ws/install/clearpath_config/lib/python3.12/site-packages/clearpath_config/common/types/ip.py to ip.cpython-312.pyc
[3.333s] byte-compiling /home/robolab/clearpath_ws/install/clearpath_config/lib/python3.12/site-packages/clearpath_config/common/types/discovery.py to discovery.cpython-312.pyc
[3.334s] byte-compiling /home/robolab/clearpath_ws/install/clearpath_config/lib/python3.12/site-packages/clearpath_config/common/types/username.py to username.cpython-312.pyc
[3.335s] byte-compiling /home/robolab/clearpath_ws/install/clearpath_config/lib/python3.12/site-packages/clearpath_config/common/types/serial_number.py to serial_number.cpython-312.pyc
[3.336s] byte-compiling /home/robolab/clearpath_ws/install/clearpath_config/lib/python3.12/site-packages/clearpath_config/common/types/config.py to config.cpython-312.pyc
[3.337s] byte-compiling /home/robolab/clearpath_ws/install/clearpath_config/lib/python3.12/site-packages/clearpath_config/common/types/namespace.py to namespace.cpython-312.pyc
[3.338s] byte-compiling /home/robolab/clearpath_ws/install/clearpath_config/lib/python3.12/site-packages/clearpath_config/common/types/list.py to list.cpython-312.pyc
[3.339s] byte-compiling /home/robolab/clearpath_ws/install/clearpath_config/lib/python3.12/site-packages/clearpath_config/common/types/__init__.py to __init__.cpython-312.pyc
[3.340s] byte-compiling /home/robolab/clearpath_ws/install/clearpath_config/lib/python3.12/site-packages/clearpath_config/common/__init__.py to __init__.cpython-312.pyc
[3.341s] byte-compiling /home/robolab/clearpath_ws/install/clearpath_config/lib/python3.12/site-packages/clearpath_config/system/servers.py to servers.cpython-312.pyc
[3.342s] byte-compiling /home/robolab/clearpath_ws/install/clearpath_config/lib/python3.12/site-packages/clearpath_config/system/bash.py to bash.cpython-312.pyc
[3.343s] byte-compiling /home/robolab/clearpath_ws/install/clearpath_config/lib/python3.12/site-packages/clearpath_config/system/middleware.py to middleware.cpython-312.pyc
[3.347s] byte-compiling /home/robolab/clearpath_ws/install/clearpath_config/lib/python3.12/site-packages/clearpath_config/system/hosts.py to hosts.cpython-312.pyc
[3.347s] byte-compiling /home/robolab/clearpath_ws/install/clearpath_config/lib/python3.12/site-packages/clearpath_config/system/system.py to system.cpython-312.pyc
[3.352s] byte-compiling /home/robolab/clearpath_ws/install/clearpath_config/lib/python3.12/site-packages/clearpath_config/system/__init__.py to __init__.cpython-312.pyc
[3.353s] byte-compiling /home/robolab/clearpath_ws/install/clearpath_config/lib/python3.12/site-packages/clearpath_config/mounts/types/post.py to post.cpython-312.pyc
[3.353s] byte-compiling /home/robolab/clearpath_ws/install/clearpath_config/lib/python3.12/site-packages/clearpath_config/mounts/types/disk.py to disk.cpython-312.pyc
[3.353s] byte-compiling /home/robolab/clearpath_ws/install/clearpath_config/lib/python3.12/site-packages/clearpath_config/mounts/types/pacs.py to pacs.cpython-312.pyc
[3.354s] byte-compiling /home/robolab/clearpath_ws/install/clearpath_config/lib/python3.12/site-packages/clearpath_config/mounts/types/mount.py to mount.cpython-312.pyc
[3.354s] byte-compiling /home/robolab/clearpath_ws/install/clearpath_config/lib/python3.12/site-packages/clearpath_config/mounts/types/flir_ptu.py to flir_ptu.cpython-312.pyc
[3.355s] byte-compiling /home/robolab/clearpath_ws/install/clearpath_config/lib/python3.12/site-packages/clearpath_config/mounts/types/sick.py to sick.cpython-312.pyc
[3.355s] byte-compiling /home/robolab/clearpath_ws/install/clearpath_config/lib/python3.12/site-packages/clearpath_config/mounts/types/fath_pivot.py to fath_pivot.cpython-312.pyc
[3.356s] byte-compiling /home/robolab/clearpath_ws/install/clearpath_config/lib/python3.12/site-packages/clearpath_config/mounts/types/__init__.py to __init__.cpython-312.pyc
[3.356s] byte-compiling /home/robolab/clearpath_ws/install/clearpath_config/lib/python3.12/site-packages/clearpath_config/mounts/mounts.py to mounts.cpython-312.pyc
[3.358s] byte-compiling /home/robolab/clearpath_ws/install/clearpath_config/lib/python3.12/site-packages/clearpath_config/mounts/__init__.py to __init__.cpython-312.pyc
[3.359s] byte-compiling /home/robolab/clearpath_ws/install/clearpath_config/lib/python3.12/site-packages/clearpath_config/__init__.py to __init__.cpython-312.pyc
[3.359s] byte-compiling /home/robolab/clearpath_ws/install/clearpath_config/lib/python3.12/site-packages/clearpath_config/clearpath_config.py to clearpath_config.cpython-312.pyc
[3.361s] running install_data
[3.361s] copying resource/clearpath_config -> /home/robolab/clearpath_ws/install/clearpath_config/share/ament_index/resource_index/packages
[3.361s] copying package.xml -> /home/robolab/clearpath_ws/install/clearpath_config/share/clearpath_config
[3.362s] copying clearpath_config/sample/do150/do150_outline.yaml -> /home/robolab/clearpath_ws/install/clearpath_config/share/clearpath_config/sample
[3.362s] copying clearpath_config/sample/do150/do150_dual_laser.yaml -> /home/robolab/clearpath_ws/install/clearpath_config/share/clearpath_config/sample
[3.362s] copying clearpath_config/sample/do150/do150_uros.yaml -> /home/robolab/clearpath_ws/install/clearpath_config/share/clearpath_config/sample
[3.363s] copying clearpath_config/sample/do150/do150_velodyne.yaml -> /home/robolab/clearpath_ws/install/clearpath_config/share/clearpath_config/sample
[3.364s] copying clearpath_config/sample/do150/do150_default.yaml -> /home/robolab/clearpath_ws/install/clearpath_config/share/clearpath_config/sample
[3.364s] copying clearpath_config/sample/sensors/fixposition_xvn.yaml -> /home/robolab/clearpath_ws/install/clearpath_config/share/clearpath_config/sample
[3.365s] copying clearpath_config/sample/sensors/sick_lms1xx.yaml -> /home/robolab/clearpath_ws/install/clearpath_config/share/clearpath_config/sample
[3.366s] copying clearpath_config/sample/sensors/microstrain_gv7.yaml -> /home/robolab/clearpath_ws/install/clearpath_config/share/clearpath_config/sample
[3.366s] copying clearpath_config/sample/sensors/novatel_smart7.yaml -> /home/robolab/clearpath_ws/install/clearpath_config/share/clearpath_config/sample
[3.367s] copying clearpath_config/sample/sensors/novatel_smart6.yaml -> /home/robolab/clearpath_ws/install/clearpath_config/share/clearpath_config/sample
[3.368s] copying clearpath_config/sample/sensors/hokuyo_ust.yaml -> /home/robolab/clearpath_ws/install/clearpath_config/share/clearpath_config/sample
[3.370s] copying clearpath_config/sample/sensors/intel_realsense.yaml -> /home/robolab/clearpath_ws/install/clearpath_config/share/clearpath_config/sample
[3.370s] copying clearpath_config/sample/sensors/chrobotics_um6.yaml -> /home/robolab/clearpath_ws/install/clearpath_config/share/clearpath_config/sample
[3.370s] copying clearpath_config/sample/sensors/axis_camera.yaml -> /home/robolab/clearpath_ws/install/clearpath_config/share/clearpath_config/sample
[3.372s] copying clearpath_config/sample/sensors/microstrain_gq7.yaml -> /home/robolab/clearpath_ws/install/clearpath_config/share/clearpath_config/sample
[3.372s] copying clearpath_config/sample/sensors/luxonis_oakd.yaml -> /home/robolab/clearpath_ws/install/clearpath_config/share/clearpath_config/sample
[3.372s] copying clearpath_config/sample/sensors/seyond_lidar.yaml -> /home/robolab/clearpath_ws/install/clearpath_config/share/clearpath_config/sample
[3.372s] copying clearpath_config/sample/sensors/velodyne_lidar.yaml -> /home/robolab/clearpath_ws/install/clearpath_config/share/clearpath_config/sample
[3.372s] copying clearpath_config/sample/sensors/ouster_os1.yaml -> /home/robolab/clearpath_ws/install/clearpath_config/share/clearpath_config/sample
[3.373s] copying clearpath_config/sample/sensors/redshift_um7.yaml -> /home/robolab/clearpath_ws/install/clearpath_config/share/clearpath_config/sample
[3.373s] copying clearpath_config/sample/sensors/flir_blackfly.yaml -> /home/robolab/clearpath_ws/install/clearpath_config/share/clearpath_config/sample
[3.373s] copying clearpath_config/sample/sensors/stereolabs_zed.yaml -> /home/robolab/clearpath_ws/install/clearpath_config/share/clearpath_config/sample
[3.374s] copying clearpath_config/sample/sensors/garmin_18x.yaml -> /home/robolab/clearpath_ws/install/clearpath_config/share/clearpath_config/sample
[3.374s] copying clearpath_config/sample/sensors/microstrain_imu.yaml -> /home/robolab/clearpath_ws/install/clearpath_config/share/clearpath_config/sample
[3.375s] copying clearpath_config/sample/sensors/swiftnav_duro.yaml -> /home/robolab/clearpath_ws/install/clearpath_config/share/clearpath_config/sample
[3.376s] copying clearpath_config/sample/sensors/phidgets_spatial.yaml -> /home/robolab/clearpath_ws/install/clearpath_config/share/clearpath_config/sample
[3.376s] copying clearpath_config/sample/dd150/dd150_velodyne.yaml -> /home/robolab/clearpath_ws/install/clearpath_config/share/clearpath_config/sample
[3.377s] copying clearpath_config/sample/dd150/dd150_default.yaml -> /home/robolab/clearpath_ws/install/clearpath_config/share/clearpath_config/sample
[3.377s] copying clearpath_config/sample/dd150/dd150_uros.yaml -> /home/robolab/clearpath_ws/install/clearpath_config/share/clearpath_config/sample
[3.377s] copying clearpath_config/sample/dd150/dd150_dual_laser.yaml -> /home/robolab/clearpath_ws/install/clearpath_config/share/clearpath_config/sample
[3.377s] copying clearpath_config/sample/dd150/dd150_outline.yaml -> /home/robolab/clearpath_ws/install/clearpath_config/share/clearpath_config/sample
[3.377s] copying clearpath_config/sample/manipulators/grippers/kinova_2f_lite.yaml -> /home/robolab/clearpath_ws/install/clearpath_config/share/clearpath_config/sample
[3.378s] copying clearpath_config/sample/manipulators/grippers/robotiq_2f_140.yaml -> /home/robolab/clearpath_ws/install/clearpath_config/share/clearpath_config/sample
[3.378s] copying clearpath_config/sample/manipulators/grippers/robotiq_2f_85.yaml -> /home/robolab/clearpath_ws/install/clearpath_config/share/clearpath_config/sample
[3.378s] copying clearpath_config/sample/manipulators/arms/kinova_gen3_7dof.yaml -> /home/robolab/clearpath_ws/install/clearpath_config/share/clearpath_config/sample
[3.378s] copying clearpath_config/sample/manipulators/arms/universal_robots.yaml -> /home/robolab/clearpath_ws/install/clearpath_config/share/clearpath_config/sample
[3.378s] copying clearpath_config/sample/manipulators/arms/kinova_gen3_6dof.yaml -> /home/robolab/clearpath_ws/install/clearpath_config/share/clearpath_config/sample
[3.381s] copying clearpath_config/sample/manipulators/arms/kinova_gen3_lite.yaml -> /home/robolab/clearpath_ws/install/clearpath_config/share/clearpath_config/sample
[3.381s] copying clearpath_config/sample/do100/do100_default.yaml -> /home/robolab/clearpath_ws/install/clearpath_config/share/clearpath_config/sample
[3.381s] copying clearpath_config/sample/do100/do100_dual_laser.yaml -> /home/robolab/clearpath_ws/install/clearpath_config/share/clearpath_config/sample
[3.381s] copying clearpath_config/sample/do100/do100_velodyne.yaml -> /home/robolab/clearpath_ws/install/clearpath_config/share/clearpath_config/sample
[3.381s] copying clearpath_config/sample/do100/do100_uros.yaml -> /home/robolab/clearpath_ws/install/clearpath_config/share/clearpath_config/sample
[3.382s] copying clearpath_config/sample/do100/do100_outline.yaml -> /home/robolab/clearpath_ws/install/clearpath_config/share/clearpath_config/sample
[3.382s] copying clearpath_config/sample/r100/r100_default.yaml -> /home/robolab/clearpath_ws/install/clearpath_config/share/clearpath_config/sample
[3.382s] copying clearpath_config/sample/r100/r100_outline.yaml -> /home/robolab/clearpath_ws/install/clearpath_config/share/clearpath_config/sample
[3.382s] copying clearpath_config/sample/r100/r100_dual_laser.yaml -> /home/robolab/clearpath_ws/install/clearpath_config/share/clearpath_config/sample
[3.382s] copying clearpath_config/sample/r100/r100_uros.yaml -> /home/robolab/clearpath_ws/install/clearpath_config/share/clearpath_config/sample
[3.382s] copying clearpath_config/sample/r100/r100_dual_laser_hokuyo.yaml -> /home/robolab/clearpath_ws/install/clearpath_config/share/clearpath_config/sample
[3.382s] copying clearpath_config/sample/a200/a200_sample.yaml -> /home/robolab/clearpath_ws/install/clearpath_config/share/clearpath_config/sample
[3.382s] copying clearpath_config/sample/a200/a200_dual_laser.yaml -> /home/robolab/clearpath_ws/install/clearpath_config/share/clearpath_config/sample
[3.382s] copying clearpath_config/sample/a200/a200_default.yaml -> /home/robolab/clearpath_ws/install/clearpath_config/share/clearpath_config/sample
[3.382s] copying clearpath_config/sample/a200/a200_observer.yaml -> /home/robolab/clearpath_ws/install/clearpath_config/share/clearpath_config/sample
[3.382s] copying clearpath_config/sample/a200/a200_outline.yaml -> /home/robolab/clearpath_ws/install/clearpath_config/share/clearpath_config/sample
[3.382s] copying clearpath_config/sample/a200/a200_velodyne.yaml -> /home/robolab/clearpath_ws/install/clearpath_config/share/clearpath_config/sample
[3.382s] copying clearpath_config/sample/dd100/dd100_dual_laser.yaml -> /home/robolab/clearpath_ws/install/clearpath_config/share/clearpath_config/sample
[3.382s] copying clearpath_config/sample/dd100/dd100_uros.yaml -> /home/robolab/clearpath_ws/install/clearpath_config/share/clearpath_config/sample
[3.383s] copying clearpath_config/sample/dd100/dd100_outline.yaml -> /home/robolab/clearpath_ws/install/clearpath_config/share/clearpath_config/sample
[3.383s] copying clearpath_config/sample/dd100/dd100_velodyne.yaml -> /home/robolab/clearpath_ws/install/clearpath_config/share/clearpath_config/sample
[3.383s] copying clearpath_config/sample/dd100/dd100_default.yaml -> /home/robolab/clearpath_ws/install/clearpath_config/share/clearpath_config/sample
[3.383s] copying clearpath_config/sample/j100/j100_outline.yaml -> /home/robolab/clearpath_ws/install/clearpath_config/share/clearpath_config/sample
[3.383s] copying clearpath_config/sample/j100/j100_dual_laser.yaml -> /home/robolab/clearpath_ws/install/clearpath_config/share/clearpath_config/sample
[3.383s] copying clearpath_config/sample/j100/j100_uros.yaml -> /home/robolab/clearpath_ws/install/clearpath_config/share/clearpath_config/sample
[3.383s] copying clearpath_config/sample/j100/j100_default.yaml -> /home/robolab/clearpath_ws/install/clearpath_config/share/clearpath_config/sample
[3.383s] copying clearpath_config/sample/j100/j100_microstrain_gq7.yaml -> /home/robolab/clearpath_ws/install/clearpath_config/share/clearpath_config/sample
[3.383s] copying clearpath_config/sample/j100/j100_velodyne.yaml -> /home/robolab/clearpath_ws/install/clearpath_config/share/clearpath_config/sample
[3.383s] copying clearpath_config/sample/j100/j100_sample.yaml -> /home/robolab/clearpath_ws/install/clearpath_config/share/clearpath_config/sample
[3.383s] copying clearpath_config/sample/a300/a300_dual_laser.yaml -> /home/robolab/clearpath_ws/install/clearpath_config/share/clearpath_config/sample
[3.383s] copying clearpath_config/sample/a300/a300_observer.yaml -> /home/robolab/clearpath_ws/install/clearpath_config/share/clearpath_config/sample
[3.383s] copying clearpath_config/sample/a300/a300_outline.yaml -> /home/robolab/clearpath_ws/install/clearpath_config/share/clearpath_config/sample
[3.383s] copying clearpath_config/sample/a300/a300_fwd.yaml -> /home/robolab/clearpath_ws/install/clearpath_config/share/clearpath_config/sample
[3.383s] copying clearpath_config/sample/a300/a300_omni.yaml -> /home/robolab/clearpath_ws/install/clearpath_config/share/clearpath_config/sample
[3.384s] copying clearpath_config/sample/a300/a300_rwd.yaml -> /home/robolab/clearpath_ws/install/clearpath_config/share/clearpath_config/sample
[3.384s] copying clearpath_config/sample/a300/a300_uros.yaml -> /home/robolab/clearpath_ws/install/clearpath_config/share/clearpath_config/sample
[3.384s] copying clearpath_config/sample/a300/a300_amp.yaml -> /home/robolab/clearpath_ws/install/clearpath_config/share/clearpath_config/sample
[3.384s] copying clearpath_config/sample/a300/a300_default.yaml -> /home/robolab/clearpath_ws/install/clearpath_config/share/clearpath_config/sample
[3.384s] copying clearpath_config/sample/middleware/fastrtps_server.yaml -> /home/robolab/clearpath_ws/install/clearpath_config/share/clearpath_config/sample
[3.384s] copying clearpath_config/sample/middleware/zenoh.yaml -> /home/robolab/clearpath_ws/install/clearpath_config/share/clearpath_config/sample
[3.387s] copying clearpath_config/sample/middleware/fastrtps_simple_w_peers.yaml -> /home/robolab/clearpath_ws/install/clearpath_config/share/clearpath_config/sample
[3.387s] copying clearpath_config/sample/middleware/fastrtps_simple.yaml -> /home/robolab/clearpath_ws/install/clearpath_config/share/clearpath_config/sample
[3.387s] copying clearpath_config/sample/w200/w200_dual_laser.yaml -> /home/robolab/clearpath_ws/install/clearpath_config/share/clearpath_config/sample
[3.388s] copying clearpath_config/sample/w200/w200_outline.yaml -> /home/robolab/clearpath_ws/install/clearpath_config/share/clearpath_config/sample
[3.388s] copying clearpath_config/sample/w200/w200_default.yaml -> /home/robolab/clearpath_ws/install/clearpath_config/share/clearpath_config/sample
[3.388s] copying clearpath_config/sample/w200/w200_velodyne.yaml -> /home/robolab/clearpath_ws/install/clearpath_config/share/clearpath_config/sample
[3.388s] copying clearpath_config/sample/w200/w200_uros.yaml -> /home/robolab/clearpath_ws/install/clearpath_config/share/clearpath_config/sample
[3.388s] running install_egg_info
[3.410s] Copying ../../build/clearpath_config/clearpath_config.egg-info to /home/robolab/clearpath_ws/install/clearpath_config/lib/python3.12/site-packages/clearpath_config-2.9.1-py3.12.egg-info
[3.410s] running install_scripts
[3.631s] writing list of installed files to '/home/robolab/clearpath_ws/build/clearpath_config/install.log'
[3.712s] Invoked command in '/home/robolab/clearpath_ws/src/clearpath_config' returned '0': DEBUGINFOD_URLS=https://debuginfod.ubuntu.com PYTHONPATH=/home/robolab/clearpath_ws/build/clearpath_config/prefix_override:/usr/lib/python3/dist-packages/colcon_core/task/python/colcon_distutils_commands:/home/robolab/clearpath_ws/install/clearpath_config/lib/python3.12/site-packages:${PYTHONPATH} /usr/bin/python3 -W ignore:setup.py install is deprecated -W ignore:easy_install command is deprecated setup.py egg_info --egg-base ../../build/clearpath_config build --build-base /home/robolab/clearpath_ws/build/clearpath_config/build install --record /home/robolab/clearpath_ws/build/clearpath_config/install.log --single-version-externally-managed install_data --force
