-- Found ament_cmake: 2.5.5 (/opt/ros/jazzy/share/ament_cmake/cmake)
-- Override CMake install command with custom implementation using symlinks instead of copying resources
-- Found clearpath_platform_msgs: 2.7.0 (/home/robolab/clearpath_ws/install/clearpath_platform_msgs/share/clearpath_platform_msgs/cmake)
-- Found rosidl_generator_c: 4.6.7 (/opt/ros/jazzy/share/rosidl_generator_c/cmake)
-- Found rosidl_generator_cpp: 4.6.7 (/opt/ros/jazzy/share/rosidl_generator_cpp/cmake)
-- Using all available rosidl_typesupport_c: rosidl_typesupport_fastrtps_c;rosidl_typesupport_introspection_c
-- Using all available rosidl_typesupport_cpp: rosidl_typesupport_fastrtps_cpp;rosidl_typesupport_introspection_cpp
-- Found diagnostic_updater: 4.2.6 (/opt/ros/jazzy/share/diagnostic_updater/cmake)
-- Found rmw_implementation_cmake: 7.3.3 (/opt/ros/jazzy/share/rmw_implementation_cmake/cmake)
-- Found rmw_fastrtps_cpp: 8.4.3 (/opt/ros/jazzy/share/rmw_fastrtps_cpp/cmake)
-- Using RMW implementation 'rmw_fastrtps_cpp' as default
-- Found sensor_msgs: 5.3.6 (/opt/ros/jazzy/share/sensor_msgs/cmake)
-- Found ament_lint_auto: 0.17.4 (/opt/ros/jazzy/share/ament_lint_auto/cmake)
-- Added test 'cppcheck' to perform static code analysis on C / C++ code
-- Configured cppcheck include dirs: $<BUILD_INTERFACE:/home/robolab/clearpath_ws/src/clearpath_common/clearpath_diagnostics/include>
-- Configured cppcheck exclude dirs and/or files: 
-- Added test 'flake8' to check Python code syntax and style conventions
-- Configured 'flake8' exclude dirs and/or files: 
-- Added test 'lint_cmake' to check CMake code style
-- Added test 'pep257' to check Python code against some of the docstring style conventions in PEP 257
-- Added test 'uncrustify' to check C / C++ code style
-- Configured uncrustify additional arguments: 
-- Added test 'xmllint' to check XML markup files
-- Configuring done (1.1s)
-- Generating done (0.0s)
-- Build files have been written to: /home/robolab/clearpath_ws/build/clearpath_diagnostics
[100%] Built target clearpath_diagnostic_updater
-- Install configuration: ""
-- Execute custom install script
-- Up-to-date symlink: /home/robolab/clearpath_ws/install/clearpath_diagnostics/lib/clearpath_diagnostics/clearpath_diagnostic_updater
-- Up-to-date symlink: /home/robolab/clearpath_ws/install/clearpath_diagnostics/share/clearpath_diagnostics/config/diagnostic_aggregator.yaml
-- Up-to-date symlink: /home/robolab/clearpath_ws/install/clearpath_diagnostics/share/clearpath_diagnostics/config/diagnostic_updater.yaml
-- Up-to-date symlink: /home/robolab/clearpath_ws/install/clearpath_diagnostics/share/clearpath_diagnostics/config/foxglove_bridge.yaml
-- Up-to-date symlink: /home/robolab/clearpath_ws/install/clearpath_diagnostics/share/clearpath_diagnostics/launch/diagnostics.launch.py
-- Up-to-date symlink: /home/robolab/clearpath_ws/install/clearpath_diagnostics/share/clearpath_diagnostics/launch/foxglove_bridge.launch.py
-- Up-to-date symlink: /home/robolab/clearpath_ws/install/clearpath_diagnostics/share/ament_index/resource_index/package_run_dependencies/clearpath_diagnostics
-- Up-to-date symlink: /home/robolab/clearpath_ws/install/clearpath_diagnostics/share/ament_index/resource_index/parent_prefix_path/clearpath_diagnostics
-- Up-to-date symlink: /home/robolab/clearpath_ws/install/clearpath_diagnostics/share/clearpath_diagnostics/environment/ament_prefix_path.sh
-- Up-to-date symlink: /home/robolab/clearpath_ws/install/clearpath_diagnostics/share/clearpath_diagnostics/environment/ament_prefix_path.dsv
-- Up-to-date symlink: /home/robolab/clearpath_ws/install/clearpath_diagnostics/share/clearpath_diagnostics/environment/path.sh
-- Up-to-date symlink: /home/robolab/clearpath_ws/install/clearpath_diagnostics/share/clearpath_diagnostics/environment/path.dsv
-- Up-to-date symlink: /home/robolab/clearpath_ws/install/clearpath_diagnostics/share/clearpath_diagnostics/local_setup.bash
-- Up-to-date symlink: /home/robolab/clearpath_ws/install/clearpath_diagnostics/share/clearpath_diagnostics/local_setup.sh
-- Up-to-date symlink: /home/robolab/clearpath_ws/install/clearpath_diagnostics/share/clearpath_diagnostics/local_setup.zsh
-- Up-to-date symlink: /home/robolab/clearpath_ws/install/clearpath_diagnostics/share/clearpath_diagnostics/local_setup.dsv
-- Symlinking: /home/robolab/clearpath_ws/install/clearpath_diagnostics/share/clearpath_diagnostics/package.dsv
-- Up-to-date symlink: /home/robolab/clearpath_ws/install/clearpath_diagnostics/share/ament_index/resource_index/packages/clearpath_diagnostics
-- Up-to-date symlink: /home/robolab/clearpath_ws/install/clearpath_diagnostics/share/clearpath_diagnostics/cmake/clearpath_diagnosticsConfig.cmake
-- Up-to-date symlink: /home/robolab/clearpath_ws/install/clearpath_diagnostics/share/clearpath_diagnostics/cmake/clearpath_diagnosticsConfig-version.cmake
-- Up-to-date symlink: /home/robolab/clearpath_ws/install/clearpath_diagnostics/share/clearpath_diagnostics/package.xml
