[0.012s] Invoking command in '/home/robolab/clearpath_ws/build/clearpath_mounts_description': CMAKE_PREFIX_PATH=${CMAKE_PREFIX_PATH}:/opt/ros/jazzy DEBUGINFOD_URLS=https://debuginfod.ubuntu.com /usr/bin/cmake /home/robolab/clearpath_ws/src/clearpath_common/clearpath_mounts_description -DCMAKE_INSTALL_PREFIX=/home/robolab/clearpath_ws/install/clearpath_mounts_description
[0.076s] -- Found ament_cmake: 2.5.5 (/opt/ros/jazzy/share/ament_cmake/cmake)
[0.467s] -- Override CMake install command with custom implementation using symlinks instead of copying resources
[0.671s] -- Configuring done (0.6s)
[0.677s] -- Generating done (0.0s)
[0.685s] -- Build files have been written to: /home/robolab/clearpath_ws/build/clearpath_mounts_description
[0.700s] Invoked command in '/home/robolab/clearpath_ws/build/clearpath_mounts_description' returned '0': CMAKE_PREFIX_PATH=${CMAKE_PREFIX_PATH}:/opt/ros/jazzy DEBUGINFOD_URLS=https://debuginfod.ubuntu.com /usr/bin/cmake /home/robolab/clearpath_ws/src/clearpath_common/clearpath_mounts_description -DCMAKE_INSTALL_PREFIX=/home/robolab/clearpath_ws/install/clearpath_mounts_description
[0.700s] Invoking command in '/home/robolab/clearpath_ws/build/clearpath_mounts_description': CMAKE_PREFIX_PATH=${CMAKE_PREFIX_PATH}:/opt/ros/jazzy DEBUGINFOD_URLS=https://debuginfod.ubuntu.com /usr/bin/cmake --build /home/robolab/clearpath_ws/build/clearpath_mounts_description -- -j4 -l4
[0.804s] Invoked command in '/home/robolab/clearpath_ws/build/clearpath_mounts_description' returned '0': CMAKE_PREFIX_PATH=${CMAKE_PREFIX_PATH}:/opt/ros/jazzy DEBUGINFOD_URLS=https://debuginfod.ubuntu.com /usr/bin/cmake --build /home/robolab/clearpath_ws/build/clearpath_mounts_description -- -j4 -l4
[0.806s] Invoking command in '/home/robolab/clearpath_ws/build/clearpath_mounts_description': CMAKE_PREFIX_PATH=${CMAKE_PREFIX_PATH}:/opt/ros/jazzy DEBUGINFOD_URLS=https://debuginfod.ubuntu.com /usr/bin/cmake --install /home/robolab/clearpath_ws/build/clearpath_mounts_description
[0.829s] -- Install configuration: ""
[0.830s] -- Execute custom install script
[0.831s] -- Up-to-date symlink: /home/robolab/clearpath_ws/install/clearpath_mounts_description/share/clearpath_mounts_description/meshes/disk.stl
[0.831s] -- Up-to-date symlink: /home/robolab/clearpath_ws/install/clearpath_mounts_description/share/clearpath_mounts_description/meshes/fath_pivot_mount.dae
[0.831s] -- Up-to-date symlink: /home/robolab/clearpath_ws/install/clearpath_mounts_description/share/clearpath_mounts_description/meshes/fath_pivot_mount_base.dae
[0.832s] -- Up-to-date symlink: /home/robolab/clearpath_ws/install/clearpath_mounts_description/share/clearpath_mounts_description/meshes/pacs/bracket_extension_20.stl
[0.832s] -- Up-to-date symlink: /home/robolab/clearpath_ws/install/clearpath_mounts_description/share/clearpath_mounts_description/meshes/pacs/bracket_extension_40.stl
[0.833s] -- Up-to-date symlink: /home/robolab/clearpath_ws/install/clearpath_mounts_description/share/clearpath_mounts_description/meshes/pacs/bracket_extension_60.stl
[0.833s] -- Up-to-date symlink: /home/robolab/clearpath_ws/install/clearpath_mounts_description/share/clearpath_mounts_description/meshes/pacs/bracket_extension_80.stl
[0.833s] -- Up-to-date symlink: /home/robolab/clearpath_ws/install/clearpath_mounts_description/share/clearpath_mounts_description/meshes/pacs/bracket_horizontal.stl
[0.834s] -- Up-to-date symlink: /home/robolab/clearpath_ws/install/clearpath_mounts_description/share/clearpath_mounts_description/meshes/pacs/bracket_horizontal_large.stl
[0.834s] -- Up-to-date symlink: /home/robolab/clearpath_ws/install/clearpath_mounts_description/share/clearpath_mounts_description/meshes/pacs/bracket_vertical.stl
[0.834s] -- Up-to-date symlink: /home/robolab/clearpath_ws/install/clearpath_mounts_description/share/clearpath_mounts_description/meshes/pacs/riser_1x7.stl
[0.835s] -- Up-to-date symlink: /home/robolab/clearpath_ws/install/clearpath_mounts_description/share/clearpath_mounts_description/meshes/pacs/riser_8x7.stl
[0.835s] -- Up-to-date symlink: /home/robolab/clearpath_ws/install/clearpath_mounts_description/share/clearpath_mounts_description/meshes/sick_inverted.dae
[0.836s] -- Up-to-date symlink: /home/robolab/clearpath_ws/install/clearpath_mounts_description/share/clearpath_mounts_description/meshes/sick_upright.stl
[0.837s] -- Up-to-date symlink: /home/robolab/clearpath_ws/install/clearpath_mounts_description/share/clearpath_mounts_description/urdf/disk.urdf.xacro
[0.838s] -- Up-to-date symlink: /home/robolab/clearpath_ws/install/clearpath_mounts_description/share/clearpath_mounts_description/urdf/fath_pivot.urdf.xacro
[0.838s] -- Up-to-date symlink: /home/robolab/clearpath_ws/install/clearpath_mounts_description/share/clearpath_mounts_description/urdf/pacs/bracket.urdf.xacro
[0.838s] -- Up-to-date symlink: /home/robolab/clearpath_ws/install/clearpath_mounts_description/share/clearpath_mounts_description/urdf/pacs/riser.urdf.xacro
[0.839s] -- Up-to-date symlink: /home/robolab/clearpath_ws/install/clearpath_mounts_description/share/clearpath_mounts_description/urdf/pacs/riser_leg.urdf.xacro
[0.839s] -- Up-to-date symlink: /home/robolab/clearpath_ws/install/clearpath_mounts_description/share/clearpath_mounts_description/urdf/post.urdf.xacro
[0.839s] -- Up-to-date symlink: /home/robolab/clearpath_ws/install/clearpath_mounts_description/share/clearpath_mounts_description/urdf/sick.urdf.xacro
[0.840s] -- Up-to-date symlink: /home/robolab/clearpath_ws/install/clearpath_mounts_description/share/ament_index/resource_index/package_run_dependencies/clearpath_mounts_description
[0.840s] -- Up-to-date symlink: /home/robolab/clearpath_ws/install/clearpath_mounts_description/share/ament_index/resource_index/parent_prefix_path/clearpath_mounts_description
[0.841s] -- Up-to-date symlink: /home/robolab/clearpath_ws/install/clearpath_mounts_description/share/clearpath_mounts_description/environment/ament_prefix_path.sh
[0.842s] -- Up-to-date symlink: /home/robolab/clearpath_ws/install/clearpath_mounts_description/share/clearpath_mounts_description/environment/ament_prefix_path.dsv
[0.842s] -- Up-to-date symlink: /home/robolab/clearpath_ws/install/clearpath_mounts_description/share/clearpath_mounts_description/environment/path.sh
[0.843s] -- Up-to-date symlink: /home/robolab/clearpath_ws/install/clearpath_mounts_description/share/clearpath_mounts_description/environment/path.dsv
[0.843s] -- Up-to-date symlink: /home/robolab/clearpath_ws/install/clearpath_mounts_description/share/clearpath_mounts_description/local_setup.bash
[0.843s] -- Up-to-date symlink: /home/robolab/clearpath_ws/install/clearpath_mounts_description/share/clearpath_mounts_description/local_setup.sh
[0.844s] -- Up-to-date symlink: /home/robolab/clearpath_ws/install/clearpath_mounts_description/share/clearpath_mounts_description/local_setup.zsh
[0.844s] -- Up-to-date symlink: /home/robolab/clearpath_ws/install/clearpath_mounts_description/share/clearpath_mounts_description/local_setup.dsv
[0.845s] -- Symlinking: /home/robolab/clearpath_ws/install/clearpath_mounts_description/share/clearpath_mounts_description/package.dsv
[0.860s] -- Up-to-date symlink: /home/robolab/clearpath_ws/install/clearpath_mounts_description/share/ament_index/resource_index/packages/clearpath_mounts_description
[0.861s] -- Up-to-date symlink: /home/robolab/clearpath_ws/install/clearpath_mounts_description/share/clearpath_mounts_description/cmake/clearpath_mounts_descriptionConfig.cmake
[0.861s] -- Up-to-date symlink: /home/robolab/clearpath_ws/install/clearpath_mounts_description/share/clearpath_mounts_description/cmake/clearpath_mounts_descriptionConfig-version.cmake
[0.862s] -- Up-to-date symlink: /home/robolab/clearpath_ws/install/clearpath_mounts_description/share/clearpath_mounts_description/package.xml
[0.864s] Invoked command in '/home/robolab/clearpath_ws/build/clearpath_mounts_description' returned '0': CMAKE_PREFIX_PATH=${CMAKE_PREFIX_PATH}:/opt/ros/jazzy DEBUGINFOD_URLS=https://debuginfod.ubuntu.com /usr/bin/cmake --install /home/robolab/clearpath_ws/build/clearpath_mounts_description
