-- Found ament_cmake: 2.5.5 (/opt/ros/jazzy/share/ament_cmake/cmake)
-- Override CMake install command with custom implementation using symlinks instead of copying resources
-- Found moveit_setup_framework: 2.12.4 (/opt/ros/jazzy/share/moveit_setup_framework/cmake)
-- Found rosidl_generator_c: 4.6.7 (/opt/ros/jazzy/share/rosidl_generator_c/cmake)
-- Found rosidl_generator_cpp: 4.6.7 (/opt/ros/jazzy/share/rosidl_generator_cpp/cmake)
-- Using all available rosidl_typesupport_c: rosidl_typesupport_fastrtps_c;rosidl_typesupport_introspection_c
-- Using all available rosidl_typesupport_cpp: rosidl_typesupport_fastrtps_cpp;rosidl_typesupport_introspection_cpp
-- Found rmw_implementation_cmake: 7.3.3 (/opt/ros/jazzy/share/rmw_implementation_cmake/cmake)
-- Found rmw_fastrtps_cpp: 8.4.3 (/opt/ros/jazzy/share/rmw_fastrtps_cpp/cmake)
-- Using RMW implementation 'rmw_fastrtps_cpp' as default
-- Found Boost: /usr/lib/x86_64-linux-gnu/cmake/Boost-1.83.0/BoostConfig.cmake (found version "1.83.0") found components: chrono date_time filesystem iostreams program_options regex serialization system thread 
-- Found parameter_traits: 0.6.0 (/opt/ros/jazzy/share/parameter_traits/cmake)
-- Found rclcpp_lifecycle: 28.1.16 (/opt/ros/jazzy/share/rclcpp_lifecycle/cmake)
-- Found Boost: /usr/lib/x86_64-linux-gnu/cmake/Boost-1.83.0/BoostConfig.cmake (found version "1.83.0") found components: filesystem 
-- Ensuring Eigen3 include directory is part of orocos-kdl CMake target
-- Found Boost: /usr/lib/x86_64-linux-gnu/cmake/Boost-1.83.0/BoostConfig.cmake (found version "1.83.0") found components: system filesystem date_time program_options thread chrono 
-- Found Boost: /usr/lib/x86_64-linux-gnu/cmake/Boost-1.83.0/BoostConfig.cmake (found version "1.83.0") found components: thread date_time system filesystem 
-- Found Boost: /usr/lib/x86_64-linux-gnu/cmake/Boost-1.83.0/BoostConfig.cmake (found version "1.83.0") found components: date_time filesystem program_options system thread 
-- Found Boost: /usr/lib/x86_64-linux-gnu/cmake/Boost-1.83.0/BoostConfig.cmake (found version "1.83.0") found components: thread system filesystem regex date_time program_options 
-- Found Boost: /usr/lib/x86_64-linux-gnu/cmake/Boost-1.83.0/BoostConfig.cmake (found version "1.83.0") found components: system filesystem date_time program_options thread 
-- Setting OGRE_DIR to: '/opt/ros/jazzy/share/rviz_ogre_vendor/cmake/../../../opt/rviz_ogre_vendor/lib/OGRE/cmake'
-- Found OGRE
--   static     : OFF
--   components : MeshLodGenerator;Overlay;Paging;Property;RTShaderSystem;Terrain;Volume
--   plugins    : Plugin_BSPSceneManager;Plugin_OctreeSceneManager;Plugin_PCZSceneManager;Plugin_ParticleFX;RenderSystem_GL;RenderSystem_GL3Plus;Codec_STBI
--   media      : /opt/ros/jazzy/opt/rviz_ogre_vendor/share/OGRE/Media
-- OGRE_LIBRARIES: OgreMeshLodGenerator;OgreOverlay;OgrePaging;OgreProperty;OgreRTShaderSystem;OgreTerrain;OgreVolume;OgreMain
-- OGRE_LIBRARY_DIRS: /opt/ros/jazzy/opt/rviz_ogre_vendor/lib
-- OGRE_PLUGINS: Plugin_BSPSceneManager;Plugin_OctreeSceneManager;Plugin_PCZSceneManager;Plugin_ParticleFX;RenderSystem_GL;RenderSystem_GL3Plus;Codec_STBI
-- OGRE_PLUGIN_DIR: /opt/ros/jazzy/opt/rviz_ogre_vendor/lib/OGRE
-- rviz_ogre_vendor::OgreOverlay for IMPORTED_LOCATION_RELEASE: /opt/ros/jazzy/opt/rviz_ogre_vendor/lib/libOgreOverlay.so
-- rviz_ogre_vendor::OgreOverlay for IMPORTED_LOCATION_DEBUG: /opt/ros/jazzy/opt/rviz_ogre_vendor/lib/libOgreOverlay.so
-- rviz_ogre_vendor::OgreMain for IMPORTED_LOCATION_RELEASE: /opt/ros/jazzy/opt/rviz_ogre_vendor/lib/libOgreMain.so
-- rviz_ogre_vendor::OgreMain for IMPORTED_LOCATION_DEBUG: /opt/ros/jazzy/opt/rviz_ogre_vendor/lib/libOgreMain.so
-- Setting yaml-cpp_DIR to: '/opt/ros/jazzy/share/yaml_cpp_vendor/cmake/../../../opt/yaml_cpp_vendor/share/cmake/yaml-cpp'
-- Found moveit_setup_srdf_plugins: 2.12.4 (/opt/ros/jazzy/share/moveit_setup_srdf_plugins/cmake)
-- Found ament_lint_auto: 0.17.4 (/opt/ros/jazzy/share/ament_lint_auto/cmake)
-- Added test 'cppcheck' to perform static code analysis on C / C++ code
-- Configured cppcheck include dirs: 
-- Configured cppcheck exclude dirs and/or files: 
-- Added test 'flake8' to check Python code syntax and style conventions
-- Configured 'flake8' exclude dirs and/or files: 
-- Added test 'lint_cmake' to check CMake code style
-- Added test 'pep257' to check Python code against some of the docstring style conventions in PEP 257
-- Added test 'uncrustify' to check C / C++ code style
-- Configured uncrustify additional arguments: 
-- Added test 'xmllint' to check XML markup files
-- Configuring done (5.2s)
-- Generating done (0.0s)
-- Build files have been written to: /home/robolab/clearpath_ws/build/clearpath_generator_common
[100%] Built target moveit_collision_updater
[100%] Built target ament_cmake_python_symlink_clearpath_generator_common
running egg_info
writing clearpath_generator_common.egg-info/PKG-INFO
writing dependency_links to clearpath_generator_common.egg-info/dependency_links.txt
writing top-level names to clearpath_generator_common.egg-info/top_level.txt
reading manifest file 'clearpath_generator_common.egg-info/SOURCES.txt'
writing manifest file 'clearpath_generator_common.egg-info/SOURCES.txt'
[100%] Built target ament_cmake_python_build_clearpath_generator_common_egg
-- Install configuration: ""
-- Execute custom install script
-- Up-to-date symlink: /home/robolab/clearpath_ws/install/clearpath_generator_common/lib/clearpath_generator_common/generate_description
-- Up-to-date symlink: /home/robolab/clearpath_ws/install/clearpath_generator_common/lib/clearpath_generator_common/generate_discovery_server
-- Up-to-date symlink: /home/robolab/clearpath_ws/install/clearpath_generator_common/lib/clearpath_generator_common/generate_bash
-- Up-to-date symlink: /home/robolab/clearpath_ws/install/clearpath_generator_common/lib/clearpath_generator_common/generate_semantic_description
-- Up-to-date symlink: /home/robolab/clearpath_ws/install/clearpath_generator_common/lib/clearpath_generator_common/generate_vcan
-- Up-to-date symlink: /home/robolab/clearpath_ws/install/clearpath_generator_common/lib/clearpath_generator_common/generate_zenoh_router
-- Up-to-date symlink: /home/robolab/clearpath_ws/install/clearpath_generator_common/share/clearpath_generator_common/environment/pythonpath.sh
-- Up-to-date symlink: /home/robolab/clearpath_ws/install/clearpath_generator_common/share/clearpath_generator_common/environment/pythonpath.dsv
-- Up-to-date symlink: /home/robolab/clearpath_ws/install/clearpath_generator_common/lib/python3.12/site-packages/clearpath_generator_common-2.9.4-py3.12.egg-info/PKG-INFO
-- Up-to-date symlink: /home/robolab/clearpath_ws/install/clearpath_generator_common/lib/python3.12/site-packages/clearpath_generator_common-2.9.4-py3.12.egg-info/SOURCES.txt
-- Up-to-date symlink: /home/robolab/clearpath_ws/install/clearpath_generator_common/lib/python3.12/site-packages/clearpath_generator_common-2.9.4-py3.12.egg-info/dependency_links.txt
-- Up-to-date symlink: /home/robolab/clearpath_ws/install/clearpath_generator_common/lib/python3.12/site-packages/clearpath_generator_common-2.9.4-py3.12.egg-info/top_level.txt
-- Up-to-date symlink: /home/robolab/clearpath_ws/install/clearpath_generator_common/lib/python3.12/site-packages/clearpath_generator_common/__init__.py
-- Up-to-date symlink: /home/robolab/clearpath_ws/install/clearpath_generator_common/lib/python3.12/site-packages/clearpath_generator_common/bash/__init__.py
-- Up-to-date symlink: /home/robolab/clearpath_ws/install/clearpath_generator_common/lib/python3.12/site-packages/clearpath_generator_common/bash/generate_bash
-- Up-to-date symlink: /home/robolab/clearpath_ws/install/clearpath_generator_common/lib/python3.12/site-packages/clearpath_generator_common/bash/generator.py
-- Up-to-date symlink: /home/robolab/clearpath_ws/install/clearpath_generator_common/lib/python3.12/site-packages/clearpath_generator_common/bash/writer.py
-- Up-to-date symlink: /home/robolab/clearpath_ws/install/clearpath_generator_common/lib/python3.12/site-packages/clearpath_generator_common/common.py
-- Up-to-date symlink: /home/robolab/clearpath_ws/install/clearpath_generator_common/lib/python3.12/site-packages/clearpath_generator_common/description/__init__.py
-- Up-to-date symlink: /home/robolab/clearpath_ws/install/clearpath_generator_common/lib/python3.12/site-packages/clearpath_generator_common/description/attachments.py
-- Up-to-date symlink: /home/robolab/clearpath_ws/install/clearpath_generator_common/lib/python3.12/site-packages/clearpath_generator_common/description/generate_description
-- Up-to-date symlink: /home/robolab/clearpath_ws/install/clearpath_generator_common/lib/python3.12/site-packages/clearpath_generator_common/description/generator.py
-- Up-to-date symlink: /home/robolab/clearpath_ws/install/clearpath_generator_common/lib/python3.12/site-packages/clearpath_generator_common/description/links.py
-- Up-to-date symlink: /home/robolab/clearpath_ws/install/clearpath_generator_common/lib/python3.12/site-packages/clearpath_generator_common/description/manipulators.py
-- Up-to-date symlink: /home/robolab/clearpath_ws/install/clearpath_generator_common/lib/python3.12/site-packages/clearpath_generator_common/description/mounts.py
-- Up-to-date symlink: /home/robolab/clearpath_ws/install/clearpath_generator_common/lib/python3.12/site-packages/clearpath_generator_common/description/platform.py
-- Up-to-date symlink: /home/robolab/clearpath_ws/install/clearpath_generator_common/lib/python3.12/site-packages/clearpath_generator_common/description/sensors.py
-- Up-to-date symlink: /home/robolab/clearpath_ws/install/clearpath_generator_common/lib/python3.12/site-packages/clearpath_generator_common/description/writer.py
-- Up-to-date symlink: /home/robolab/clearpath_ws/install/clearpath_generator_common/lib/python3.12/site-packages/clearpath_generator_common/discovery_server/generate_discovery_server
-- Up-to-date symlink: /home/robolab/clearpath_ws/install/clearpath_generator_common/lib/python3.12/site-packages/clearpath_generator_common/discovery_server/generator.py
-- Up-to-date symlink: /home/robolab/clearpath_ws/install/clearpath_generator_common/lib/python3.12/site-packages/clearpath_generator_common/launch/__init__.py
-- Up-to-date symlink: /home/robolab/clearpath_ws/install/clearpath_generator_common/lib/python3.12/site-packages/clearpath_generator_common/launch/generator.py
-- Up-to-date symlink: /home/robolab/clearpath_ws/install/clearpath_generator_common/lib/python3.12/site-packages/clearpath_generator_common/launch/writer.py
-- Up-to-date symlink: /home/robolab/clearpath_ws/install/clearpath_generator_common/lib/python3.12/site-packages/clearpath_generator_common/package/__init__.py
-- Up-to-date symlink: /home/robolab/clearpath_ws/install/clearpath_generator_common/lib/python3.12/site-packages/clearpath_generator_common/package/writer.py
-- Up-to-date symlink: /home/robolab/clearpath_ws/install/clearpath_generator_common/lib/python3.12/site-packages/clearpath_generator_common/param/__init__.py
-- Up-to-date symlink: /home/robolab/clearpath_ws/install/clearpath_generator_common/lib/python3.12/site-packages/clearpath_generator_common/param/generator.py
-- Up-to-date symlink: /home/robolab/clearpath_ws/install/clearpath_generator_common/lib/python3.12/site-packages/clearpath_generator_common/param/manipulators.py
-- Up-to-date symlink: /home/robolab/clearpath_ws/install/clearpath_generator_common/lib/python3.12/site-packages/clearpath_generator_common/param/platform.py
-- Up-to-date symlink: /home/robolab/clearpath_ws/install/clearpath_generator_common/lib/python3.12/site-packages/clearpath_generator_common/param/writer.py
-- Up-to-date symlink: /home/robolab/clearpath_ws/install/clearpath_generator_common/lib/python3.12/site-packages/clearpath_generator_common/ros.py
-- Up-to-date symlink: /home/robolab/clearpath_ws/install/clearpath_generator_common/lib/python3.12/site-packages/clearpath_generator_common/semantic_description/__init__.py
-- Up-to-date symlink: /home/robolab/clearpath_ws/install/clearpath_generator_common/lib/python3.12/site-packages/clearpath_generator_common/semantic_description/generate_semantic_description
-- Up-to-date symlink: /home/robolab/clearpath_ws/install/clearpath_generator_common/lib/python3.12/site-packages/clearpath_generator_common/semantic_description/generator.py
-- Up-to-date symlink: /home/robolab/clearpath_ws/install/clearpath_generator_common/lib/python3.12/site-packages/clearpath_generator_common/semantic_description/manipulators.py
-- Up-to-date symlink: /home/robolab/clearpath_ws/install/clearpath_generator_common/lib/python3.12/site-packages/clearpath_generator_common/vcan/generate_vcan
-- Up-to-date symlink: /home/robolab/clearpath_ws/install/clearpath_generator_common/lib/python3.12/site-packages/clearpath_generator_common/vcan/generator.py
-- Up-to-date symlink: /home/robolab/clearpath_ws/install/clearpath_generator_common/lib/python3.12/site-packages/clearpath_generator_common/zenoh_router/generate_zenoh_router
-- Up-to-date symlink: /home/robolab/clearpath_ws/install/clearpath_generator_common/lib/python3.12/site-packages/clearpath_generator_common/zenoh_router/generator.py
-- Up-to-date symlink: /home/robolab/clearpath_ws/install/clearpath_generator_common/share/ament_index/resource_index/package_run_dependencies/clearpath_generator_common
-- Up-to-date symlink: /home/robolab/clearpath_ws/install/clearpath_generator_common/share/ament_index/resource_index/parent_prefix_path/clearpath_generator_common
-- Up-to-date symlink: /home/robolab/clearpath_ws/install/clearpath_generator_common/share/clearpath_generator_common/environment/ament_prefix_path.sh
-- Up-to-date symlink: /home/robolab/clearpath_ws/install/clearpath_generator_common/share/clearpath_generator_common/environment/ament_prefix_path.dsv
-- Up-to-date symlink: /home/robolab/clearpath_ws/install/clearpath_generator_common/share/clearpath_generator_common/environment/path.sh
-- Up-to-date symlink: /home/robolab/clearpath_ws/install/clearpath_generator_common/share/clearpath_generator_common/environment/path.dsv
-- Up-to-date symlink: /home/robolab/clearpath_ws/install/clearpath_generator_common/share/clearpath_generator_common/local_setup.bash
-- Up-to-date symlink: /home/robolab/clearpath_ws/install/clearpath_generator_common/share/clearpath_generator_common/local_setup.sh
-- Up-to-date symlink: /home/robolab/clearpath_ws/install/clearpath_generator_common/share/clearpath_generator_common/local_setup.zsh
-- Up-to-date symlink: /home/robolab/clearpath_ws/install/clearpath_generator_common/share/clearpath_generator_common/local_setup.dsv
-- Symlinking: /home/robolab/clearpath_ws/install/clearpath_generator_common/share/clearpath_generator_common/package.dsv
-- Up-to-date symlink: /home/robolab/clearpath_ws/install/clearpath_generator_common/share/ament_index/resource_index/packages/clearpath_generator_common
-- Up-to-date symlink: /home/robolab/clearpath_ws/install/clearpath_generator_common/share/clearpath_generator_common/cmake/clearpath_generator_commonConfig.cmake
-- Up-to-date symlink: /home/robolab/clearpath_ws/install/clearpath_generator_common/share/clearpath_generator_common/cmake/clearpath_generator_commonConfig-version.cmake
-- Up-to-date symlink: /home/robolab/clearpath_ws/install/clearpath_generator_common/share/clearpath_generator_common/package.xml
-- Up-to-date: /home/robolab/clearpath_ws/install/clearpath_generator_common/lib/clearpath_generator_common/moveit_collision_updater
Listing '/home/robolab/clearpath_ws/install/clearpath_generator_common/lib/python3.12/site-packages/clearpath_generator_common'...
Listing '/home/robolab/clearpath_ws/install/clearpath_generator_common/lib/python3.12/site-packages/clearpath_generator_common/bash'...
Listing '/home/robolab/clearpath_ws/install/clearpath_generator_common/lib/python3.12/site-packages/clearpath_generator_common/description'...
Listing '/home/robolab/clearpath_ws/install/clearpath_generator_common/lib/python3.12/site-packages/clearpath_generator_common/discovery_server'...
Listing '/home/robolab/clearpath_ws/install/clearpath_generator_common/lib/python3.12/site-packages/clearpath_generator_common/launch'...
Listing '/home/robolab/clearpath_ws/install/clearpath_generator_common/lib/python3.12/site-packages/clearpath_generator_common/package'...
Listing '/home/robolab/clearpath_ws/install/clearpath_generator_common/lib/python3.12/site-packages/clearpath_generator_common/param'...
Listing '/home/robolab/clearpath_ws/install/clearpath_generator_common/lib/python3.12/site-packages/clearpath_generator_common/semantic_description'...
Listing '/home/robolab/clearpath_ws/install/clearpath_generator_common/lib/python3.12/site-packages/clearpath_generator_common/vcan'...
Listing '/home/robolab/clearpath_ws/install/clearpath_generator_common/lib/python3.12/site-packages/clearpath_generator_common/zenoh_router'...
