[0.031s] Invoking command in '/home/robolab/clearpath_ws/build/clearpath_generator_common': AMENT_PREFIX_PATH=/home/robolab/clearpath_ws/install/clearpath_manipulators:/home/robolab/clearpath_ws/install/clearpath_diagnostics:/home/robolab/clearpath_ws/install/clearpath_description:/home/robolab/clearpath_ws/install/clearpath_control:/home/robolab/clearpath_ws/install/clearpath_sensors_description:/home/robolab/clearpath_ws/install/clearpath_platform_msgs:/home/robolab/clearpath_ws/install/clearpath_platform_description:/home/robolab/clearpath_ws/install/clearpath_mounts_description:/home/robolab/clearpath_ws/install/clearpath_manipulators_description:/home/robolab/clearpath_ws/install/clearpath_config:/home/robolab/clearpath_ws/install/clearpath_bt_joy:${AMENT_PREFIX_PATH} CMAKE_PREFIX_PATH=/home/robolab/clearpath_ws/install/clearpath_manipulators:/home/robolab/clearpath_ws/install/clearpath_diagnostics:/home/robolab/clearpath_ws/install/clearpath_description:/home/robolab/clearpath_ws/install/clearpath_control:/home/robolab/clearpath_ws/install/clearpath_sensors_description:/home/robolab/clearpath_ws/install/clearpath_platform_msgs:/home/robolab/clearpath_ws/install/clearpath_platform_description:/home/robolab/clearpath_ws/install/clearpath_mounts_description:/home/robolab/clearpath_ws/install/clearpath_manipulators_description:/opt/ros/jazzy/opt/gz_sim_vendor:/opt/ros/jazzy/opt/gz_sensors_vendor:/opt/ros/jazzy/opt/gz_physics_vendor:/opt/ros/jazzy/opt/gz_gui_vendor:/opt/ros/jazzy/opt/gz_transport_vendor:/opt/ros/jazzy/opt/gz_rendering_vendor:/opt/ros/jazzy/opt/gz_plugin_vendor:/opt/ros/jazzy/opt/gz_fuel_tools_vendor:/opt/ros/jazzy/opt/gz_msgs_vendor:/opt/ros/jazzy/opt/gz_common_vendor:/opt/ros/jazzy/opt/gz_ogre_next_vendor:/opt/ros/jazzy/opt/gz_dartsim_vendor:/opt/ros/jazzy/opt/sdformat_vendor:/opt/ros/jazzy/opt/gz_tools_vendor:/opt/ros/jazzy/opt/gz_math_vendor:/opt/ros/jazzy/opt/gz_utils_vendor:/opt/ros/jazzy/opt/gz_cmake_vendor:/opt/ros/jazzy DEBUGINFOD_URLS=https://debuginfod.ubuntu.com LD_LIBRARY_PATH=/home/robolab/clearpath_ws/install/clearpath_platform_msgs/lib:${LD_LIBRARY_PATH} PYTHONPATH=/home/robolab/clearpath_ws/install/clearpath_platform_msgs/lib/python3.12/site-packages:/home/robolab/clearpath_ws/install/clearpath_config/lib/python3.12/site-packages:/home/robolab/clearpath_ws/install/clearpath_bt_joy/lib/python3.12/site-packages:${PYTHONPATH} /usr/bin/cmake /home/robolab/clearpath_ws/src/clearpath_common/clearpath_generator_common -DCMAKE_INSTALL_PREFIX=/home/robolab/clearpath_ws/install/clearpath_generator_common
[0.055s] -- Found ament_cmake: 2.5.5 (/opt/ros/jazzy/share/ament_cmake/cmake)
[0.453s] -- Override CMake install command with custom implementation using symlinks instead of copying resources
[0.467s] -- Found moveit_setup_framework: 2.12.4 (/opt/ros/jazzy/share/moveit_setup_framework/cmake)
[0.509s] -- Found rosidl_generator_c: 4.6.7 (/opt/ros/jazzy/share/rosidl_generator_c/cmake)
[0.524s] -- Found rosidl_generator_cpp: 4.6.7 (/opt/ros/jazzy/share/rosidl_generator_cpp/cmake)
[0.545s] -- Using all available rosidl_typesupport_c: rosidl_typesupport_fastrtps_c;rosidl_typesupport_introspection_c
[0.566s] -- Using all available rosidl_typesupport_cpp: rosidl_typesupport_fastrtps_cpp;rosidl_typesupport_introspection_cpp
[0.665s] -- Found rmw_implementation_cmake: 7.3.3 (/opt/ros/jazzy/share/rmw_implementation_cmake/cmake)
[0.669s] -- Found rmw_fastrtps_cpp: 8.4.3 (/opt/ros/jazzy/share/rmw_fastrtps_cpp/cmake)
[0.765s] -- Using RMW implementation 'rmw_fastrtps_cpp' as default
[0.902s] -- Found Boost: /usr/lib/x86_64-linux-gnu/cmake/Boost-1.83.0/BoostConfig.cmake (found version "1.83.0") found components: chrono date_time filesystem iostreams program_options regex serialization system thread 
[0.970s] -- Found parameter_traits: 0.6.0 (/opt/ros/jazzy/share/parameter_traits/cmake)
[0.976s] -- Found rclcpp_lifecycle: 28.1.16 (/opt/ros/jazzy/share/rclcpp_lifecycle/cmake)
[1.020s] -- Found Boost: /usr/lib/x86_64-linux-gnu/cmake/Boost-1.83.0/BoostConfig.cmake (found version "1.83.0") found components: filesystem 
[1.190s] -- Ensuring Eigen3 include directory is part of orocos-kdl CMake target
[1.756s] -- Found Boost: /usr/lib/x86_64-linux-gnu/cmake/Boost-1.83.0/BoostConfig.cmake (found version "1.83.0") found components: system filesystem date_time program_options thread chrono 
[1.821s] -- Found Boost: /usr/lib/x86_64-linux-gnu/cmake/Boost-1.83.0/BoostConfig.cmake (found version "1.83.0") found components: thread date_time system filesystem 
[1.845s] -- Found Boost: /usr/lib/x86_64-linux-gnu/cmake/Boost-1.83.0/BoostConfig.cmake (found version "1.83.0") found components: date_time filesystem program_options system thread 
[1.868s] -- Found Boost: /usr/lib/x86_64-linux-gnu/cmake/Boost-1.83.0/BoostConfig.cmake (found version "1.83.0") found components: thread system filesystem regex date_time program_options 
[1.903s] -- Found Boost: /usr/lib/x86_64-linux-gnu/cmake/Boost-1.83.0/BoostConfig.cmake (found version "1.83.0") found components: system filesystem date_time program_options thread 
[2.005s] -- Setting OGRE_DIR to: '/opt/ros/jazzy/share/rviz_ogre_vendor/cmake/../../../opt/rviz_ogre_vendor/lib/OGRE/cmake'
[2.008s] -- Found OGRE
[2.008s] --   static     : OFF
[2.009s] --   components : MeshLodGenerator;Overlay;Paging;Property;RTShaderSystem;Terrain;Volume
[2.009s] --   plugins    : Plugin_BSPSceneManager;Plugin_OctreeSceneManager;Plugin_PCZSceneManager;Plugin_ParticleFX;RenderSystem_GL;RenderSystem_GL3Plus;Codec_STBI
[2.009s] --   media      : /opt/ros/jazzy/opt/rviz_ogre_vendor/share/OGRE/Media
[2.009s] -- OGRE_LIBRARIES: OgreMeshLodGenerator;OgreOverlay;OgrePaging;OgreProperty;OgreRTShaderSystem;OgreTerrain;OgreVolume;OgreMain
[2.009s] -- OGRE_LIBRARY_DIRS: /opt/ros/jazzy/opt/rviz_ogre_vendor/lib
[2.009s] -- OGRE_PLUGINS: Plugin_BSPSceneManager;Plugin_OctreeSceneManager;Plugin_PCZSceneManager;Plugin_ParticleFX;RenderSystem_GL;RenderSystem_GL3Plus;Codec_STBI
[2.009s] -- OGRE_PLUGIN_DIR: /opt/ros/jazzy/opt/rviz_ogre_vendor/lib/OGRE
[2.009s] -- rviz_ogre_vendor::OgreOverlay for IMPORTED_LOCATION_RELEASE: /opt/ros/jazzy/opt/rviz_ogre_vendor/lib/libOgreOverlay.so
[2.009s] -- rviz_ogre_vendor::OgreOverlay for IMPORTED_LOCATION_DEBUG: /opt/ros/jazzy/opt/rviz_ogre_vendor/lib/libOgreOverlay.so
[2.009s] -- rviz_ogre_vendor::OgreMain for IMPORTED_LOCATION_RELEASE: /opt/ros/jazzy/opt/rviz_ogre_vendor/lib/libOgreMain.so
[2.010s] -- rviz_ogre_vendor::OgreMain for IMPORTED_LOCATION_DEBUG: /opt/ros/jazzy/opt/rviz_ogre_vendor/lib/libOgreMain.so
[2.261s] -- Setting yaml-cpp_DIR to: '/opt/ros/jazzy/share/yaml_cpp_vendor/cmake/../../../opt/yaml_cpp_vendor/share/cmake/yaml-cpp'
[2.412s] -- Found moveit_setup_srdf_plugins: 2.12.4 (/opt/ros/jazzy/share/moveit_setup_srdf_plugins/cmake)
[2.561s] -- Found ament_lint_auto: 0.17.4 (/opt/ros/jazzy/share/ament_lint_auto/cmake)
[5.204s] -- Added test 'cppcheck' to perform static code analysis on C / C++ code
[5.204s] -- Configured cppcheck include dirs: 
[5.204s] -- Configured cppcheck exclude dirs and/or files: 
[5.204s] -- Added test 'flake8' to check Python code syntax and style conventions
[5.204s] -- Configured 'flake8' exclude dirs and/or files: 
[5.204s] -- Added test 'lint_cmake' to check CMake code style
[5.204s] -- Added test 'pep257' to check Python code against some of the docstring style conventions in PEP 257
[5.207s] -- Added test 'uncrustify' to check C / C++ code style
[5.207s] -- Configured uncrustify additional arguments: 
[5.208s] -- Added test 'xmllint' to check XML markup files
[5.210s] -- Configuring done (5.2s)
[5.272s] -- Generating done (0.0s)
[5.284s] -- Build files have been written to: /home/robolab/clearpath_ws/build/clearpath_generator_common
[5.307s] Invoked command in '/home/robolab/clearpath_ws/build/clearpath_generator_common' returned '0': AMENT_PREFIX_PATH=/home/robolab/clearpath_ws/install/clearpath_manipulators:/home/robolab/clearpath_ws/install/clearpath_diagnostics:/home/robolab/clearpath_ws/install/clearpath_description:/home/robolab/clearpath_ws/install/clearpath_control:/home/robolab/clearpath_ws/install/clearpath_sensors_description:/home/robolab/clearpath_ws/install/clearpath_platform_msgs:/home/robolab/clearpath_ws/install/clearpath_platform_description:/home/robolab/clearpath_ws/install/clearpath_mounts_description:/home/robolab/clearpath_ws/install/clearpath_manipulators_description:/home/robolab/clearpath_ws/install/clearpath_config:/home/robolab/clearpath_ws/install/clearpath_bt_joy:${AMENT_PREFIX_PATH} CMAKE_PREFIX_PATH=/home/robolab/clearpath_ws/install/clearpath_manipulators:/home/robolab/clearpath_ws/install/clearpath_diagnostics:/home/robolab/clearpath_ws/install/clearpath_description:/home/robolab/clearpath_ws/install/clearpath_control:/home/robolab/clearpath_ws/install/clearpath_sensors_description:/home/robolab/clearpath_ws/install/clearpath_platform_msgs:/home/robolab/clearpath_ws/install/clearpath_platform_description:/home/robolab/clearpath_ws/install/clearpath_mounts_description:/home/robolab/clearpath_ws/install/clearpath_manipulators_description:/opt/ros/jazzy/opt/gz_sim_vendor:/opt/ros/jazzy/opt/gz_sensors_vendor:/opt/ros/jazzy/opt/gz_physics_vendor:/opt/ros/jazzy/opt/gz_gui_vendor:/opt/ros/jazzy/opt/gz_transport_vendor:/opt/ros/jazzy/opt/gz_rendering_vendor:/opt/ros/jazzy/opt/gz_plugin_vendor:/opt/ros/jazzy/opt/gz_fuel_tools_vendor:/opt/ros/jazzy/opt/gz_msgs_vendor:/opt/ros/jazzy/opt/gz_common_vendor:/opt/ros/jazzy/opt/gz_ogre_next_vendor:/opt/ros/jazzy/opt/gz_dartsim_vendor:/opt/ros/jazzy/opt/sdformat_vendor:/opt/ros/jazzy/opt/gz_tools_vendor:/opt/ros/jazzy/opt/gz_math_vendor:/opt/ros/jazzy/opt/gz_utils_vendor:/opt/ros/jazzy/opt/gz_cmake_vendor:/opt/ros/jazzy DEBUGINFOD_URLS=https://debuginfod.ubuntu.com LD_LIBRARY_PATH=/home/robolab/clearpath_ws/install/clearpath_platform_msgs/lib:${LD_LIBRARY_PATH} PYTHONPATH=/home/robolab/clearpath_ws/install/clearpath_platform_msgs/lib/python3.12/site-packages:/home/robolab/clearpath_ws/install/clearpath_config/lib/python3.12/site-packages:/home/robolab/clearpath_ws/install/clearpath_bt_joy/lib/python3.12/site-packages:${PYTHONPATH} /usr/bin/cmake /home/robolab/clearpath_ws/src/clearpath_common/clearpath_generator_common -DCMAKE_INSTALL_PREFIX=/home/robolab/clearpath_ws/install/clearpath_generator_common
[5.309s] Invoking command in '/home/robolab/clearpath_ws/build/clearpath_generator_common': AMENT_PREFIX_PATH=/home/robolab/clearpath_ws/install/clearpath_manipulators:/home/robolab/clearpath_ws/install/clearpath_diagnostics:/home/robolab/clearpath_ws/install/clearpath_description:/home/robolab/clearpath_ws/install/clearpath_control:/home/robolab/clearpath_ws/install/clearpath_sensors_description:/home/robolab/clearpath_ws/install/clearpath_platform_msgs:/home/robolab/clearpath_ws/install/clearpath_platform_description:/home/robolab/clearpath_ws/install/clearpath_mounts_description:/home/robolab/clearpath_ws/install/clearpath_manipulators_description:/home/robolab/clearpath_ws/install/clearpath_config:/home/robolab/clearpath_ws/install/clearpath_bt_joy:${AMENT_PREFIX_PATH} CMAKE_PREFIX_PATH=/home/robolab/clearpath_ws/install/clearpath_manipulators:/home/robolab/clearpath_ws/install/clearpath_diagnostics:/home/robolab/clearpath_ws/install/clearpath_description:/home/robolab/clearpath_ws/install/clearpath_control:/home/robolab/clearpath_ws/install/clearpath_sensors_description:/home/robolab/clearpath_ws/install/clearpath_platform_msgs:/home/robolab/clearpath_ws/install/clearpath_platform_description:/home/robolab/clearpath_ws/install/clearpath_mounts_description:/home/robolab/clearpath_ws/install/clearpath_manipulators_description:/opt/ros/jazzy/opt/gz_sim_vendor:/opt/ros/jazzy/opt/gz_sensors_vendor:/opt/ros/jazzy/opt/gz_physics_vendor:/opt/ros/jazzy/opt/gz_gui_vendor:/opt/ros/jazzy/opt/gz_transport_vendor:/opt/ros/jazzy/opt/gz_rendering_vendor:/opt/ros/jazzy/opt/gz_plugin_vendor:/opt/ros/jazzy/opt/gz_fuel_tools_vendor:/opt/ros/jazzy/opt/gz_msgs_vendor:/opt/ros/jazzy/opt/gz_common_vendor:/opt/ros/jazzy/opt/gz_ogre_next_vendor:/opt/ros/jazzy/opt/gz_dartsim_vendor:/opt/ros/jazzy/opt/sdformat_vendor:/opt/ros/jazzy/opt/gz_tools_vendor:/opt/ros/jazzy/opt/gz_math_vendor:/opt/ros/jazzy/opt/gz_utils_vendor:/opt/ros/jazzy/opt/gz_cmake_vendor:/opt/ros/jazzy DEBUGINFOD_URLS=https://debuginfod.ubuntu.com LD_LIBRARY_PATH=/home/robolab/clearpath_ws/install/clearpath_platform_msgs/lib:${LD_LIBRARY_PATH} PYTHONPATH=/home/robolab/clearpath_ws/install/clearpath_platform_msgs/lib/python3.12/site-packages:/home/robolab/clearpath_ws/install/clearpath_config/lib/python3.12/site-packages:/home/robolab/clearpath_ws/install/clearpath_bt_joy/lib/python3.12/site-packages:${PYTHONPATH} /usr/bin/cmake --build /home/robolab/clearpath_ws/build/clearpath_generator_common -- -j4 -l4
[5.418s] [100%] Built target moveit_collision_updater
[5.462s] [100%] Built target ament_cmake_python_symlink_clearpath_generator_common
[5.780s] running egg_info
[5.809s] writing clearpath_generator_common.egg-info/PKG-INFO
[5.809s] writing dependency_links to clearpath_generator_common.egg-info/dependency_links.txt
[5.809s] writing top-level names to clearpath_generator_common.egg-info/top_level.txt
[5.898s] reading manifest file 'clearpath_generator_common.egg-info/SOURCES.txt'
[5.899s] writing manifest file 'clearpath_generator_common.egg-info/SOURCES.txt'
[5.950s] [100%] Built target ament_cmake_python_build_clearpath_generator_common_egg
[5.978s] Invoked command in '/home/robolab/clearpath_ws/build/clearpath_generator_common' returned '0': AMENT_PREFIX_PATH=/home/robolab/clearpath_ws/install/clearpath_manipulators:/home/robolab/clearpath_ws/install/clearpath_diagnostics:/home/robolab/clearpath_ws/install/clearpath_description:/home/robolab/clearpath_ws/install/clearpath_control:/home/robolab/clearpath_ws/install/clearpath_sensors_description:/home/robolab/clearpath_ws/install/clearpath_platform_msgs:/home/robolab/clearpath_ws/install/clearpath_platform_description:/home/robolab/clearpath_ws/install/clearpath_mounts_description:/home/robolab/clearpath_ws/install/clearpath_manipulators_description:/home/robolab/clearpath_ws/install/clearpath_config:/home/robolab/clearpath_ws/install/clearpath_bt_joy:${AMENT_PREFIX_PATH} CMAKE_PREFIX_PATH=/home/robolab/clearpath_ws/install/clearpath_manipulators:/home/robolab/clearpath_ws/install/clearpath_diagnostics:/home/robolab/clearpath_ws/install/clearpath_description:/home/robolab/clearpath_ws/install/clearpath_control:/home/robolab/clearpath_ws/install/clearpath_sensors_description:/home/robolab/clearpath_ws/install/clearpath_platform_msgs:/home/robolab/clearpath_ws/install/clearpath_platform_description:/home/robolab/clearpath_ws/install/clearpath_mounts_description:/home/robolab/clearpath_ws/install/clearpath_manipulators_description:/opt/ros/jazzy/opt/gz_sim_vendor:/opt/ros/jazzy/opt/gz_sensors_vendor:/opt/ros/jazzy/opt/gz_physics_vendor:/opt/ros/jazzy/opt/gz_gui_vendor:/opt/ros/jazzy/opt/gz_transport_vendor:/opt/ros/jazzy/opt/gz_rendering_vendor:/opt/ros/jazzy/opt/gz_plugin_vendor:/opt/ros/jazzy/opt/gz_fuel_tools_vendor:/opt/ros/jazzy/opt/gz_msgs_vendor:/opt/ros/jazzy/opt/gz_common_vendor:/opt/ros/jazzy/opt/gz_ogre_next_vendor:/opt/ros/jazzy/opt/gz_dartsim_vendor:/opt/ros/jazzy/opt/sdformat_vendor:/opt/ros/jazzy/opt/gz_tools_vendor:/opt/ros/jazzy/opt/gz_math_vendor:/opt/ros/jazzy/opt/gz_utils_vendor:/opt/ros/jazzy/opt/gz_cmake_vendor:/opt/ros/jazzy DEBUGINFOD_URLS=https://debuginfod.ubuntu.com LD_LIBRARY_PATH=/home/robolab/clearpath_ws/install/clearpath_platform_msgs/lib:${LD_LIBRARY_PATH} PYTHONPATH=/home/robolab/clearpath_ws/install/clearpath_platform_msgs/lib/python3.12/site-packages:/home/robolab/clearpath_ws/install/clearpath_config/lib/python3.12/site-packages:/home/robolab/clearpath_ws/install/clearpath_bt_joy/lib/python3.12/site-packages:${PYTHONPATH} /usr/bin/cmake --build /home/robolab/clearpath_ws/build/clearpath_generator_common -- -j4 -l4
[5.979s] Invoking command in '/home/robolab/clearpath_ws/build/clearpath_generator_common': AMENT_PREFIX_PATH=/home/robolab/clearpath_ws/install/clearpath_manipulators:/home/robolab/clearpath_ws/install/clearpath_diagnostics:/home/robolab/clearpath_ws/install/clearpath_description:/home/robolab/clearpath_ws/install/clearpath_control:/home/robolab/clearpath_ws/install/clearpath_sensors_description:/home/robolab/clearpath_ws/install/clearpath_platform_msgs:/home/robolab/clearpath_ws/install/clearpath_platform_description:/home/robolab/clearpath_ws/install/clearpath_mounts_description:/home/robolab/clearpath_ws/install/clearpath_manipulators_description:/home/robolab/clearpath_ws/install/clearpath_config:/home/robolab/clearpath_ws/install/clearpath_bt_joy:${AMENT_PREFIX_PATH} CMAKE_PREFIX_PATH=/home/robolab/clearpath_ws/install/clearpath_manipulators:/home/robolab/clearpath_ws/install/clearpath_diagnostics:/home/robolab/clearpath_ws/install/clearpath_description:/home/robolab/clearpath_ws/install/clearpath_control:/home/robolab/clearpath_ws/install/clearpath_sensors_description:/home/robolab/clearpath_ws/install/clearpath_platform_msgs:/home/robolab/clearpath_ws/install/clearpath_platform_description:/home/robolab/clearpath_ws/install/clearpath_mounts_description:/home/robolab/clearpath_ws/install/clearpath_manipulators_description:/opt/ros/jazzy/opt/gz_sim_vendor:/opt/ros/jazzy/opt/gz_sensors_vendor:/opt/ros/jazzy/opt/gz_physics_vendor:/opt/ros/jazzy/opt/gz_gui_vendor:/opt/ros/jazzy/opt/gz_transport_vendor:/opt/ros/jazzy/opt/gz_rendering_vendor:/opt/ros/jazzy/opt/gz_plugin_vendor:/opt/ros/jazzy/opt/gz_fuel_tools_vendor:/opt/ros/jazzy/opt/gz_msgs_vendor:/opt/ros/jazzy/opt/gz_common_vendor:/opt/ros/jazzy/opt/gz_ogre_next_vendor:/opt/ros/jazzy/opt/gz_dartsim_vendor:/opt/ros/jazzy/opt/sdformat_vendor:/opt/ros/jazzy/opt/gz_tools_vendor:/opt/ros/jazzy/opt/gz_math_vendor:/opt/ros/jazzy/opt/gz_utils_vendor:/opt/ros/jazzy/opt/gz_cmake_vendor:/opt/ros/jazzy DEBUGINFOD_URLS=https://debuginfod.ubuntu.com LD_LIBRARY_PATH=/home/robolab/clearpath_ws/install/clearpath_platform_msgs/lib:${LD_LIBRARY_PATH} PYTHONPATH=/home/robolab/clearpath_ws/install/clearpath_platform_msgs/lib/python3.12/site-packages:/home/robolab/clearpath_ws/install/clearpath_config/lib/python3.12/site-packages:/home/robolab/clearpath_ws/install/clearpath_bt_joy/lib/python3.12/site-packages:${PYTHONPATH} /usr/bin/cmake --install /home/robolab/clearpath_ws/build/clearpath_generator_common
[5.989s] -- Install configuration: ""
[5.992s] -- Execute custom install script
[5.992s] -- Up-to-date symlink: /home/robolab/clearpath_ws/install/clearpath_generator_common/lib/clearpath_generator_common/generate_description
[5.992s] -- Up-to-date symlink: /home/robolab/clearpath_ws/install/clearpath_generator_common/lib/clearpath_generator_common/generate_discovery_server
[5.992s] -- Up-to-date symlink: /home/robolab/clearpath_ws/install/clearpath_generator_common/lib/clearpath_generator_common/generate_bash
[5.992s] -- Up-to-date symlink: /home/robolab/clearpath_ws/install/clearpath_generator_common/lib/clearpath_generator_common/generate_semantic_description
[5.992s] -- Up-to-date symlink: /home/robolab/clearpath_ws/install/clearpath_generator_common/lib/clearpath_generator_common/generate_vcan
[5.993s] -- Up-to-date symlink: /home/robolab/clearpath_ws/install/clearpath_generator_common/lib/clearpath_generator_common/generate_zenoh_router
[5.993s] -- Up-to-date symlink: /home/robolab/clearpath_ws/install/clearpath_generator_common/share/clearpath_generator_common/environment/pythonpath.sh
[5.993s] -- Up-to-date symlink: /home/robolab/clearpath_ws/install/clearpath_generator_common/share/clearpath_generator_common/environment/pythonpath.dsv
[5.993s] -- Up-to-date symlink: /home/robolab/clearpath_ws/install/clearpath_generator_common/lib/python3.12/site-packages/clearpath_generator_common-2.9.4-py3.12.egg-info/PKG-INFO
[5.993s] -- Up-to-date symlink: /home/robolab/clearpath_ws/install/clearpath_generator_common/lib/python3.12/site-packages/clearpath_generator_common-2.9.4-py3.12.egg-info/SOURCES.txt
[5.993s] -- Up-to-date symlink: /home/robolab/clearpath_ws/install/clearpath_generator_common/lib/python3.12/site-packages/clearpath_generator_common-2.9.4-py3.12.egg-info/dependency_links.txt
[5.993s] -- Up-to-date symlink: /home/robolab/clearpath_ws/install/clearpath_generator_common/lib/python3.12/site-packages/clearpath_generator_common-2.9.4-py3.12.egg-info/top_level.txt
[5.993s] -- Up-to-date symlink: /home/robolab/clearpath_ws/install/clearpath_generator_common/lib/python3.12/site-packages/clearpath_generator_common/__init__.py
[5.993s] -- Up-to-date symlink: /home/robolab/clearpath_ws/install/clearpath_generator_common/lib/python3.12/site-packages/clearpath_generator_common/bash/__init__.py
[5.993s] -- Up-to-date symlink: /home/robolab/clearpath_ws/install/clearpath_generator_common/lib/python3.12/site-packages/clearpath_generator_common/bash/generate_bash
[5.993s] -- Up-to-date symlink: /home/robolab/clearpath_ws/install/clearpath_generator_common/lib/python3.12/site-packages/clearpath_generator_common/bash/generator.py
[5.994s] -- Up-to-date symlink: /home/robolab/clearpath_ws/install/clearpath_generator_common/lib/python3.12/site-packages/clearpath_generator_common/bash/writer.py
[5.994s] -- Up-to-date symlink: /home/robolab/clearpath_ws/install/clearpath_generator_common/lib/python3.12/site-packages/clearpath_generator_common/common.py
[5.994s] -- Up-to-date symlink: /home/robolab/clearpath_ws/install/clearpath_generator_common/lib/python3.12/site-packages/clearpath_generator_common/description/__init__.py
[5.994s] -- Up-to-date symlink: /home/robolab/clearpath_ws/install/clearpath_generator_common/lib/python3.12/site-packages/clearpath_generator_common/description/attachments.py
[5.994s] -- Up-to-date symlink: /home/robolab/clearpath_ws/install/clearpath_generator_common/lib/python3.12/site-packages/clearpath_generator_common/description/generate_description
[5.994s] -- Up-to-date symlink: /home/robolab/clearpath_ws/install/clearpath_generator_common/lib/python3.12/site-packages/clearpath_generator_common/description/generator.py
[5.994s] -- Up-to-date symlink: /home/robolab/clearpath_ws/install/clearpath_generator_common/lib/python3.12/site-packages/clearpath_generator_common/description/links.py
[5.994s] -- Up-to-date symlink: /home/robolab/clearpath_ws/install/clearpath_generator_common/lib/python3.12/site-packages/clearpath_generator_common/description/manipulators.py
[5.994s] -- Up-to-date symlink: /home/robolab/clearpath_ws/install/clearpath_generator_common/lib/python3.12/site-packages/clearpath_generator_common/description/mounts.py
[5.995s] -- Up-to-date symlink: /home/robolab/clearpath_ws/install/clearpath_generator_common/lib/python3.12/site-packages/clearpath_generator_common/description/platform.py
[5.995s] -- Up-to-date symlink: /home/robolab/clearpath_ws/install/clearpath_generator_common/lib/python3.12/site-packages/clearpath_generator_common/description/sensors.py
[5.995s] -- Up-to-date symlink: /home/robolab/clearpath_ws/install/clearpath_generator_common/lib/python3.12/site-packages/clearpath_generator_common/description/writer.py
[5.995s] -- Up-to-date symlink: /home/robolab/clearpath_ws/install/clearpath_generator_common/lib/python3.12/site-packages/clearpath_generator_common/discovery_server/generate_discovery_server
[5.995s] -- Up-to-date symlink: /home/robolab/clearpath_ws/install/clearpath_generator_common/lib/python3.12/site-packages/clearpath_generator_common/discovery_server/generator.py
[5.995s] -- Up-to-date symlink: /home/robolab/clearpath_ws/install/clearpath_generator_common/lib/python3.12/site-packages/clearpath_generator_common/launch/__init__.py
[5.995s] -- Up-to-date symlink: /home/robolab/clearpath_ws/install/clearpath_generator_common/lib/python3.12/site-packages/clearpath_generator_common/launch/generator.py
[5.996s] -- Up-to-date symlink: /home/robolab/clearpath_ws/install/clearpath_generator_common/lib/python3.12/site-packages/clearpath_generator_common/launch/writer.py
[5.996s] -- Up-to-date symlink: /home/robolab/clearpath_ws/install/clearpath_generator_common/lib/python3.12/site-packages/clearpath_generator_common/package/__init__.py
[5.996s] -- Up-to-date symlink: /home/robolab/clearpath_ws/install/clearpath_generator_common/lib/python3.12/site-packages/clearpath_generator_common/package/writer.py
[5.996s] -- Up-to-date symlink: /home/robolab/clearpath_ws/install/clearpath_generator_common/lib/python3.12/site-packages/clearpath_generator_common/param/__init__.py
[5.996s] -- Up-to-date symlink: /home/robolab/clearpath_ws/install/clearpath_generator_common/lib/python3.12/site-packages/clearpath_generator_common/param/generator.py
[5.996s] -- Up-to-date symlink: /home/robolab/clearpath_ws/install/clearpath_generator_common/lib/python3.12/site-packages/clearpath_generator_common/param/manipulators.py
[5.996s] -- Up-to-date symlink: /home/robolab/clearpath_ws/install/clearpath_generator_common/lib/python3.12/site-packages/clearpath_generator_common/param/platform.py
[5.996s] -- Up-to-date symlink: /home/robolab/clearpath_ws/install/clearpath_generator_common/lib/python3.12/site-packages/clearpath_generator_common/param/writer.py
[5.997s] -- Up-to-date symlink: /home/robolab/clearpath_ws/install/clearpath_generator_common/lib/python3.12/site-packages/clearpath_generator_common/ros.py
[5.997s] -- Up-to-date symlink: /home/robolab/clearpath_ws/install/clearpath_generator_common/lib/python3.12/site-packages/clearpath_generator_common/semantic_description/__init__.py
[5.997s] -- Up-to-date symlink: /home/robolab/clearpath_ws/install/clearpath_generator_common/lib/python3.12/site-packages/clearpath_generator_common/semantic_description/generate_semantic_description
[5.997s] -- Up-to-date symlink: /home/robolab/clearpath_ws/install/clearpath_generator_common/lib/python3.12/site-packages/clearpath_generator_common/semantic_description/generator.py
[5.997s] -- Up-to-date symlink: /home/robolab/clearpath_ws/install/clearpath_generator_common/lib/python3.12/site-packages/clearpath_generator_common/semantic_description/manipulators.py
[5.997s] -- Up-to-date symlink: /home/robolab/clearpath_ws/install/clearpath_generator_common/lib/python3.12/site-packages/clearpath_generator_common/vcan/generate_vcan
[5.999s] -- Up-to-date symlink: /home/robolab/clearpath_ws/install/clearpath_generator_common/lib/python3.12/site-packages/clearpath_generator_common/vcan/generator.py
[5.999s] -- Up-to-date symlink: /home/robolab/clearpath_ws/install/clearpath_generator_common/lib/python3.12/site-packages/clearpath_generator_common/zenoh_router/generate_zenoh_router
[5.999s] -- Up-to-date symlink: /home/robolab/clearpath_ws/install/clearpath_generator_common/lib/python3.12/site-packages/clearpath_generator_common/zenoh_router/generator.py
[5.999s] -- Up-to-date symlink: /home/robolab/clearpath_ws/install/clearpath_generator_common/share/ament_index/resource_index/package_run_dependencies/clearpath_generator_common
[6.000s] -- Up-to-date symlink: /home/robolab/clearpath_ws/install/clearpath_generator_common/share/ament_index/resource_index/parent_prefix_path/clearpath_generator_common
[6.000s] -- Up-to-date symlink: /home/robolab/clearpath_ws/install/clearpath_generator_common/share/clearpath_generator_common/environment/ament_prefix_path.sh
[6.000s] -- Up-to-date symlink: /home/robolab/clearpath_ws/install/clearpath_generator_common/share/clearpath_generator_common/environment/ament_prefix_path.dsv
[6.000s] -- Up-to-date symlink: /home/robolab/clearpath_ws/install/clearpath_generator_common/share/clearpath_generator_common/environment/path.sh
[6.001s] -- Up-to-date symlink: /home/robolab/clearpath_ws/install/clearpath_generator_common/share/clearpath_generator_common/environment/path.dsv
[6.001s] -- Up-to-date symlink: /home/robolab/clearpath_ws/install/clearpath_generator_common/share/clearpath_generator_common/local_setup.bash
[6.001s] -- Up-to-date symlink: /home/robolab/clearpath_ws/install/clearpath_generator_common/share/clearpath_generator_common/local_setup.sh
[6.001s] -- Up-to-date symlink: /home/robolab/clearpath_ws/install/clearpath_generator_common/share/clearpath_generator_common/local_setup.zsh
[6.001s] -- Up-to-date symlink: /home/robolab/clearpath_ws/install/clearpath_generator_common/share/clearpath_generator_common/local_setup.dsv
[6.001s] -- Symlinking: /home/robolab/clearpath_ws/install/clearpath_generator_common/share/clearpath_generator_common/package.dsv
[6.012s] -- Up-to-date symlink: /home/robolab/clearpath_ws/install/clearpath_generator_common/share/ament_index/resource_index/packages/clearpath_generator_common
[6.012s] -- Up-to-date symlink: /home/robolab/clearpath_ws/install/clearpath_generator_common/share/clearpath_generator_common/cmake/clearpath_generator_commonConfig.cmake
[6.013s] -- Up-to-date symlink: /home/robolab/clearpath_ws/install/clearpath_generator_common/share/clearpath_generator_common/cmake/clearpath_generator_commonConfig-version.cmake
[6.013s] -- Up-to-date symlink: /home/robolab/clearpath_ws/install/clearpath_generator_common/share/clearpath_generator_common/package.xml
[6.013s] -- Up-to-date: /home/robolab/clearpath_ws/install/clearpath_generator_common/lib/clearpath_generator_common/moveit_collision_updater
[6.068s] Listing '/home/robolab/clearpath_ws/install/clearpath_generator_common/lib/python3.12/site-packages/clearpath_generator_common'...
[6.068s] Listing '/home/robolab/clearpath_ws/install/clearpath_generator_common/lib/python3.12/site-packages/clearpath_generator_common/bash'...
[6.069s] Listing '/home/robolab/clearpath_ws/install/clearpath_generator_common/lib/python3.12/site-packages/clearpath_generator_common/description'...
[6.069s] Listing '/home/robolab/clearpath_ws/install/clearpath_generator_common/lib/python3.12/site-packages/clearpath_generator_common/discovery_server'...
[6.069s] Listing '/home/robolab/clearpath_ws/install/clearpath_generator_common/lib/python3.12/site-packages/clearpath_generator_common/launch'...
[6.069s] Listing '/home/robolab/clearpath_ws/install/clearpath_generator_common/lib/python3.12/site-packages/clearpath_generator_common/package'...
[6.069s] Listing '/home/robolab/clearpath_ws/install/clearpath_generator_common/lib/python3.12/site-packages/clearpath_generator_common/param'...
[6.069s] Listing '/home/robolab/clearpath_ws/install/clearpath_generator_common/lib/python3.12/site-packages/clearpath_generator_common/semantic_description'...
[6.069s] Listing '/home/robolab/clearpath_ws/install/clearpath_generator_common/lib/python3.12/site-packages/clearpath_generator_common/vcan'...
[6.069s] Listing '/home/robolab/clearpath_ws/install/clearpath_generator_common/lib/python3.12/site-packages/clearpath_generator_common/zenoh_router'...
[6.082s] Invoked command in '/home/robolab/clearpath_ws/build/clearpath_generator_common' returned '0': AMENT_PREFIX_PATH=/home/robolab/clearpath_ws/install/clearpath_manipulators:/home/robolab/clearpath_ws/install/clearpath_diagnostics:/home/robolab/clearpath_ws/install/clearpath_description:/home/robolab/clearpath_ws/install/clearpath_control:/home/robolab/clearpath_ws/install/clearpath_sensors_description:/home/robolab/clearpath_ws/install/clearpath_platform_msgs:/home/robolab/clearpath_ws/install/clearpath_platform_description:/home/robolab/clearpath_ws/install/clearpath_mounts_description:/home/robolab/clearpath_ws/install/clearpath_manipulators_description:/home/robolab/clearpath_ws/install/clearpath_config:/home/robolab/clearpath_ws/install/clearpath_bt_joy:${AMENT_PREFIX_PATH} CMAKE_PREFIX_PATH=/home/robolab/clearpath_ws/install/clearpath_manipulators:/home/robolab/clearpath_ws/install/clearpath_diagnostics:/home/robolab/clearpath_ws/install/clearpath_description:/home/robolab/clearpath_ws/install/clearpath_control:/home/robolab/clearpath_ws/install/clearpath_sensors_description:/home/robolab/clearpath_ws/install/clearpath_platform_msgs:/home/robolab/clearpath_ws/install/clearpath_platform_description:/home/robolab/clearpath_ws/install/clearpath_mounts_description:/home/robolab/clearpath_ws/install/clearpath_manipulators_description:/opt/ros/jazzy/opt/gz_sim_vendor:/opt/ros/jazzy/opt/gz_sensors_vendor:/opt/ros/jazzy/opt/gz_physics_vendor:/opt/ros/jazzy/opt/gz_gui_vendor:/opt/ros/jazzy/opt/gz_transport_vendor:/opt/ros/jazzy/opt/gz_rendering_vendor:/opt/ros/jazzy/opt/gz_plugin_vendor:/opt/ros/jazzy/opt/gz_fuel_tools_vendor:/opt/ros/jazzy/opt/gz_msgs_vendor:/opt/ros/jazzy/opt/gz_common_vendor:/opt/ros/jazzy/opt/gz_ogre_next_vendor:/opt/ros/jazzy/opt/gz_dartsim_vendor:/opt/ros/jazzy/opt/sdformat_vendor:/opt/ros/jazzy/opt/gz_tools_vendor:/opt/ros/jazzy/opt/gz_math_vendor:/opt/ros/jazzy/opt/gz_utils_vendor:/opt/ros/jazzy/opt/gz_cmake_vendor:/opt/ros/jazzy DEBUGINFOD_URLS=https://debuginfod.ubuntu.com LD_LIBRARY_PATH=/home/robolab/clearpath_ws/install/clearpath_platform_msgs/lib:${LD_LIBRARY_PATH} PYTHONPATH=/home/robolab/clearpath_ws/install/clearpath_platform_msgs/lib/python3.12/site-packages:/home/robolab/clearpath_ws/install/clearpath_config/lib/python3.12/site-packages:/home/robolab/clearpath_ws/install/clearpath_bt_joy/lib/python3.12/site-packages:${PYTHONPATH} /usr/bin/cmake --install /home/robolab/clearpath_ws/build/clearpath_generator_common
